[ 2016-08-31T20:37:50+08:00 ] ::1 /index.php/admin/
INFO: [ app_init ] --START--
INFO: Run Behavior\BuildLiteBehavior [ RunTime:0.000038s ]
INFO: [ app_init ] --END-- [ RunTime:0.002502s ]
INFO: [ app_begin ] --START--
INFO: Run Behavior\ReadHtmlCacheBehavior [ RunTime:0.003211s ]
INFO: [ app_begin ] --END-- [ RunTime:0.003389s ]
SQL: SHOW COLUMNS FROM `associated_label2` [ RunTime:0.0357s ]
SQL: SELECT * FROM `associated_label2` ORDER BY first_label  [ RunTime:0.0008s ]
SQL: SHOW COLUMNS FROM `node` [ RunTime:0.0321s ]
SQL: SELECT `id` FROM `node` LIMIT 1   [ RunTime:0.0006s ]
SQL: SELECT `id`,`name`,`group_id`,`title` FROM `node` WHERE `level` = 2 AND `status` = 1 AND `pid` = 1 AND ( group_id < 10 ) ORDER BY sort asc  [ RunTime:0.0013s ]
NOTIC: [8] Undefined index: _ACCESS_LIST D:\install\Apache\htdocs\Application\Admin\Controller\IndexController.class.php 第 42 行.
NOTIC: [8] Undefined index:  D:\install\Apache\htdocs\Application\Admin\Controller\IndexController.class.php 第 51 行.
SQL: SELECT `id`,`name`,`group_id`,`title` FROM `node` WHERE `level` = 2 AND `status` = 1 AND `pid` = 1 AND `group_id` = 10 ORDER BY sort asc  [ RunTime:0.0014s ]
NOTIC: [8] Undefined index: _ACCESS_LIST D:\install\Apache\htdocs\Application\Admin\Controller\IndexController.class.php 第 61 行.
SQL: SELECT `id`,`name`,`group_id`,`title` FROM `node` WHERE `level` = 2 AND `status` = 1 AND `pid` = 1 AND `group_id` = 11 ORDER BY sort asc  [ RunTime:0.0014s ]
NOTIC: [8] Undefined index: _ACCESS_LIST D:\install\Apache\htdocs\Application\Admin\Controller\IndexController.class.php 第 73 行.
SQL: SELECT `id`,`name`,`group_id`,`title` FROM `node` WHERE `level` = 2 AND `status` = 1 AND `pid` = 1 AND `group_id` = 12 ORDER BY sort asc  [ RunTime:0.0012s ]
NOTIC: [8] Undefined index: _ACCESS_LIST D:\install\Apache\htdocs\Application\Admin\Controller\IndexController.class.php 第 85 行.
SQL: SELECT `id`,`name`,`group_id`,`title` FROM `node` WHERE `level` = 2 AND `status` = 1 AND `pid` = 1 AND `group_id` = 13 ORDER BY sort asc  [ RunTime:0.0016s ]
NOTIC: [8] Undefined index: _ACCESS_LIST D:\install\Apache\htdocs\Application\Admin\Controller\IndexController.class.php 第 97 行.
SQL: SELECT `id`,`name`,`group_id`,`title` FROM `node` WHERE `level` = 2 AND `status` = 1 AND `pid` = 1 AND `group_id` = 14 ORDER BY sort asc  [ RunTime:0.0012s ]
NOTIC: [8] Undefined index: _ACCESS_LIST D:\install\Apache\htdocs\Application\Admin\Controller\IndexController.class.php 第 109 行.
SQL: SELECT `id`,`name`,`group_id`,`title` FROM `node` WHERE `level` = 2 AND `status` = 1 AND `pid` = 1 AND `group_id` = 15 ORDER BY sort asc  [ RunTime:0.0017s ]
NOTIC: [8] Undefined index: _ACCESS_LIST D:\install\Apache\htdocs\Application\Admin\Controller\IndexController.class.php 第 121 行.
SQL: SELECT `id`,`name`,`group_id`,`title` FROM `node` WHERE `level` = 2 AND `status` = 1 AND `pid` = 1 AND `group_id` = 16 ORDER BY sort asc  [ RunTime:0.0013s ]
NOTIC: [8] Undefined index: _ACCESS_LIST D:\install\Apache\htdocs\Application\Admin\Controller\IndexController.class.php 第 133 行.
SQL: SELECT `id`,`name`,`group_id`,`title` FROM `node` WHERE `level` = 2 AND `status` = 1 AND `pid` = 1 AND `group_id` = 17 ORDER BY sort asc  [ RunTime:0.0016s ]
NOTIC: [8] Undefined index: _ACCESS_LIST D:\install\Apache\htdocs\Application\Admin\Controller\IndexController.class.php 第 145 行.
NOTIC: [2] Missing argument 1 for Think\Controller::show(), called in D:\install\Apache\htdocs\Application\Admin\Controller\IndexController.class.php on line 159 and defined D:\install\Apache\htdocs\ThinkPHP\Library\Think\Controller.class.php 第 68 行.
NOTIC: [8] Undefined variable: content D:\install\Apache\htdocs\ThinkPHP\Library\Think\Controller.class.php 第 69 行.
INFO: [ view_parse ] --START--
INFO: [ template_filter ] --START--
INFO: Run Behavior\ContentReplaceBehavior [ RunTime:0.000676s ]
INFO: [ template_filter ] --END-- [ RunTime:0.001040s ]
INFO: Run Behavior\ParseTemplateBehavior [ RunTime:0.264664s ]
INFO: [ view_parse ] --END-- [ RunTime:0.264833s ]
INFO: [ view_filter ] --START--
INFO: Run Behavior\WriteHtmlCacheBehavior [ RunTime:0.003142s ]
INFO: [ view_filter ] --END-- [ RunTime:0.003305s ]
INFO: [ app_end ] --START--
INFO: Run Behavior\ShowPageTraceBehavior [ RunTime:0.009236s ]
INFO: [ app_end ] --END-- [ RunTime:0.009817s ]

[ 2016-08-31T20:44:41+08:00 ] ::1 /index.php/Admin/Lpgl/index/index/?_=1472647480850
INFO: [ app_init ] --START--
INFO: Run Behavior\BuildLiteBehavior [ RunTime:0.000034s ]
INFO: [ app_init ] --END-- [ RunTime:0.002307s ]
INFO: [ app_begin ] --START--
INFO: Run Behavior\ReadHtmlCacheBehavior [ RunTime:0.005447s ]
INFO: [ app_begin ] --END-- [ RunTime:0.005683s ]
INFO: [ view_parse ] --START--
INFO: [ template_filter ] --START--
INFO: Run Behavior\ContentReplaceBehavior [ RunTime:0.000206s ]
INFO: [ template_filter ] --END-- [ RunTime:0.000396s ]
NOTIC: [8] Undefined variable: numPerPage D:\install\Apache\htdocs\Application\Runtime\Cache\Admin\11da7bedbf7733bf0cfaa3191420ea66.php 第 5 行.
NOTIC: [8] Undefined variable: zinf D:\install\Apache\htdocs\Application\Runtime\Cache\Admin\11da7bedbf7733bf0cfaa3191420ea66.php 第 39 行.
NOTIC: [8] Undefined variable: totalCount D:\install\Apache\htdocs\Application\Runtime\Cache\Admin\11da7bedbf7733bf0cfaa3191420ea66.php 第 64 行.
NOTIC: [8] Undefined variable: totalCount D:\install\Apache\htdocs\Application\Runtime\Cache\Admin\11da7bedbf7733bf0cfaa3191420ea66.php 第 66 行.
NOTIC: [8] Undefined variable: numPerPage D:\install\Apache\htdocs\Application\Runtime\Cache\Admin\11da7bedbf7733bf0cfaa3191420ea66.php 第 66 行.
NOTIC: [8] Undefined variable: currentPage D:\install\Apache\htdocs\Application\Runtime\Cache\Admin\11da7bedbf7733bf0cfaa3191420ea66.php 第 66 行.
INFO: Run Behavior\ParseTemplateBehavior [ RunTime:0.078104s ]
INFO: [ view_parse ] --END-- [ RunTime:0.078237s ]
INFO: [ view_filter ] --START--
INFO: Run Behavior\WriteHtmlCacheBehavior [ RunTime:0.002753s ]
INFO: [ view_filter ] --END-- [ RunTime:0.002892s ]
INFO: [ app_end ] --START--
INFO: Run Behavior\ShowPageTraceBehavior [ RunTime:0.002977s ]
INFO: [ app_end ] --END-- [ RunTime:0.003123s ]

[ 2016-08-31T20:44:43+08:00 ] ::1 /index.php/Admin/Lpgl/addLp?_=1472647482688
INFO: [ app_init ] --START--
INFO: Run Behavior\BuildLiteBehavior [ RunTime:0.000085s ]
INFO: [ app_init ] --END-- [ RunTime:0.010368s ]
INFO: [ app_begin ] --START--
INFO: Run Behavior\ReadHtmlCacheBehavior [ RunTime:0.001514s ]
INFO: [ app_begin ] --END-- [ RunTime:0.001631s ]
SQL: SHOW COLUMNS FROM `area` [ RunTime:0.0195s ]
SQL: SELECT * FROM `area` WHERE `id` = 0 LIMIT 1   [ RunTime:0.0004s ]
SQL: SHOW COLUMNS FROM `city` [ RunTime:0.0174s ]
SQL: SELECT * FROM `city` LIMIT 1   [ RunTime:0.0197s ]
SQL: SHOW COLUMNS FROM `province` [ RunTime:0.0158s ]
SQL: SELECT * FROM `province`  [ RunTime:0.0004s ]
SQL: SELECT * FROM `city` WHERE ( provinceid='1' )  [ RunTime:0.0004s ]
SQL: SELECT * FROM `area` WHERE ( cityid='' )  [ RunTime:0.0419s ]
INFO: [ view_parse ] --START--
INFO: [ template_filter ] --START--
INFO: Run Behavior\ContentReplaceBehavior [ RunTime:0.000217s ]
INFO: [ template_filter ] --END-- [ RunTime:0.000301s ]
NOTIC: [8] Undefined variable: s D:\install\Apache\htdocs\Application\Runtime\Cache\Admin\087de8d436bafe0e19c958947e6dc9f8.php 第 503 行.
INFO: Run Behavior\ParseTemplateBehavior [ RunTime:0.066301s ]
INFO: [ view_parse ] --END-- [ RunTime:0.066444s ]
INFO: [ view_filter ] --START--
INFO: Run Behavior\WriteHtmlCacheBehavior [ RunTime:0.001194s ]
INFO: [ view_filter ] --END-- [ RunTime:0.001263s ]
INFO: [ app_end ] --START--
INFO: Run Behavior\ShowPageTraceBehavior [ RunTime:0.001764s ]
INFO: [ app_end ] --END-- [ RunTime:0.001861s ]

