[ 2016-08-27T08:36:09+08:00 ] ::1 /index.php/Admin/Information/zxindex/index/?_=1472258168998
INFO: [ app_init ] --START--
INFO: Run Behavior\BuildLiteBehavior [ RunTime:0.000070s ]
INFO: [ app_init ] --END-- [ RunTime:0.004108s ]
INFO: [ app_begin ] --START--
INFO: Run Behavior\ReadHtmlCacheBehavior [ RunTime:0.005492s ]
INFO: [ app_begin ] --END-- [ RunTime:0.005748s ]
NOTIC: [2048] Declaration of Admin\Controller\InformationController::show() should be compatible with Think\Controller::show($content, $charset = '', $contentType = '', $prefix = '') D:\install\Apache\htdocs\Application\Admin\Controller\InformationController.class.php 第 175 行.
SQL: SHOW COLUMNS FROM `information` [ RunTime:0.0856s ]
SQL: SELECT COUNT(*) AS tp_count FROM `information` LIMIT 1   [ RunTime:0.0009s ]
SQL: SELECT * FROM `information` LIMIT 0,1   [ RunTime:0.0011s ]
SQL: SHOW COLUMNS FROM `tag` [ RunTime:0.0480s ]
SQL: SELECT * FROM `tag`  [ RunTime:0.0010s ]
INFO: [ view_parse ] --START--
INFO: [ template_filter ] --START--
INFO: Run Behavior\ContentReplaceBehavior [ RunTime:0.000264s ]
INFO: [ template_filter ] --END-- [ RunTime:0.000531s ]
INFO: Run Behavior\ParseTemplateBehavior [ RunTime:0.114303s ]
INFO: [ view_parse ] --END-- [ RunTime:0.114580s ]
INFO: [ view_filter ] --START--
INFO: Run Behavior\WriteHtmlCacheBehavior [ RunTime:0.004375s ]
INFO: [ view_filter ] --END-- [ RunTime:0.004531s ]
INFO: [ app_end ] --START--
INFO: Run Behavior\ShowPageTraceBehavior [ RunTime:0.007139s ]
INFO: [ app_end ] --END-- [ RunTime:0.007844s ]

[ 2016-08-27T08:38:28+08:00 ] ::1 /index.php/Admin/GonglueInfo/index/?_=1472258307736
INFO: [ app_init ] --START--
INFO: Run Behavior\BuildLiteBehavior [ RunTime:0.000072s ]
INFO: [ app_init ] --END-- [ RunTime:0.003935s ]
INFO: [ app_begin ] --START--
INFO: Run Behavior\ReadHtmlCacheBehavior [ RunTime:0.005090s ]
INFO: [ app_begin ] --END-- [ RunTime:0.005339s ]
NOTIC: [2048] Declaration of Admin\Controller\GonglueInfoController::show() should be compatible with Think\Controller::show($content, $charset = '', $contentType = '', $prefix = '') D:\install\Apache\htdocs\Application\Admin\Controller\GonglueInfoController.class.php 第 157 行.
SQL: SHOW COLUMNS FROM `gonglueinfo` [ RunTime:0.0558s ]
SQL: SELECT COUNT(*) AS tp_count FROM `gonglueinfo` LIMIT 1   [ RunTime:0.0008s ]
SQL: SELECT * FROM `gonglueinfo` LIMIT 0,5   [ RunTime:0.0009s ]
INFO: [ view_parse ] --START--
INFO: [ template_filter ] --START--
INFO: Run Behavior\ContentReplaceBehavior [ RunTime:0.000153s ]
INFO: [ template_filter ] --END-- [ RunTime:0.000281s ]
INFO: Run Behavior\ParseTemplateBehavior [ RunTime:0.098824s ]
INFO: [ view_parse ] --END-- [ RunTime:0.099034s ]
INFO: [ view_filter ] --START--
INFO: Run Behavior\WriteHtmlCacheBehavior [ RunTime:0.003163s ]
INFO: [ view_filter ] --END-- [ RunTime:0.003308s ]
INFO: [ app_end ] --START--
INFO: Run Behavior\ShowPageTraceBehavior [ RunTime:0.003925s ]
INFO: [ app_end ] --END-- [ RunTime:0.004098s ]

[ 2016-08-27T08:38:35+08:00 ] ::1 /index.php/Admin/Yhgl/index/index/?_=1472258314661
INFO: [ app_init ] --START--
INFO: Run Behavior\BuildLiteBehavior [ RunTime:0.000068s ]
INFO: [ app_init ] --END-- [ RunTime:0.006517s ]
INFO: [ app_begin ] --START--
INFO: Run Behavior\ReadHtmlCacheBehavior [ RunTime:0.004682s ]
INFO: [ app_begin ] --END-- [ RunTime:0.004883s ]
SQL: SHOW COLUMNS FROM `yhuser` [ RunTime:0.0526s ]
SQL: SELECT COUNT(*) AS tp_count FROM `yhuser` WHERE ( fenghao=0 ) LIMIT 1   [ RunTime:0.0007s ]
SQL: SELECT * FROM `yhuser` WHERE ( fenghao=0 ) LIMIT 0,1   [ RunTime:0.0010s ]
INFO: [ view_parse ] --START--
INFO: [ template_filter ] --START--
INFO: Run Behavior\ContentReplaceBehavior [ RunTime:0.000227s ]
INFO: [ template_filter ] --END-- [ RunTime:0.000424s ]
INFO: Run Behavior\ParseTemplateBehavior [ RunTime:0.079971s ]
INFO: [ view_parse ] --END-- [ RunTime:0.080209s ]
INFO: [ view_filter ] --START--
INFO: Run Behavior\WriteHtmlCacheBehavior [ RunTime:0.002296s ]
INFO: [ view_filter ] --END-- [ RunTime:0.002432s ]
INFO: [ app_end ] --START--
INFO: Run Behavior\ShowPageTraceBehavior [ RunTime:0.003422s ]
INFO: [ app_end ] --END-- [ RunTime:0.003597s ]

[ 2016-08-27T08:38:36+08:00 ] ::1 /index.php/Admin/Consultant/lists?_=1472258316431
INFO: [ app_init ] --START--
INFO: Run Behavior\BuildLiteBehavior [ RunTime:0.000061s ]
INFO: [ app_init ] --END-- [ RunTime:0.007995s ]
INFO: [ app_begin ] --START--
INFO: Run Behavior\ReadHtmlCacheBehavior [ RunTime:0.004499s ]
INFO: [ app_begin ] --END-- [ RunTime:0.004738s ]
SQL: SHOW COLUMNS FROM `yhadvistor` [ RunTime:0.0787s ]
SQL: SELECT * FROM `yhadvistor`  [ RunTime:0.0007s ]
INFO: [ view_parse ] --START--
INFO: [ template_filter ] --START--
INFO: Run Behavior\ContentReplaceBehavior [ RunTime:0.000123s ]
INFO: [ template_filter ] --END-- [ RunTime:0.000251s ]
INFO: Run Behavior\ParseTemplateBehavior [ RunTime:0.069083s ]
INFO: [ view_parse ] --END-- [ RunTime:0.069315s ]
INFO: [ view_filter ] --START--
INFO: Run Behavior\WriteHtmlCacheBehavior [ RunTime:0.001775s ]
INFO: [ view_filter ] --END-- [ RunTime:0.001925s ]
INFO: [ app_end ] --START--
INFO: Run Behavior\ShowPageTraceBehavior [ RunTime:0.002579s ]
INFO: [ app_end ] --END-- [ RunTime:0.002717s ]

[ 2016-08-27T19:52:45+08:00 ] ::1 /index.php/admin
INFO: [ app_init ] --START--
INFO: Run Behavior\BuildLiteBehavior [ RunTime:0.000038s ]
INFO: [ app_init ] --END-- [ RunTime:0.001767s ]
INFO: [ app_begin ] --START--
INFO: Run Behavior\ReadHtmlCacheBehavior [ RunTime:0.003470s ]
INFO: [ app_begin ] --END-- [ RunTime:0.003769s ]
SQL: SHOW COLUMNS FROM `associated_label2` [ RunTime:0.0328s ]
SQL: SELECT * FROM `associated_label2` ORDER BY first_label  [ RunTime:0.0008s ]
SQL: SHOW COLUMNS FROM `node` [ RunTime:0.0283s ]
SQL: SELECT `id` FROM `node` LIMIT 1   [ RunTime:0.0005s ]
SQL: SELECT `id`,`name`,`group_id`,`title` FROM `node` WHERE `level` = 2 AND `status` = 1 AND `pid` = 1 AND ( group_id < 10 ) ORDER BY sort asc  [ RunTime:0.0012s ]
NOTIC: [8] Undefined index: _ACCESS_LIST D:\install\Apache\htdocs\Application\Admin\Controller\IndexController.class.php 第 40 行.
NOTIC: [8] Undefined index:  D:\install\Apache\htdocs\Application\Admin\Controller\IndexController.class.php 第 49 行.
SQL: SELECT `id`,`name`,`group_id`,`title` FROM `node` WHERE `level` = 2 AND `status` = 1 AND `pid` = 1 AND `group_id` = 10 ORDER BY sort asc  [ RunTime:0.0014s ]
NOTIC: [8] Undefined index: _ACCESS_LIST D:\install\Apache\htdocs\Application\Admin\Controller\IndexController.class.php 第 59 行.
SQL: SELECT `id`,`name`,`group_id`,`title` FROM `node` WHERE `level` = 2 AND `status` = 1 AND `pid` = 1 AND `group_id` = 11 ORDER BY sort asc  [ RunTime:0.0010s ]
NOTIC: [8] Undefined index: _ACCESS_LIST D:\install\Apache\htdocs\Application\Admin\Controller\IndexController.class.php 第 71 行.
SQL: SELECT `id`,`name`,`group_id`,`title` FROM `node` WHERE `level` = 2 AND `status` = 1 AND `pid` = 1 AND `group_id` = 12 ORDER BY sort asc  [ RunTime:0.0010s ]
NOTIC: [8] Undefined index: _ACCESS_LIST D:\install\Apache\htdocs\Application\Admin\Controller\IndexController.class.php 第 83 行.
SQL: SELECT `id`,`name`,`group_id`,`title` FROM `node` WHERE `level` = 2 AND `status` = 1 AND `pid` = 1 AND `group_id` = 13 ORDER BY sort asc  [ RunTime:0.0010s ]
NOTIC: [8] Undefined index: _ACCESS_LIST D:\install\Apache\htdocs\Application\Admin\Controller\IndexController.class.php 第 95 行.
SQL: SELECT `id`,`name`,`group_id`,`title` FROM `node` WHERE `level` = 2 AND `status` = 1 AND `pid` = 1 AND `group_id` = 14 ORDER BY sort asc  [ RunTime:0.0010s ]
NOTIC: [8] Undefined index: _ACCESS_LIST D:\install\Apache\htdocs\Application\Admin\Controller\IndexController.class.php 第 107 行.
SQL: SELECT `id`,`name`,`group_id`,`title` FROM `node` WHERE `level` = 2 AND `status` = 1 AND `pid` = 1 AND `group_id` = 15 ORDER BY sort asc  [ RunTime:0.0014s ]
NOTIC: [8] Undefined index: _ACCESS_LIST D:\install\Apache\htdocs\Application\Admin\Controller\IndexController.class.php 第 119 行.
NOTIC: [2] Missing argument 1 for Think\Controller::show(), called in D:\install\Apache\htdocs\Application\Admin\Controller\IndexController.class.php on line 135 and defined D:\install\Apache\htdocs\ThinkPHP\Library\Think\Controller.class.php 第 68 行.
NOTIC: [8] Undefined variable: content D:\install\Apache\htdocs\ThinkPHP\Library\Think\Controller.class.php 第 69 行.
INFO: [ view_parse ] --START--
INFO: [ template_filter ] --START--
INFO: Run Behavior\ContentReplaceBehavior [ RunTime:0.000354s ]
INFO: [ template_filter ] --END-- [ RunTime:0.000525s ]
INFO: Run Behavior\ParseTemplateBehavior [ RunTime:0.173143s ]
INFO: [ view_parse ] --END-- [ RunTime:0.173317s ]
INFO: [ view_filter ] --START--
INFO: Run Behavior\WriteHtmlCacheBehavior [ RunTime:0.001545s ]
INFO: [ view_filter ] --END-- [ RunTime:0.001666s ]
INFO: [ app_end ] --START--
INFO: Run Behavior\ShowPageTraceBehavior [ RunTime:0.005575s ]
INFO: [ app_end ] --END-- [ RunTime:0.005889s ]

[ 2016-08-27T20:06:03+08:00 ] ::1 /index.php/Admin/area/index/index/?_=1472299562698
INFO: [ app_init ] --START--
INFO: Run Behavior\BuildLiteBehavior [ RunTime:0.000059s ]
INFO: [ app_init ] --END-- [ RunTime:0.003175s ]
INFO: [ app_begin ] --START--
INFO: Run Behavior\ReadHtmlCacheBehavior [ RunTime:0.003749s ]
INFO: [ app_begin ] --END-- [ RunTime:0.003983s ]
SQL: SHOW COLUMNS FROM `province` [ RunTime:0.1080s ]
SQL: SELECT * FROM `province`  [ RunTime:0.0011s ]
SQL: SHOW COLUMNS FROM `city` [ RunTime:0.1518s ]
SQL: SELECT * FROM `city` WHERE ( provinceid='' )  [ RunTime:0.0013s ]
INFO: [ view_parse ] --START--
INFO: [ template_filter ] --START--
INFO: Run Behavior\ContentReplaceBehavior [ RunTime:0.000282s ]
INFO: [ template_filter ] --END-- [ RunTime:0.000400s ]
NOTIC: [8] Undefined index: _order D:\install\Apache\htdocs\Application\Runtime\Cache\Admin\01e54c5ddf41636e86b3a8eb24b46406.php 第 3 行.
NOTIC: [8] Undefined index: _sort D:\install\Apache\htdocs\Application\Runtime\Cache\Admin\01e54c5ddf41636e86b3a8eb24b46406.php 第 4 行.
INFO: Run Behavior\ParseTemplateBehavior [ RunTime:0.087428s ]
INFO: [ view_parse ] --END-- [ RunTime:0.087571s ]
INFO: [ view_filter ] --START--
INFO: Run Behavior\WriteHtmlCacheBehavior [ RunTime:0.001485s ]
INFO: [ view_filter ] --END-- [ RunTime:0.001587s ]
INFO: [ app_end ] --START--
INFO: Run Behavior\ShowPageTraceBehavior [ RunTime:0.002991s ]
INFO: [ app_end ] --END-- [ RunTime:0.003166s ]

[ 2016-08-27T20:06:06+08:00 ] ::1 /index.php/Admin/Area/getarea/id/4
INFO: [ app_init ] --START--
INFO: Run Behavior\BuildLiteBehavior [ RunTime:0.000036s ]
INFO: [ app_init ] --END-- [ RunTime:0.001180s ]
INFO: [ app_begin ] --START--
INFO: Run Behavior\ReadHtmlCacheBehavior [ RunTime:0.002672s ]
INFO: [ app_begin ] --END-- [ RunTime:0.002960s ]
SQL: SHOW COLUMNS FROM `province` [ RunTime:0.0266s ]
SQL: SELECT * FROM `province`  [ RunTime:0.0007s ]
SQL: SHOW COLUMNS FROM `city` [ RunTime:0.0214s ]
SQL: SELECT * FROM `city` WHERE ( provinceid='4' )  [ RunTime:0.0009s ]
INFO: [ app_end ] --START--
INFO: Run Behavior\ShowPageTraceBehavior [ RunTime:0.001682s ]
INFO: [ app_end ] --END-- [ RunTime:0.001840s ]

[ 2016-08-27T20:06:08+08:00 ] ::1 /index.php/Admin/Area/getcity/id/13
INFO: [ app_init ] --START--
INFO: Run Behavior\BuildLiteBehavior [ RunTime:0.000038s ]
INFO: [ app_init ] --END-- [ RunTime:0.001454s ]
INFO: [ app_begin ] --START--
INFO: Run Behavior\ReadHtmlCacheBehavior [ RunTime:0.002355s ]
INFO: [ app_begin ] --END-- [ RunTime:0.002507s ]
SQL: SHOW COLUMNS FROM `area` [ RunTime:0.1190s ]
SQL: SELECT * FROM `area`  [ RunTime:0.0180s ]
SQL: SELECT * FROM `area` WHERE ( cityid='13' )  [ RunTime:0.0023s ]
INFO: [ app_end ] --START--
INFO: Run Behavior\ShowPageTraceBehavior [ RunTime:0.003235s ]
INFO: [ app_end ] --END-- [ RunTime:0.003436s ]

[ 2016-08-27T20:41:00+08:00 ] ::1 /index.php/Admin/Subway//index/?_=1472301659904
INFO: [ app_init ] --START--
INFO: Run Behavior\BuildLiteBehavior [ RunTime:0.000056s ]
INFO: [ app_init ] --END-- [ RunTime:0.002690s ]
INFO: [ app_begin ] --START--
INFO: Run Behavior\ReadHtmlCacheBehavior [ RunTime:0.015227s ]
INFO: [ app_begin ] --END-- [ RunTime:0.015445s ]
SQL: SHOW COLUMNS FROM `province` [ RunTime:0.0367s ]
SQL: SELECT * FROM `province`  [ RunTime:0.0009s ]
SQL: SHOW COLUMNS FROM `line` [ RunTime:0.0760s ]
SQL: SELECT * FROM `line` WHERE ( cityid=1 )  [ RunTime:0.0011s ]
INFO: [ view_parse ] --START--
INFO: [ template_filter ] --START--
INFO: Run Behavior\ContentReplaceBehavior [ RunTime:0.000378s ]
INFO: [ template_filter ] --END-- [ RunTime:0.000554s ]
NOTIC: [8] Undefined index: _order D:\install\Apache\htdocs\Application\Runtime\Cache\Admin\92ea74ca853ef9d5fbe3b38eb20fb6cd.php 第 3 行.
NOTIC: [8] Undefined index: _sort D:\install\Apache\htdocs\Application\Runtime\Cache\Admin\92ea74ca853ef9d5fbe3b38eb20fb6cd.php 第 4 行.
INFO: Run Behavior\ParseTemplateBehavior [ RunTime:0.098821s ]
INFO: [ view_parse ] --END-- [ RunTime:0.098994s ]
INFO: [ view_filter ] --START--
INFO: Run Behavior\WriteHtmlCacheBehavior [ RunTime:0.001918s ]
INFO: [ view_filter ] --END-- [ RunTime:0.002057s ]
INFO: [ app_end ] --START--
INFO: Run Behavior\ShowPageTraceBehavior [ RunTime:0.003386s ]
INFO: [ app_end ] --END-- [ RunTime:0.003686s ]

[ 2016-08-27T20:41:04+08:00 ] ::1 /index.php/Admin/Fytag/index/index/?_=1472301664507
INFO: [ app_init ] --START--
INFO: Run Behavior\BuildLiteBehavior [ RunTime:0.000067s ]
INFO: [ app_init ] --END-- [ RunTime:0.003216s ]
INFO: [ app_begin ] --START--
INFO: Run Behavior\ReadHtmlCacheBehavior [ RunTime:0.006678s ]
INFO: [ app_begin ] --END-- [ RunTime:0.006989s ]
SQL: SHOW COLUMNS FROM `fytagparent` [ RunTime:0.0315s ]
SQL: SELECT * FROM `fytagparent`  [ RunTime:0.0007s ]
SQL: SHOW COLUMNS FROM `fytagsonnode` [ RunTime:0.0268s ]
SQL: SELECT * FROM `fytagsonnode` WHERE ( tabid='' )  [ RunTime:0.0007s ]
INFO: [ view_parse ] --START--
INFO: [ template_filter ] --START--
INFO: Run Behavior\ContentReplaceBehavior [ RunTime:0.000322s ]
INFO: [ template_filter ] --END-- [ RunTime:0.000495s ]
NOTIC: [8] Undefined index: _order D:\install\Apache\htdocs\Application\Runtime\Cache\Admin\0617718e1282d5a6b88d26262b976722.php 第 3 行.
NOTIC: [8] Undefined index: _sort D:\install\Apache\htdocs\Application\Runtime\Cache\Admin\0617718e1282d5a6b88d26262b976722.php 第 4 行.
INFO: Run Behavior\ParseTemplateBehavior [ RunTime:0.077323s ]
INFO: [ view_parse ] --END-- [ RunTime:0.077464s ]
INFO: [ view_filter ] --START--
INFO: Run Behavior\WriteHtmlCacheBehavior [ RunTime:0.000813s ]
INFO: [ view_filter ] --END-- [ RunTime:0.000910s ]
INFO: [ app_end ] --START--
INFO: Run Behavior\ShowPageTraceBehavior [ RunTime:0.001412s ]
INFO: [ app_end ] --END-- [ RunTime:0.001528s ]

[ 2016-08-27T20:41:05+08:00 ] ::1 /index.php/Admin/Rstag/index/index/?_=1472301664917
INFO: [ app_init ] --START--
INFO: Run Behavior\BuildLiteBehavior [ RunTime:0.000089s ]
INFO: [ app_init ] --END-- [ RunTime:0.003018s ]
INFO: [ app_begin ] --START--
INFO: Run Behavior\ReadHtmlCacheBehavior [ RunTime:0.003716s ]
INFO: [ app_begin ] --END-- [ RunTime:0.004615s ]
SQL: SHOW COLUMNS FROM `tag` [ RunTime:0.0330s ]
SQL: SELECT COUNT(*) AS tp_count FROM `tag` WHERE ( sort='热门搜索标签' ) LIMIT 1   [ RunTime:0.0007s ]
SQL: SELECT * FROM `tag` WHERE ( sort='热门搜索标签' ) LIMIT 0,20   [ RunTime:0.0008s ]
INFO: [ view_parse ] --START--
INFO: [ template_filter ] --START--
INFO: Run Behavior\ContentReplaceBehavior [ RunTime:0.000143s ]
INFO: [ template_filter ] --END-- [ RunTime:0.000304s ]
INFO: Run Behavior\ParseTemplateBehavior [ RunTime:0.072731s ]
INFO: [ view_parse ] --END-- [ RunTime:0.072942s ]
INFO: [ view_filter ] --START--
INFO: Run Behavior\WriteHtmlCacheBehavior [ RunTime:0.000859s ]
INFO: [ view_filter ] --END-- [ RunTime:0.000967s ]
INFO: [ app_end ] --START--
INFO: Run Behavior\ShowPageTraceBehavior [ RunTime:0.001426s ]
INFO: [ app_end ] --END-- [ RunTime:0.001537s ]

[ 2016-08-27T20:41:05+08:00 ] ::1 /index.php/Admin/Gltag/index/index/?_=1472301665411
INFO: [ app_init ] --START--
INFO: Run Behavior\BuildLiteBehavior [ RunTime:0.000136s ]
INFO: [ app_init ] --END-- [ RunTime:0.004085s ]
INFO: [ app_begin ] --START--
INFO: Run Behavior\ReadHtmlCacheBehavior [ RunTime:0.002835s ]
INFO: [ app_begin ] --END-- [ RunTime:0.003082s ]
SQL: SHOW COLUMNS FROM `tag1` [ RunTime:0.0405s ]
SQL: SELECT * FROM `tag1`  [ RunTime:0.0006s ]
SQL: SHOW COLUMNS FROM `tag2` [ RunTime:0.0417s ]
SQL: SELECT * FROM `tag2` WHERE ( tabid='' )  [ RunTime:0.0008s ]
INFO: [ view_parse ] --START--
INFO: [ template_filter ] --START--
INFO: Run Behavior\ContentReplaceBehavior [ RunTime:0.000353s ]
INFO: [ template_filter ] --END-- [ RunTime:0.000633s ]
NOTIC: [8] Undefined index: _order D:\install\Apache\htdocs\Application\Runtime\Cache\Admin\3b0416e5892ce0615b19c9f831d39a4d.php 第 3 行.
NOTIC: [8] Undefined index: _sort D:\install\Apache\htdocs\Application\Runtime\Cache\Admin\3b0416e5892ce0615b19c9f831d39a4d.php 第 4 行.
INFO: Run Behavior\ParseTemplateBehavior [ RunTime:0.251860s ]
INFO: [ view_parse ] --END-- [ RunTime:0.252202s ]
INFO: [ view_filter ] --START--
INFO: Run Behavior\WriteHtmlCacheBehavior [ RunTime:0.001437s ]
INFO: [ view_filter ] --END-- [ RunTime:0.001604s ]
INFO: [ app_end ] --START--
INFO: Run Behavior\ShowPageTraceBehavior [ RunTime:0.001543s ]
INFO: [ app_end ] --END-- [ RunTime:0.001720s ]

[ 2016-08-27T21:00:29+08:00 ] ::1 /index.php/Admin/Information/zxindex/index/?_=1472302828714
INFO: [ app_init ] --START--
INFO: Run Behavior\BuildLiteBehavior [ RunTime:0.000062s ]
INFO: [ app_init ] --END-- [ RunTime:0.002150s ]
INFO: [ app_begin ] --START--
INFO: Run Behavior\ReadHtmlCacheBehavior [ RunTime:0.003543s ]
INFO: [ app_begin ] --END-- [ RunTime:0.004099s ]
NOTIC: [2048] Declaration of Admin\Controller\InformationController::show() should be compatible with Think\Controller::show($content, $charset = '', $contentType = '', $prefix = '') D:\install\Apache\htdocs\Application\Admin\Controller\InformationController.class.php 第 175 行.
SQL: SHOW COLUMNS FROM `information` [ RunTime:0.0374s ]
SQL: SELECT COUNT(*) AS tp_count FROM `information` LIMIT 1   [ RunTime:0.0008s ]
SQL: SELECT * FROM `information` LIMIT 0,1   [ RunTime:0.0011s ]
SQL: SHOW COLUMNS FROM `tag` [ RunTime:0.0325s ]
SQL: SELECT * FROM `tag`  [ RunTime:0.0007s ]
INFO: [ view_parse ] --START--
INFO: [ template_filter ] --START--
INFO: Run Behavior\ContentReplaceBehavior [ RunTime:0.000280s ]
INFO: [ template_filter ] --END-- [ RunTime:0.000506s ]
INFO: Run Behavior\ParseTemplateBehavior [ RunTime:0.079049s ]
INFO: [ view_parse ] --END-- [ RunTime:0.079268s ]
INFO: [ view_filter ] --START--
INFO: Run Behavior\WriteHtmlCacheBehavior [ RunTime:0.002173s ]
INFO: [ view_filter ] --END-- [ RunTime:0.002365s ]
INFO: [ app_end ] --START--
INFO: Run Behavior\ShowPageTraceBehavior [ RunTime:0.002361s ]
INFO: [ app_end ] --END-- [ RunTime:0.002590s ]

[ 2016-08-27T21:00:30+08:00 ] ::1 /index.php/Admin/Information/add?_=1472302830068
INFO: [ app_init ] --START--
INFO: Run Behavior\BuildLiteBehavior [ RunTime:0.000071s ]
INFO: [ app_init ] --END-- [ RunTime:0.016596s ]
INFO: [ app_begin ] --START--
INFO: Run Behavior\ReadHtmlCacheBehavior [ RunTime:0.033450s ]
INFO: [ app_begin ] --END-- [ RunTime:0.033772s ]
NOTIC: [2048] Declaration of Admin\Controller\InformationController::show() should be compatible with Think\Controller::show($content, $charset = '', $contentType = '', $prefix = '') D:\install\Apache\htdocs\Application\Admin\Controller\InformationController.class.php 第 175 行.
SQL: SHOW COLUMNS FROM `tag2` [ RunTime:0.0335s ]
SQL: SELECT * FROM `tag2`  [ RunTime:0.0008s ]
INFO: [ view_parse ] --START--
INFO: [ template_filter ] --START--
INFO: Run Behavior\ContentReplaceBehavior [ RunTime:0.000220s ]
INFO: [ template_filter ] --END-- [ RunTime:0.000512s ]
INFO: Run Behavior\ParseTemplateBehavior [ RunTime:0.094792s ]
INFO: [ view_parse ] --END-- [ RunTime:0.094971s ]
INFO: [ view_filter ] --START--
INFO: Run Behavior\WriteHtmlCacheBehavior [ RunTime:0.000860s ]
INFO: [ view_filter ] --END-- [ RunTime:0.000983s ]
INFO: [ app_end ] --START--
INFO: Run Behavior\ShowPageTraceBehavior [ RunTime:0.001439s ]
INFO: [ app_end ] --END-- [ RunTime:0.001549s ]

[ 2016-08-27T21:00:43+08:00 ] ::1 /index.php/admin
INFO: [ app_init ] --START--
INFO: Run Behavior\BuildLiteBehavior [ RunTime:0.000069s ]
INFO: [ app_init ] --END-- [ RunTime:0.005042s ]
INFO: [ app_begin ] --START--
INFO: Run Behavior\ReadHtmlCacheBehavior [ RunTime:0.002277s ]
INFO: [ app_begin ] --END-- [ RunTime:0.002530s ]
SQL: SHOW COLUMNS FROM `associated_label2` [ RunTime:0.0408s ]
SQL: SELECT * FROM `associated_label2` ORDER BY first_label  [ RunTime:0.0009s ]
SQL: SHOW COLUMNS FROM `node` [ RunTime:0.0376s ]
SQL: SELECT `id` FROM `node` LIMIT 1   [ RunTime:0.0006s ]
SQL: SELECT `id`,`name`,`group_id`,`title` FROM `node` WHERE `level` = 2 AND `status` = 1 AND `pid` = 1 AND ( group_id < 10 ) ORDER BY sort asc  [ RunTime:0.0013s ]
NOTIC: [8] Undefined index: _ACCESS_LIST D:\install\Apache\htdocs\Application\Admin\Controller\IndexController.class.php 第 40 行.
NOTIC: [8] Undefined index:  D:\install\Apache\htdocs\Application\Admin\Controller\IndexController.class.php 第 49 行.
SQL: SELECT `id`,`name`,`group_id`,`title` FROM `node` WHERE `level` = 2 AND `status` = 1 AND `pid` = 1 AND `group_id` = 10 ORDER BY sort asc  [ RunTime:0.0012s ]
NOTIC: [8] Undefined index: _ACCESS_LIST D:\install\Apache\htdocs\Application\Admin\Controller\IndexController.class.php 第 59 行.
SQL: SELECT `id`,`name`,`group_id`,`title` FROM `node` WHERE `level` = 2 AND `status` = 1 AND `pid` = 1 AND `group_id` = 11 ORDER BY sort asc  [ RunTime:0.0013s ]
NOTIC: [8] Undefined index: _ACCESS_LIST D:\install\Apache\htdocs\Application\Admin\Controller\IndexController.class.php 第 71 行.
SQL: SELECT `id`,`name`,`group_id`,`title` FROM `node` WHERE `level` = 2 AND `status` = 1 AND `pid` = 1 AND `group_id` = 12 ORDER BY sort asc  [ RunTime:0.0011s ]
NOTIC: [8] Undefined index: _ACCESS_LIST D:\install\Apache\htdocs\Application\Admin\Controller\IndexController.class.php 第 83 行.
SQL: SELECT `id`,`name`,`group_id`,`title` FROM `node` WHERE `level` = 2 AND `status` = 1 AND `pid` = 1 AND `group_id` = 13 ORDER BY sort asc  [ RunTime:0.0012s ]
NOTIC: [8] Undefined index: _ACCESS_LIST D:\install\Apache\htdocs\Application\Admin\Controller\IndexController.class.php 第 95 行.
SQL: SELECT `id`,`name`,`group_id`,`title` FROM `node` WHERE `level` = 2 AND `status` = 1 AND `pid` = 1 AND `group_id` = 14 ORDER BY sort asc  [ RunTime:0.0010s ]
NOTIC: [8] Undefined index: _ACCESS_LIST D:\install\Apache\htdocs\Application\Admin\Controller\IndexController.class.php 第 107 行.
SQL: SELECT `id`,`name`,`group_id`,`title` FROM `node` WHERE `level` = 2 AND `status` = 1 AND `pid` = 1 AND `group_id` = 15 ORDER BY sort asc  [ RunTime:0.0014s ]
NOTIC: [8] Undefined index: _ACCESS_LIST D:\install\Apache\htdocs\Application\Admin\Controller\IndexController.class.php 第 119 行.
NOTIC: [2] Missing argument 1 for Think\Controller::show(), called in D:\install\Apache\htdocs\Application\Admin\Controller\IndexController.class.php on line 135 and defined D:\install\Apache\htdocs\ThinkPHP\Library\Think\Controller.class.php 第 68 行.
NOTIC: [8] Undefined variable: content D:\install\Apache\htdocs\ThinkPHP\Library\Think\Controller.class.php 第 69 行.
INFO: [ view_parse ] --START--
INFO: [ template_filter ] --START--
INFO: Run Behavior\ContentReplaceBehavior [ RunTime:0.000424s ]
INFO: [ template_filter ] --END-- [ RunTime:0.000623s ]
INFO: Run Behavior\ParseTemplateBehavior [ RunTime:0.200307s ]
INFO: [ view_parse ] --END-- [ RunTime:0.200584s ]
INFO: [ view_filter ] --START--
INFO: Run Behavior\WriteHtmlCacheBehavior [ RunTime:0.001197s ]
INFO: [ view_filter ] --END-- [ RunTime:0.001406s ]
INFO: [ app_end ] --START--
INFO: Run Behavior\ShowPageTraceBehavior [ RunTime:0.004148s ]
INFO: [ app_end ] --END-- [ RunTime:0.004374s ]

[ 2016-08-27T21:00:49+08:00 ] ::1 /index.php/Admin/Information/zxindex/index/?_=1472302848807
INFO: [ app_init ] --START--
INFO: Run Behavior\BuildLiteBehavior [ RunTime:0.000347s ]
INFO: [ app_init ] --END-- [ RunTime:0.005132s ]
INFO: [ app_begin ] --START--
INFO: Run Behavior\ReadHtmlCacheBehavior [ RunTime:0.002410s ]
INFO: [ app_begin ] --END-- [ RunTime:0.002570s ]
NOTIC: [2048] Declaration of Admin\Controller\InformationController::show() should be compatible with Think\Controller::show($content, $charset = '', $contentType = '', $prefix = '') D:\install\Apache\htdocs\Application\Admin\Controller\InformationController.class.php 第 175 行.
SQL: SHOW COLUMNS FROM `information` [ RunTime:0.0563s ]
SQL: SELECT COUNT(*) AS tp_count FROM `information` LIMIT 1   [ RunTime:0.0006s ]
SQL: SELECT * FROM `information` LIMIT 0,1   [ RunTime:0.0009s ]
SQL: SHOW COLUMNS FROM `tag` [ RunTime:0.0317s ]
SQL: SELECT * FROM `tag`  [ RunTime:0.0009s ]
INFO: [ view_parse ] --START--
INFO: [ template_filter ] --START--
INFO: Run Behavior\ContentReplaceBehavior [ RunTime:0.000148s ]
INFO: [ template_filter ] --END-- [ RunTime:0.000315s ]
INFO: Run Behavior\ParseTemplateBehavior [ RunTime:0.028603s ]
INFO: [ view_parse ] --END-- [ RunTime:0.028761s ]
INFO: [ view_filter ] --START--
INFO: Run Behavior\WriteHtmlCacheBehavior [ RunTime:0.001501s ]
INFO: [ view_filter ] --END-- [ RunTime:0.001611s ]
INFO: [ app_end ] --START--
INFO: Run Behavior\ShowPageTraceBehavior [ RunTime:0.003955s ]
INFO: [ app_end ] --END-- [ RunTime:0.004162s ]

[ 2016-08-27T21:00:50+08:00 ] ::1 /index.php/Admin/Information/add?_=1472302850193
INFO: [ app_init ] --START--
INFO: Run Behavior\BuildLiteBehavior [ RunTime:0.000057s ]
INFO: [ app_init ] --END-- [ RunTime:0.002763s ]
INFO: [ app_begin ] --START--
INFO: Run Behavior\ReadHtmlCacheBehavior [ RunTime:0.004799s ]
INFO: [ app_begin ] --END-- [ RunTime:0.005021s ]
NOTIC: [2048] Declaration of Admin\Controller\InformationController::show() should be compatible with Think\Controller::show($content, $charset = '', $contentType = '', $prefix = '') D:\install\Apache\htdocs\Application\Admin\Controller\InformationController.class.php 第 175 行.
SQL: SHOW COLUMNS FROM `tag2` [ RunTime:0.0304s ]
SQL: SELECT * FROM `tag2`  [ RunTime:0.0007s ]
INFO: [ view_parse ] --START--
INFO: [ template_filter ] --START--
INFO: Run Behavior\ContentReplaceBehavior [ RunTime:0.000147s ]
INFO: [ template_filter ] --END-- [ RunTime:0.000279s ]
INFO: Run Behavior\ParseTemplateBehavior [ RunTime:0.025839s ]
INFO: [ view_parse ] --END-- [ RunTime:0.025998s ]
INFO: [ view_filter ] --START--
INFO: Run Behavior\WriteHtmlCacheBehavior [ RunTime:0.000952s ]
INFO: [ view_filter ] --END-- [ RunTime:0.001057s ]
INFO: [ app_end ] --START--
INFO: Run Behavior\ShowPageTraceBehavior [ RunTime:0.001567s ]
INFO: [ app_end ] --END-- [ RunTime:0.001686s ]

