[ 2016-08-29T07:40:18+08:00 ] ::1 /index.php/Admin/Yhgl/index/index/?_=1472427618454
INFO: [ app_init ] --START--
INFO: Run Behavior\BuildLiteBehavior [ RunTime:0.000070s ]
INFO: [ app_init ] --END-- [ RunTime:0.004530s ]
INFO: [ app_begin ] --START--
INFO: Run Behavior\ReadHtmlCacheBehavior [ RunTime:0.004533s ]
INFO: [ app_begin ] --END-- [ RunTime:0.004697s ]
SQL: SHOW COLUMNS FROM `yhuser` [ RunTime:0.1076s ]
SQL: SELECT COUNT(*) AS tp_count FROM `yhuser` WHERE ( fenghao=0 ) LIMIT 1   [ RunTime:0.0009s ]
SQL: SELECT * FROM `yhuser` WHERE ( fenghao=0 ) LIMIT 0,20   [ RunTime:0.0014s ]
INFO: [ view_parse ] --START--
INFO: [ template_filter ] --START--
INFO: Run Behavior\ContentReplaceBehavior [ RunTime:0.000289s ]
INFO: [ template_filter ] --END-- [ RunTime:0.000513s ]
INFO: Run Behavior\ParseTemplateBehavior [ RunTime:0.045826s ]
INFO: [ view_parse ] --END-- [ RunTime:0.046106s ]
INFO: [ view_filter ] --START--
INFO: Run Behavior\WriteHtmlCacheBehavior [ RunTime:0.002739s ]
INFO: [ view_filter ] --END-- [ RunTime:0.002890s ]
INFO: [ app_end ] --START--
INFO: Run Behavior\ShowPageTraceBehavior [ RunTime:0.004715s ]
INFO: [ app_end ] --END-- [ RunTime:0.004900s ]

[ 2016-08-29T16:55:28+08:00 ] ::1 /index.php/Admin/Yhgl/add?_=1472460928361
INFO: [ app_init ] --START--
INFO: Run Behavior\BuildLiteBehavior [ RunTime:0.000059s ]
INFO: [ app_init ] --END-- [ RunTime:0.003374s ]
INFO: [ app_begin ] --START--
INFO: Run Behavior\ReadHtmlCacheBehavior [ RunTime:0.003996s ]
INFO: [ app_begin ] --END-- [ RunTime:0.004198s ]
INFO: [ view_parse ] --START--
INFO: [ template_filter ] --START--
INFO: Run Behavior\ContentReplaceBehavior [ RunTime:0.000187s ]
INFO: [ template_filter ] --END-- [ RunTime:0.000325s ]
INFO: Run Behavior\ParseTemplateBehavior [ RunTime:0.090882s ]
INFO: [ view_parse ] --END-- [ RunTime:0.091114s ]
INFO: [ view_filter ] --START--
INFO: Run Behavior\WriteHtmlCacheBehavior [ RunTime:0.003538s ]
INFO: [ view_filter ] --END-- [ RunTime:0.003694s ]
INFO: [ app_end ] --START--
INFO: Run Behavior\ShowPageTraceBehavior [ RunTime:0.005380s ]
INFO: [ app_end ] --END-- [ RunTime:0.005569s ]

