[ 2016-12-08T11:07:19+08:00 ] 127.0.0.1 /marketsai/index.php/admin/
INFO: [ app_init ] --START--
INFO: Run Behavior\BuildLiteBehavior [ RunTime:0.000000s ]
INFO: [ app_init ] --END-- [ RunTime:0.002000s ]
INFO: [ app_begin ] --START--
INFO: Run Behavior\ReadHtmlCacheBehavior [ RunTime:0.002000s ]
INFO: [ app_begin ] --END-- [ RunTime:0.003000s ]
ERR: 1146:Table 'market.market_node' doesn't exist
 [ SQL语句 ] : SHOW COLUMNS FROM `market_node`
ERR: 1146:Table 'market.market_node' doesn't exist
 [ SQL语句 ] : SHOW COLUMNS FROM `market_node`

[ 2016-12-08T11:09:45+08:00 ] 127.0.0.1 /marketsai/index.php/admin/
INFO: [ app_init ] --START--
INFO: Run Behavior\BuildLiteBehavior [ RunTime:0.001000s ]
INFO: [ app_init ] --END-- [ RunTime:0.002001s ]
INFO: [ app_begin ] --START--
INFO: Run Behavior\ReadHtmlCacheBehavior [ RunTime:0.003000s ]
INFO: [ app_begin ] --END-- [ RunTime:0.004000s ]
SQL: SHOW COLUMNS FROM `market_node` [ RunTime:0.0030s ]
SQL: SELECT `id` FROM `market_node` LIMIT 1   [ RunTime:0.0010s ]
SQL: SELECT `id`,`name`,`group_id`,`title` FROM `market_node` WHERE `level` = 2 AND `status` = 1 AND `pid` = 1 AND ( group_id < 10 ) ORDER BY sort asc  [ RunTime:0.0010s ]
NOTIC: [8] Undefined index: _ACCESS_LIST F:\CMS1\wamp\www\marketsai\Application\Admin\Controller\IndexController.class.php 第 31 行.
NOTIC: [8] Undefined index:  F:\CMS1\wamp\www\marketsai\Application\Admin\Controller\IndexController.class.php 第 40 行.
SQL: SELECT `id`,`name`,`group_id`,`title` FROM `market_node` WHERE `level` = 2 AND `status` = 1 AND `pid` = 1 AND `group_id` = 10 ORDER BY sort asc  [ RunTime:0.0020s ]
NOTIC: [8] Undefined index: _ACCESS_LIST F:\CMS1\wamp\www\marketsai\Application\Admin\Controller\IndexController.class.php 第 50 行.
SQL: SELECT `id`,`name`,`group_id`,`title` FROM `market_node` WHERE `level` = 2 AND `status` = 1 AND `pid` = 1 AND `group_id` = 11 ORDER BY sort asc  [ RunTime:0.0020s ]
NOTIC: [8] Undefined index: _ACCESS_LIST F:\CMS1\wamp\www\marketsai\Application\Admin\Controller\IndexController.class.php 第 62 行.
SQL: SELECT `id`,`name`,`group_id`,`title` FROM `market_node` WHERE `level` = 2 AND `status` = 1 AND `pid` = 1 AND `group_id` = 12 ORDER BY sort asc  [ RunTime:0.0010s ]
NOTIC: [8] Undefined index: _ACCESS_LIST F:\CMS1\wamp\www\marketsai\Application\Admin\Controller\IndexController.class.php 第 74 行.
SQL: SELECT `id`,`name`,`group_id`,`title` FROM `market_node` WHERE `level` = 2 AND `status` = 1 AND `pid` = 1 AND `group_id` = 13 ORDER BY sort asc  [ RunTime:0.0020s ]
NOTIC: [8] Undefined index: _ACCESS_LIST F:\CMS1\wamp\www\marketsai\Application\Admin\Controller\IndexController.class.php 第 86 行.
NOTIC: [2] Missing argument 1 for Think\Controller::show(), called in F:\CMS1\wamp\www\marketsai\Application\Admin\Controller\IndexController.class.php on line 186 and defined F:\CMS1\wamp\www\marketsai\ThinkPHP\Library\Think\Controller.class.php 第 68 行.
NOTIC: [8] Undefined variable: content F:\CMS1\wamp\www\marketsai\ThinkPHP\Library\Think\Controller.class.php 第 69 行.
INFO: [ view_parse ] --START--
NOTIC: [2] file_get_contents(./Application/Admin/View/Public/menu.html): failed to open stream: No such file or directory F:\CMS1\wamp\www\marketsai\ThinkPHP\Library\Think\Template.class.php 第 696 行.
INFO: [ template_filter ] --START--
INFO: Run Behavior\ContentReplaceBehavior [ RunTime:0.000000s ]
INFO: [ template_filter ] --END-- [ RunTime:0.002000s ]
INFO: Run Behavior\ParseTemplateBehavior [ RunTime:0.149009s ]
INFO: [ view_parse ] --END-- [ RunTime:0.151009s ]
INFO: [ view_filter ] --START--
INFO: Run Behavior\WriteHtmlCacheBehavior [ RunTime:0.058003s ]
INFO: [ view_filter ] --END-- [ RunTime:0.058003s ]
INFO: [ app_end ] --START--
INFO: Run Behavior\ShowPageTraceBehavior [ RunTime:0.073004s ]
INFO: [ app_end ] --END-- [ RunTime:0.074004s ]

[ 2016-12-08T11:09:53+08:00 ] 127.0.0.1 /marketsai/index.php/Admin/Service/getAccount/index/?_=1481166593603
INFO: [ app_init ] --START--
INFO: Run Behavior\BuildLiteBehavior [ RunTime:0.000000s ]
INFO: [ app_init ] --END-- [ RunTime:0.000000s ]
INFO: [ app_begin ] --START--
INFO: Run Behavior\ReadHtmlCacheBehavior [ RunTime:0.000000s ]
INFO: [ app_begin ] --END-- [ RunTime:0.000000s ]

[ 2016-12-08T11:10:02+08:00 ] 127.0.0.1 /marketsai/index.php/Admin/Menu/manage/index/?_=1481166602040
INFO: [ app_init ] --START--
INFO: Run Behavior\BuildLiteBehavior [ RunTime:0.000000s ]
INFO: [ app_init ] --END-- [ RunTime:0.002000s ]
INFO: [ app_begin ] --START--
INFO: Run Behavior\ReadHtmlCacheBehavior [ RunTime:0.003000s ]
INFO: [ app_begin ] --END-- [ RunTime:0.003000s ]
NOTIC: [2048] Non-static method Common\Library\Wechat::getAccessToken() should not be called statically, assuming $this from incompatible context F:\CMS1\wamp\www\marketsai\Application\Admin\Controller\MenuController.class.php 第 16 行.
NOTIC: [2048] Non-static method Common\Library\Wechat::menuView() should not be called statically, assuming $this from incompatible context F:\CMS1\wamp\www\marketsai\Application\Admin\Controller\MenuController.class.php 第 19 行.
NOTIC: [2] curl_errno() expects exactly 1 parameter, 0 given F:\CMS1\wamp\www\marketsai\Application\Common\Library\Wechat.class.php 第 352 行.
INFO: [ view_parse ] --START--
INFO: [ template_filter ] --START--
INFO: Run Behavior\ContentReplaceBehavior [ RunTime:0.000000s ]
INFO: [ template_filter ] --END-- [ RunTime:0.000000s ]
NOTIC: [8] Undefined variable: numPerPage F:\CMS1\wamp\www\marketsai\Application\Runtime\Cache\Admin\8c6a3d435bcc84947fac656784ddb5b5.php 第 7 行.
NOTIC: [8] Undefined property: stdClass::$type F:\CMS1\wamp\www\marketsai\Application\Runtime\Cache\Admin\8c6a3d435bcc84947fac656784ddb5b5.php 第 29 行.
NOTIC: [8] Undefined property: stdClass::$key F:\CMS1\wamp\www\marketsai\Application\Runtime\Cache\Admin\8c6a3d435bcc84947fac656784ddb5b5.php 第 36 行.
NOTIC: [8] Undefined property: stdClass::$url F:\CMS1\wamp\www\marketsai\Application\Runtime\Cache\Admin\8c6a3d435bcc84947fac656784ddb5b5.php 第 36 行.
NOTIC: [8] Undefined property: stdClass::$key F:\CMS1\wamp\www\marketsai\Application\Runtime\Cache\Admin\8c6a3d435bcc84947fac656784ddb5b5.php 第 49 行.
NOTIC: [8] Undefined property: stdClass::$key F:\CMS1\wamp\www\marketsai\Application\Runtime\Cache\Admin\8c6a3d435bcc84947fac656784ddb5b5.php 第 49 行.
NOTIC: [8] Undefined property: stdClass::$key F:\CMS1\wamp\www\marketsai\Application\Runtime\Cache\Admin\8c6a3d435bcc84947fac656784ddb5b5.php 第 49 行.
NOTIC: [8] Undefined property: stdClass::$key F:\CMS1\wamp\www\marketsai\Application\Runtime\Cache\Admin\8c6a3d435bcc84947fac656784ddb5b5.php 第 49 行.
NOTIC: [8] Undefined property: stdClass::$type F:\CMS1\wamp\www\marketsai\Application\Runtime\Cache\Admin\8c6a3d435bcc84947fac656784ddb5b5.php 第 29 行.
NOTIC: [8] Undefined property: stdClass::$key F:\CMS1\wamp\www\marketsai\Application\Runtime\Cache\Admin\8c6a3d435bcc84947fac656784ddb5b5.php 第 36 行.
NOTIC: [8] Undefined property: stdClass::$url F:\CMS1\wamp\www\marketsai\Application\Runtime\Cache\Admin\8c6a3d435bcc84947fac656784ddb5b5.php 第 36 行.
NOTIC: [8] Undefined property: stdClass::$key F:\CMS1\wamp\www\marketsai\Application\Runtime\Cache\Admin\8c6a3d435bcc84947fac656784ddb5b5.php 第 49 行.
NOTIC: [8] Undefined property: stdClass::$url F:\CMS1\wamp\www\marketsai\Application\Runtime\Cache\Admin\8c6a3d435bcc84947fac656784ddb5b5.php 第 49 行.
NOTIC: [8] Undefined property: stdClass::$key F:\CMS1\wamp\www\marketsai\Application\Runtime\Cache\Admin\8c6a3d435bcc84947fac656784ddb5b5.php 第 49 行.
NOTIC: [8] Undefined property: stdClass::$key F:\CMS1\wamp\www\marketsai\Application\Runtime\Cache\Admin\8c6a3d435bcc84947fac656784ddb5b5.php 第 36 行.
INFO: Run Behavior\ParseTemplateBehavior [ RunTime:0.093600s ]
INFO: [ view_parse ] --END-- [ RunTime:0.093600s ]
INFO: [ view_filter ] --START--
INFO: Run Behavior\WriteHtmlCacheBehavior [ RunTime:0.015600s ]
INFO: [ view_filter ] --END-- [ RunTime:0.015600s ]
INFO: [ app_end ] --START--
INFO: Run Behavior\ShowPageTraceBehavior [ RunTime:0.000000s ]
INFO: [ app_end ] --END-- [ RunTime:0.000000s ]

[ 2016-12-08T11:10:14+08:00 ] 127.0.0.1 /marketsai/index.php/Admin/Menu/view?_=1481166613903
INFO: [ app_init ] --START--
INFO: Run Behavior\BuildLiteBehavior [ RunTime:0.000000s ]
INFO: [ app_init ] --END-- [ RunTime:0.002501s ]
INFO: [ app_begin ] --START--
INFO: Run Behavior\ReadHtmlCacheBehavior [ RunTime:0.002500s ]
INFO: [ app_begin ] --END-- [ RunTime:0.002500s ]
NOTIC: [2048] Non-static method Common\Library\Wechat::getAccessToken() should not be called statically, assuming $this from incompatible context F:\CMS1\wamp\www\marketsai\Application\Admin\Controller\MenuController.class.php 第 38 行.
NOTIC: [2048] Non-static method Common\Library\Wechat::menuView() should not be called statically, assuming $this from incompatible context F:\CMS1\wamp\www\marketsai\Application\Admin\Controller\MenuController.class.php 第 41 行.
NOTIC: [2] curl_errno() expects exactly 1 parameter, 0 given F:\CMS1\wamp\www\marketsai\Application\Common\Library\Wechat.class.php 第 352 行.
INFO: [ view_parse ] --START--
INFO: [ template_filter ] --START--
INFO: Run Behavior\ContentReplaceBehavior [ RunTime:0.000000s ]
INFO: [ template_filter ] --END-- [ RunTime:0.000000s ]
NOTIC: [8] Undefined variable: numPerPage F:\CMS1\wamp\www\marketsai\Application\Runtime\Cache\Admin\48ff513b4195e010e657991e6d45f00c.php 第 7 行.
INFO: Run Behavior\ParseTemplateBehavior [ RunTime:0.074900s ]
INFO: [ view_parse ] --END-- [ RunTime:0.074900s ]
INFO: [ view_filter ] --START--
INFO: Run Behavior\WriteHtmlCacheBehavior [ RunTime:0.000000s ]
INFO: [ view_filter ] --END-- [ RunTime:0.000000s ]
INFO: [ app_end ] --START--
INFO: Run Behavior\ShowPageTraceBehavior [ RunTime:0.000000s ]
INFO: [ app_end ] --END-- [ RunTime:0.000000s ]

