[ 2016-12-19T19:45:38+08:00 ] 111.11.85.3 /market/index.php/admin
INFO: [ app_init ] --START--
INFO: Run Behavior\BuildLiteBehavior [ RunTime:0.000020s ]
INFO: [ app_init ] --END-- [ RunTime:0.000390s ]
INFO: [ app_begin ] --START--
INFO: Run Behavior\ReadHtmlCacheBehavior [ RunTime:0.000630s ]
INFO: [ app_begin ] --END-- [ RunTime:0.000707s ]
SQL: SHOW COLUMNS FROM `market_think_node` [ RunTime:0.0014s ]
SQL: SELECT `id` FROM `market_think_node` LIMIT 1   [ RunTime:0.0996s ]
SQL: SELECT `id`,`name`,`title` FROM `market_think_node` WHERE `level` = 3 AND `status` = 1 AND `id` IN ('10','17') ORDER BY sort asc  [ RunTime:0.1876s ]
SQL: SELECT `id`,`name`,`title` FROM `market_think_node` WHERE `level` = 3 AND `status` = 1 AND `id` IN ('11','13','14') ORDER BY sort asc  [ RunTime:0.0003s ]
NOTIC: [8] Undefined variable: menu_11 C:\www\market\Application\Admin\Controller\IndexController.class.php 第 39 行.
SQL: SELECT `id`,`name`,`title` FROM `market_think_node` WHERE `level` = 3 AND `status` = 1 AND `id` IN ('12','15','16') ORDER BY sort asc  [ RunTime:0.0003s ]
NOTIC: [8] Undefined variable: menu_12 C:\www\market\Application\Admin\Controller\IndexController.class.php 第 47 行.
SQL: SELECT `id`,`name`,`title` FROM `market_think_node` WHERE `level` = 3 AND `status` = 1 AND `id` IN ('18') ORDER BY sort asc  [ RunTime:0.0002s ]
NOTIC: [8] Undefined index: _ACCESS_LIST C:\www\market\Application\Admin\Controller\IndexController.class.php 第 51 行.
NOTIC: [8] Undefined variable: menu_13 C:\www\market\Application\Admin\Controller\IndexController.class.php 第 56 行.
NOTIC: [2] Missing argument 1 for Think\Controller::show(), called in C:\www\market\Application\Admin\Controller\IndexController.class.php on line 63 and defined C:\www\market\ThinkPHP\Library\Think\Controller.class.php 第 68 行.
NOTIC: [8] Undefined variable: content C:\www\market\ThinkPHP\Library\Think\Controller.class.php 第 69 行.
INFO: [ view_parse ] --START--
NOTIC: [2] file_get_contents(./Application/Admin/View/Public/menu.html) [<a href='function.file-get-contents'>function.file-get-contents</a>]: failed to open stream: No such file or directory C:\www\market\ThinkPHP\Library\Think\Template.class.php 第 696 行.
INFO: [ template_filter ] --START--
INFO: Run Behavior\ContentReplaceBehavior [ RunTime:0.000118s ]
INFO: [ template_filter ] --END-- [ RunTime:0.000204s ]
INFO: Run Behavior\ParseTemplateBehavior [ RunTime:0.028131s ]
INFO: [ view_parse ] --END-- [ RunTime:0.028252s ]
INFO: [ view_filter ] --START--
INFO: Run Behavior\WriteHtmlCacheBehavior [ RunTime:0.000433s ]
INFO: [ view_filter ] --END-- [ RunTime:0.000495s ]
INFO: [ app_end ] --START--
INFO: Run Behavior\ShowPageTraceBehavior [ RunTime:0.000580s ]
INFO: [ app_end ] --END-- [ RunTime:0.000645s ]

[ 2016-12-19T19:46:44+08:00 ] 111.11.85.3 /market/index.php/admin
INFO: [ app_init ] --START--
INFO: Run Behavior\BuildLiteBehavior [ RunTime:0.000026s ]
INFO: [ app_init ] --END-- [ RunTime:0.000415s ]
INFO: [ app_begin ] --START--
INFO: Run Behavior\ReadHtmlCacheBehavior [ RunTime:0.000640s ]
INFO: [ app_begin ] --END-- [ RunTime:0.000723s ]
SQL: SHOW COLUMNS FROM `market_think_node` [ RunTime:0.0014s ]
SQL: SELECT `id` FROM `market_think_node` LIMIT 1   [ RunTime:0.0002s ]
SQL: SELECT `id`,`name`,`title` FROM `market_think_node` WHERE `level` = 3 AND `status` = 1 AND `id` IN ('10','17') ORDER BY sort asc  [ RunTime:0.0003s ]
SQL: SELECT `id`,`name`,`title` FROM `market_think_node` WHERE `level` = 3 AND `status` = 1 AND `id` IN ('11','13','14') ORDER BY sort asc  [ RunTime:0.0003s ]
NOTIC: [8] Undefined variable: menu_11 C:\www\market\Application\Admin\Controller\IndexController.class.php 第 39 行.
SQL: SELECT `id`,`name`,`title` FROM `market_think_node` WHERE `level` = 3 AND `status` = 1 AND `id` IN ('12','15','16') ORDER BY sort asc  [ RunTime:0.0003s ]
NOTIC: [8] Undefined variable: menu_12 C:\www\market\Application\Admin\Controller\IndexController.class.php 第 47 行.
SQL: SELECT `id`,`name`,`title` FROM `market_think_node` WHERE `level` = 3 AND `status` = 1 AND `id` IN ('18') ORDER BY sort asc  [ RunTime:0.0002s ]
NOTIC: [8] Undefined index: _ACCESS_LIST C:\www\market\Application\Admin\Controller\IndexController.class.php 第 51 行.
NOTIC: [8] Undefined variable: menu_13 C:\www\market\Application\Admin\Controller\IndexController.class.php 第 56 行.
NOTIC: [2] Missing argument 1 for Think\Controller::show(), called in C:\www\market\Application\Admin\Controller\IndexController.class.php on line 63 and defined C:\www\market\ThinkPHP\Library\Think\Controller.class.php 第 68 行.
NOTIC: [8] Undefined variable: content C:\www\market\ThinkPHP\Library\Think\Controller.class.php 第 69 行.
INFO: [ view_parse ] --START--
NOTIC: [2] file_get_contents(./Application/Admin/View/Public/menu.html) [<a href='function.file-get-contents'>function.file-get-contents</a>]: failed to open stream: No such file or directory C:\www\market\ThinkPHP\Library\Think\Template.class.php 第 696 行.
INFO: [ template_filter ] --START--
INFO: Run Behavior\ContentReplaceBehavior [ RunTime:0.000132s ]
INFO: [ template_filter ] --END-- [ RunTime:0.000224s ]
INFO: Run Behavior\ParseTemplateBehavior [ RunTime:0.012347s ]
INFO: [ view_parse ] --END-- [ RunTime:0.012442s ]
INFO: [ view_filter ] --START--
INFO: Run Behavior\WriteHtmlCacheBehavior [ RunTime:0.000369s ]
INFO: [ view_filter ] --END-- [ RunTime:0.000435s ]
INFO: [ app_end ] --START--
INFO: Run Behavior\ShowPageTraceBehavior [ RunTime:0.000618s ]
INFO: [ app_end ] --END-- [ RunTime:0.000680s ]

[ 2016-12-19T19:47:03+08:00 ] 111.11.85.3 /market/index.php/admin
INFO: [ app_init ] --START--
INFO: Run Behavior\BuildLiteBehavior [ RunTime:0.000021s ]
INFO: [ app_init ] --END-- [ RunTime:0.000475s ]
INFO: [ app_begin ] --START--
INFO: Run Behavior\ReadHtmlCacheBehavior [ RunTime:0.000566s ]
INFO: [ app_begin ] --END-- [ RunTime:0.000650s ]
SQL: SHOW COLUMNS FROM `market_think_node` [ RunTime:0.0013s ]
SQL: SELECT `id` FROM `market_think_node` LIMIT 1   [ RunTime:0.0002s ]
SQL: SELECT `id`,`name`,`title` FROM `market_think_node` WHERE `level` = 3 AND `status` = 1 AND `id` IN ('10','17') ORDER BY sort asc  [ RunTime:0.0003s ]
SQL: SELECT `id`,`name`,`title` FROM `market_think_node` WHERE `level` = 3 AND `status` = 1 AND `id` IN ('11','13','14') ORDER BY sort asc  [ RunTime:0.0002s ]
NOTIC: [8] Undefined variable: menu_11 C:\www\market\Application\Admin\Controller\IndexController.class.php 第 39 行.
SQL: SELECT `id`,`name`,`title` FROM `market_think_node` WHERE `level` = 3 AND `status` = 1 AND `id` IN ('12','15','16') ORDER BY sort asc  [ RunTime:0.0003s ]
NOTIC: [8] Undefined variable: menu_12 C:\www\market\Application\Admin\Controller\IndexController.class.php 第 47 行.
SQL: SELECT `id`,`name`,`title` FROM `market_think_node` WHERE `level` = 3 AND `status` = 1 AND `id` IN ('18') ORDER BY sort asc  [ RunTime:0.0002s ]
NOTIC: [8] Undefined index: _ACCESS_LIST C:\www\market\Application\Admin\Controller\IndexController.class.php 第 51 行.
NOTIC: [8] Undefined variable: menu_13 C:\www\market\Application\Admin\Controller\IndexController.class.php 第 56 行.
NOTIC: [2] Missing argument 1 for Think\Controller::show(), called in C:\www\market\Application\Admin\Controller\IndexController.class.php on line 63 and defined C:\www\market\ThinkPHP\Library\Think\Controller.class.php 第 68 行.
NOTIC: [8] Undefined variable: content C:\www\market\ThinkPHP\Library\Think\Controller.class.php 第 69 行.
INFO: [ view_parse ] --START--
NOTIC: [2] file_get_contents(./Application/Admin/View/Public/menu.html) [<a href='function.file-get-contents'>function.file-get-contents</a>]: failed to open stream: No such file or directory C:\www\market\ThinkPHP\Library\Think\Template.class.php 第 696 行.
INFO: [ template_filter ] --START--
INFO: Run Behavior\ContentReplaceBehavior [ RunTime:0.000109s ]
INFO: [ template_filter ] --END-- [ RunTime:0.000202s ]
INFO: Run Behavior\ParseTemplateBehavior [ RunTime:0.012746s ]
INFO: [ view_parse ] --END-- [ RunTime:0.012850s ]
INFO: [ view_filter ] --START--
INFO: Run Behavior\WriteHtmlCacheBehavior [ RunTime:0.000332s ]
INFO: [ view_filter ] --END-- [ RunTime:0.000391s ]
INFO: [ app_end ] --START--
INFO: Run Behavior\ShowPageTraceBehavior [ RunTime:0.000557s ]
INFO: [ app_end ] --END-- [ RunTime:0.000619s ]

