[ 2016-10-15T07:28:40+08:00 ] ::1 /dcxt/index.php/admin/
INFO: [ app_init ] --START--
INFO: Run Behavior\BuildLiteBehavior [ RunTime:0.000029s ]
INFO: [ app_init ] --END-- [ RunTime:0.001059s ]
INFO: [ app_begin ] --START--
INFO: Run Behavior\ReadHtmlCacheBehavior [ RunTime:0.001795s ]
INFO: [ app_begin ] --END-- [ RunTime:0.001914s ]
SQL: SHOW COLUMNS FROM `associated_label2` [ RunTime:0.1720s ]
SQL: SELECT * FROM `associated_label2` ORDER BY first_label  [ RunTime:0.0007s ]
SQL: SHOW COLUMNS FROM `node` [ RunTime:0.0369s ]
SQL: SELECT `id` FROM `node` LIMIT 1   [ RunTime:0.0005s ]
SQL: SELECT `id`,`name`,`group_id`,`title` FROM `node` WHERE `level` = 2 AND `status` = 1 AND `pid` = 1 AND ( group_id < 10 ) ORDER BY sort asc  [ RunTime:0.0111s ]
NOTIC: [8] Undefined index: _ACCESS_LIST D:\WWW\dcxt\Application\Admin\Controller\IndexController.class.php 第 45 行.
NOTIC: [8] Undefined index:  D:\WWW\dcxt\Application\Admin\Controller\IndexController.class.php 第 54 行.
SQL: SELECT `id`,`name`,`group_id`,`title` FROM `node` WHERE `level` = 2 AND `status` = 1 AND `pid` = 1 AND `group_id` = 10 ORDER BY sort asc  [ RunTime:0.0008s ]
NOTIC: [8] Undefined index: _ACCESS_LIST D:\WWW\dcxt\Application\Admin\Controller\IndexController.class.php 第 64 行.
SQL: SELECT `id`,`name`,`group_id`,`title` FROM `node` WHERE `level` = 2 AND `status` = 1 AND `pid` = 1 AND `group_id` = 11 ORDER BY sort asc  [ RunTime:0.0008s ]
NOTIC: [8] Undefined index: _ACCESS_LIST D:\WWW\dcxt\Application\Admin\Controller\IndexController.class.php 第 76 行.
SQL: SELECT `id`,`name`,`group_id`,`title` FROM `node` WHERE `level` = 2 AND `status` = 1 AND `pid` = 1 AND `group_id` = 12 ORDER BY sort asc  [ RunTime:0.0007s ]
NOTIC: [8] Undefined index: _ACCESS_LIST D:\WWW\dcxt\Application\Admin\Controller\IndexController.class.php 第 88 行.
SQL: SELECT `id`,`name`,`group_id`,`title` FROM `node` WHERE `level` = 2 AND `status` = 1 AND `pid` = 1 AND `group_id` = 13 ORDER BY sort asc  [ RunTime:0.0007s ]
NOTIC: [8] Undefined index: _ACCESS_LIST D:\WWW\dcxt\Application\Admin\Controller\IndexController.class.php 第 100 行.
SQL: SELECT `id`,`name`,`group_id`,`title` FROM `node` WHERE `level` = 2 AND `status` = 1 AND `pid` = 1 AND `group_id` = 14 ORDER BY sort asc  [ RunTime:0.0007s ]
NOTIC: [8] Undefined index: _ACCESS_LIST D:\WWW\dcxt\Application\Admin\Controller\IndexController.class.php 第 112 行.
SQL: SELECT `id`,`name`,`group_id`,`title` FROM `node` WHERE `level` = 2 AND `status` = 1 AND `pid` = 1 AND `group_id` = 15 ORDER BY sort asc  [ RunTime:0.0007s ]
NOTIC: [8] Undefined index: _ACCESS_LIST D:\WWW\dcxt\Application\Admin\Controller\IndexController.class.php 第 124 行.
SQL: SELECT `id`,`name`,`group_id`,`title` FROM `node` WHERE `level` = 2 AND `status` = 1 AND `pid` = 1 AND `group_id` = 16 ORDER BY sort asc  [ RunTime:0.0007s ]
NOTIC: [8] Undefined index: _ACCESS_LIST D:\WWW\dcxt\Application\Admin\Controller\IndexController.class.php 第 136 行.
SQL: SELECT `id`,`name`,`group_id`,`title` FROM `node` WHERE `level` = 2 AND `status` = 1 AND `pid` = 1 AND `group_id` = 17 ORDER BY sort asc  [ RunTime:0.0008s ]
NOTIC: [8] Undefined index: _ACCESS_LIST D:\WWW\dcxt\Application\Admin\Controller\IndexController.class.php 第 148 行.
SQL: SELECT `id`,`name`,`group_id`,`title` FROM `node` WHERE `level` = 2 AND `status` = 1 AND `pid` = 1 AND `group_id` = 18 ORDER BY sort asc  [ RunTime:0.0007s ]
NOTIC: [8] Undefined index: _ACCESS_LIST D:\WWW\dcxt\Application\Admin\Controller\IndexController.class.php 第 160 行.
SQL: SELECT `id`,`name`,`group_id`,`title` FROM `node` WHERE `level` = 2 AND `status` = 1 AND `pid` = 1 AND `group_id` = 19 ORDER BY sort asc  [ RunTime:0.0008s ]
NOTIC: [8] Undefined index: _ACCESS_LIST D:\WWW\dcxt\Application\Admin\Controller\IndexController.class.php 第 172 行.
SQL: SELECT `id`,`name`,`group_id`,`title` FROM `node` WHERE `level` = 2 AND `status` = 1 AND `pid` = 1 AND `group_id` = 20 ORDER BY sort asc  [ RunTime:0.0008s ]
NOTIC: [8] Undefined index: _ACCESS_LIST D:\WWW\dcxt\Application\Admin\Controller\IndexController.class.php 第 184 行.
NOTIC: [2] Missing argument 1 for Think\Controller::show(), called in D:\WWW\dcxt\Application\Admin\Controller\IndexController.class.php on line 200 and defined D:\WWW\dcxt\ThinkPHP\Library\Think\Controller.class.php 第 68 行.
NOTIC: [8] Undefined variable: content D:\WWW\dcxt\ThinkPHP\Library\Think\Controller.class.php 第 69 行.
INFO: [ view_parse ] --START--
NOTIC: [2] file_get_contents(./Application/Admin/View/Public/menu.html) [<a href='function.file-get-contents'>function.file-get-contents</a>]: failed to open stream: No such file or directory D:\WWW\dcxt\ThinkPHP\Library\Think\Template.class.php 第 696 行.
INFO: [ template_filter ] --START--
INFO: Run Behavior\ContentReplaceBehavior [ RunTime:0.000231s ]
INFO: [ template_filter ] --END-- [ RunTime:0.000437s ]
INFO: Run Behavior\ParseTemplateBehavior [ RunTime:0.139399s ]
INFO: [ view_parse ] --END-- [ RunTime:0.139612s ]
INFO: [ view_filter ] --START--
INFO: Run Behavior\WriteHtmlCacheBehavior [ RunTime:0.002168s ]
INFO: [ view_filter ] --END-- [ RunTime:0.002325s ]
INFO: [ app_end ] --START--
INFO: Run Behavior\ShowPageTraceBehavior [ RunTime:0.014171s ]
INFO: [ app_end ] --END-- [ RunTime:0.014348s ]

[ 2016-10-15T07:28:45+08:00 ] ::1 /dcxt/index.php/Admin/Cd/index/index/?_=1476487725282
INFO: [ app_init ] --START--
INFO: Run Behavior\BuildLiteBehavior [ RunTime:0.000030s ]
INFO: [ app_init ] --END-- [ RunTime:0.000743s ]
INFO: [ app_begin ] --START--
INFO: Run Behavior\ReadHtmlCacheBehavior [ RunTime:0.001498s ]
INFO: [ app_begin ] --END-- [ RunTime:0.001615s ]
INFO: [ view_parse ] --START--
INFO: [ template_filter ] --START--
INFO: Run Behavior\ContentReplaceBehavior [ RunTime:0.000152s ]
INFO: [ template_filter ] --END-- [ RunTime:0.000303s ]
NOTIC: [8] Undefined variable: numPerPage D:\WWW\dcxt\Application\Runtime\Cache\Admin\5db794e730859bca5ad15fc742d1d5fd.php 第 6 行.
NOTIC: [8] Undefined variable: question D:\WWW\dcxt\Application\Runtime\Cache\Admin\5db794e730859bca5ad15fc742d1d5fd.php 第 32 行.
NOTIC: [8] Undefined variable: totalCount D:\WWW\dcxt\Application\Runtime\Cache\Admin\5db794e730859bca5ad15fc742d1d5fd.php 第 49 行.
NOTIC: [8] Undefined variable: totalCount D:\WWW\dcxt\Application\Runtime\Cache\Admin\5db794e730859bca5ad15fc742d1d5fd.php 第 51 行.
NOTIC: [8] Undefined variable: numPerPage D:\WWW\dcxt\Application\Runtime\Cache\Admin\5db794e730859bca5ad15fc742d1d5fd.php 第 51 行.
NOTIC: [8] Undefined variable: currentPage D:\WWW\dcxt\Application\Runtime\Cache\Admin\5db794e730859bca5ad15fc742d1d5fd.php 第 51 行.
INFO: Run Behavior\ParseTemplateBehavior [ RunTime:0.036268s ]
INFO: [ view_parse ] --END-- [ RunTime:0.036381s ]
INFO: [ view_filter ] --START--
INFO: Run Behavior\WriteHtmlCacheBehavior [ RunTime:0.001169s ]
INFO: [ view_filter ] --END-- [ RunTime:0.001258s ]
INFO: [ app_end ] --START--
INFO: Run Behavior\ShowPageTraceBehavior [ RunTime:0.001586s ]
INFO: [ app_end ] --END-- [ RunTime:0.001687s ]

[ 2016-10-15T09:24:48+08:00 ] ::1 /dcxt/index.php/Admin/Cd/index/index/?_=1476494688086
INFO: [ app_init ] --START--
INFO: Run Behavior\BuildLiteBehavior [ RunTime:0.000026s ]
INFO: [ app_init ] --END-- [ RunTime:0.000715s ]
INFO: [ app_begin ] --START--
INFO: Run Behavior\ReadHtmlCacheBehavior [ RunTime:0.001841s ]
INFO: [ app_begin ] --END-- [ RunTime:0.001973s ]
INFO: [ view_parse ] --START--
INFO: [ template_filter ] --START--
INFO: Run Behavior\ContentReplaceBehavior [ RunTime:0.000107s ]
INFO: [ template_filter ] --END-- [ RunTime:0.000221s ]
NOTIC: [8] Undefined variable: numPerPage D:\WWW\dcxt\Application\Runtime\Cache\Admin\5db794e730859bca5ad15fc742d1d5fd.php 第 6 行.
NOTIC: [8] Undefined variable: question D:\WWW\dcxt\Application\Runtime\Cache\Admin\5db794e730859bca5ad15fc742d1d5fd.php 第 32 行.
NOTIC: [8] Undefined variable: totalCount D:\WWW\dcxt\Application\Runtime\Cache\Admin\5db794e730859bca5ad15fc742d1d5fd.php 第 49 行.
NOTIC: [8] Undefined variable: totalCount D:\WWW\dcxt\Application\Runtime\Cache\Admin\5db794e730859bca5ad15fc742d1d5fd.php 第 51 行.
NOTIC: [8] Undefined variable: numPerPage D:\WWW\dcxt\Application\Runtime\Cache\Admin\5db794e730859bca5ad15fc742d1d5fd.php 第 51 行.
NOTIC: [8] Undefined variable: currentPage D:\WWW\dcxt\Application\Runtime\Cache\Admin\5db794e730859bca5ad15fc742d1d5fd.php 第 51 行.
INFO: Run Behavior\ParseTemplateBehavior [ RunTime:0.015507s ]
INFO: [ view_parse ] --END-- [ RunTime:0.015611s ]
INFO: [ view_filter ] --START--
INFO: Run Behavior\WriteHtmlCacheBehavior [ RunTime:0.000911s ]
INFO: [ view_filter ] --END-- [ RunTime:0.000993s ]
INFO: [ app_end ] --START--
INFO: Run Behavior\ShowPageTraceBehavior [ RunTime:0.001291s ]
INFO: [ app_end ] --END-- [ RunTime:0.001384s ]

[ 2016-10-15T09:29:26+08:00 ] ::1 /dcxt/index.php/admin/
INFO: [ app_init ] --START--
INFO: Run Behavior\BuildLiteBehavior [ RunTime:0.000029s ]
INFO: [ app_init ] --END-- [ RunTime:0.000805s ]
INFO: [ app_begin ] --START--
INFO: Run Behavior\ReadHtmlCacheBehavior [ RunTime:0.001276s ]
INFO: [ app_begin ] --END-- [ RunTime:0.001400s ]
SQL: SHOW COLUMNS FROM `associated_label2` [ RunTime:0.0087s ]
SQL: SELECT * FROM `associated_label2` ORDER BY first_label  [ RunTime:0.0007s ]
SQL: SHOW COLUMNS FROM `node` [ RunTime:0.0092s ]
SQL: SELECT `id` FROM `node` LIMIT 1   [ RunTime:0.0005s ]
SQL: SELECT `id`,`name`,`group_id`,`title` FROM `node` WHERE `level` = 2 AND `status` = 1 AND `pid` = 1 AND ( group_id < 10 ) ORDER BY sort asc  [ RunTime:0.0009s ]
NOTIC: [8] Undefined index: _ACCESS_LIST D:\WWW\dcxt\Application\Admin\Controller\IndexController.class.php 第 45 行.
NOTIC: [8] Undefined index:  D:\WWW\dcxt\Application\Admin\Controller\IndexController.class.php 第 54 行.
SQL: SELECT `id`,`name`,`group_id`,`title` FROM `node` WHERE `level` = 2 AND `status` = 1 AND `pid` = 1 AND `group_id` = 10 ORDER BY sort asc  [ RunTime:0.0008s ]
NOTIC: [8] Undefined index: _ACCESS_LIST D:\WWW\dcxt\Application\Admin\Controller\IndexController.class.php 第 64 行.
SQL: SELECT `id`,`name`,`group_id`,`title` FROM `node` WHERE `level` = 2 AND `status` = 1 AND `pid` = 1 AND `group_id` = 11 ORDER BY sort asc  [ RunTime:0.0008s ]
NOTIC: [8] Undefined index: _ACCESS_LIST D:\WWW\dcxt\Application\Admin\Controller\IndexController.class.php 第 76 行.
SQL: SELECT `id`,`name`,`group_id`,`title` FROM `node` WHERE `level` = 2 AND `status` = 1 AND `pid` = 1 AND `group_id` = 12 ORDER BY sort asc  [ RunTime:0.0007s ]
NOTIC: [8] Undefined index: _ACCESS_LIST D:\WWW\dcxt\Application\Admin\Controller\IndexController.class.php 第 88 行.
SQL: SELECT `id`,`name`,`group_id`,`title` FROM `node` WHERE `level` = 2 AND `status` = 1 AND `pid` = 1 AND `group_id` = 13 ORDER BY sort asc  [ RunTime:0.0008s ]
NOTIC: [8] Undefined index: _ACCESS_LIST D:\WWW\dcxt\Application\Admin\Controller\IndexController.class.php 第 100 行.
SQL: SELECT `id`,`name`,`group_id`,`title` FROM `node` WHERE `level` = 2 AND `status` = 1 AND `pid` = 1 AND `group_id` = 14 ORDER BY sort asc  [ RunTime:0.0007s ]
NOTIC: [8] Undefined index: _ACCESS_LIST D:\WWW\dcxt\Application\Admin\Controller\IndexController.class.php 第 112 行.
SQL: SELECT `id`,`name`,`group_id`,`title` FROM `node` WHERE `level` = 2 AND `status` = 1 AND `pid` = 1 AND `group_id` = 15 ORDER BY sort asc  [ RunTime:0.0007s ]
NOTIC: [8] Undefined index: _ACCESS_LIST D:\WWW\dcxt\Application\Admin\Controller\IndexController.class.php 第 124 行.
SQL: SELECT `id`,`name`,`group_id`,`title` FROM `node` WHERE `level` = 2 AND `status` = 1 AND `pid` = 1 AND `group_id` = 16 ORDER BY sort asc  [ RunTime:0.0007s ]
NOTIC: [8] Undefined index: _ACCESS_LIST D:\WWW\dcxt\Application\Admin\Controller\IndexController.class.php 第 136 行.
SQL: SELECT `id`,`name`,`group_id`,`title` FROM `node` WHERE `level` = 2 AND `status` = 1 AND `pid` = 1 AND `group_id` = 17 ORDER BY sort asc  [ RunTime:0.0006s ]
NOTIC: [8] Undefined index: _ACCESS_LIST D:\WWW\dcxt\Application\Admin\Controller\IndexController.class.php 第 148 行.
SQL: SELECT `id`,`name`,`group_id`,`title` FROM `node` WHERE `level` = 2 AND `status` = 1 AND `pid` = 1 AND `group_id` = 18 ORDER BY sort asc  [ RunTime:0.0007s ]
NOTIC: [8] Undefined index: _ACCESS_LIST D:\WWW\dcxt\Application\Admin\Controller\IndexController.class.php 第 160 行.
SQL: SELECT `id`,`name`,`group_id`,`title` FROM `node` WHERE `level` = 2 AND `status` = 1 AND `pid` = 1 AND `group_id` = 19 ORDER BY sort asc  [ RunTime:0.0008s ]
NOTIC: [8] Undefined index: _ACCESS_LIST D:\WWW\dcxt\Application\Admin\Controller\IndexController.class.php 第 172 行.
SQL: SELECT `id`,`name`,`group_id`,`title` FROM `node` WHERE `level` = 2 AND `status` = 1 AND `pid` = 1 AND `group_id` = 20 ORDER BY sort asc  [ RunTime:0.0008s ]
NOTIC: [8] Undefined index: _ACCESS_LIST D:\WWW\dcxt\Application\Admin\Controller\IndexController.class.php 第 184 行.
NOTIC: [2] Missing argument 1 for Think\Controller::show(), called in D:\WWW\dcxt\Application\Admin\Controller\IndexController.class.php on line 200 and defined D:\WWW\dcxt\ThinkPHP\Library\Think\Controller.class.php 第 68 行.
NOTIC: [8] Undefined variable: content D:\WWW\dcxt\ThinkPHP\Library\Think\Controller.class.php 第 69 行.
INFO: [ view_parse ] --START--
NOTIC: [2] file_get_contents(./Application/Admin/View/Public/menu.html) [<a href='function.file-get-contents'>function.file-get-contents</a>]: failed to open stream: No such file or directory D:\WWW\dcxt\ThinkPHP\Library\Think\Template.class.php 第 696 行.
INFO: [ template_filter ] --START--
INFO: Run Behavior\ContentReplaceBehavior [ RunTime:0.000211s ]
INFO: [ template_filter ] --END-- [ RunTime:0.000410s ]
NOTIC: [8] Undefined variable: item D:\WWW\dcxt\Application\Runtime\Cache\Admin\b595b808c2ebeeeb0478ffc30bb4e87a.php 第 103 行.
NOTIC: [8] Undefined variable: item D:\WWW\dcxt\Application\Runtime\Cache\Admin\b595b808c2ebeeeb0478ffc30bb4e87a.php 第 103 行.
NOTIC: [8] Undefined variable: item D:\WWW\dcxt\Application\Runtime\Cache\Admin\b595b808c2ebeeeb0478ffc30bb4e87a.php 第 103 行.
INFO: Run Behavior\ParseTemplateBehavior [ RunTime:0.023568s ]
INFO: [ view_parse ] --END-- [ RunTime:0.023764s ]
INFO: [ view_filter ] --START--
INFO: Run Behavior\WriteHtmlCacheBehavior [ RunTime:0.001365s ]
INFO: [ view_filter ] --END-- [ RunTime:0.001510s ]
INFO: [ app_end ] --START--
INFO: Run Behavior\ShowPageTraceBehavior [ RunTime:0.001467s ]
INFO: [ app_end ] --END-- [ RunTime:0.001596s ]

[ 2016-10-15T09:29:40+08:00 ] ::1 /dcxt/index.php/admin/
INFO: [ app_init ] --START--
INFO: Run Behavior\BuildLiteBehavior [ RunTime:0.000028s ]
INFO: [ app_init ] --END-- [ RunTime:0.000708s ]
INFO: [ app_begin ] --START--
INFO: Run Behavior\ReadHtmlCacheBehavior [ RunTime:0.001517s ]
INFO: [ app_begin ] --END-- [ RunTime:0.001651s ]
SQL: SHOW COLUMNS FROM `associated_label2` [ RunTime:0.0088s ]
SQL: SELECT * FROM `associated_label2` ORDER BY first_label  [ RunTime:0.0007s ]
SQL: SHOW COLUMNS FROM `node` [ RunTime:0.0086s ]
SQL: SELECT `id` FROM `node` LIMIT 1   [ RunTime:0.0005s ]
SQL: SELECT `id`,`name`,`group_id`,`title` FROM `node` WHERE `level` = 2 AND `status` = 1 AND `pid` = 1 AND ( group_id < 10 ) ORDER BY sort asc  [ RunTime:0.0020s ]
NOTIC: [8] Undefined index: _ACCESS_LIST D:\WWW\dcxt\Application\Admin\Controller\IndexController.class.php 第 45 行.
NOTIC: [8] Undefined index:  D:\WWW\dcxt\Application\Admin\Controller\IndexController.class.php 第 54 行.
SQL: SELECT `id`,`name`,`group_id`,`title` FROM `node` WHERE `level` = 2 AND `status` = 1 AND `pid` = 1 AND `group_id` = 10 ORDER BY sort asc  [ RunTime:0.0009s ]
NOTIC: [8] Undefined index: _ACCESS_LIST D:\WWW\dcxt\Application\Admin\Controller\IndexController.class.php 第 64 行.
SQL: SELECT `id`,`name`,`group_id`,`title` FROM `node` WHERE `level` = 2 AND `status` = 1 AND `pid` = 1 AND `group_id` = 11 ORDER BY sort asc  [ RunTime:0.0009s ]
NOTIC: [8] Undefined index: _ACCESS_LIST D:\WWW\dcxt\Application\Admin\Controller\IndexController.class.php 第 76 行.
SQL: SELECT `id`,`name`,`group_id`,`title` FROM `node` WHERE `level` = 2 AND `status` = 1 AND `pid` = 1 AND `group_id` = 12 ORDER BY sort asc  [ RunTime:0.0009s ]
NOTIC: [8] Undefined index: _ACCESS_LIST D:\WWW\dcxt\Application\Admin\Controller\IndexController.class.php 第 88 行.
SQL: SELECT `id`,`name`,`group_id`,`title` FROM `node` WHERE `level` = 2 AND `status` = 1 AND `pid` = 1 AND `group_id` = 13 ORDER BY sort asc  [ RunTime:0.0007s ]
NOTIC: [8] Undefined index: _ACCESS_LIST D:\WWW\dcxt\Application\Admin\Controller\IndexController.class.php 第 100 行.
SQL: SELECT `id`,`name`,`group_id`,`title` FROM `node` WHERE `level` = 2 AND `status` = 1 AND `pid` = 1 AND `group_id` = 14 ORDER BY sort asc  [ RunTime:0.0007s ]
NOTIC: [8] Undefined index: _ACCESS_LIST D:\WWW\dcxt\Application\Admin\Controller\IndexController.class.php 第 112 行.
SQL: SELECT `id`,`name`,`group_id`,`title` FROM `node` WHERE `level` = 2 AND `status` = 1 AND `pid` = 1 AND `group_id` = 15 ORDER BY sort asc  [ RunTime:0.0007s ]
NOTIC: [8] Undefined index: _ACCESS_LIST D:\WWW\dcxt\Application\Admin\Controller\IndexController.class.php 第 124 行.
SQL: SELECT `id`,`name`,`group_id`,`title` FROM `node` WHERE `level` = 2 AND `status` = 1 AND `pid` = 1 AND `group_id` = 16 ORDER BY sort asc  [ RunTime:0.0007s ]
NOTIC: [8] Undefined index: _ACCESS_LIST D:\WWW\dcxt\Application\Admin\Controller\IndexController.class.php 第 136 行.
SQL: SELECT `id`,`name`,`group_id`,`title` FROM `node` WHERE `level` = 2 AND `status` = 1 AND `pid` = 1 AND `group_id` = 17 ORDER BY sort asc  [ RunTime:0.0007s ]
NOTIC: [8] Undefined index: _ACCESS_LIST D:\WWW\dcxt\Application\Admin\Controller\IndexController.class.php 第 148 行.
SQL: SELECT `id`,`name`,`group_id`,`title` FROM `node` WHERE `level` = 2 AND `status` = 1 AND `pid` = 1 AND `group_id` = 18 ORDER BY sort asc  [ RunTime:0.0006s ]
NOTIC: [8] Undefined index: _ACCESS_LIST D:\WWW\dcxt\Application\Admin\Controller\IndexController.class.php 第 160 行.
SQL: SELECT `id`,`name`,`group_id`,`title` FROM `node` WHERE `level` = 2 AND `status` = 1 AND `pid` = 1 AND `group_id` = 19 ORDER BY sort asc  [ RunTime:0.0006s ]
NOTIC: [8] Undefined index: _ACCESS_LIST D:\WWW\dcxt\Application\Admin\Controller\IndexController.class.php 第 172 行.
SQL: SELECT `id`,`name`,`group_id`,`title` FROM `node` WHERE `level` = 2 AND `status` = 1 AND `pid` = 1 AND `group_id` = 20 ORDER BY sort asc  [ RunTime:0.0006s ]
NOTIC: [8] Undefined index: _ACCESS_LIST D:\WWW\dcxt\Application\Admin\Controller\IndexController.class.php 第 184 行.
NOTIC: [2] Missing argument 1 for Think\Controller::show(), called in D:\WWW\dcxt\Application\Admin\Controller\IndexController.class.php on line 200 and defined D:\WWW\dcxt\ThinkPHP\Library\Think\Controller.class.php 第 68 行.
NOTIC: [8] Undefined variable: content D:\WWW\dcxt\ThinkPHP\Library\Think\Controller.class.php 第 69 行.
INFO: [ view_parse ] --START--
NOTIC: [2] file_get_contents(./Application/Admin/View/Public/menu.html) [<a href='function.file-get-contents'>function.file-get-contents</a>]: failed to open stream: No such file or directory D:\WWW\dcxt\ThinkPHP\Library\Think\Template.class.php 第 696 行.
INFO: [ template_filter ] --START--
INFO: Run Behavior\ContentReplaceBehavior [ RunTime:0.000217s ]
INFO: [ template_filter ] --END-- [ RunTime:0.000426s ]
NOTIC: [8] Undefined variable: item D:\WWW\dcxt\Application\Runtime\Cache\Admin\b595b808c2ebeeeb0478ffc30bb4e87a.php 第 103 行.
NOTIC: [8] Undefined variable: item D:\WWW\dcxt\Application\Runtime\Cache\Admin\b595b808c2ebeeeb0478ffc30bb4e87a.php 第 103 行.
NOTIC: [8] Undefined variable: item D:\WWW\dcxt\Application\Runtime\Cache\Admin\b595b808c2ebeeeb0478ffc30bb4e87a.php 第 103 行.
INFO: Run Behavior\ParseTemplateBehavior [ RunTime:0.027915s ]
INFO: [ view_parse ] --END-- [ RunTime:0.028106s ]
INFO: [ view_filter ] --START--
INFO: Run Behavior\WriteHtmlCacheBehavior [ RunTime:0.001779s ]
INFO: [ view_filter ] --END-- [ RunTime:0.001928s ]
INFO: [ app_end ] --START--
INFO: Run Behavior\ShowPageTraceBehavior [ RunTime:0.002290s ]
INFO: [ app_end ] --END-- [ RunTime:0.002447s ]

[ 2016-10-15T09:30:26+08:00 ] ::1 /dcxt/index.php/admin/
INFO: [ app_init ] --START--
INFO: Run Behavior\BuildLiteBehavior [ RunTime:0.000048s ]
INFO: [ app_init ] --END-- [ RunTime:0.001270s ]
INFO: [ app_begin ] --START--
INFO: Run Behavior\ReadHtmlCacheBehavior [ RunTime:0.002519s ]
INFO: [ app_begin ] --END-- [ RunTime:0.002700s ]
SQL: SHOW COLUMNS FROM `associated_label2` [ RunTime:0.0086s ]
SQL: SELECT * FROM `associated_label2` ORDER BY first_label  [ RunTime:0.0007s ]
SQL: SHOW COLUMNS FROM `node` [ RunTime:0.0086s ]
SQL: SELECT `id` FROM `node` LIMIT 1   [ RunTime:0.0005s ]
SQL: SELECT `id`,`name`,`group_id`,`title` FROM `node` WHERE `level` = 2 AND `status` = 1 AND `pid` = 1 AND ( group_id < 10 ) ORDER BY sort asc  [ RunTime:0.0009s ]
NOTIC: [8] Undefined index: _ACCESS_LIST D:\WWW\dcxt\Application\Admin\Controller\IndexController.class.php 第 45 行.
NOTIC: [8] Undefined index:  D:\WWW\dcxt\Application\Admin\Controller\IndexController.class.php 第 54 行.
SQL: SELECT `id`,`name`,`group_id`,`title` FROM `node` WHERE `level` = 2 AND `status` = 1 AND `pid` = 1 AND `group_id` = 10 ORDER BY sort asc  [ RunTime:0.0008s ]
NOTIC: [8] Undefined index: _ACCESS_LIST D:\WWW\dcxt\Application\Admin\Controller\IndexController.class.php 第 64 行.
SQL: SELECT `id`,`name`,`group_id`,`title` FROM `node` WHERE `level` = 2 AND `status` = 1 AND `pid` = 1 AND `group_id` = 11 ORDER BY sort asc  [ RunTime:0.0011s ]
NOTIC: [8] Undefined index: _ACCESS_LIST D:\WWW\dcxt\Application\Admin\Controller\IndexController.class.php 第 76 行.
SQL: SELECT `id`,`name`,`group_id`,`title` FROM `node` WHERE `level` = 2 AND `status` = 1 AND `pid` = 1 AND `group_id` = 12 ORDER BY sort asc  [ RunTime:0.0007s ]
NOTIC: [8] Undefined index: _ACCESS_LIST D:\WWW\dcxt\Application\Admin\Controller\IndexController.class.php 第 88 行.
SQL: SELECT `id`,`name`,`group_id`,`title` FROM `node` WHERE `level` = 2 AND `status` = 1 AND `pid` = 1 AND `group_id` = 13 ORDER BY sort asc  [ RunTime:0.0008s ]
NOTIC: [8] Undefined index: _ACCESS_LIST D:\WWW\dcxt\Application\Admin\Controller\IndexController.class.php 第 100 行.
SQL: SELECT `id`,`name`,`group_id`,`title` FROM `node` WHERE `level` = 2 AND `status` = 1 AND `pid` = 1 AND `group_id` = 14 ORDER BY sort asc  [ RunTime:0.0008s ]
NOTIC: [8] Undefined index: _ACCESS_LIST D:\WWW\dcxt\Application\Admin\Controller\IndexController.class.php 第 112 行.
SQL: SELECT `id`,`name`,`group_id`,`title` FROM `node` WHERE `level` = 2 AND `status` = 1 AND `pid` = 1 AND `group_id` = 15 ORDER BY sort asc  [ RunTime:0.0008s ]
NOTIC: [8] Undefined index: _ACCESS_LIST D:\WWW\dcxt\Application\Admin\Controller\IndexController.class.php 第 124 行.
SQL: SELECT `id`,`name`,`group_id`,`title` FROM `node` WHERE `level` = 2 AND `status` = 1 AND `pid` = 1 AND `group_id` = 16 ORDER BY sort asc  [ RunTime:0.0008s ]
NOTIC: [8] Undefined index: _ACCESS_LIST D:\WWW\dcxt\Application\Admin\Controller\IndexController.class.php 第 136 行.
SQL: SELECT `id`,`name`,`group_id`,`title` FROM `node` WHERE `level` = 2 AND `status` = 1 AND `pid` = 1 AND `group_id` = 17 ORDER BY sort asc  [ RunTime:0.0007s ]
NOTIC: [8] Undefined index: _ACCESS_LIST D:\WWW\dcxt\Application\Admin\Controller\IndexController.class.php 第 148 行.
SQL: SELECT `id`,`name`,`group_id`,`title` FROM `node` WHERE `level` = 2 AND `status` = 1 AND `pid` = 1 AND `group_id` = 18 ORDER BY sort asc  [ RunTime:0.0008s ]
NOTIC: [8] Undefined index: _ACCESS_LIST D:\WWW\dcxt\Application\Admin\Controller\IndexController.class.php 第 160 行.
SQL: SELECT `id`,`name`,`group_id`,`title` FROM `node` WHERE `level` = 2 AND `status` = 1 AND `pid` = 1 AND `group_id` = 19 ORDER BY sort asc  [ RunTime:0.0013s ]
NOTIC: [8] Undefined index: _ACCESS_LIST D:\WWW\dcxt\Application\Admin\Controller\IndexController.class.php 第 172 行.
SQL: SELECT `id`,`name`,`group_id`,`title` FROM `node` WHERE `level` = 2 AND `status` = 1 AND `pid` = 1 AND `group_id` = 20 ORDER BY sort asc  [ RunTime:0.0007s ]
NOTIC: [8] Undefined index: _ACCESS_LIST D:\WWW\dcxt\Application\Admin\Controller\IndexController.class.php 第 184 行.
NOTIC: [2] Missing argument 1 for Think\Controller::show(), called in D:\WWW\dcxt\Application\Admin\Controller\IndexController.class.php on line 200 and defined D:\WWW\dcxt\ThinkPHP\Library\Think\Controller.class.php 第 68 行.
NOTIC: [8] Undefined variable: content D:\WWW\dcxt\ThinkPHP\Library\Think\Controller.class.php 第 69 行.
INFO: [ view_parse ] --START--
NOTIC: [2] file_get_contents(./Application/Admin/View/Public/menu.html) [<a href='function.file-get-contents'>function.file-get-contents</a>]: failed to open stream: No such file or directory D:\WWW\dcxt\ThinkPHP\Library\Think\Template.class.php 第 696 行.
INFO: [ template_filter ] --START--
INFO: Run Behavior\ContentReplaceBehavior [ RunTime:0.000233s ]
INFO: [ template_filter ] --END-- [ RunTime:0.000456s ]
INFO: Run Behavior\ParseTemplateBehavior [ RunTime:0.025636s ]
INFO: [ view_parse ] --END-- [ RunTime:0.025846s ]
INFO: [ view_filter ] --START--
INFO: Run Behavior\WriteHtmlCacheBehavior [ RunTime:0.001716s ]
INFO: [ view_filter ] --END-- [ RunTime:0.001867s ]
INFO: [ app_end ] --START--
INFO: Run Behavior\ShowPageTraceBehavior [ RunTime:0.002289s ]
INFO: [ app_end ] --END-- [ RunTime:0.002445s ]

[ 2016-10-15T09:59:49+08:00 ] ::1 /dcxt/index.php/Admin/Cd/index/index/?_=1476496789943
INFO: [ app_init ] --START--
INFO: Run Behavior\BuildLiteBehavior [ RunTime:0.000020s ]
INFO: [ app_init ] --END-- [ RunTime:0.000433s ]
INFO: [ app_begin ] --START--
INFO: Run Behavior\ReadHtmlCacheBehavior [ RunTime:0.000911s ]
INFO: [ app_begin ] --END-- [ RunTime:0.001015s ]
INFO: [ view_parse ] --START--
INFO: [ template_filter ] --START--
INFO: Run Behavior\ContentReplaceBehavior [ RunTime:0.000059s ]
INFO: [ template_filter ] --END-- [ RunTime:0.000129s ]
NOTIC: [8] Undefined variable: numPerPage D:\WWW\dcxt\Application\Runtime\Cache\Admin\5db794e730859bca5ad15fc742d1d5fd.php 第 6 行.
NOTIC: [8] Undefined variable: question D:\WWW\dcxt\Application\Runtime\Cache\Admin\5db794e730859bca5ad15fc742d1d5fd.php 第 32 行.
NOTIC: [8] Undefined variable: totalCount D:\WWW\dcxt\Application\Runtime\Cache\Admin\5db794e730859bca5ad15fc742d1d5fd.php 第 49 行.
NOTIC: [8] Undefined variable: totalCount D:\WWW\dcxt\Application\Runtime\Cache\Admin\5db794e730859bca5ad15fc742d1d5fd.php 第 51 行.
NOTIC: [8] Undefined variable: numPerPage D:\WWW\dcxt\Application\Runtime\Cache\Admin\5db794e730859bca5ad15fc742d1d5fd.php 第 51 行.
NOTIC: [8] Undefined variable: currentPage D:\WWW\dcxt\Application\Runtime\Cache\Admin\5db794e730859bca5ad15fc742d1d5fd.php 第 51 行.
INFO: Run Behavior\ParseTemplateBehavior [ RunTime:0.009121s ]
INFO: [ view_parse ] --END-- [ RunTime:0.009207s ]
INFO: [ view_filter ] --START--
INFO: Run Behavior\WriteHtmlCacheBehavior [ RunTime:0.000619s ]
INFO: [ view_filter ] --END-- [ RunTime:0.000719s ]
INFO: [ app_end ] --START--
INFO: Run Behavior\ShowPageTraceBehavior [ RunTime:0.001473s ]
INFO: [ app_end ] --END-- [ RunTime:0.001589s ]

[ 2016-10-15T09:59:55+08:00 ] ::1 /dcxt/index.php/Admin/Wdxt/wdxt/index/?_=1476496794907
INFO: [ app_init ] --START--
INFO: Run Behavior\BuildLiteBehavior [ RunTime:0.000019s ]
INFO: [ app_init ] --END-- [ RunTime:0.000953s ]
INFO: [ app_begin ] --START--
INFO: Run Behavior\ReadHtmlCacheBehavior [ RunTime:0.000452s ]
INFO: [ app_begin ] --END-- [ RunTime:0.000516s ]
SQL: SHOW COLUMNS FROM `tab1` [ RunTime:0.0087s ]
SQL: SELECT * FROM `tab1`  [ RunTime:0.0006s ]
SQL: SHOW COLUMNS FROM `question` [ RunTime:0.0083s ]
SQL: SELECT COUNT(*) AS tp_count FROM `question` LIMIT 1   [ RunTime:0.0005s ]
SQL: SELECT * FROM `question` LIMIT 0,2   [ RunTime:0.0006s ]
INFO: [ view_parse ] --START--
INFO: [ template_filter ] --START--
INFO: Run Behavior\ContentReplaceBehavior [ RunTime:0.000172s ]
INFO: [ template_filter ] --END-- [ RunTime:0.000338s ]
NOTIC: [8] Undefined index: photo D:\WWW\dcxt\Application\Runtime\Cache\Admin\424008014fac13b7f20be0db3d254239.php 第 31 行.
NOTIC: [8] Undefined index: photo D:\WWW\dcxt\Application\Runtime\Cache\Admin\424008014fac13b7f20be0db3d254239.php 第 31 行.
INFO: Run Behavior\ParseTemplateBehavior [ RunTime:0.018152s ]
INFO: [ view_parse ] --END-- [ RunTime:0.018318s ]
INFO: [ view_filter ] --START--
INFO: Run Behavior\WriteHtmlCacheBehavior [ RunTime:0.000612s ]
INFO: [ view_filter ] --END-- [ RunTime:0.000676s ]
INFO: [ app_end ] --START--
INFO: Run Behavior\ShowPageTraceBehavior [ RunTime:0.000885s ]
INFO: [ app_end ] --END-- [ RunTime:0.000951s ]

[ 2016-10-15T09:59:57+08:00 ] ::1 /dcxt/index.php/Admin/Cd/index/index/?_=1476496797200
INFO: [ app_init ] --START--
INFO: Run Behavior\BuildLiteBehavior [ RunTime:0.000016s ]
INFO: [ app_init ] --END-- [ RunTime:0.000365s ]
INFO: [ app_begin ] --START--
INFO: Run Behavior\ReadHtmlCacheBehavior [ RunTime:0.000465s ]
INFO: [ app_begin ] --END-- [ RunTime:0.000535s ]
INFO: [ view_parse ] --START--
INFO: [ template_filter ] --START--
INFO: Run Behavior\ContentReplaceBehavior [ RunTime:0.000057s ]
INFO: [ template_filter ] --END-- [ RunTime:0.000125s ]
NOTIC: [8] Undefined variable: numPerPage D:\WWW\dcxt\Application\Runtime\Cache\Admin\5db794e730859bca5ad15fc742d1d5fd.php 第 6 行.
NOTIC: [8] Undefined variable: question D:\WWW\dcxt\Application\Runtime\Cache\Admin\5db794e730859bca5ad15fc742d1d5fd.php 第 32 行.
NOTIC: [8] Undefined variable: totalCount D:\WWW\dcxt\Application\Runtime\Cache\Admin\5db794e730859bca5ad15fc742d1d5fd.php 第 49 行.
NOTIC: [8] Undefined variable: totalCount D:\WWW\dcxt\Application\Runtime\Cache\Admin\5db794e730859bca5ad15fc742d1d5fd.php 第 51 行.
NOTIC: [8] Undefined variable: numPerPage D:\WWW\dcxt\Application\Runtime\Cache\Admin\5db794e730859bca5ad15fc742d1d5fd.php 第 51 行.
NOTIC: [8] Undefined variable: currentPage D:\WWW\dcxt\Application\Runtime\Cache\Admin\5db794e730859bca5ad15fc742d1d5fd.php 第 51 行.
INFO: Run Behavior\ParseTemplateBehavior [ RunTime:0.008019s ]
INFO: [ view_parse ] --END-- [ RunTime:0.008108s ]
INFO: [ view_filter ] --START--
INFO: Run Behavior\WriteHtmlCacheBehavior [ RunTime:0.000759s ]
INFO: [ view_filter ] --END-- [ RunTime:0.000867s ]
INFO: [ app_end ] --START--
INFO: Run Behavior\ShowPageTraceBehavior [ RunTime:0.000752s ]
INFO: [ app_end ] --END-- [ RunTime:0.000829s ]

[ 2016-10-15T10:05:39+08:00 ] ::1 /dcxt/index.php/admin/
INFO: [ app_init ] --START--
INFO: Run Behavior\BuildLiteBehavior [ RunTime:0.000031s ]
INFO: [ app_init ] --END-- [ RunTime:0.000694s ]
INFO: [ app_begin ] --START--
INFO: Run Behavior\ReadHtmlCacheBehavior [ RunTime:0.000750s ]
INFO: [ app_begin ] --END-- [ RunTime:0.000834s ]
ERR: 1146:Table 'dcxt.associated_label2' doesn't exist
 [ SQL语句 ] : SHOW COLUMNS FROM `associated_label2`
ERR: 1146:Table 'dcxt.associated_label2' doesn't exist
 [ SQL语句 ] : SHOW COLUMNS FROM `associated_label2`

[ 2016-10-15T10:08:00+08:00 ] ::1 /dcxt/index.php/admin/
INFO: [ app_init ] --START--
INFO: Run Behavior\BuildLiteBehavior [ RunTime:0.000018s ]
INFO: [ app_init ] --END-- [ RunTime:0.000462s ]
INFO: [ app_begin ] --START--
INFO: Run Behavior\ReadHtmlCacheBehavior [ RunTime:0.001105s ]
INFO: [ app_begin ] --END-- [ RunTime:0.001234s ]
NOTIC: [2] Missing argument 1 for Think\Controller::show(), called in D:\WWW\dcxt\Application\Admin\Controller\IndexController.class.php on line 13 and defined D:\WWW\dcxt\ThinkPHP\Library\Think\Controller.class.php 第 68 行.
NOTIC: [8] Undefined variable: content D:\WWW\dcxt\ThinkPHP\Library\Think\Controller.class.php 第 69 行.
INFO: [ view_parse ] --START--
NOTIC: [2] file_get_contents(./Application/Admin/View/Public/menu.html) [<a href='function.file-get-contents'>function.file-get-contents</a>]: failed to open stream: No such file or directory D:\WWW\dcxt\ThinkPHP\Library\Think\Template.class.php 第 696 行.
INFO: [ template_filter ] --START--
INFO: Run Behavior\ContentReplaceBehavior [ RunTime:0.000072s ]
INFO: [ template_filter ] --END-- [ RunTime:0.000133s ]
NOTIC: [8] Undefined variable: menu_10 D:\WWW\dcxt\Application\Runtime\Cache\Admin\b595b808c2ebeeeb0478ffc30bb4e87a.php 第 102 行.
INFO: Run Behavior\ParseTemplateBehavior [ RunTime:0.009272s ]
INFO: [ view_parse ] --END-- [ RunTime:0.009329s ]
INFO: [ view_filter ] --START--
INFO: Run Behavior\WriteHtmlCacheBehavior [ RunTime:0.000620s ]
INFO: [ view_filter ] --END-- [ RunTime:0.000683s ]
INFO: [ app_end ] --START--
INFO: Run Behavior\ShowPageTraceBehavior [ RunTime:0.001242s ]
INFO: [ app_end ] --END-- [ RunTime:0.001354s ]

[ 2016-10-15T10:08:17+08:00 ] ::1 /dcxt/index.php/admin/
INFO: [ app_init ] --START--
INFO: Run Behavior\BuildLiteBehavior [ RunTime:0.000024s ]
INFO: [ app_init ] --END-- [ RunTime:0.000622s ]
INFO: [ app_begin ] --START--
INFO: Run Behavior\ReadHtmlCacheBehavior [ RunTime:0.001088s ]
INFO: [ app_begin ] --END-- [ RunTime:0.001202s ]
SQL: SHOW COLUMNS FROM `node` [ RunTime:0.0037s ]
SQL: SELECT `id` FROM `node` LIMIT 1   [ RunTime:0.0002s ]
SQL: SELECT `id`,`name`,`group_id`,`title` FROM `node` WHERE `level` = 2 AND `status` = 1 AND `pid` = 1 AND ( group_id < 10 ) ORDER BY sort asc  [ RunTime:0.0003s ]
NOTIC: [8] Undefined index: _ACCESS_LIST D:\WWW\dcxt\Application\Admin\Controller\IndexController.class.php 第 43 行.
NOTIC: [8] Undefined index:  D:\WWW\dcxt\Application\Admin\Controller\IndexController.class.php 第 52 行.
SQL: SELECT `id`,`name`,`group_id`,`title` FROM `node` WHERE `level` = 2 AND `status` = 1 AND `pid` = 1 AND `group_id` = 10 ORDER BY sort asc  [ RunTime:0.0002s ]
NOTIC: [8] Undefined index: _ACCESS_LIST D:\WWW\dcxt\Application\Admin\Controller\IndexController.class.php 第 62 行.
SQL: SELECT `id`,`name`,`group_id`,`title` FROM `node` WHERE `level` = 2 AND `status` = 1 AND `pid` = 1 AND `group_id` = 11 ORDER BY sort asc  [ RunTime:0.0003s ]
NOTIC: [8] Undefined index: _ACCESS_LIST D:\WWW\dcxt\Application\Admin\Controller\IndexController.class.php 第 74 行.
SQL: SELECT `id`,`name`,`group_id`,`title` FROM `node` WHERE `level` = 2 AND `status` = 1 AND `pid` = 1 AND `group_id` = 12 ORDER BY sort asc  [ RunTime:0.0002s ]
NOTIC: [8] Undefined index: _ACCESS_LIST D:\WWW\dcxt\Application\Admin\Controller\IndexController.class.php 第 86 行.
SQL: SELECT `id`,`name`,`group_id`,`title` FROM `node` WHERE `level` = 2 AND `status` = 1 AND `pid` = 1 AND `group_id` = 13 ORDER BY sort asc  [ RunTime:0.0003s ]
NOTIC: [8] Undefined index: _ACCESS_LIST D:\WWW\dcxt\Application\Admin\Controller\IndexController.class.php 第 98 行.
SQL: SELECT `id`,`name`,`group_id`,`title` FROM `node` WHERE `level` = 2 AND `status` = 1 AND `pid` = 1 AND `group_id` = 14 ORDER BY sort asc  [ RunTime:0.0002s ]
NOTIC: [8] Undefined index: _ACCESS_LIST D:\WWW\dcxt\Application\Admin\Controller\IndexController.class.php 第 110 行.
SQL: SELECT `id`,`name`,`group_id`,`title` FROM `node` WHERE `level` = 2 AND `status` = 1 AND `pid` = 1 AND `group_id` = 15 ORDER BY sort asc  [ RunTime:0.0002s ]
NOTIC: [8] Undefined index: _ACCESS_LIST D:\WWW\dcxt\Application\Admin\Controller\IndexController.class.php 第 122 行.
SQL: SELECT `id`,`name`,`group_id`,`title` FROM `node` WHERE `level` = 2 AND `status` = 1 AND `pid` = 1 AND `group_id` = 16 ORDER BY sort asc  [ RunTime:0.0002s ]
NOTIC: [8] Undefined index: _ACCESS_LIST D:\WWW\dcxt\Application\Admin\Controller\IndexController.class.php 第 134 行.
SQL: SELECT `id`,`name`,`group_id`,`title` FROM `node` WHERE `level` = 2 AND `status` = 1 AND `pid` = 1 AND `group_id` = 17 ORDER BY sort asc  [ RunTime:0.0002s ]
NOTIC: [8] Undefined index: _ACCESS_LIST D:\WWW\dcxt\Application\Admin\Controller\IndexController.class.php 第 146 行.
SQL: SELECT `id`,`name`,`group_id`,`title` FROM `node` WHERE `level` = 2 AND `status` = 1 AND `pid` = 1 AND `group_id` = 18 ORDER BY sort asc  [ RunTime:0.0002s ]
NOTIC: [8] Undefined index: _ACCESS_LIST D:\WWW\dcxt\Application\Admin\Controller\IndexController.class.php 第 158 行.
SQL: SELECT `id`,`name`,`group_id`,`title` FROM `node` WHERE `level` = 2 AND `status` = 1 AND `pid` = 1 AND `group_id` = 19 ORDER BY sort asc  [ RunTime:0.0002s ]
NOTIC: [8] Undefined index: _ACCESS_LIST D:\WWW\dcxt\Application\Admin\Controller\IndexController.class.php 第 170 行.
SQL: SELECT `id`,`name`,`group_id`,`title` FROM `node` WHERE `level` = 2 AND `status` = 1 AND `pid` = 1 AND `group_id` = 20 ORDER BY sort asc  [ RunTime:0.0003s ]
NOTIC: [8] Undefined index: _ACCESS_LIST D:\WWW\dcxt\Application\Admin\Controller\IndexController.class.php 第 182 行.
NOTIC: [2] Missing argument 1 for Think\Controller::show(), called in D:\WWW\dcxt\Application\Admin\Controller\IndexController.class.php on line 198 and defined D:\WWW\dcxt\ThinkPHP\Library\Think\Controller.class.php 第 68 行.
NOTIC: [8] Undefined variable: content D:\WWW\dcxt\ThinkPHP\Library\Think\Controller.class.php 第 69 行.
INFO: [ view_parse ] --START--
NOTIC: [2] file_get_contents(./Application/Admin/View/Public/menu.html) [<a href='function.file-get-contents'>function.file-get-contents</a>]: failed to open stream: No such file or directory D:\WWW\dcxt\ThinkPHP\Library\Think\Template.class.php 第 696 行.
INFO: [ template_filter ] --START--
INFO: Run Behavior\ContentReplaceBehavior [ RunTime:0.000072s ]
INFO: [ template_filter ] --END-- [ RunTime:0.000139s ]
INFO: Run Behavior\ParseTemplateBehavior [ RunTime:0.007773s ]
INFO: [ view_parse ] --END-- [ RunTime:0.007842s ]
INFO: [ view_filter ] --START--
INFO: Run Behavior\WriteHtmlCacheBehavior [ RunTime:0.000435s ]
INFO: [ view_filter ] --END-- [ RunTime:0.000480s ]
INFO: [ app_end ] --START--
INFO: Run Behavior\ShowPageTraceBehavior [ RunTime:0.000567s ]
INFO: [ app_end ] --END-- [ RunTime:0.000614s ]

[ 2016-10-15T10:08:32+08:00 ] ::1 /dcxt/index.php/admin/
INFO: [ app_init ] --START--
INFO: Run Behavior\BuildLiteBehavior [ RunTime:0.000027s ]
INFO: [ app_init ] --END-- [ RunTime:0.000769s ]
INFO: [ app_begin ] --START--
INFO: Run Behavior\ReadHtmlCacheBehavior [ RunTime:0.001101s ]
INFO: [ app_begin ] --END-- [ RunTime:0.001202s ]
SQL: SHOW COLUMNS FROM `node` [ RunTime:0.0035s ]
SQL: SELECT `id` FROM `node` LIMIT 1   [ RunTime:0.0003s ]
SQL: SELECT `id`,`name`,`group_id`,`title` FROM `node` WHERE `level` = 2 AND `status` = 1 AND `pid` = 1 AND ( group_id < 10 ) ORDER BY sort asc  [ RunTime:0.0004s ]
NOTIC: [8] Undefined index: _ACCESS_LIST D:\WWW\dcxt\Application\Admin\Controller\IndexController.class.php 第 31 行.
NOTIC: [8] Undefined index:  D:\WWW\dcxt\Application\Admin\Controller\IndexController.class.php 第 40 行.
SQL: SELECT `id`,`name`,`group_id`,`title` FROM `node` WHERE `level` = 2 AND `status` = 1 AND `pid` = 1 AND `group_id` = 10 ORDER BY sort asc  [ RunTime:0.0003s ]
NOTIC: [8] Undefined index: _ACCESS_LIST D:\WWW\dcxt\Application\Admin\Controller\IndexController.class.php 第 50 行.
SQL: SELECT `id`,`name`,`group_id`,`title` FROM `node` WHERE `level` = 2 AND `status` = 1 AND `pid` = 1 AND `group_id` = 11 ORDER BY sort asc  [ RunTime:0.0003s ]
NOTIC: [8] Undefined index: _ACCESS_LIST D:\WWW\dcxt\Application\Admin\Controller\IndexController.class.php 第 62 行.
SQL: SELECT `id`,`name`,`group_id`,`title` FROM `node` WHERE `level` = 2 AND `status` = 1 AND `pid` = 1 AND `group_id` = 12 ORDER BY sort asc  [ RunTime:0.0002s ]
NOTIC: [8] Undefined index: _ACCESS_LIST D:\WWW\dcxt\Application\Admin\Controller\IndexController.class.php 第 74 行.
SQL: SELECT `id`,`name`,`group_id`,`title` FROM `node` WHERE `level` = 2 AND `status` = 1 AND `pid` = 1 AND `group_id` = 13 ORDER BY sort asc  [ RunTime:0.0003s ]
NOTIC: [8] Undefined index: _ACCESS_LIST D:\WWW\dcxt\Application\Admin\Controller\IndexController.class.php 第 86 行.
SQL: SELECT `id`,`name`,`group_id`,`title` FROM `node` WHERE `level` = 2 AND `status` = 1 AND `pid` = 1 AND `group_id` = 14 ORDER BY sort asc  [ RunTime:0.0003s ]
NOTIC: [8] Undefined index: _ACCESS_LIST D:\WWW\dcxt\Application\Admin\Controller\IndexController.class.php 第 98 行.
SQL: SELECT `id`,`name`,`group_id`,`title` FROM `node` WHERE `level` = 2 AND `status` = 1 AND `pid` = 1 AND `group_id` = 15 ORDER BY sort asc  [ RunTime:0.0003s ]
NOTIC: [8] Undefined index: _ACCESS_LIST D:\WWW\dcxt\Application\Admin\Controller\IndexController.class.php 第 110 行.
SQL: SELECT `id`,`name`,`group_id`,`title` FROM `node` WHERE `level` = 2 AND `status` = 1 AND `pid` = 1 AND `group_id` = 16 ORDER BY sort asc  [ RunTime:0.0003s ]
NOTIC: [8] Undefined index: _ACCESS_LIST D:\WWW\dcxt\Application\Admin\Controller\IndexController.class.php 第 122 行.
SQL: SELECT `id`,`name`,`group_id`,`title` FROM `node` WHERE `level` = 2 AND `status` = 1 AND `pid` = 1 AND `group_id` = 17 ORDER BY sort asc  [ RunTime:0.0003s ]
NOTIC: [8] Undefined index: _ACCESS_LIST D:\WWW\dcxt\Application\Admin\Controller\IndexController.class.php 第 134 行.
SQL: SELECT `id`,`name`,`group_id`,`title` FROM `node` WHERE `level` = 2 AND `status` = 1 AND `pid` = 1 AND `group_id` = 18 ORDER BY sort asc  [ RunTime:0.0003s ]
NOTIC: [8] Undefined index: _ACCESS_LIST D:\WWW\dcxt\Application\Admin\Controller\IndexController.class.php 第 146 行.
SQL: SELECT `id`,`name`,`group_id`,`title` FROM `node` WHERE `level` = 2 AND `status` = 1 AND `pid` = 1 AND `group_id` = 19 ORDER BY sort asc  [ RunTime:0.0003s ]
NOTIC: [8] Undefined index: _ACCESS_LIST D:\WWW\dcxt\Application\Admin\Controller\IndexController.class.php 第 158 行.
SQL: SELECT `id`,`name`,`group_id`,`title` FROM `node` WHERE `level` = 2 AND `status` = 1 AND `pid` = 1 AND `group_id` = 20 ORDER BY sort asc  [ RunTime:0.0003s ]
NOTIC: [8] Undefined index: _ACCESS_LIST D:\WWW\dcxt\Application\Admin\Controller\IndexController.class.php 第 170 行.
NOTIC: [2] Missing argument 1 for Think\Controller::show(), called in D:\WWW\dcxt\Application\Admin\Controller\IndexController.class.php on line 186 and defined D:\WWW\dcxt\ThinkPHP\Library\Think\Controller.class.php 第 68 行.
NOTIC: [8] Undefined variable: content D:\WWW\dcxt\ThinkPHP\Library\Think\Controller.class.php 第 69 行.
INFO: [ view_parse ] --START--
NOTIC: [2] file_get_contents(./Application/Admin/View/Public/menu.html) [<a href='function.file-get-contents'>function.file-get-contents</a>]: failed to open stream: No such file or directory D:\WWW\dcxt\ThinkPHP\Library\Think\Template.class.php 第 696 行.
INFO: [ template_filter ] --START--
INFO: Run Behavior\ContentReplaceBehavior [ RunTime:0.000071s ]
INFO: [ template_filter ] --END-- [ RunTime:0.000138s ]
INFO: Run Behavior\ParseTemplateBehavior [ RunTime:0.009040s ]
INFO: [ view_parse ] --END-- [ RunTime:0.009112s ]
INFO: [ view_filter ] --START--
INFO: Run Behavior\WriteHtmlCacheBehavior [ RunTime:0.000488s ]
INFO: [ view_filter ] --END-- [ RunTime:0.000534s ]
INFO: [ app_end ] --START--
INFO: Run Behavior\ShowPageTraceBehavior [ RunTime:0.000614s ]
INFO: [ app_end ] --END-- [ RunTime:0.000662s ]

[ 2016-10-15T10:08:34+08:00 ] ::1 /dcxt/index.php/Admin/Cd/index/index/?_=1476497314906
INFO: [ app_init ] --START--
INFO: Run Behavior\BuildLiteBehavior [ RunTime:0.000017s ]
INFO: [ app_init ] --END-- [ RunTime:0.000450s ]
INFO: [ app_begin ] --START--
INFO: Run Behavior\ReadHtmlCacheBehavior [ RunTime:0.000635s ]
INFO: [ app_begin ] --END-- [ RunTime:0.000710s ]
INFO: [ view_parse ] --START--
INFO: [ template_filter ] --START--
INFO: Run Behavior\ContentReplaceBehavior [ RunTime:0.000059s ]
INFO: [ template_filter ] --END-- [ RunTime:0.000126s ]
NOTIC: [8] Undefined variable: numPerPage D:\WWW\dcxt\Application\Runtime\Cache\Admin\5db794e730859bca5ad15fc742d1d5fd.php 第 6 行.
NOTIC: [8] Undefined variable: question D:\WWW\dcxt\Application\Runtime\Cache\Admin\5db794e730859bca5ad15fc742d1d5fd.php 第 32 行.
NOTIC: [8] Undefined variable: totalCount D:\WWW\dcxt\Application\Runtime\Cache\Admin\5db794e730859bca5ad15fc742d1d5fd.php 第 49 行.
NOTIC: [8] Undefined variable: totalCount D:\WWW\dcxt\Application\Runtime\Cache\Admin\5db794e730859bca5ad15fc742d1d5fd.php 第 51 行.
NOTIC: [8] Undefined variable: numPerPage D:\WWW\dcxt\Application\Runtime\Cache\Admin\5db794e730859bca5ad15fc742d1d5fd.php 第 51 行.
NOTIC: [8] Undefined variable: currentPage D:\WWW\dcxt\Application\Runtime\Cache\Admin\5db794e730859bca5ad15fc742d1d5fd.php 第 51 行.
INFO: Run Behavior\ParseTemplateBehavior [ RunTime:0.008879s ]
INFO: [ view_parse ] --END-- [ RunTime:0.008996s ]
INFO: [ view_filter ] --START--
INFO: Run Behavior\WriteHtmlCacheBehavior [ RunTime:0.000695s ]
INFO: [ view_filter ] --END-- [ RunTime:0.000747s ]
INFO: [ app_end ] --START--
INFO: Run Behavior\ShowPageTraceBehavior [ RunTime:0.001112s ]
INFO: [ app_end ] --END-- [ RunTime:0.001197s ]

[ 2016-10-15T10:11:01+08:00 ] ::1 /dcxt/index.php/admin/
INFO: [ app_init ] --START--
INFO: Run Behavior\BuildLiteBehavior [ RunTime:0.000021s ]
INFO: [ app_init ] --END-- [ RunTime:0.000523s ]
INFO: [ app_begin ] --START--
INFO: Run Behavior\ReadHtmlCacheBehavior [ RunTime:0.000921s ]
INFO: [ app_begin ] --END-- [ RunTime:0.001005s ]
SQL: SHOW COLUMNS FROM `node` [ RunTime:0.0088s ]
SQL: SELECT `id` FROM `node` LIMIT 1   [ RunTime:0.0005s ]
SQL: SELECT `id`,`name`,`group_id`,`title` FROM `node` WHERE `level` = 2 AND `status` = 1 AND `pid` = 1 AND ( group_id < 10 ) ORDER BY sort asc  [ RunTime:0.0009s ]
NOTIC: [8] Undefined index: _ACCESS_LIST D:\WWW\dcxt\Application\Admin\Controller\IndexController.class.php 第 31 行.
NOTIC: [8] Undefined index:  D:\WWW\dcxt\Application\Admin\Controller\IndexController.class.php 第 40 行.
SQL: SELECT `id`,`name`,`group_id`,`title` FROM `node` WHERE `level` = 2 AND `status` = 1 AND `pid` = 1 AND `group_id` = 10 ORDER BY sort asc  [ RunTime:0.0008s ]
NOTIC: [8] Undefined index: _ACCESS_LIST D:\WWW\dcxt\Application\Admin\Controller\IndexController.class.php 第 50 行.
NOTIC: [2] Missing argument 1 for Think\Controller::show(), called in D:\WWW\dcxt\Application\Admin\Controller\IndexController.class.php on line 186 and defined D:\WWW\dcxt\ThinkPHP\Library\Think\Controller.class.php 第 68 行.
NOTIC: [8] Undefined variable: content D:\WWW\dcxt\ThinkPHP\Library\Think\Controller.class.php 第 69 行.
INFO: [ view_parse ] --START--
NOTIC: [2] file_get_contents(./Application/Admin/View/Public/menu.html) [<a href='function.file-get-contents'>function.file-get-contents</a>]: failed to open stream: No such file or directory D:\WWW\dcxt\ThinkPHP\Library\Think\Template.class.php 第 696 行.
INFO: [ template_filter ] --START--
INFO: Run Behavior\ContentReplaceBehavior [ RunTime:0.000231s ]
INFO: [ template_filter ] --END-- [ RunTime:0.000409s ]
INFO: Run Behavior\ParseTemplateBehavior [ RunTime:0.025802s ]
INFO: [ view_parse ] --END-- [ RunTime:0.026020s ]
INFO: [ view_filter ] --START--
INFO: Run Behavior\WriteHtmlCacheBehavior [ RunTime:0.001783s ]
INFO: [ view_filter ] --END-- [ RunTime:0.001950s ]
INFO: [ app_end ] --START--
INFO: Run Behavior\ShowPageTraceBehavior [ RunTime:0.002023s ]
INFO: [ app_end ] --END-- [ RunTime:0.002185s ]

[ 2016-10-15T10:11:03+08:00 ] ::1 /dcxt/index.php/Admin/Cd/index/index/?_=1476497463522
INFO: [ app_init ] --START--
INFO: Run Behavior\BuildLiteBehavior [ RunTime:0.000015s ]
INFO: [ app_init ] --END-- [ RunTime:0.000451s ]
INFO: [ app_begin ] --START--
INFO: Run Behavior\ReadHtmlCacheBehavior [ RunTime:0.000791s ]
INFO: [ app_begin ] --END-- [ RunTime:0.000876s ]
INFO: [ view_parse ] --START--
INFO: [ template_filter ] --START--
INFO: Run Behavior\ContentReplaceBehavior [ RunTime:0.000060s ]
INFO: [ template_filter ] --END-- [ RunTime:0.000131s ]
NOTIC: [8] Undefined variable: numPerPage D:\WWW\dcxt\Application\Runtime\Cache\Admin\5db794e730859bca5ad15fc742d1d5fd.php 第 6 行.
NOTIC: [8] Undefined variable: question D:\WWW\dcxt\Application\Runtime\Cache\Admin\5db794e730859bca5ad15fc742d1d5fd.php 第 32 行.
NOTIC: [8] Undefined variable: totalCount D:\WWW\dcxt\Application\Runtime\Cache\Admin\5db794e730859bca5ad15fc742d1d5fd.php 第 49 行.
NOTIC: [8] Undefined variable: totalCount D:\WWW\dcxt\Application\Runtime\Cache\Admin\5db794e730859bca5ad15fc742d1d5fd.php 第 51 行.
NOTIC: [8] Undefined variable: numPerPage D:\WWW\dcxt\Application\Runtime\Cache\Admin\5db794e730859bca5ad15fc742d1d5fd.php 第 51 行.
NOTIC: [8] Undefined variable: currentPage D:\WWW\dcxt\Application\Runtime\Cache\Admin\5db794e730859bca5ad15fc742d1d5fd.php 第 51 行.
INFO: Run Behavior\ParseTemplateBehavior [ RunTime:0.009730s ]
INFO: [ view_parse ] --END-- [ RunTime:0.009808s ]
INFO: [ view_filter ] --START--
INFO: Run Behavior\WriteHtmlCacheBehavior [ RunTime:0.000534s ]
INFO: [ view_filter ] --END-- [ RunTime:0.000578s ]
INFO: [ app_end ] --START--
INFO: Run Behavior\ShowPageTraceBehavior [ RunTime:0.000678s ]
INFO: [ app_end ] --END-- [ RunTime:0.000720s ]

[ 2016-10-15T10:11:05+08:00 ] ::1 /dcxt/index.php/Admin/Yhgl/index/index/?_=1476497465023
INFO: [ app_init ] --START--
INFO: Run Behavior\BuildLiteBehavior [ RunTime:0.000015s ]
INFO: [ app_init ] --END-- [ RunTime:0.000330s ]
INFO: [ app_begin ] --START--
INFO: Run Behavior\ReadHtmlCacheBehavior [ RunTime:0.000704s ]
INFO: [ app_begin ] --END-- [ RunTime:0.000773s ]
ERR: 无法加载控制器:Yhgl

[ 2016-10-15T10:11:09+08:00 ] ::1 /dcxt/index.php/Admin/Wdxt/wdxt/index/?_=1476497468198
INFO: [ app_init ] --START--
INFO: Run Behavior\BuildLiteBehavior [ RunTime:0.000040s ]
INFO: [ app_init ] --END-- [ RunTime:0.000661s ]
INFO: [ app_begin ] --START--
INFO: Run Behavior\ReadHtmlCacheBehavior [ RunTime:0.000440s ]
INFO: [ app_begin ] --END-- [ RunTime:0.000504s ]
SQL: SHOW COLUMNS FROM `tab1` [ RunTime:0.0086s ]
SQL: SELECT * FROM `tab1`  [ RunTime:0.0006s ]
ERR: 1146:Table 'dcxt.question' doesn't exist
 [ SQL语句 ] : SHOW COLUMNS FROM `question`
ERR: 1146:Table 'dcxt.question' doesn't exist
 [ SQL语句 ] : SHOW COLUMNS FROM `question`

[ 2016-10-15T10:11:14+08:00 ] ::1 /dcxt/index.php/Admin/Cd/index/index/?_=1476497474322
INFO: [ app_init ] --START--
INFO: Run Behavior\BuildLiteBehavior [ RunTime:0.000017s ]
INFO: [ app_init ] --END-- [ RunTime:0.000371s ]
INFO: [ app_begin ] --START--
INFO: Run Behavior\ReadHtmlCacheBehavior [ RunTime:0.000682s ]
INFO: [ app_begin ] --END-- [ RunTime:0.000746s ]
INFO: [ view_parse ] --START--
INFO: [ template_filter ] --START--
INFO: Run Behavior\ContentReplaceBehavior [ RunTime:0.000053s ]
INFO: [ template_filter ] --END-- [ RunTime:0.000106s ]
NOTIC: [8] Undefined variable: numPerPage D:\WWW\dcxt\Application\Runtime\Cache\Admin\5db794e730859bca5ad15fc742d1d5fd.php 第 6 行.
NOTIC: [8] Undefined variable: question D:\WWW\dcxt\Application\Runtime\Cache\Admin\5db794e730859bca5ad15fc742d1d5fd.php 第 32 行.
NOTIC: [8] Undefined variable: totalCount D:\WWW\dcxt\Application\Runtime\Cache\Admin\5db794e730859bca5ad15fc742d1d5fd.php 第 49 行.
NOTIC: [8] Undefined variable: totalCount D:\WWW\dcxt\Application\Runtime\Cache\Admin\5db794e730859bca5ad15fc742d1d5fd.php 第 51 行.
NOTIC: [8] Undefined variable: numPerPage D:\WWW\dcxt\Application\Runtime\Cache\Admin\5db794e730859bca5ad15fc742d1d5fd.php 第 51 行.
NOTIC: [8] Undefined variable: currentPage D:\WWW\dcxt\Application\Runtime\Cache\Admin\5db794e730859bca5ad15fc742d1d5fd.php 第 51 行.
INFO: Run Behavior\ParseTemplateBehavior [ RunTime:0.007908s ]
INFO: [ view_parse ] --END-- [ RunTime:0.007977s ]
INFO: [ view_filter ] --START--
INFO: Run Behavior\WriteHtmlCacheBehavior [ RunTime:0.000399s ]
INFO: [ view_filter ] --END-- [ RunTime:0.000438s ]
INFO: [ app_end ] --START--
INFO: Run Behavior\ShowPageTraceBehavior [ RunTime:0.000688s ]
INFO: [ app_end ] --END-- [ RunTime:0.000738s ]

[ 2016-10-15T11:31:11+08:00 ] ::1 /dcxt/index.php/Admin/Cd/index/index/?_=1476502271863
INFO: [ app_init ] --START--
INFO: Run Behavior\BuildLiteBehavior [ RunTime:0.000013s ]
INFO: [ app_init ] --END-- [ RunTime:0.000381s ]
INFO: [ app_begin ] --START--
INFO: Run Behavior\ReadHtmlCacheBehavior [ RunTime:0.000514s ]
INFO: [ app_begin ] --END-- [ RunTime:0.000565s ]
INFO: [ view_parse ] --START--
INFO: [ template_filter ] --START--
INFO: Run Behavior\ContentReplaceBehavior [ RunTime:0.000050s ]
INFO: [ template_filter ] --END-- [ RunTime:0.000097s ]
NOTIC: [8] Undefined variable: numPerPage D:\WWW\dcxt\Application\Runtime\Cache\Admin\5db794e730859bca5ad15fc742d1d5fd.php 第 6 行.
NOTIC: [8] Undefined variable: question D:\WWW\dcxt\Application\Runtime\Cache\Admin\5db794e730859bca5ad15fc742d1d5fd.php 第 32 行.
NOTIC: [8] Undefined variable: totalCount D:\WWW\dcxt\Application\Runtime\Cache\Admin\5db794e730859bca5ad15fc742d1d5fd.php 第 49 行.
NOTIC: [8] Undefined variable: totalCount D:\WWW\dcxt\Application\Runtime\Cache\Admin\5db794e730859bca5ad15fc742d1d5fd.php 第 51 行.
NOTIC: [8] Undefined variable: numPerPage D:\WWW\dcxt\Application\Runtime\Cache\Admin\5db794e730859bca5ad15fc742d1d5fd.php 第 51 行.
NOTIC: [8] Undefined variable: currentPage D:\WWW\dcxt\Application\Runtime\Cache\Admin\5db794e730859bca5ad15fc742d1d5fd.php 第 51 行.
INFO: Run Behavior\ParseTemplateBehavior [ RunTime:0.006535s ]
INFO: [ view_parse ] --END-- [ RunTime:0.006617s ]
INFO: [ view_filter ] --START--
INFO: Run Behavior\WriteHtmlCacheBehavior [ RunTime:0.000588s ]
INFO: [ view_filter ] --END-- [ RunTime:0.000647s ]
INFO: [ app_end ] --START--
INFO: Run Behavior\ShowPageTraceBehavior [ RunTime:0.000840s ]
INFO: [ app_end ] --END-- [ RunTime:0.000926s ]

[ 2016-10-15T11:31:11+08:00 ] ::1 /dcxt/index.php/Admin/Cd/index/index/?_=1476502271930
INFO: [ app_init ] --START--
INFO: Run Behavior\BuildLiteBehavior [ RunTime:0.000013s ]
INFO: [ app_init ] --END-- [ RunTime:0.000271s ]
INFO: [ app_begin ] --START--
INFO: Run Behavior\ReadHtmlCacheBehavior [ RunTime:0.000347s ]
INFO: [ app_begin ] --END-- [ RunTime:0.000391s ]
INFO: [ view_parse ] --START--
INFO: [ template_filter ] --START--
INFO: Run Behavior\ContentReplaceBehavior [ RunTime:0.000050s ]
INFO: [ template_filter ] --END-- [ RunTime:0.000102s ]
NOTIC: [8] Undefined variable: numPerPage D:\WWW\dcxt\Application\Runtime\Cache\Admin\5db794e730859bca5ad15fc742d1d5fd.php 第 6 行.
NOTIC: [8] Undefined variable: question D:\WWW\dcxt\Application\Runtime\Cache\Admin\5db794e730859bca5ad15fc742d1d5fd.php 第 32 行.
NOTIC: [8] Undefined variable: totalCount D:\WWW\dcxt\Application\Runtime\Cache\Admin\5db794e730859bca5ad15fc742d1d5fd.php 第 49 行.
NOTIC: [8] Undefined variable: totalCount D:\WWW\dcxt\Application\Runtime\Cache\Admin\5db794e730859bca5ad15fc742d1d5fd.php 第 51 行.
NOTIC: [8] Undefined variable: numPerPage D:\WWW\dcxt\Application\Runtime\Cache\Admin\5db794e730859bca5ad15fc742d1d5fd.php 第 51 行.
NOTIC: [8] Undefined variable: currentPage D:\WWW\dcxt\Application\Runtime\Cache\Admin\5db794e730859bca5ad15fc742d1d5fd.php 第 51 行.
INFO: Run Behavior\ParseTemplateBehavior [ RunTime:0.007489s ]
INFO: [ view_parse ] --END-- [ RunTime:0.007555s ]
INFO: [ view_filter ] --START--
INFO: Run Behavior\WriteHtmlCacheBehavior [ RunTime:0.000372s ]
INFO: [ view_filter ] --END-- [ RunTime:0.000411s ]
INFO: [ app_end ] --START--
INFO: Run Behavior\ShowPageTraceBehavior [ RunTime:0.000917s ]
INFO: [ app_end ] --END-- [ RunTime:0.000995s ]

[ 2016-10-15T11:31:12+08:00 ] ::1 /dcxt/index.php/Admin/Cd/index/index/?_=1476502272451
INFO: [ app_init ] --START--
INFO: Run Behavior\BuildLiteBehavior [ RunTime:0.000013s ]
INFO: [ app_init ] --END-- [ RunTime:0.000300s ]
INFO: [ app_begin ] --START--
INFO: Run Behavior\ReadHtmlCacheBehavior [ RunTime:0.000425s ]
INFO: [ app_begin ] --END-- [ RunTime:0.000474s ]
INFO: [ view_parse ] --START--
INFO: [ template_filter ] --START--
INFO: Run Behavior\ContentReplaceBehavior [ RunTime:0.000048s ]
INFO: [ template_filter ] --END-- [ RunTime:0.000094s ]
NOTIC: [8] Undefined variable: numPerPage D:\WWW\dcxt\Application\Runtime\Cache\Admin\5db794e730859bca5ad15fc742d1d5fd.php 第 6 行.
NOTIC: [8] Undefined variable: question D:\WWW\dcxt\Application\Runtime\Cache\Admin\5db794e730859bca5ad15fc742d1d5fd.php 第 32 行.
NOTIC: [8] Undefined variable: totalCount D:\WWW\dcxt\Application\Runtime\Cache\Admin\5db794e730859bca5ad15fc742d1d5fd.php 第 49 行.
NOTIC: [8] Undefined variable: totalCount D:\WWW\dcxt\Application\Runtime\Cache\Admin\5db794e730859bca5ad15fc742d1d5fd.php 第 51 行.
NOTIC: [8] Undefined variable: numPerPage D:\WWW\dcxt\Application\Runtime\Cache\Admin\5db794e730859bca5ad15fc742d1d5fd.php 第 51 行.
NOTIC: [8] Undefined variable: currentPage D:\WWW\dcxt\Application\Runtime\Cache\Admin\5db794e730859bca5ad15fc742d1d5fd.php 第 51 行.
INFO: Run Behavior\ParseTemplateBehavior [ RunTime:0.006370s ]
INFO: [ view_parse ] --END-- [ RunTime:0.006420s ]
INFO: [ view_filter ] --START--
INFO: Run Behavior\WriteHtmlCacheBehavior [ RunTime:0.000618s ]
INFO: [ view_filter ] --END-- [ RunTime:0.000712s ]
INFO: [ app_end ] --START--
INFO: Run Behavior\ShowPageTraceBehavior [ RunTime:0.000899s ]
INFO: [ app_end ] --END-- [ RunTime:0.001003s ]

[ 2016-10-15T13:51:16+08:00 ] ::1 /dcxt/index.php/Admin/Cd/index/index/?_=1476510676351
INFO: [ app_init ] --START--
INFO: Run Behavior\BuildLiteBehavior [ RunTime:0.000013s ]
INFO: [ app_init ] --END-- [ RunTime:0.000345s ]
INFO: [ app_begin ] --START--
INFO: Run Behavior\ReadHtmlCacheBehavior [ RunTime:0.000594s ]
INFO: [ app_begin ] --END-- [ RunTime:0.000645s ]
INFO: [ view_parse ] --START--
INFO: [ template_filter ] --START--
INFO: Run Behavior\ContentReplaceBehavior [ RunTime:0.000076s ]
INFO: [ template_filter ] --END-- [ RunTime:0.000144s ]
NOTIC: [8] Undefined variable: numPerPage D:\WWW\dcxt\Application\Runtime\Cache\Admin\5db794e730859bca5ad15fc742d1d5fd.php 第 6 行.
NOTIC: [8] Undefined variable: question D:\WWW\dcxt\Application\Runtime\Cache\Admin\5db794e730859bca5ad15fc742d1d5fd.php 第 32 行.
NOTIC: [8] Undefined variable: totalCount D:\WWW\dcxt\Application\Runtime\Cache\Admin\5db794e730859bca5ad15fc742d1d5fd.php 第 49 行.
NOTIC: [8] Undefined variable: totalCount D:\WWW\dcxt\Application\Runtime\Cache\Admin\5db794e730859bca5ad15fc742d1d5fd.php 第 51 行.
NOTIC: [8] Undefined variable: numPerPage D:\WWW\dcxt\Application\Runtime\Cache\Admin\5db794e730859bca5ad15fc742d1d5fd.php 第 51 行.
NOTIC: [8] Undefined variable: currentPage D:\WWW\dcxt\Application\Runtime\Cache\Admin\5db794e730859bca5ad15fc742d1d5fd.php 第 51 行.
INFO: Run Behavior\ParseTemplateBehavior [ RunTime:0.006580s ]
INFO: [ view_parse ] --END-- [ RunTime:0.006630s ]
INFO: [ view_filter ] --START--
INFO: Run Behavior\WriteHtmlCacheBehavior [ RunTime:0.000385s ]
INFO: [ view_filter ] --END-- [ RunTime:0.000426s ]
INFO: [ app_end ] --START--
INFO: Run Behavior\ShowPageTraceBehavior [ RunTime:0.000680s ]
INFO: [ app_end ] --END-- [ RunTime:0.000724s ]

