[ 2016-11-29T10:23:37+08:00 ] ::1 /dcxt/index.php/Public/password/?_=1480386217497
INFO: [ app_init ] --START--
INFO: Run Behavior\BuildLiteBehavior [ RunTime:0.000009s ]
INFO: [ app_init ] --END-- [ RunTime:0.000312s ]
ERR: 无法加载模块:Public

[ 2016-11-29T10:23:46+08:00 ] ::1 /dcxt/index.php/Public/password/?_=1480386226929
INFO: [ app_init ] --START--
INFO: Run Behavior\BuildLiteBehavior [ RunTime:0.000011s ]
INFO: [ app_init ] --END-- [ RunTime:0.000337s ]
ERR: 无法加载模块:Public

[ 2016-11-29T10:24:30+08:00 ] ::1 /dcxt/index.php/Public/password/?_=1480386270885
INFO: [ app_init ] --START--
INFO: Run Behavior\BuildLiteBehavior [ RunTime:0.000013s ]
INFO: [ app_init ] --END-- [ RunTime:0.000634s ]
ERR: 无法加载模块:Public

[ 2016-11-29T10:24:38+08:00 ] ::1 /dcxt/index.php/Public/profile/?_=1480386278953
INFO: [ app_init ] --START--
INFO: Run Behavior\BuildLiteBehavior [ RunTime:0.000019s ]
INFO: [ app_init ] --END-- [ RunTime:0.000527s ]
ERR: 无法加载模块:Public

[ 2016-11-29T10:27:53+08:00 ] ::1 /dcxt/index.php/Public/password/?_=1480386473548
INFO: [ app_init ] --START--
INFO: Run Behavior\BuildLiteBehavior [ RunTime:0.000012s ]
INFO: [ app_init ] --END-- [ RunTime:0.000366s ]
ERR: 无法加载模块:Public

[ 2016-11-29T19:23:33+08:00 ] ::1 /market/index.php/demo_page1.html
INFO: [ app_init ] --START--
INFO: Run Behavior\BuildLiteBehavior [ RunTime:0.000000s ]
INFO: [ app_init ] --END-- [ RunTime:0.001001s ]
ERR: 无法加载模块:Demo_page1

[ 2016-11-29T19:23:46+08:00 ] ::1 /market/index.php/demo/common/dwz-team.xls?
INFO: [ app_init ] --START--
INFO: Run Behavior\BuildLiteBehavior [ RunTime:0.000000s ]
INFO: [ app_init ] --END-- [ RunTime:0.002000s ]
ERR: 无法加载模块:Demo

[ 2016-11-29T19:26:05+08:00 ] ::1 /market/index.php/demo_page4.html?_=1480418765472
INFO: [ app_init ] --START--
INFO: Run Behavior\BuildLiteBehavior [ RunTime:0.000000s ]
INFO: [ app_init ] --END-- [ RunTime:0.004000s ]
ERR: 无法加载模块:Demo_page4

[ 2016-11-29T19:38:34+08:00 ] ::1 /market/index.php/add.html?_=1480419514264
INFO: [ app_init ] --START--
INFO: Run Behavior\BuildLiteBehavior [ RunTime:0.000000s ]
INFO: [ app_init ] --END-- [ RunTime:0.006001s ]
ERR: 无法加载模块:Add

[ 2016-11-29T19:39:11+08:00 ] ::1 /market/index.php/add.html?_=1480419514264
INFO: [ app_init ] --START--
INFO: Run Behavior\BuildLiteBehavior [ RunTime:0.001000s ]
INFO: [ app_init ] --END-- [ RunTime:0.002000s ]
ERR: 无法加载模块:Add

[ 2016-11-29T20:45:42+08:00 ] ::1 /market/index.php/demo_page4.html?uid=1&_=1480423542097
INFO: [ app_init ] --START--
INFO: Run Behavior\BuildLiteBehavior [ RunTime:0.000000s ]
INFO: [ app_init ] --END-- [ RunTime:0.003000s ]
ERR: 无法加载模块:Demo_page4

