[ 2016-10-16T17:56:59+08:00 ] ::1 /dcxt/index.php/dcxt/index.php/admin.html
INFO: [ app_init ] --START--
INFO: Run Behavior\BuildLiteBehavior [ RunTime:0.000016s ]
INFO: [ app_init ] --END-- [ RunTime:0.000687s ]
ERR: 无法加载模块:Dcxt

[ 2016-10-16T18:00:20+08:00 ] ::1 /dcxt/index.php/dcxt/index.php/admin.html
INFO: [ app_init ] --START--
INFO: Run Behavior\BuildLiteBehavior [ RunTime:0.000014s ]
INFO: [ app_init ] --END-- [ RunTime:0.000354s ]
ERR: 无法加载模块:Dcxt

[ 2016-10-16T18:00:21+08:00 ] ::1 /dcxt/index.php/dcxt/index.php/admin.html
INFO: [ app_init ] --START--
INFO: Run Behavior\BuildLiteBehavior [ RunTime:0.000016s ]
INFO: [ app_init ] --END-- [ RunTime:0.000439s ]
ERR: 无法加载模块:Dcxt

[ 2016-10-16T18:00:25+08:00 ] ::1 /dcxt/index.php/dcxt/index.php/admin.html
INFO: [ app_init ] --START--
INFO: Run Behavior\BuildLiteBehavior [ RunTime:0.000013s ]
INFO: [ app_init ] --END-- [ RunTime:0.000391s ]
ERR: 无法加载模块:Dcxt

