[ 2016-11-30T09:31:29+08:00 ] ::1 /market/index.php/demo_page4.html?uid=1&_=1480469489391
INFO: [ app_init ] --START--
INFO: Run Behavior\BuildLiteBehavior [ RunTime:0.000000s ]
INFO: [ app_init ] --END-- [ RunTime:0.003001s ]
ERR: 无法加载模块:Demo_page4

[ 2016-11-30T09:31:35+08:00 ] ::1 /market/index.php/demo_page4.html?uid=1&_=1480469495518
INFO: [ app_init ] --START--
INFO: Run Behavior\BuildLiteBehavior [ RunTime:0.000000s ]
INFO: [ app_init ] --END-- [ RunTime:0.001000s ]
ERR: 无法加载模块:Demo_page4

[ 2016-11-30T09:47:34+08:00 ] ::1 /market/index.php/demo_page4.html?uid=1&_=1480470454447
INFO: [ app_init ] --START--
INFO: Run Behavior\BuildLiteBehavior [ RunTime:0.000000s ]
INFO: [ app_init ] --END-- [ RunTime:0.002000s ]
ERR: 无法加载模块:Demo_page4

[ 2016-11-30T10:28:37+08:00 ] ::1 /market/index.php/demo_page4.html?uid=2&_=1480472917782
INFO: [ app_init ] --START--
INFO: Run Behavior\BuildLiteBehavior [ RunTime:0.000000s ]
INFO: [ app_init ] --END-- [ RunTime:0.001000s ]
ERR: 无法加载模块:Demo_page4

[ 2016-11-30T10:31:59+08:00 ] ::1 /market/index.php/:U('admin/messageManage/edit?id=1%27)}&_=1480473119671
INFO: [ app_init ] --START--
INFO: Run Behavior\BuildLiteBehavior [ RunTime:0.000000s ]
INFO: [ app_init ] --END-- [ RunTime:0.001000s ]
ERR: 无法加载模块::U('admin

[ 2016-11-30T10:32:31+08:00 ] ::1 /market/index.php/:U('admin/messageManage/edit?id=2%27)}&_=1480473151389
INFO: [ app_init ] --START--
INFO: Run Behavior\BuildLiteBehavior [ RunTime:0.000000s ]
INFO: [ app_init ] --END-- [ RunTime:0.002000s ]
ERR: 无法加载模块::U('admin

[ 2016-11-30T10:36:37+08:00 ] ::1 /market/index.php/:U('admin/messageManage/edit?id=1%27)}&_=1480473397862
INFO: [ app_init ] --START--
INFO: Run Behavior\BuildLiteBehavior [ RunTime:0.000000s ]
INFO: [ app_init ] --END-- [ RunTime:0.001000s ]
ERR: 无法加载模块::U('admin

[ 2016-11-30T10:43:02+08:00 ] ::1 /market/index.php/:U('admin/messageManage/edit?id=1%27)}&_=1480473782661
INFO: [ app_init ] --START--
INFO: Run Behavior\BuildLiteBehavior [ RunTime:0.000000s ]
INFO: [ app_init ] --END-- [ RunTime:0.002001s ]
ERR: 无法加载模块::U('admin

[ 2016-11-30T10:53:05+08:00 ] ::1 /market/index.php/__ADMIN__/MessageManage/edit?id=1&_=1480474385189
INFO: [ app_init ] --START--
INFO: Run Behavior\BuildLiteBehavior [ RunTime:0.000000s ]
INFO: [ app_init ] --END-- [ RunTime:0.002000s ]
ERR: 无法加载模块:__ADMIN__

