[ 2016-12-20T16:10:28+08:00 ] 140.207.54.197 /market/index.php/__APP__/index.php/home/index/index.html
INFO: [ app_init ] --START--
INFO: Run Behavior\BuildLiteBehavior [ RunTime:0.000018s ]
INFO: [ app_init ] --END-- [ RunTime:0.000381s ]
ERR: 无法加载模块:__APP__

[ 2016-12-20T16:10:29+08:00 ] 111.11.85.3 /market/index.php/__APP__/index.php/home/index/index.html
INFO: [ app_init ] --START--
INFO: Run Behavior\BuildLiteBehavior [ RunTime:0.000019s ]
INFO: [ app_init ] --END-- [ RunTime:0.000396s ]
ERR: 无法加载模块:__APP__

[ 2016-12-20T16:10:33+08:00 ] 140.207.54.198 /market/index.php/__APP__/index.php/home/index/index.html?nsukey=ySoq8EW6ocICOOgOzkEusQ06QOdbIVKebdEBwg7eInzNXSzhtInRTbeCWwtum3wbBli2blmMDEbDwNoA5raaFD9f9RTa1WMehXlquOp3uV0YNCXoT43Ahur2WpGUdG1HRcM0%2FPGawGdD4feS%2FQxLvVtHUl7342jXBHv%2FNld8hI8binKLyQDXh%2BTTrGSzvweM
INFO: [ app_init ] --START--
INFO: Run Behavior\BuildLiteBehavior [ RunTime:0.000020s ]
INFO: [ app_init ] --END-- [ RunTime:0.000381s ]
ERR: 无法加载模块:__APP__

[ 2016-12-20T16:10:33+08:00 ] 111.11.85.3 /market/index.php/__APP__/index.php/home/index/index.html?nsukey=ySoq8EW6ocICOOgOzkEusQ06QOdbIVKebdEBwg7eInzNXSzhtInRTbeCWwtum3wbBli2blmMDEbDwNoA5raaFD9f9RTa1WMehXlquOp3uV0YNCXoT43Ahur2WpGUdG1HRcM0%2FPGawGdD4feS%2FQxLvVtHUl7342jXBHv%2FNld8hI8binKLyQDXh%2BTTrGSzvweM
INFO: [ app_init ] --START--
INFO: Run Behavior\BuildLiteBehavior [ RunTime:0.000019s ]
INFO: [ app_init ] --END-- [ RunTime:0.000376s ]
ERR: 无法加载模块:__APP__

[ 2016-12-20T16:10:37+08:00 ] 101.226.89.122 /market/index.php/__APP__/index.php/home/index/index.html
INFO: [ app_init ] --START--
INFO: Run Behavior\BuildLiteBehavior [ RunTime:0.000020s ]
INFO: [ app_init ] --END-- [ RunTime:0.000365s ]
ERR: 无法加载模块:__APP__

[ 2016-12-20T16:10:40+08:00 ] 101.226.61.206 /market/index.php/__APP__/index.php/home/index/index.html
INFO: [ app_init ] --START--
INFO: Run Behavior\BuildLiteBehavior [ RunTime:0.000020s ]
INFO: [ app_init ] --END-- [ RunTime:0.000412s ]
ERR: 无法加载模块:__APP__

[ 2016-12-20T16:10:42+08:00 ] 180.153.201.79 /market/index.php/__APP__/index.php/home/index/index.html?nsukey=ySoq8EW6ocICOOgOzkEusQ06QOdbIVKebdEBwg7eInzNXSzhtInRTbeCWwtum3wbBli2blmMDEbDwNoA5raaFD9f9RTa1WMehXlquOp3uV0YNCXoT43Ahur2WpGUdG1HRcM0%2FPGawGdD4feS%2FQxLvVtHUl7342jXBHv%2FNld8hI8binKLyQDXh%2BTTrGSzvweM
INFO: [ app_init ] --START--
INFO: Run Behavior\BuildLiteBehavior [ RunTime:0.000019s ]
INFO: [ app_init ] --END-- [ RunTime:0.000363s ]
ERR: 无法加载模块:__APP__

[ 2016-12-20T16:55:57+08:00 ] 111.11.85.3 /market/index.php/www.lansongs.com/market/index.php/home/index/index.html
INFO: [ app_init ] --START--
INFO: Run Behavior\BuildLiteBehavior [ RunTime:0.000020s ]
INFO: [ app_init ] --END-- [ RunTime:0.000385s ]
ERR: 无法加载模块:Www.lansongs.com

[ 2016-12-20T16:56:05+08:00 ] 140.207.54.199 /market/index.php/www.lansongs.com/market/index.php/home/index/index.html?nsukey=S0koUs0kt9GoJYeYpYaMrQuyA7iLJd1dOFgzIapu%2B1WmCoLjF7QgpLNl%2F4u%2BZR%2BK2b3RbX1Eg5Vpk4qH9wYMxO9efC7HggHhpLTEkTez89pAxq6daPmZ%2F%2Bh5yilfIHGf7LzleIjQ3OtsTV9bBoHX456HT4H7zx4iV8aLi376tRTLw3vGW%2BtqWdxR8qtSl5EQ
INFO: [ app_init ] --START--
INFO: Run Behavior\BuildLiteBehavior [ RunTime:0.000019s ]
INFO: [ app_init ] --END-- [ RunTime:0.000446s ]
ERR: 无法加载模块:Www.lansongs.com

[ 2016-12-20T16:56:05+08:00 ] 111.11.85.3 /market/index.php/www.lansongs.com/market/index.php/home/index/index.html?nsukey=S0koUs0kt9GoJYeYpYaMrQuyA7iLJd1dOFgzIapu%2B1WmCoLjF7QgpLNl%2F4u%2BZR%2BK2b3RbX1Eg5Vpk4qH9wYMxO9efC7HggHhpLTEkTez89pAxq6daPmZ%2F%2Bh5yilfIHGf7LzleIjQ3OtsTV9bBoHX456HT4H7zx4iV8aLi376tRTLw3vGW%2BtqWdxR8qtSl5EQ
INFO: [ app_init ] --START--
INFO: Run Behavior\BuildLiteBehavior [ RunTime:0.000022s ]
INFO: [ app_init ] --END-- [ RunTime:0.000378s ]
ERR: 无法加载模块:Www.lansongs.com

[ 2016-12-20T16:56:07+08:00 ] 180.153.214.188 /market/index.php/www.lansongs.com/market/index.php/home/index/index.html
INFO: [ app_init ] --START--
INFO: Run Behavior\BuildLiteBehavior [ RunTime:0.000020s ]
INFO: [ app_init ] --END-- [ RunTime:0.000362s ]
ERR: 无法加载模块:Www.lansongs.com

[ 2016-12-20T16:56:15+08:00 ] 140.207.185.111 /market/index.php/www.lansongs.com/market/index.php/home/index/index.html?nsukey=S0koUs0kt9GoJYeYpYaMrQuyA7iLJd1dOFgzIapu%2B1WmCoLjF7QgpLNl%2F4u%2BZR%2BK2b3RbX1Eg5Vpk4qH9wYMxO9efC7HggHhpLTEkTez89pAxq6daPmZ%2F%2Bh5yilfIHGf7LzleIjQ3OtsTV9bBoHX456HT4H7zx4iV8aLi376tRTLw3vGW%2BtqWdxR8qtSl5EQ
INFO: [ app_init ] --START--
INFO: Run Behavior\BuildLiteBehavior [ RunTime:0.000019s ]
INFO: [ app_init ] --END-- [ RunTime:0.000372s ]
ERR: 无法加载模块:Www.lansongs.com

[ 2016-12-20T16:56:32+08:00 ] 111.11.85.3 /market/index.php/www.lansongs.com/market/index.php/home/index/index.html
INFO: [ app_init ] --START--
INFO: Run Behavior\BuildLiteBehavior [ RunTime:0.000019s ]
INFO: [ app_init ] --END-- [ RunTime:0.000374s ]
ERR: 无法加载模块:Www.lansongs.com

[ 2016-12-20T16:56:48+08:00 ] 111.11.85.3 /market/index.php/www.lansongs.com/market/index.php/home/index/index.html
INFO: [ app_init ] --START--
INFO: Run Behavior\BuildLiteBehavior [ RunTime:0.000018s ]
INFO: [ app_init ] --END-- [ RunTime:0.000409s ]
ERR: 无法加载模块:Www.lansongs.com

[ 2016-12-20T17:22:36+08:00 ] 223.104.13.4 /market/index.php/market/home/index.html
INFO: [ app_init ] --START--
INFO: Run Behavior\BuildLiteBehavior [ RunTime:0.000018s ]
INFO: [ app_init ] --END-- [ RunTime:0.000371s ]
ERR: 无法加载模块:Market

[ 2016-12-20T17:22:46+08:00 ] 117.185.27.115 /market/index.php/market/home/index.html
INFO: [ app_init ] --START--
INFO: Run Behavior\BuildLiteBehavior [ RunTime:0.000019s ]
INFO: [ app_init ] --END-- [ RunTime:0.000406s ]
ERR: 无法加载模块:Market

[ 2016-12-20T17:23:26+08:00 ] 223.104.13.4 /market/index.php/market/home/index.html
INFO: [ app_init ] --START--
INFO: Run Behavior\BuildLiteBehavior [ RunTime:0.000018s ]
INFO: [ app_init ] --END-- [ RunTime:0.000318s ]
ERR: 无法加载模块:Market

[ 2016-12-20T17:29:43+08:00 ] 223.104.13.4 /market/index.php/market/home/index.html
INFO: [ app_init ] --START--
INFO: Run Behavior\BuildLiteBehavior [ RunTime:0.000019s ]
INFO: [ app_init ] --END-- [ RunTime:0.000358s ]
ERR: 无法加载模块:Market

[ 2016-12-20T17:32:32+08:00 ] 223.104.13.4 /market/index.php/market/home/index.html
INFO: [ app_init ] --START--
INFO: Run Behavior\BuildLiteBehavior [ RunTime:0.000018s ]
INFO: [ app_init ] --END-- [ RunTime:0.000351s ]
ERR: 无法加载模块:Market

[ 2016-12-20T17:45:04+08:00 ] 223.104.13.55 /market/index.php/market/home/index.html
INFO: [ app_init ] --START--
INFO: Run Behavior\BuildLiteBehavior [ RunTime:0.000019s ]
INFO: [ app_init ] --END-- [ RunTime:0.000395s ]
ERR: 无法加载模块:Market

[ 2016-12-20T17:52:58+08:00 ] 223.104.13.55 /market/index.php/market/home/index.html
INFO: [ app_init ] --START--
INFO: Run Behavior\BuildLiteBehavior [ RunTime:0.000021s ]
INFO: [ app_init ] --END-- [ RunTime:0.000404s ]
ERR: 无法加载模块:Market

[ 2016-12-20T17:53:01+08:00 ] 223.104.13.4 /market/index.php/market/home/index.html
INFO: [ app_init ] --START--
INFO: Run Behavior\BuildLiteBehavior [ RunTime:0.000021s ]
INFO: [ app_init ] --END-- [ RunTime:0.000395s ]
ERR: 无法加载模块:Market

[ 2016-12-20T17:53:07+08:00 ] 101.226.33.201 /market/index.php/market/home/index.html
INFO: [ app_init ] --START--
INFO: Run Behavior\BuildLiteBehavior [ RunTime:0.000018s ]
INFO: [ app_init ] --END-- [ RunTime:0.000373s ]
ERR: 无法加载模块:Market

[ 2016-12-20T17:53:07+08:00 ] 180.153.214.198 /market/index.php/market/home/index.html
INFO: [ app_init ] --START--
INFO: Run Behavior\BuildLiteBehavior [ RunTime:0.000018s ]
INFO: [ app_init ] --END-- [ RunTime:0.000408s ]
ERR: 无法加载模块:Market

[ 2016-12-20T17:53:07+08:00 ] 101.226.33.219 /market/index.php/market/home/index.html
INFO: [ app_init ] --START--
INFO: Run Behavior\BuildLiteBehavior [ RunTime:0.000019s ]
INFO: [ app_init ] --END-- [ RunTime:0.000428s ]
ERR: 无法加载模块:Market

[ 2016-12-20T17:53:07+08:00 ] 180.153.201.79 /market/index.php/market/home/index.html
INFO: [ app_init ] --START--
INFO: Run Behavior\BuildLiteBehavior [ RunTime:0.000021s ]
INFO: [ app_init ] --END-- [ RunTime:0.000371s ]
ERR: 无法加载模块:Market

[ 2016-12-20T17:53:09+08:00 ] 223.104.13.4 /market/index.php/market/home/index.html
INFO: [ app_init ] --START--
INFO: Run Behavior\BuildLiteBehavior [ RunTime:0.000026s ]
INFO: [ app_init ] --END-- [ RunTime:0.000517s ]
ERR: 无法加载模块:Market

[ 2016-12-20T17:53:14+08:00 ] 140.207.54.199 /market/index.php/market/home/index.html?nsukey=2jEiHS%2Faw%2FGcn%2BGHfOVh6qHmV%2FTGf1im0Ij0s30nQ7h2dzqhGpKYXHHYytj4gnIMRvZkr2c0mMjW0nHmvdGCbMjfYnrja7h2j3G7ccc7oc%2BMDAHufcLfYbaMV96gOVKHXPvrPIJhMgjfaQnp9zZ62XxfyUZIvh5LTEdEYGQdQvwcXZ3xbCmO3VmoHy%2FRLrAp
INFO: [ app_init ] --START--
INFO: Run Behavior\BuildLiteBehavior [ RunTime:0.000019s ]
INFO: [ app_init ] --END-- [ RunTime:0.000347s ]
ERR: 无法加载模块:Market

[ 2016-12-20T17:53:14+08:00 ] 223.104.13.55 /market/index.php/market/home/index.html?nsukey=2jEiHS%2Faw%2FGcn%2BGHfOVh6qHmV%2FTGf1im0Ij0s30nQ7h2dzqhGpKYXHHYytj4gnIMRvZkr2c0mMjW0nHmvdGCbMjfYnrja7h2j3G7ccc7oc%2BMDAHufcLfYbaMV96gOVKHXPvrPIJhMgjfaQnp9zZ62XxfyUZIvh5LTEdEYGQdQvwcXZ3xbCmO3VmoHy%2FRLrAp
INFO: [ app_init ] --START--
INFO: Run Behavior\BuildLiteBehavior [ RunTime:0.000019s ]
INFO: [ app_init ] --END-- [ RunTime:0.000388s ]
ERR: 无法加载模块:Market

[ 2016-12-20T17:53:23+08:00 ] 61.151.226.189 /market/index.php/market/home/index.html?nsukey=2jEiHS%2Faw%2FGcn%2BGHfOVh6qHmV%2FTGf1im0Ij0s30nQ7h2dzqhGpKYXHHYytj4gnIMRvZkr2c0mMjW0nHmvdGCbMjfYnrja7h2j3G7ccc7oc%2BMDAHufcLfYbaMV96gOVKHXPvrPIJhMgjfaQnp9zZ62XxfyUZIvh5LTEdEYGQdQvwcXZ3xbCmO3VmoHy%2FRLrAp
INFO: [ app_init ] --START--
INFO: Run Behavior\BuildLiteBehavior [ RunTime:0.000024s ]
INFO: [ app_init ] --END-- [ RunTime:0.000382s ]
ERR: 无法加载模块:Market

[ 2016-12-20T17:56:02+08:00 ] 223.104.13.4 /market/index.php/market/home/index.html
INFO: [ app_init ] --START--
INFO: Run Behavior\BuildLiteBehavior [ RunTime:0.000028s ]
INFO: [ app_init ] --END-- [ RunTime:0.000366s ]
ERR: 无法加载模块:Market

[ 2016-12-20T17:56:07+08:00 ] 223.104.13.55 /market/index.php/market/home/index.html
INFO: [ app_init ] --START--
INFO: Run Behavior\BuildLiteBehavior [ RunTime:0.000029s ]
INFO: [ app_init ] --END-- [ RunTime:0.000515s ]
ERR: 无法加载模块:Market

[ 2016-12-20T17:56:11+08:00 ] 140.207.63.103 /market/index.php/market/home/index.html?nsukey=YcueiN3tDZdXv4uf1MsfUmC%2FlzK5M5qUM6t%2BaD4a95DyJTUCcmjNS5dGXL4cXi956gcTWJb7MKYZhixcUbETkPapXfmbXjgc8auBCinCEDaVFtPqpejyyWBYNfj7rMpc9aBxG6%2By9om5xZQRHDN4Yl%2Bs3z8BD35HfSw9zlw8VVrUO4pqJNqFdYsLkXGeNS%2B%2B
INFO: [ app_init ] --START--
INFO: Run Behavior\BuildLiteBehavior [ RunTime:0.000020s ]
INFO: [ app_init ] --END-- [ RunTime:0.000375s ]
ERR: 无法加载模块:Market

[ 2016-12-20T17:56:11+08:00 ] 223.104.13.55 /market/index.php/market/home/index.html?nsukey=YcueiN3tDZdXv4uf1MsfUmC%2FlzK5M5qUM6t%2BaD4a95DyJTUCcmjNS5dGXL4cXi956gcTWJb7MKYZhixcUbETkPapXfmbXjgc8auBCinCEDaVFtPqpejyyWBYNfj7rMpc9aBxG6%2By9om5xZQRHDN4Yl%2Bs3z8BD35HfSw9zlw8VVrUO4pqJNqFdYsLkXGeNS%2B%2B
INFO: [ app_init ] --START--
INFO: Run Behavior\BuildLiteBehavior [ RunTime:0.000020s ]
INFO: [ app_init ] --END-- [ RunTime:0.000372s ]
ERR: 无法加载模块:Market

[ 2016-12-20T17:56:20+08:00 ] 101.226.89.117 /market/index.php/market/home/index.html?nsukey=YcueiN3tDZdXv4uf1MsfUmC%2FlzK5M5qUM6t%2BaD4a95DyJTUCcmjNS5dGXL4cXi956gcTWJb7MKYZhixcUbETkPapXfmbXjgc8auBCinCEDaVFtPqpejyyWBYNfj7rMpc9aBxG6%2By9om5xZQRHDN4Yl%2Bs3z8BD35HfSw9zlw8VVrUO4pqJNqFdYsLkXGeNS%2B%2B
INFO: [ app_init ] --START--
INFO: Run Behavior\BuildLiteBehavior [ RunTime:0.000019s ]
INFO: [ app_init ] --END-- [ RunTime:0.000380s ]
ERR: 无法加载模块:Market

[ 2016-12-20T20:53:41+08:00 ] 101.226.79.182 /market/index.php/www.lansongs.com/market/index.php/home/index/index.html?nsukey%3DS0koUs0kt9GoJYeYpYaMrQuyA7iLJd1dOFgzIapu%252B1WmCoLjF7QgpLNl%252F4u%252BZR%252BK2b3RbX1Eg5Vpk4qH9wYMxO9efC7HggHhpLTEkTez89pAxq6daPmZ%252F%252Bh5yilfIHGf7LzleIjQ3OtsTV9bBoHX456HT4H7zx4iV8aLi376tRTLw3vGW%252BtqWdxR8qtSl5EQ
INFO: [ app_init ] --START--
INFO: Run Behavior\BuildLiteBehavior [ RunTime:0.000021s ]
INFO: [ app_init ] --END-- [ RunTime:0.000378s ]
ERR: 无法加载模块:Www.lansongs.com

[ 2016-12-20T21:40:46+08:00 ] 101.226.33.238 /market/index.php/market/home/index.html?nsukey%3DYcueiN3tDZdXv4uf1MsfUmC%252FlzK5M5qUM6t%252BaD4a95DyJTUCcmjNS5dGXL4cXi956gcTWJb7MKYZhixcUbETkPapXfmbXjgc8auBCinCEDaVFtPqpejyyWBYNfj7rMpc9aBxG6%252By9om5xZQRHDN4Yl%252Bs3z8BD35HfSw9zlw8VVrUO4pqJNqFdYsLkXGeNS%252B%252B
INFO: [ app_init ] --START--
INFO: Run Behavior\BuildLiteBehavior [ RunTime:0.000020s ]
INFO: [ app_init ] --END-- [ RunTime:0.030920s ]
ERR: 无法加载模块:Market

