[ 2016-08-14T10:58:28+08:00 ] ::1 /index.php/Public/logout/
INFO: [ app_init ] --START--
INFO: Run Behavior\BuildLiteBehavior [ RunTime:0.000010s ]
INFO: [ app_init ] --END-- [ RunTime:0.000395s ]
ERR: 无法加载模块:Public

[ 2016-08-14T11:24:20+08:00 ] 172.16.7.174 /index.php/User/index/?_=1471145152613
INFO: [ app_init ] --START--
INFO: Run Behavior\BuildLiteBehavior [ RunTime:0.000011s ]
INFO: [ app_init ] --END-- [ RunTime:0.000328s ]
ERR: 无法加载模块:User

[ 2016-08-14T11:46:21+08:00 ] ::1 /index.php/Public/main?_=1471146380999
INFO: [ app_init ] --START--
INFO: Run Behavior\BuildLiteBehavior [ RunTime:0.000017s ]
INFO: [ app_init ] --END-- [ RunTime:0.000691s ]
ERR: 无法加载模块:Public

[ 2016-08-14T15:16:39+08:00 ] ::1 /index.php/Public/index/?_=1471158999018
INFO: [ app_init ] --START--
INFO: Run Behavior\BuildLiteBehavior [ RunTime:0.000022s ]
INFO: [ app_init ] --END-- [ RunTime:0.000705s ]
ERR: 无法加载模块:Public

[ 2016-08-14T19:24:38+08:00 ] 172.16.7.174 /index.php/User/index/?_=1471173970670
INFO: [ app_init ] --START--
INFO: Run Behavior\BuildLiteBehavior [ RunTime:0.000012s ]
INFO: [ app_init ] --END-- [ RunTime:0.000631s ]
ERR: 无法加载模块:User

[ 2016-08-14T19:34:27+08:00 ] 172.16.7.174 /index.php/User/index/?_=1471174559585
INFO: [ app_init ] --START--
INFO: Run Behavior\BuildLiteBehavior [ RunTime:0.000012s ]
INFO: [ app_init ] --END-- [ RunTime:0.000585s ]
ERR: 无法加载模块:User

[ 2016-08-14T19:38:49+08:00 ] 172.16.7.174 /index.php/User/index/?_=1471174821703
INFO: [ app_init ] --START--
INFO: Run Behavior\BuildLiteBehavior [ RunTime:0.000011s ]
INFO: [ app_init ] --END-- [ RunTime:0.000762s ]
ERR: 无法加载模块:User

[ 2016-08-14T19:41:52+08:00 ] 172.16.7.174 /index.php/User/index/?_=1471175004858
INFO: [ app_init ] --START--
INFO: Run Behavior\BuildLiteBehavior [ RunTime:0.000011s ]
INFO: [ app_init ] --END-- [ RunTime:0.000579s ]
ERR: 无法加载模块:User

[ 2016-08-14T19:43:19+08:00 ] 172.16.7.174 /index.php/User/index/?_=1471175092282
INFO: [ app_init ] --START--
INFO: Run Behavior\BuildLiteBehavior [ RunTime:0.000014s ]
INFO: [ app_init ] --END-- [ RunTime:0.000667s ]
ERR: 无法加载模块:User

[ 2016-08-14T19:43:55+08:00 ] 172.16.7.174 /index.php/User/index/?_=1471175128236
INFO: [ app_init ] --START--
INFO: Run Behavior\BuildLiteBehavior [ RunTime:0.000011s ]
INFO: [ app_init ] --END-- [ RunTime:0.000993s ]
ERR: 无法加载模块:User

