[ 2016-11-30T12:30:09+08:00 ] ::1 /dx/index.php/__MOUDLE__/index.php/Admin/Goods/index/
INFO: [ app_init ] --START--
INFO: Run Behavior\BuildLiteBehavior [ RunTime:0.000008s ]
INFO: [ app_init ] --END-- [ RunTime:0.000292s ]
ERR: 无法加载模块:__MOUDLE__

[ 2016-11-30T12:30:57+08:00 ] ::1 /dx/index.php/__MOUDLE__/Goods/index/
INFO: [ app_init ] --START--
INFO: Run Behavior\BuildLiteBehavior [ RunTime:0.000014s ]
INFO: [ app_init ] --END-- [ RunTime:0.000483s ]
ERR: 无法加载模块:__MOUDLE__

[ 2016-11-30T12:32:15+08:00 ] ::1 /dx/index.php/__MOUDLE__/Goods/index/
INFO: [ app_init ] --START--
INFO: Run Behavior\BuildLiteBehavior [ RunTime:0.000009s ]
INFO: [ app_init ] --END-- [ RunTime:0.000382s ]
ERR: 无法加载模块:__MOUDLE__

[ 2016-11-30T18:34:04+08:00 ] ::1 /dx/index.php/adminGoodsClass/index
INFO: [ app_init ] --START--
INFO: Run Behavior\BuildLiteBehavior [ RunTime:0.000009s ]
INFO: [ app_init ] --END-- [ RunTime:0.000339s ]
ERR: 无法加载模块:AdminGoodsClass

[ 2016-11-30T18:44:52+08:00 ] ::1 /dx/index.php/adminCategory/index
INFO: [ app_init ] --START--
INFO: Run Behavior\BuildLiteBehavior [ RunTime:0.000009s ]
INFO: [ app_init ] --END-- [ RunTime:0.000278s ]
ERR: 无法加载模块:AdminCategory

