[ 2016-08-26T09:42:26+08:00 ] ::1 /
INFO: [ app_init ] --START--
INFO: Run Behavior\BuildLiteBehavior [ RunTime:0.000071s ]
INFO: [ app_init ] --END-- [ RunTime:0.006991s ]
INFO: [ app_begin ] --START--
INFO: Run Behavior\ReadHtmlCacheBehavior [ RunTime:0.002693s ]
INFO: [ app_begin ] --END-- [ RunTime:0.002893s ]
SQL: SHOW COLUMNS FROM `associated_label2` [ RunTime:0.4854s ]
SQL: SELECT * FROM `associated_label2` ORDER BY first_label  [ RunTime:0.0011s ]
ERR: 1146:Table 'item.type' doesn't exist
 [ SQL语句 ] : SHOW COLUMNS FROM `type`
ERR: 1146:Table 'item.type' doesn't exist
 [ SQL语句 ] : SHOW COLUMNS FROM `type`

[ 2016-08-26T11:22:49+08:00 ] ::1 /
INFO: [ app_init ] --START--
INFO: Run Behavior\BuildLiteBehavior [ RunTime:0.000060s ]
INFO: [ app_init ] --END-- [ RunTime:0.002266s ]
INFO: [ app_begin ] --START--
INFO: Run Behavior\ReadHtmlCacheBehavior [ RunTime:0.003476s ]
INFO: [ app_begin ] --END-- [ RunTime:0.003759s ]
SQL: SHOW COLUMNS FROM `associated_label2` [ RunTime:0.0431s ]
SQL: SELECT * FROM `associated_label2` ORDER BY first_label  [ RunTime:0.0010s ]
ERR: 1146:Table 'item.type' doesn't exist
 [ SQL语句 ] : SHOW COLUMNS FROM `type`
ERR: 1146:Table 'item.type' doesn't exist
 [ SQL语句 ] : SHOW COLUMNS FROM `type`

[ 2016-08-26T11:24:14+08:00 ] ::1 /
INFO: [ app_init ] --START--
INFO: Run Behavior\BuildLiteBehavior [ RunTime:0.000064s ]
INFO: [ app_init ] --END-- [ RunTime:0.001850s ]
INFO: [ app_begin ] --START--
INFO: Run Behavior\ReadHtmlCacheBehavior [ RunTime:0.003617s ]
INFO: [ app_begin ] --END-- [ RunTime:0.004025s ]
SQL: SHOW COLUMNS FROM `associated_label2` [ RunTime:0.0351s ]
SQL: SELECT * FROM `associated_label2` ORDER BY first_label  [ RunTime:0.0008s ]
ERR: 1146:Table 'item.type' doesn't exist
 [ SQL语句 ] : SHOW COLUMNS FROM `type`
ERR: 1146:Table 'item.type' doesn't exist
 [ SQL语句 ] : SHOW COLUMNS FROM `type`

[ 2016-08-26T17:23:08+08:00 ] ::1 /
INFO: [ app_init ] --START--
INFO: Run Behavior\BuildLiteBehavior [ RunTime:0.000058s ]
INFO: [ app_init ] --END-- [ RunTime:0.002327s ]
INFO: [ app_begin ] --START--
INFO: Run Behavior\ReadHtmlCacheBehavior [ RunTime:0.003340s ]
INFO: [ app_begin ] --END-- [ RunTime:0.003612s ]
SQL: SHOW COLUMNS FROM `associated_label2` [ RunTime:0.0519s ]
SQL: SELECT * FROM `associated_label2` ORDER BY first_label  [ RunTime:0.0009s ]
ERR: 1146:Table 'item.type' doesn't exist
 [ SQL语句 ] : SHOW COLUMNS FROM `type`
ERR: 1146:Table 'item.type' doesn't exist
 [ SQL语句 ] : SHOW COLUMNS FROM `type`

[ 2016-08-26T18:30:57+08:00 ] ::1 /
INFO: [ app_init ] --START--
INFO: Run Behavior\BuildLiteBehavior [ RunTime:0.000067s ]
INFO: [ app_init ] --END-- [ RunTime:0.002343s ]
INFO: [ app_begin ] --START--
INFO: Run Behavior\ReadHtmlCacheBehavior [ RunTime:0.004096s ]
INFO: [ app_begin ] --END-- [ RunTime:0.004367s ]
SQL: SHOW COLUMNS FROM `associated_label2` [ RunTime:0.0425s ]
SQL: SELECT * FROM `associated_label2` ORDER BY first_label  [ RunTime:0.0009s ]
ERR: 1146:Table 'item.type' doesn't exist
 [ SQL语句 ] : SHOW COLUMNS FROM `type`
ERR: 1146:Table 'item.type' doesn't exist
 [ SQL语句 ] : SHOW COLUMNS FROM `type`

[ 2016-08-26T19:46:40+08:00 ] ::1 /index.php/home/information
INFO: [ app_init ] --START--
INFO: Run Behavior\BuildLiteBehavior [ RunTime:0.000038s ]
INFO: [ app_init ] --END-- [ RunTime:0.003304s ]
INFO: [ app_begin ] --START--
INFO: Run Behavior\ReadHtmlCacheBehavior [ RunTime:0.003812s ]
INFO: [ app_begin ] --END-- [ RunTime:0.004094s ]
NOTIC: [2048] Declaration of Admin\Controller\InformationController::show() should be compatible with Think\Controller::show($content, $charset = '', $contentType = '', $prefix = '') D:\install\Apache\htdocs\Application\Home\Controller\InformationController.class.php 第 175 行.
ERR: 无法加载控制器:Information

[ 2016-08-26T19:46:58+08:00 ] ::1 /index.php/home/information
INFO: [ app_init ] --START--
INFO: Run Behavior\BuildLiteBehavior [ RunTime:0.000039s ]
INFO: [ app_init ] --END-- [ RunTime:0.002455s ]
INFO: [ app_begin ] --START--
INFO: Run Behavior\ReadHtmlCacheBehavior [ RunTime:0.002933s ]
INFO: [ app_begin ] --END-- [ RunTime:0.003267s ]
NOTIC: [2048] Declaration of Home\Controller\InformationController::show() should be compatible with Think\Controller::show($content, $charset = '', $contentType = '', $prefix = '') D:\install\Apache\htdocs\Application\Home\Controller\InformationController.class.php 第 175 行.
INFO: [ view_parse ] --START--
INFO: [ template_filter ] --START--
INFO: Run Behavior\ContentReplaceBehavior [ RunTime:0.000119s ]
INFO: [ template_filter ] --END-- [ RunTime:0.000269s ]
NOTIC: [8] Undefined variable: inf D:\install\Apache\htdocs\Application\Runtime\Cache\Home\5c4ed62d74554f8a63088a7040024e82.php 第 23 行.
INFO: Run Behavior\ParseTemplateBehavior [ RunTime:0.084834s ]
INFO: [ view_parse ] --END-- [ RunTime:0.085015s ]
INFO: [ view_filter ] --START--
INFO: Run Behavior\WriteHtmlCacheBehavior [ RunTime:0.002384s ]
INFO: [ view_filter ] --END-- [ RunTime:0.002501s ]
INFO: [ app_end ] --START--
INFO: Run Behavior\ShowPageTraceBehavior [ RunTime:0.004698s ]
INFO: [ app_end ] --END-- [ RunTime:0.004838s ]

[ 2016-08-26T19:48:31+08:00 ] ::1 /index.php/home/informationlist
INFO: [ app_init ] --START--
INFO: Run Behavior\BuildLiteBehavior [ RunTime:0.000058s ]
INFO: [ app_init ] --END-- [ RunTime:0.003612s ]
INFO: [ app_begin ] --START--
INFO: Run Behavior\ReadHtmlCacheBehavior [ RunTime:0.002694s ]
INFO: [ app_begin ] --END-- [ RunTime:0.002850s ]
ERR: 无法加载控制器:Informationlist

[ 2016-08-26T19:49:01+08:00 ] ::1 /index.php/home/informationlist
INFO: [ app_init ] --START--
INFO: Run Behavior\BuildLiteBehavior [ RunTime:0.000149s ]
INFO: [ app_init ] --END-- [ RunTime:0.004543s ]
INFO: [ app_begin ] --START--
INFO: Run Behavior\ReadHtmlCacheBehavior [ RunTime:0.003485s ]
INFO: [ app_begin ] --END-- [ RunTime:0.003823s ]
ERR: 无法加载控制器:Informationlist

[ 2016-08-26T19:49:13+08:00 ] ::1 /index.php/home/information/informationlist
INFO: [ app_init ] --START--
INFO: Run Behavior\BuildLiteBehavior [ RunTime:0.000056s ]
INFO: [ app_init ] --END-- [ RunTime:0.003081s ]
INFO: [ app_begin ] --START--
INFO: Run Behavior\ReadHtmlCacheBehavior [ RunTime:0.004241s ]
INFO: [ app_begin ] --END-- [ RunTime:0.004418s ]

[ 2016-08-26T19:49:33+08:00 ] ::1 /index.php/home/information/informationlist
INFO: [ app_init ] --START--
INFO: Run Behavior\BuildLiteBehavior [ RunTime:0.000039s ]
INFO: [ app_init ] --END-- [ RunTime:0.001993s ]
INFO: [ app_begin ] --START--
INFO: Run Behavior\ReadHtmlCacheBehavior [ RunTime:0.006119s ]
INFO: [ app_begin ] --END-- [ RunTime:0.006293s ]

[ 2016-08-26T19:49:46+08:00 ] ::1 /index.php/home/information/informationlist
INFO: [ app_init ] --START--
INFO: Run Behavior\BuildLiteBehavior [ RunTime:0.000060s ]
INFO: [ app_init ] --END-- [ RunTime:0.002976s ]
INFO: [ app_begin ] --START--
INFO: Run Behavior\ReadHtmlCacheBehavior [ RunTime:0.003588s ]
INFO: [ app_begin ] --END-- [ RunTime:0.003756s ]
NOTIC: [2048] Declaration of Home\Controller\InformationController::show() should be compatible with Think\Controller::show($content, $charset = '', $contentType = '', $prefix = '') D:\install\Apache\htdocs\Application\Home\Controller\InformationController.class.php 第 179 行.
INFO: [ view_parse ] --START--
INFO: [ template_filter ] --START--
INFO: Run Behavior\ContentReplaceBehavior [ RunTime:0.000328s ]
INFO: [ template_filter ] --END-- [ RunTime:0.000482s ]
INFO: Run Behavior\ParseTemplateBehavior [ RunTime:0.054798s ]
INFO: [ view_parse ] --END-- [ RunTime:0.055000s ]
INFO: [ view_filter ] --START--
INFO: Run Behavior\WriteHtmlCacheBehavior [ RunTime:0.002588s ]
INFO: [ view_filter ] --END-- [ RunTime:0.002715s ]
INFO: [ app_end ] --START--
INFO: Run Behavior\ShowPageTraceBehavior [ RunTime:0.006244s ]
INFO: [ app_end ] --END-- [ RunTime:0.006555s ]

[ 2016-08-26T19:49:46+08:00 ] ::1 /index.php/home/information/css/public.css
INFO: [ app_init ] --START--
INFO: Run Behavior\BuildLiteBehavior [ RunTime:0.000064s ]
INFO: [ app_init ] --END-- [ RunTime:0.004563s ]
INFO: [ app_begin ] --START--
INFO: Run Behavior\ReadHtmlCacheBehavior [ RunTime:0.029953s ]
INFO: [ app_begin ] --END-- [ RunTime:0.031203s ]
NOTIC: [2048] Declaration of Home\Controller\InformationController::show() should be compatible with Think\Controller::show($content, $charset = '', $contentType = '', $prefix = '') D:\install\Apache\htdocs\Application\Home\Controller\InformationController.class.php 第 179 行.
ERR: 非法操作:css

[ 2016-08-26T19:49:46+08:00 ] ::1 /index.php/home/information/css/head.css
INFO: [ app_init ] --START--
INFO: Run Behavior\BuildLiteBehavior [ RunTime:0.000058s ]
INFO: [ app_init ] --END-- [ RunTime:0.006474s ]
INFO: [ app_begin ] --START--
INFO: Run Behavior\ReadHtmlCacheBehavior [ RunTime:0.007936s ]
INFO: [ app_begin ] --END-- [ RunTime:0.008208s ]
NOTIC: [2048] Declaration of Home\Controller\InformationController::show() should be compatible with Think\Controller::show($content, $charset = '', $contentType = '', $prefix = '') D:\install\Apache\htdocs\Application\Home\Controller\InformationController.class.php 第 179 行.
ERR: 非法操作:css

[ 2016-08-26T19:49:46+08:00 ] ::1 /index.php/home/information/images/logo2.png
INFO: [ app_init ] --START--
INFO: Run Behavior\BuildLiteBehavior [ RunTime:0.000064s ]
INFO: [ app_init ] --END-- [ RunTime:0.004743s ]

[ 2016-08-26T19:49:46+08:00 ] ::1 /index.php/home/information/css/siteinformation.css
INFO: [ app_init ] --START--
INFO: Run Behavior\BuildLiteBehavior [ RunTime:0.000066s ]
INFO: [ app_init ] --END-- [ RunTime:0.004229s ]
INFO: [ app_begin ] --START--
INFO: Run Behavior\ReadHtmlCacheBehavior [ RunTime:0.003579s ]
INFO: [ app_begin ] --END-- [ RunTime:0.003814s ]
NOTIC: [2048] Declaration of Home\Controller\InformationController::show() should be compatible with Think\Controller::show($content, $charset = '', $contentType = '', $prefix = '') D:\install\Apache\htdocs\Application\Home\Controller\InformationController.class.php 第 179 行.
ERR: 非法操作:css

[ 2016-08-26T19:49:46+08:00 ] ::1 /index.php/home/information/css/contentright.css
INFO: [ app_init ] --START--
INFO: Run Behavior\BuildLiteBehavior [ RunTime:0.000064s ]
INFO: [ app_init ] --END-- [ RunTime:0.003621s ]
INFO: [ app_begin ] --START--
INFO: Run Behavior\ReadHtmlCacheBehavior [ RunTime:0.006309s ]
INFO: [ app_begin ] --END-- [ RunTime:0.006580s ]
NOTIC: [2048] Declaration of Home\Controller\InformationController::show() should be compatible with Think\Controller::show($content, $charset = '', $contentType = '', $prefix = '') D:\install\Apache\htdocs\Application\Home\Controller\InformationController.class.php 第 179 行.
ERR: 非法操作:css

[ 2016-08-26T19:49:47+08:00 ] ::1 /index.php/home/information/images/gl2.png
INFO: [ app_init ] --START--
INFO: Run Behavior\BuildLiteBehavior [ RunTime:0.000168s ]
INFO: [ app_init ] --END-- [ RunTime:0.004600s ]

[ 2016-08-26T19:49:47+08:00 ] ::1 /index.php/home/information/images/time.gif
INFO: [ app_init ] --START--
INFO: Run Behavior\BuildLiteBehavior [ RunTime:0.000059s ]
INFO: [ app_init ] --END-- [ RunTime:0.002976s ]

[ 2016-08-26T19:49:47+08:00 ] ::1 /index.php/home/information/images/scan.gif
INFO: [ app_init ] --START--
INFO: Run Behavior\BuildLiteBehavior [ RunTime:0.000060s ]
INFO: [ app_init ] --END-- [ RunTime:0.014628s ]

[ 2016-08-26T19:49:47+08:00 ] ::1 /index.php/home/information/images/gw2.png
INFO: [ app_init ] --START--
INFO: Run Behavior\BuildLiteBehavior [ RunTime:0.000062s ]
INFO: [ app_init ] --END-- [ RunTime:0.003927s ]

[ 2016-08-26T19:49:47+08:00 ] ::1 /index.php/home/information/images/jy2.png
INFO: [ app_init ] --START--
INFO: Run Behavior\BuildLiteBehavior [ RunTime:0.000058s ]
INFO: [ app_init ] --END-- [ RunTime:0.003190s ]

[ 2016-08-26T19:49:47+08:00 ] ::1 /index.php/home/information/images/dr2.jpg
INFO: [ app_init ] --START--
INFO: Run Behavior\BuildLiteBehavior [ RunTime:0.000068s ]
INFO: [ app_init ] --END-- [ RunTime:0.008018s ]

[ 2016-08-26T19:49:47+08:00 ] ::1 /index.php/home/information/images/ewm.jpg
INFO: [ app_init ] --START--
INFO: Run Behavior\BuildLiteBehavior [ RunTime:0.000066s ]
INFO: [ app_init ] --END-- [ RunTime:0.002945s ]

[ 2016-08-26T19:49:47+08:00 ] ::1 /index.php/home/information/images/dr1.jpg
INFO: [ app_init ] --START--
INFO: Run Behavior\BuildLiteBehavior [ RunTime:0.000063s ]
INFO: [ app_init ] --END-- [ RunTime:0.003788s ]

[ 2016-08-26T19:51:11+08:00 ] ::1 /index.php/home/information/informationlist
INFO: [ app_init ] --START--
INFO: Run Behavior\BuildLiteBehavior [ RunTime:0.000040s ]
INFO: [ app_init ] --END-- [ RunTime:0.002108s ]
INFO: [ app_begin ] --START--
INFO: Run Behavior\ReadHtmlCacheBehavior [ RunTime:0.005130s ]
INFO: [ app_begin ] --END-- [ RunTime:0.005511s ]
NOTIC: [2048] Declaration of Home\Controller\InformationController::show() should be compatible with Think\Controller::show($content, $charset = '', $contentType = '', $prefix = '') D:\install\Apache\htdocs\Application\Home\Controller\InformationController.class.php 第 179 行.
INFO: [ view_parse ] --START--
INFO: [ template_filter ] --START--
INFO: Run Behavior\ContentReplaceBehavior [ RunTime:0.000429s ]
INFO: [ template_filter ] --END-- [ RunTime:0.000600s ]
INFO: Run Behavior\ParseTemplateBehavior [ RunTime:0.079251s ]
INFO: [ view_parse ] --END-- [ RunTime:0.080988s ]
INFO: [ view_filter ] --START--
INFO: Run Behavior\WriteHtmlCacheBehavior [ RunTime:0.002754s ]
INFO: [ view_filter ] --END-- [ RunTime:0.003030s ]
INFO: [ app_end ] --START--
INFO: Run Behavior\ShowPageTraceBehavior [ RunTime:0.016872s ]
INFO: [ app_end ] --END-- [ RunTime:0.017422s ]

[ 2016-08-26T19:51:11+08:00 ] ::1 /index.php/home/information/__public__/css/public.css
INFO: [ app_init ] --START--
INFO: Run Behavior\BuildLiteBehavior [ RunTime:0.000061s ]
INFO: [ app_init ] --END-- [ RunTime:0.003169s ]
INFO: [ app_begin ] --START--
INFO: Run Behavior\ReadHtmlCacheBehavior [ RunTime:0.004818s ]
INFO: [ app_begin ] --END-- [ RunTime:0.005142s ]
NOTIC: [2048] Declaration of Home\Controller\InformationController::show() should be compatible with Think\Controller::show($content, $charset = '', $contentType = '', $prefix = '') D:\install\Apache\htdocs\Application\Home\Controller\InformationController.class.php 第 179 行.
ERR: 非法操作:__public__

[ 2016-08-26T19:51:11+08:00 ] ::1 /index.php/home/information/images/logo2.png
INFO: [ app_init ] --START--
INFO: Run Behavior\BuildLiteBehavior [ RunTime:0.000054s ]
INFO: [ app_init ] --END-- [ RunTime:0.002915s ]

[ 2016-08-26T19:51:12+08:00 ] ::1 /index.php/home/information/__public__/css/head.css
INFO: [ app_init ] --START--
INFO: Run Behavior\BuildLiteBehavior [ RunTime:0.000076s ]
INFO: [ app_init ] --END-- [ RunTime:0.004771s ]
INFO: [ app_begin ] --START--
INFO: Run Behavior\ReadHtmlCacheBehavior [ RunTime:0.004662s ]
INFO: [ app_begin ] --END-- [ RunTime:0.004901s ]
NOTIC: [2048] Declaration of Home\Controller\InformationController::show() should be compatible with Think\Controller::show($content, $charset = '', $contentType = '', $prefix = '') D:\install\Apache\htdocs\Application\Home\Controller\InformationController.class.php 第 179 行.
ERR: 非法操作:__public__

[ 2016-08-26T19:51:12+08:00 ] ::1 /index.php/home/information/__public__/css/contentright.css
INFO: [ app_init ] --START--
INFO: Run Behavior\BuildLiteBehavior [ RunTime:0.000058s ]
INFO: [ app_init ] --END-- [ RunTime:0.003513s ]
INFO: [ app_begin ] --START--
INFO: Run Behavior\ReadHtmlCacheBehavior [ RunTime:0.020178s ]
INFO: [ app_begin ] --END-- [ RunTime:0.020442s ]
NOTIC: [2048] Declaration of Home\Controller\InformationController::show() should be compatible with Think\Controller::show($content, $charset = '', $contentType = '', $prefix = '') D:\install\Apache\htdocs\Application\Home\Controller\InformationController.class.php 第 179 行.
ERR: 非法操作:__public__

[ 2016-08-26T19:51:12+08:00 ] ::1 /index.php/home/information/__public__/css/siteinformation.css
INFO: [ app_init ] --START--
INFO: Run Behavior\BuildLiteBehavior [ RunTime:0.000060s ]
INFO: [ app_init ] --END-- [ RunTime:0.026116s ]
INFO: [ app_begin ] --START--
INFO: Run Behavior\ReadHtmlCacheBehavior [ RunTime:0.007448s ]
INFO: [ app_begin ] --END-- [ RunTime:0.008678s ]
NOTIC: [2048] Declaration of Home\Controller\InformationController::show() should be compatible with Think\Controller::show($content, $charset = '', $contentType = '', $prefix = '') D:\install\Apache\htdocs\Application\Home\Controller\InformationController.class.php 第 179 行.
ERR: 非法操作:__public__

[ 2016-08-26T19:51:12+08:00 ] ::1 /index.php/home/information/images/gl2.png
INFO: [ app_init ] --START--
INFO: Run Behavior\BuildLiteBehavior [ RunTime:0.000064s ]
INFO: [ app_init ] --END-- [ RunTime:0.003187s ]

[ 2016-08-26T19:51:12+08:00 ] ::1 /index.php/home/information/images/jy2.png
INFO: [ app_init ] --START--
INFO: Run Behavior\BuildLiteBehavior [ RunTime:0.000061s ]
INFO: [ app_init ] --END-- [ RunTime:0.003879s ]

[ 2016-08-26T19:51:12+08:00 ] ::1 /index.php/home/information/images/gw2.png
INFO: [ app_init ] --START--
INFO: Run Behavior\BuildLiteBehavior [ RunTime:0.000058s ]
INFO: [ app_init ] --END-- [ RunTime:0.002910s ]

[ 2016-08-26T19:51:12+08:00 ] ::1 /index.php/home/information/images/scan.gif
INFO: [ app_init ] --START--
INFO: Run Behavior\BuildLiteBehavior [ RunTime:0.000068s ]
INFO: [ app_init ] --END-- [ RunTime:0.003232s ]

[ 2016-08-26T19:51:12+08:00 ] ::1 /index.php/home/information/images/dr2.jpg
INFO: [ app_init ] --START--
INFO: Run Behavior\BuildLiteBehavior [ RunTime:0.000073s ]
INFO: [ app_init ] --END-- [ RunTime:0.003327s ]


[ 2016-08-26T19:51:12+08:00 ] ::1 /index.php/home/information/images/dr1.jpg
INFO: [ app_init ] --START--
INFO: Run Behavior\BuildLiteBehavior [ RunTime:0.000061s ]
INFO: [ app_init ] --END-- [ RunTime:0.010605s ]

[ 2016-08-26T19:51:12+08:00 ] ::1 /index.php/home/information/images/ewm.jpg
INFO: [ app_init ] --START--
INFO: Run Behavior\BuildLiteBehavior [ RunTime:0.000061s ]
INFO: [ app_init ] --END-- [ RunTime:0.003256s ]

[ 2016-08-26T19:51:51+08:00 ] ::1 /index.php/home/information/informationlist
INFO: [ app_init ] --START--
INFO: Run Behavior\BuildLiteBehavior [ RunTime:0.000037s ]
INFO: [ app_init ] --END-- [ RunTime:0.002354s ]
INFO: [ app_begin ] --START--
INFO: Run Behavior\ReadHtmlCacheBehavior [ RunTime:0.003209s ]
INFO: [ app_begin ] --END-- [ RunTime:0.003426s ]
NOTIC: [2048] Declaration of Home\Controller\InformationController::show() should be compatible with Think\Controller::show($content, $charset = '', $contentType = '', $prefix = '') D:\install\Apache\htdocs\Application\Home\Controller\InformationController.class.php 第 179 行.
INFO: [ view_parse ] --START--
INFO: [ template_filter ] --START--
INFO: Run Behavior\ContentReplaceBehavior [ RunTime:0.000380s ]
INFO: [ template_filter ] --END-- [ RunTime:0.000540s ]
INFO: Run Behavior\ParseTemplateBehavior [ RunTime:0.051904s ]
INFO: [ view_parse ] --END-- [ RunTime:0.052132s ]
INFO: [ view_filter ] --START--
INFO: Run Behavior\WriteHtmlCacheBehavior [ RunTime:0.003166s ]
INFO: [ view_filter ] --END-- [ RunTime:0.003319s ]
INFO: [ app_end ] --START--
INFO: Run Behavior\ShowPageTraceBehavior [ RunTime:0.012881s ]
INFO: [ app_end ] --END-- [ RunTime:0.013177s ]

[ 2016-08-26T19:51:51+08:00 ] ::1 /index.php/home/information/images/jy2.png
INFO: [ app_init ] --START--
INFO: Run Behavior\BuildLiteBehavior [ RunTime:0.000062s ]
INFO: [ app_init ] --END-- [ RunTime:0.003060s ]

[ 2016-08-26T19:51:51+08:00 ] ::1 /index.php/home/information/images/gl2.png
INFO: [ app_init ] --START--
INFO: Run Behavior\BuildLiteBehavior [ RunTime:0.000059s ]
INFO: [ app_init ] --END-- [ RunTime:0.003557s ]

[ 2016-08-26T19:51:51+08:00 ] ::1 /index.php/home/information/images/logo2.png
INFO: [ app_init ] --START--
INFO: Run Behavior\BuildLiteBehavior [ RunTime:0.000059s ]
INFO: [ app_init ] --END-- [ RunTime:0.003697s ]

[ 2016-08-26T19:51:51+08:00 ] ::1 /index.php/home/information/images/scan.gif
INFO: [ app_init ] --START--
INFO: Run Behavior\BuildLiteBehavior [ RunTime:0.000065s ]
INFO: [ app_init ] --END-- [ RunTime:0.023841s ]

[ 2016-08-26T19:51:51+08:00 ] ::1 /index.php/home/information/images/dr1.jpg
INFO: [ app_init ] --START--
INFO: Run Behavior\BuildLiteBehavior [ RunTime:0.000058s ]
INFO: [ app_init ] --END-- [ RunTime:0.002990s ]

[ 2016-08-26T19:51:51+08:00 ] ::1 /index.php/home/information/images/gw2.png
INFO: [ app_init ] --START--
INFO: Run Behavior\BuildLiteBehavior [ RunTime:0.000068s ]
INFO: [ app_init ] --END-- [ RunTime:0.021701s ]

[ 2016-08-26T19:51:52+08:00 ] ::1 /index.php/home/information/images/time.gif
INFO: [ app_init ] --START--
INFO: Run Behavior\BuildLiteBehavior [ RunTime:0.000058s ]
INFO: [ app_init ] --END-- [ RunTime:0.004789s ]

[ 2016-08-26T19:51:52+08:00 ] ::1 /index.php/home/information/images/dr2.jpg
INFO: [ app_init ] --START--
INFO: Run Behavior\BuildLiteBehavior [ RunTime:0.000064s ]
INFO: [ app_init ] --END-- [ RunTime:0.003115s ]

[ 2016-08-26T19:51:52+08:00 ] ::1 /index.php/home/information/images/ewm.jpg
INFO: [ app_init ] --START--
INFO: Run Behavior\BuildLiteBehavior [ RunTime:0.000064s ]
INFO: [ app_init ] --END-- [ RunTime:0.003147s ]

[ 2016-08-26T19:52:40+08:00 ] ::1 /index.php/home/information/informationlist
INFO: [ app_init ] --START--
INFO: Run Behavior\BuildLiteBehavior [ RunTime:0.000040s ]
INFO: [ app_init ] --END-- [ RunTime:0.002052s ]
INFO: [ app_begin ] --START--
INFO: Run Behavior\ReadHtmlCacheBehavior [ RunTime:0.003910s ]
INFO: [ app_begin ] --END-- [ RunTime:0.004166s ]
NOTIC: [2048] Declaration of Home\Controller\InformationController::show() should be compatible with Think\Controller::show($content, $charset = '', $contentType = '', $prefix = '') D:\install\Apache\htdocs\Application\Home\Controller\InformationController.class.php 第 179 行.
INFO: [ view_parse ] --START--
INFO: [ template_filter ] --START--
INFO: Run Behavior\ContentReplaceBehavior [ RunTime:0.000886s ]
INFO: [ template_filter ] --END-- [ RunTime:0.001173s ]
INFO: Run Behavior\ParseTemplateBehavior [ RunTime:0.069278s ]
INFO: [ view_parse ] --END-- [ RunTime:0.069443s ]
INFO: [ view_filter ] --START--
INFO: Run Behavior\WriteHtmlCacheBehavior [ RunTime:0.001876s ]
INFO: [ view_filter ] --END-- [ RunTime:0.001996s ]
INFO: [ app_end ] --START--
INFO: Run Behavior\ShowPageTraceBehavior [ RunTime:0.015963s ]
INFO: [ app_end ] --END-- [ RunTime:0.016526s ]

[ 2016-08-26T19:54:13+08:00 ] ::1 /index.php/home/information/informationlist
INFO: [ app_init ] --START--
INFO: Run Behavior\BuildLiteBehavior [ RunTime:0.000064s ]
INFO: [ app_init ] --END-- [ RunTime:0.004064s ]
INFO: [ app_begin ] --START--
INFO: Run Behavior\ReadHtmlCacheBehavior [ RunTime:0.005252s ]
INFO: [ app_begin ] --END-- [ RunTime:0.005510s ]
NOTIC: [2048] Declaration of Home\Controller\InformationController::show() should be compatible with Think\Controller::show($content, $charset = '', $contentType = '', $prefix = '') D:\install\Apache\htdocs\Application\Home\Controller\InformationController.class.php 第 179 行.
INFO: [ view_parse ] --START--
INFO: [ template_filter ] --START--
INFO: Run Behavior\ContentReplaceBehavior [ RunTime:0.000380s ]
INFO: [ template_filter ] --END-- [ RunTime:0.000542s ]
INFO: Run Behavior\ParseTemplateBehavior [ RunTime:0.067087s ]
INFO: [ view_parse ] --END-- [ RunTime:0.067276s ]
INFO: [ view_filter ] --START--
INFO: Run Behavior\WriteHtmlCacheBehavior [ RunTime:0.003520s ]
INFO: [ view_filter ] --END-- [ RunTime:0.003711s ]
INFO: [ app_end ] --START--
INFO: Run Behavior\ShowPageTraceBehavior [ RunTime:0.007339s ]
INFO: [ app_end ] --END-- [ RunTime:0.009123s ]

[ 2016-08-26T20:23:06+08:00 ] ::1 /index.php/home/home
INFO: [ app_init ] --START--
INFO: Run Behavior\BuildLiteBehavior [ RunTime:0.000060s ]
INFO: [ app_init ] --END-- [ RunTime:0.002797s ]
INFO: [ app_begin ] --START--
INFO: Run Behavior\ReadHtmlCacheBehavior [ RunTime:0.003383s ]
INFO: [ app_begin ] --END-- [ RunTime:0.003675s ]

[ 2016-08-26T20:23:12+08:00 ] ::1 /index.php/home/
INFO: [ app_init ] --START--
INFO: Run Behavior\BuildLiteBehavior [ RunTime:0.000041s ]
INFO: [ app_init ] --END-- [ RunTime:0.003095s ]
INFO: [ app_begin ] --START--
INFO: Run Behavior\ReadHtmlCacheBehavior [ RunTime:0.004055s ]
INFO: [ app_begin ] --END-- [ RunTime:0.004304s ]
ERR: 无法加载控制器:Index

[ 2016-08-26T20:24:09+08:00 ] ::1 /index.php/home/
INFO: [ app_init ] --START--
INFO: Run Behavior\BuildLiteBehavior [ RunTime:0.000048s ]
INFO: [ app_init ] --END-- [ RunTime:0.003573s ]
INFO: [ app_begin ] --START--
INFO: Run Behavior\ReadHtmlCacheBehavior [ RunTime:0.004952s ]
INFO: [ app_begin ] --END-- [ RunTime:0.005259s ]

[ 2016-08-26T20:24:26+08:00 ] ::1 /index.php/home/
INFO: [ app_init ] --START--
INFO: Run Behavior\BuildLiteBehavior [ RunTime:0.000067s ]
INFO: [ app_init ] --END-- [ RunTime:0.003368s ]
INFO: [ app_begin ] --START--
INFO: Run Behavior\ReadHtmlCacheBehavior [ RunTime:0.004293s ]
INFO: [ app_begin ] --END-- [ RunTime:0.004543s ]
NOTIC: [2048] Declaration of Home\Controller\IndexController::show() should be compatible with Think\Controller::show($content, $charset = '', $contentType = '', $prefix = '') D:\install\Apache\htdocs\Application\Home\Controller\IndexController.class.php 第 176 行.
INFO: [ view_parse ] --START--
INFO: [ template_filter ] --START--
INFO: Run Behavior\ContentReplaceBehavior [ RunTime:0.000542s ]
INFO: [ template_filter ] --END-- [ RunTime:0.001141s ]
INFO: Run Behavior\ParseTemplateBehavior [ RunTime:0.088864s ]
INFO: [ view_parse ] --END-- [ RunTime:0.089144s ]
INFO: [ view_filter ] --START--
INFO: Run Behavior\WriteHtmlCacheBehavior [ RunTime:0.003102s ]
INFO: [ view_filter ] --END-- [ RunTime:0.003292s ]
INFO: [ app_end ] --START--
INFO: Run Behavior\ShowPageTraceBehavior [ RunTime:0.005884s ]
INFO: [ app_end ] --END-- [ RunTime:0.006156s ]

[ 2016-08-26T20:24:26+08:00 ] ::1 /index.php/home/js/min/jquery-v1.10.2.min.js
INFO: [ app_init ] --START--
INFO: Run Behavior\BuildLiteBehavior [ RunTime:0.000062s ]
INFO: [ app_init ] --END-- [ RunTime:0.003344s ]
INFO: [ app_begin ] --START--
INFO: Run Behavior\ReadHtmlCacheBehavior [ RunTime:0.003762s ]
INFO: [ app_begin ] --END-- [ RunTime:0.004044s ]
ERR: 无法加载控制器:Js

[ 2016-08-26T20:24:26+08:00 ] ::1 /index.php/home/js/min/modernizr-custom-v2.7.1.min.js
INFO: [ app_init ] --START--
INFO: Run Behavior\BuildLiteBehavior [ RunTime:0.000069s ]
INFO: [ app_init ] --END-- [ RunTime:0.003562s ]
INFO: [ app_begin ] --START--
INFO: Run Behavior\ReadHtmlCacheBehavior [ RunTime:0.004925s ]
INFO: [ app_begin ] --END-- [ RunTime:0.005192s ]
ERR: 无法加载控制器:Js

[ 2016-08-26T20:24:26+08:00 ] ::1 /index.php/home/js/edit.js
INFO: [ app_init ] --START--
INFO: Run Behavior\BuildLiteBehavior [ RunTime:0.000058s ]
INFO: [ app_init ] --END-- [ RunTime:0.003697s ]
INFO: [ app_begin ] --START--
INFO: Run Behavior\ReadHtmlCacheBehavior [ RunTime:0.049408s ]
INFO: [ app_begin ] --END-- [ RunTime:0.049958s ]
ERR: 无法加载控制器:Js

[ 2016-08-26T20:24:26+08:00 ] ::1 /index.php/home/images/logo.png
INFO: [ app_init ] --START--
INFO: Run Behavior\BuildLiteBehavior [ RunTime:0.000057s ]
INFO: [ app_init ] --END-- [ RunTime:0.003086s ]

[ 2016-08-26T20:24:26+08:00 ] ::1 /index.php/home/js/min/jquery-finger-v0.1.0.min.js
INFO: [ app_init ] --START--
INFO: Run Behavior\BuildLiteBehavior [ RunTime:0.000062s ]
INFO: [ app_init ] --END-- [ RunTime:0.003797s ]
INFO: [ app_begin ] --START--
INFO: Run Behavior\ReadHtmlCacheBehavior [ RunTime:0.004866s ]
INFO: [ app_begin ] --END-- [ RunTime:0.005103s ]
ERR: 无法加载控制器:Js

[ 2016-08-26T20:24:26+08:00 ] ::1 /index.php/home/js/jquery-1.7.2.min.js
INFO: [ app_init ] --START--
INFO: Run Behavior\BuildLiteBehavior [ RunTime:0.000060s ]
INFO: [ app_init ] --END-- [ RunTime:0.003855s ]
INFO: [ app_begin ] --START--
INFO: Run Behavior\ReadHtmlCacheBehavior [ RunTime:0.005227s ]
INFO: [ app_begin ] --END-- [ RunTime:0.005503s ]
ERR: 无法加载控制器:Js

[ 2016-08-26T20:24:27+08:00 ] ::1 /index.php/home/js/min/flickerplate.min.js
INFO: [ app_init ] --START--
INFO: Run Behavior\BuildLiteBehavior [ RunTime:0.000063s ]
INFO: [ app_init ] --END-- [ RunTime:0.005474s ]
INFO: [ app_begin ] --START--
INFO: Run Behavior\ReadHtmlCacheBehavior [ RunTime:0.004809s ]
INFO: [ app_begin ] --END-- [ RunTime:0.006202s ]
ERR: 无法加载控制器:Js

[ 2016-08-26T20:24:27+08:00 ] ::1 /index.php/home/images/gl.png
INFO: [ app_init ] --START--
INFO: Run Behavior\BuildLiteBehavior [ RunTime:0.000066s ]
INFO: [ app_init ] --END-- [ RunTime:0.004377s ]

[ 2016-08-26T20:24:27+08:00 ] ::1 /index.php/home/images/wtxz.png
INFO: [ app_init ] --START--
INFO: Run Behavior\BuildLiteBehavior [ RunTime:0.000059s ]
INFO: [ app_init ] --END-- [ RunTime:0.002818s ]

[ 2016-08-26T20:24:27+08:00 ] ::1 /index.php/home/images/xzxq.png
INFO: [ app_init ] --START--
INFO: Run Behavior\BuildLiteBehavior [ RunTime:0.000062s ]
INFO: [ app_init ] --END-- [ RunTime:0.003771s ]

[ 2016-08-26T20:24:27+08:00 ] ::1 /index.php/home/images/jy.png
INFO: [ app_init ] --START--
INFO: Run Behavior\BuildLiteBehavior [ RunTime:0.000060s ]
INFO: [ app_init ] --END-- [ RunTime:0.003182s ]

[ 2016-08-26T20:24:27+08:00 ] ::1 /index.php/home/images/gw.png
INFO: [ app_init ] --START--
INFO: Run Behavior\BuildLiteBehavior [ RunTime:0.000060s ]
INFO: [ app_init ] --END-- [ RunTime:0.003149s ]

[ 2016-08-26T20:24:27+08:00 ] ::1 /index.php/home/images/fbfy.png
INFO: [ app_init ] --START--
INFO: Run Behavior\BuildLiteBehavior [ RunTime:0.000061s ]
INFO: [ app_init ] --END-- [ RunTime:0.003286s ]

[ 2016-08-26T20:24:27+08:00 ] ::1 /index.php/home/images/wytw.png
INFO: [ app_init ] --START--
INFO: Run Behavior\BuildLiteBehavior [ RunTime:0.000056s ]
INFO: [ app_init ] --END-- [ RunTime:0.003057s ]

[ 2016-08-26T20:24:27+08:00 ] ::1 /index.php/home/images/dtzf.png
INFO: [ app_init ] --START--
INFO: Run Behavior\BuildLiteBehavior [ RunTime:0.000063s ]
INFO: [ app_init ] --END-- [ RunTime:0.023885s ]

[ 2016-08-26T20:24:27+08:00 ] ::1 /index.php/home/images/yhfy.png
INFO: [ app_init ] --START--
INFO: Run Behavior\BuildLiteBehavior [ RunTime:0.000060s ]
INFO: [ app_init ] --END-- [ RunTime:0.061279s ]

[ 2016-08-26T20:24:27+08:00 ] ::1 /index.php/home/images/xzzc.png
INFO: [ app_init ] --START--
INFO: Run Behavior\BuildLiteBehavior [ RunTime:0.000057s ]
INFO: [ app_init ] --END-- [ RunTime:0.003257s ]

[ 2016-08-26T20:24:27+08:00 ] ::1 /index.php/home/images/zcjd.png
INFO: [ app_init ] --START--
INFO: Run Behavior\BuildLiteBehavior [ RunTime:0.000062s ]
INFO: [ app_init ] --END-- [ RunTime:0.006726s ]

[ 2016-08-26T20:24:27+08:00 ] ::1 /index.php/home/images/ggw.png
INFO: [ app_init ] --START--
INFO: Run Behavior\BuildLiteBehavior [ RunTime:0.000065s ]
INFO: [ app_init ] --END-- [ RunTime:0.005776s ]

[ 2016-08-26T20:24:27+08:00 ] ::1 /index.php/home/images/lp1.png
INFO: [ app_init ] --START--
INFO: Run Behavior\BuildLiteBehavior [ RunTime:0.000059s ]
INFO: [ app_init ] --END-- [ RunTime:0.003066s ]

[ 2016-08-26T20:24:27+08:00 ] ::1 /index.php/home/images/qyfw.png
INFO: [ app_init ] --START--
INFO: Run Behavior\BuildLiteBehavior [ RunTime:0.000064s ]
INFO: [ app_init ] --END-- [ RunTime:0.005130s ]

[ 2016-08-26T20:24:27+08:00 ] ::1 /index.php/home/images/rdzx.png
INFO: [ app_init ] --START--
INFO: Run Behavior\BuildLiteBehavior [ RunTime:0.000061s ]
INFO: [ app_init ] --END-- [ RunTime:0.003278s ]

[ 2016-08-26T20:24:27+08:00 ] ::1 /index.php/home/images/lp3.png
INFO: [ app_init ] --START--
INFO: Run Behavior\BuildLiteBehavior [ RunTime:0.000057s ]
INFO: [ app_init ] --END-- [ RunTime:0.002908s ]

[ 2016-08-26T20:24:27+08:00 ] ::1 /index.php/home/images/logo.png
INFO: [ app_init ] --START--
INFO: Run Behavior\BuildLiteBehavior [ RunTime:0.000056s ]
INFO: [ app_init ] --END-- [ RunTime:0.003230s ]

[ 2016-08-26T20:24:27+08:00 ] ::1 /index.php/home/images/ggw2.png
INFO: [ app_init ] --START--
INFO: Run Behavior\BuildLiteBehavior [ RunTime:0.000077s ]
INFO: [ app_init ] --END-- [ RunTime:0.003504s ]

[ 2016-08-26T20:24:28+08:00 ] ::1 /index.php/home/images/lp2.png
INFO: [ app_init ] --START--
INFO: Run Behavior\BuildLiteBehavior [ RunTime:0.000049s ]
INFO: [ app_init ] --END-- [ RunTime:0.005788s ]

[ 2016-08-26T20:24:28+08:00 ] ::1 /index.php/home/images/ewm.jpg
INFO: [ app_init ] --START--
INFO: Run Behavior\BuildLiteBehavior [ RunTime:0.000051s ]
INFO: [ app_init ] --END-- [ RunTime:0.002492s ]

[ 2016-08-26T20:24:28+08:00 ] ::1 /index.php/home/images/lp4.png
INFO: [ app_init ] --START--
INFO: Run Behavior\BuildLiteBehavior [ RunTime:0.000051s ]
INFO: [ app_init ] --END-- [ RunTime:0.003031s ]

[ 2016-08-26T20:26:11+08:00 ] ::1 /index.php/home/
INFO: [ app_init ] --START--
INFO: Run Behavior\BuildLiteBehavior [ RunTime:0.000040s ]
INFO: [ app_init ] --END-- [ RunTime:0.003033s ]
INFO: [ app_begin ] --START--
INFO: Run Behavior\ReadHtmlCacheBehavior [ RunTime:0.002819s ]
INFO: [ app_begin ] --END-- [ RunTime:0.002991s ]
NOTIC: [2048] Declaration of Home\Controller\IndexController::show() should be compatible with Think\Controller::show($content, $charset = '', $contentType = '', $prefix = '') D:\install\Apache\htdocs\Application\Home\Controller\IndexController.class.php 第 176 行.
INFO: [ view_parse ] --START--
INFO: [ template_filter ] --START--
INFO: Run Behavior\ContentReplaceBehavior [ RunTime:0.000813s ]
INFO: [ template_filter ] --END-- [ RunTime:0.001082s ]
INFO: Run Behavior\ParseTemplateBehavior [ RunTime:0.076087s ]
INFO: [ view_parse ] --END-- [ RunTime:0.076388s ]
INFO: [ view_filter ] --START--
INFO: Run Behavior\WriteHtmlCacheBehavior [ RunTime:0.005144s ]
INFO: [ view_filter ] --END-- [ RunTime:0.005355s ]
INFO: [ app_end ] --START--
INFO: Run Behavior\ShowPageTraceBehavior [ RunTime:0.007828s ]
INFO: [ app_end ] --END-- [ RunTime:0.009106s ]

[ 2016-08-26T20:26:18+08:00 ] ::1 /index.php/home/index/
INFO: [ app_init ] --START--
INFO: Run Behavior\BuildLiteBehavior [ RunTime:0.000039s ]
INFO: [ app_init ] --END-- [ RunTime:0.002420s ]
INFO: [ app_begin ] --START--
INFO: Run Behavior\ReadHtmlCacheBehavior [ RunTime:0.002326s ]
INFO: [ app_begin ] --END-- [ RunTime:0.002589s ]
NOTIC: [2048] Declaration of Home\Controller\IndexController::show() should be compatible with Think\Controller::show($content, $charset = '', $contentType = '', $prefix = '') D:\install\Apache\htdocs\Application\Home\Controller\IndexController.class.php 第 176 行.
INFO: [ view_parse ] --START--
INFO: [ template_filter ] --START--
INFO: Run Behavior\ContentReplaceBehavior [ RunTime:0.000723s ]
INFO: [ template_filter ] --END-- [ RunTime:0.000963s ]
INFO: Run Behavior\ParseTemplateBehavior [ RunTime:0.060895s ]
INFO: [ view_parse ] --END-- [ RunTime:0.061073s ]
INFO: [ view_filter ] --START--
INFO: Run Behavior\WriteHtmlCacheBehavior [ RunTime:0.002802s ]
INFO: [ view_filter ] --END-- [ RunTime:0.002969s ]
INFO: [ app_end ] --START--
INFO: Run Behavior\ShowPageTraceBehavior [ RunTime:0.008851s ]
INFO: [ app_end ] --END-- [ RunTime:0.009122s ]

[ 2016-08-26T20:26:25+08:00 ] ::1 /index.php/home/index/
INFO: [ app_init ] --START--
INFO: Run Behavior\BuildLiteBehavior [ RunTime:0.000063s ]
INFO: [ app_init ] --END-- [ RunTime:0.003637s ]
INFO: [ app_begin ] --START--
INFO: Run Behavior\ReadHtmlCacheBehavior [ RunTime:0.002422s ]
INFO: [ app_begin ] --END-- [ RunTime:0.002582s ]
NOTIC: [2048] Declaration of Home\Controller\IndexController::show() should be compatible with Think\Controller::show($content, $charset = '', $contentType = '', $prefix = '') D:\install\Apache\htdocs\Application\Home\Controller\IndexController.class.php 第 176 行.
INFO: [ view_parse ] --START--
INFO: [ template_filter ] --START--
INFO: Run Behavior\ContentReplaceBehavior [ RunTime:0.000698s ]
INFO: [ template_filter ] --END-- [ RunTime:0.000938s ]
INFO: Run Behavior\ParseTemplateBehavior [ RunTime:0.084224s ]
INFO: [ view_parse ] --END-- [ RunTime:0.084446s ]
INFO: [ view_filter ] --START--
INFO: Run Behavior\WriteHtmlCacheBehavior [ RunTime:0.004711s ]
INFO: [ view_filter ] --END-- [ RunTime:0.004928s ]
INFO: [ app_end ] --START--
INFO: Run Behavior\ShowPageTraceBehavior [ RunTime:0.005905s ]
INFO: [ app_end ] --END-- [ RunTime:0.006168s ]

[ 2016-08-26T20:27:40+08:00 ] ::1 /index.php/home/index/
INFO: [ app_init ] --START--
INFO: Run Behavior\BuildLiteBehavior [ RunTime:0.000042s ]
INFO: [ app_init ] --END-- [ RunTime:0.004203s ]
INFO: [ app_begin ] --START--
INFO: Run Behavior\ReadHtmlCacheBehavior [ RunTime:0.018127s ]
INFO: [ app_begin ] --END-- [ RunTime:0.018359s ]
NOTIC: [2048] Declaration of Home\Controller\IndexController::show() should be compatible with Think\Controller::show($content, $charset = '', $contentType = '', $prefix = '') D:\install\Apache\htdocs\Application\Home\Controller\IndexController.class.php 第 176 行.
INFO: [ view_parse ] --START--
INFO: [ template_filter ] --START--
INFO: Run Behavior\ContentReplaceBehavior [ RunTime:0.000427s ]
INFO: [ template_filter ] --END-- [ RunTime:0.000576s ]
INFO: Run Behavior\ParseTemplateBehavior [ RunTime:0.061158s ]
INFO: [ view_parse ] --END-- [ RunTime:0.061368s ]
INFO: [ view_filter ] --START--
INFO: Run Behavior\WriteHtmlCacheBehavior [ RunTime:0.001782s ]
INFO: [ view_filter ] --END-- [ RunTime:0.001901s ]
INFO: [ app_end ] --START--
INFO: Run Behavior\ShowPageTraceBehavior [ RunTime:0.004105s ]
INFO: [ app_end ] --END-- [ RunTime:0.004326s ]

[ 2016-08-26T20:27:49+08:00 ] ::1 /index.php/home/index/
INFO: [ app_init ] --START--
INFO: Run Behavior\BuildLiteBehavior [ RunTime:0.000039s ]
INFO: [ app_init ] --END-- [ RunTime:0.002313s ]
INFO: [ app_begin ] --START--
INFO: Run Behavior\ReadHtmlCacheBehavior [ RunTime:0.004005s ]
INFO: [ app_begin ] --END-- [ RunTime:0.004218s ]
NOTIC: [2048] Declaration of Home\Controller\IndexController::show() should be compatible with Think\Controller::show($content, $charset = '', $contentType = '', $prefix = '') D:\install\Apache\htdocs\Application\Home\Controller\IndexController.class.php 第 176 行.
INFO: [ view_parse ] --START--
INFO: [ template_filter ] --START--
INFO: Run Behavior\ContentReplaceBehavior [ RunTime:0.002175s ]
INFO: [ template_filter ] --END-- [ RunTime:0.002548s ]
INFO: Run Behavior\ParseTemplateBehavior [ RunTime:0.098520s ]
INFO: [ view_parse ] --END-- [ RunTime:0.098773s ]
INFO: [ view_filter ] --START--
INFO: Run Behavior\WriteHtmlCacheBehavior [ RunTime:0.003207s ]
INFO: [ view_filter ] --END-- [ RunTime:0.003417s ]
INFO: [ app_end ] --START--
INFO: Run Behavior\ShowPageTraceBehavior [ RunTime:0.003908s ]
INFO: [ app_end ] --END-- [ RunTime:0.004189s ]

[ 2016-08-26T20:28:48+08:00 ] ::1 /index.php/home/index/
INFO: [ app_init ] --START--
INFO: Run Behavior\BuildLiteBehavior [ RunTime:0.000070s ]
INFO: [ app_init ] --END-- [ RunTime:0.003264s ]
INFO: [ app_begin ] --START--
INFO: Run Behavior\ReadHtmlCacheBehavior [ RunTime:0.003654s ]
INFO: [ app_begin ] --END-- [ RunTime:0.003952s ]
NOTIC: [2048] Declaration of Home\Controller\IndexController::show() should be compatible with Think\Controller::show($content, $charset = '', $contentType = '', $prefix = '') D:\install\Apache\htdocs\Application\Home\Controller\IndexController.class.php 第 176 行.
INFO: [ view_parse ] --START--
INFO: [ template_filter ] --START--
INFO: Run Behavior\ContentReplaceBehavior [ RunTime:0.000466s ]
INFO: [ template_filter ] --END-- [ RunTime:0.000625s ]
INFO: Run Behavior\ParseTemplateBehavior [ RunTime:0.068945s ]
INFO: [ view_parse ] --END-- [ RunTime:0.069196s ]
INFO: [ view_filter ] --START--
INFO: Run Behavior\WriteHtmlCacheBehavior [ RunTime:0.002539s ]
INFO: [ view_filter ] --END-- [ RunTime:0.002670s ]
INFO: [ app_end ] --START--
INFO: Run Behavior\ShowPageTraceBehavior [ RunTime:0.005067s ]
INFO: [ app_end ] --END-- [ RunTime:0.005328s ]

[ 2016-08-26T20:28:49+08:00 ] ::1 /index.php/home/index/js/min/modernizr-custom-v2.7.1.min.js
INFO: [ app_init ] --START--
INFO: Run Behavior\BuildLiteBehavior [ RunTime:0.000055s ]
INFO: [ app_init ] --END-- [ RunTime:0.002971s ]
INFO: [ app_begin ] --START--
INFO: Run Behavior\ReadHtmlCacheBehavior [ RunTime:0.003797s ]
INFO: [ app_begin ] --END-- [ RunTime:0.004337s ]
NOTIC: [2048] Declaration of Home\Controller\IndexController::show() should be compatible with Think\Controller::show($content, $charset = '', $contentType = '', $prefix = '') D:\install\Apache\htdocs\Application\Home\Controller\IndexController.class.php 第 176 行.
ERR: 非法操作:js

[ 2016-08-26T20:28:49+08:00 ] ::1 /index.php/home/index/js/edit.js
INFO: [ app_init ] --START--
INFO: Run Behavior\BuildLiteBehavior [ RunTime:0.000065s ]
INFO: [ app_init ] --END-- [ RunTime:0.004251s ]
INFO: [ app_begin ] --START--
INFO: Run Behavior\ReadHtmlCacheBehavior [ RunTime:0.045071s ]
INFO: [ app_begin ] --END-- [ RunTime:0.045347s ]
NOTIC: [2048] Declaration of Home\Controller\IndexController::show() should be compatible with Think\Controller::show($content, $charset = '', $contentType = '', $prefix = '') D:\install\Apache\htdocs\Application\Home\Controller\IndexController.class.php 第 176 行.
ERR: 非法操作:js

[ 2016-08-26T20:28:49+08:00 ] ::1 /index.php/home/index/js/min/jquery-v1.10.2.min.js
INFO: [ app_init ] --START--
INFO: Run Behavior\BuildLiteBehavior [ RunTime:0.000058s ]
INFO: [ app_init ] --END-- [ RunTime:0.003473s ]
INFO: [ app_begin ] --START--
INFO: Run Behavior\ReadHtmlCacheBehavior [ RunTime:0.009589s ]
INFO: [ app_begin ] --END-- [ RunTime:0.009896s ]
NOTIC: [2048] Declaration of Home\Controller\IndexController::show() should be compatible with Think\Controller::show($content, $charset = '', $contentType = '', $prefix = '') D:\install\Apache\htdocs\Application\Home\Controller\IndexController.class.php 第 176 行.
ERR: 非法操作:js

[ 2016-08-26T20:28:49+08:00 ] ::1 /index.php/home/index/js/min/jquery-finger-v0.1.0.min.js
INFO: [ app_init ] --START--
INFO: Run Behavior\BuildLiteBehavior [ RunTime:0.000054s ]
INFO: [ app_init ] --END-- [ RunTime:0.003344s ]
INFO: [ app_begin ] --START--
INFO: Run Behavior\ReadHtmlCacheBehavior [ RunTime:0.005142s ]
INFO: [ app_begin ] --END-- [ RunTime:0.005409s ]
NOTIC: [2048] Declaration of Home\Controller\IndexController::show() should be compatible with Think\Controller::show($content, $charset = '', $contentType = '', $prefix = '') D:\install\Apache\htdocs\Application\Home\Controller\IndexController.class.php 第 176 行.
ERR: 非法操作:js

[ 2016-08-26T20:28:49+08:00 ] ::1 /index.php/home/index/images/logo.png
INFO: [ app_init ] --START--
INFO: Run Behavior\BuildLiteBehavior [ RunTime:0.000057s ]
INFO: [ app_init ] --END-- [ RunTime:0.002922s ]

[ 2016-08-26T20:28:49+08:00 ] ::1 /index.php/home/index/js/jquery-1.7.2.min.js
INFO: [ app_init ] --START--
INFO: Run Behavior\BuildLiteBehavior [ RunTime:0.000054s ]
INFO: [ app_init ] --END-- [ RunTime:0.003601s ]
INFO: [ app_begin ] --START--
INFO: Run Behavior\ReadHtmlCacheBehavior [ RunTime:0.009872s ]
INFO: [ app_begin ] --END-- [ RunTime:0.010145s ]
NOTIC: [2048] Declaration of Home\Controller\IndexController::show() should be compatible with Think\Controller::show($content, $charset = '', $contentType = '', $prefix = '') D:\install\Apache\htdocs\Application\Home\Controller\IndexController.class.php 第 176 行.
ERR: 非法操作:js

[ 2016-08-26T20:28:49+08:00 ] ::1 /index.php/home/index/js/min/flickerplate.min.js
INFO: [ app_init ] --START--
INFO: Run Behavior\BuildLiteBehavior [ RunTime:0.000060s ]
INFO: [ app_init ] --END-- [ RunTime:0.017448s ]
INFO: [ app_begin ] --START--
INFO: Run Behavior\ReadHtmlCacheBehavior [ RunTime:0.005267s ]
INFO: [ app_begin ] --END-- [ RunTime:0.005523s ]
NOTIC: [2048] Declaration of Home\Controller\IndexController::show() should be compatible with Think\Controller::show($content, $charset = '', $contentType = '', $prefix = '') D:\install\Apache\htdocs\Application\Home\Controller\IndexController.class.php 第 176 行.
ERR: 非法操作:js

[ 2016-08-26T20:28:49+08:00 ] ::1 /index.php/home/index/images/wtxz.png
INFO: [ app_init ] --START--
INFO: Run Behavior\BuildLiteBehavior [ RunTime:0.000068s ]
INFO: [ app_init ] --END-- [ RunTime:0.015578s ]

[ 2016-08-26T20:28:49+08:00 ] ::1 /index.php/home/index/images/jy.png
INFO: [ app_init ] --START--
INFO: Run Behavior\BuildLiteBehavior [ RunTime:0.000061s ]
INFO: [ app_init ] --END-- [ RunTime:0.003171s ]

[ 2016-08-26T20:28:49+08:00 ] ::1 /index.php/home/index/images/xzxq.png
INFO: [ app_init ] --START--
INFO: Run Behavior\BuildLiteBehavior [ RunTime:0.000069s ]
INFO: [ app_init ] --END-- [ RunTime:0.004254s ]

[ 2016-08-26T20:28:49+08:00 ] ::1 /index.php/home/index/images/gl.png
INFO: [ app_init ] --START--
INFO: Run Behavior\BuildLiteBehavior [ RunTime:0.000061s ]
INFO: [ app_init ] --END-- [ RunTime:0.031628s ]

[ 2016-08-26T20:28:49+08:00 ] ::1 /index.php/home/index/images/fbfy.png
INFO: [ app_init ] --START--
INFO: Run Behavior\BuildLiteBehavior [ RunTime:0.000068s ]
INFO: [ app_init ] --END-- [ RunTime:0.003222s ]

[ 2016-08-26T20:28:49+08:00 ] ::1 /index.php/home/index/images/gfwx.png
INFO: [ app_init ] --START--
INFO: Run Behavior\BuildLiteBehavior [ RunTime:0.000062s ]
INFO: [ app_init ] --END-- [ RunTime:0.002987s ]

[ 2016-08-26T20:28:49+08:00 ] ::1 /index.php/home/index/images/wytw.png
INFO: [ app_init ] --START--
INFO: Run Behavior\BuildLiteBehavior [ RunTime:0.000067s ]
INFO: [ app_init ] --END-- [ RunTime:0.004016s ]

[ 2016-08-26T20:28:49+08:00 ] ::1 /index.php/home/index/images/dtzf.png
INFO: [ app_init ] --START--
INFO: Run Behavior\BuildLiteBehavior [ RunTime:0.000069s ]
INFO: [ app_init ] --END-- [ RunTime:0.003080s ]

[ 2016-08-26T20:28:49+08:00 ] ::1 /index.php/home/index/images/yhfy.png
INFO: [ app_init ] --START--
INFO: Run Behavior\BuildLiteBehavior [ RunTime:0.000065s ]
INFO: [ app_init ] --END-- [ RunTime:0.013976s ]

[ 2016-08-26T20:28:49+08:00 ] ::1 /index.php/home/index/images/gw.png
INFO: [ app_init ] --START--
INFO: Run Behavior\BuildLiteBehavior [ RunTime:0.000060s ]
INFO: [ app_init ] --END-- [ RunTime:0.003401s ]

[ 2016-08-26T20:28:50+08:00 ] ::1 /index.php/home/index/images/zcjd.png
INFO: [ app_init ] --START--
INFO: Run Behavior\BuildLiteBehavior [ RunTime:0.000073s ]
INFO: [ app_init ] --END-- [ RunTime:0.005038s ]

[ 2016-08-26T20:28:50+08:00 ] ::1 /index.php/home/index/images/ggw.png
INFO: [ app_init ] --START--
INFO: Run Behavior\BuildLiteBehavior [ RunTime:0.000062s ]
INFO: [ app_init ] --END-- [ RunTime:0.002927s ]


[ 2016-08-26T20:28:50+08:00 ] ::1 /index.php/home/index/images/xzzc.png
INFO: [ app_init ] --START--
INFO: Run Behavior\BuildLiteBehavior [ RunTime:0.000062s ]
INFO: [ app_init ] --END-- [ RunTime:0.003104s ]

[ 2016-08-26T20:28:50+08:00 ] ::1 /index.php/home/index/images/logo.png
INFO: [ app_init ] --START--
INFO: Run Behavior\BuildLiteBehavior [ RunTime:0.000059s ]
INFO: [ app_init ] --END-- [ RunTime:0.002937s ]

[ 2016-08-26T20:28:50+08:00 ] ::1 /index.php/home/index/images/qyfw.png
INFO: [ app_init ] --START--
INFO: Run Behavior\BuildLiteBehavior [ RunTime:0.000057s ]
INFO: [ app_init ] --END-- [ RunTime:0.002977s ]

[ 2016-08-26T20:28:50+08:00 ] ::1 /index.php/home/index/images/lp2.png
INFO: [ app_init ] --START--
INFO: Run Behavior\BuildLiteBehavior [ RunTime:0.000059s ]
INFO: [ app_init ] --END-- [ RunTime:0.002832s ]

[ 2016-08-26T20:28:50+08:00 ] ::1 /index.php/home/index/images/lp3.png
INFO: [ app_init ] --START--
INFO: Run Behavior\BuildLiteBehavior [ RunTime:0.000063s ]
INFO: [ app_init ] --END-- [ RunTime:0.003139s ]

[ 2016-08-26T20:28:50+08:00 ] ::1 /index.php/home/index/images/lp4.png
INFO: [ app_init ] --START--
INFO: Run Behavior\BuildLiteBehavior [ RunTime:0.000068s ]
INFO: [ app_init ] --END-- [ RunTime:0.004864s ]

[ 2016-08-26T20:28:50+08:00 ] ::1 /index.php/home/index/images/lp1.png
INFO: [ app_init ] --START--
INFO: Run Behavior\BuildLiteBehavior [ RunTime:0.000063s ]
INFO: [ app_init ] --END-- [ RunTime:0.003114s ]

[ 2016-08-26T20:28:50+08:00 ] ::1 /index.php/home/index/images/ggw2.png
INFO: [ app_init ] --START--
INFO: Run Behavior\BuildLiteBehavior [ RunTime:0.000079s ]
INFO: [ app_init ] --END-- [ RunTime:0.003240s ]

[ 2016-08-26T20:28:50+08:00 ] ::1 /index.php/home/index/images/ewm.jpg
INFO: [ app_init ] --START--
INFO: Run Behavior\BuildLiteBehavior [ RunTime:0.000144s ]
INFO: [ app_init ] --END-- [ RunTime:0.004642s ]

[ 2016-08-26T20:29:08+08:00 ] ::1 /index.php/home/index/
INFO: [ app_init ] --START--
INFO: Run Behavior\BuildLiteBehavior [ RunTime:0.000039s ]
INFO: [ app_init ] --END-- [ RunTime:0.002031s ]
INFO: [ app_begin ] --START--
INFO: Run Behavior\ReadHtmlCacheBehavior [ RunTime:0.003143s ]
INFO: [ app_begin ] --END-- [ RunTime:0.003402s ]
NOTIC: [2048] Declaration of Home\Controller\IndexController::show() should be compatible with Think\Controller::show($content, $charset = '', $contentType = '', $prefix = '') D:\install\Apache\htdocs\Application\Home\Controller\IndexController.class.php 第 176 行.
INFO: [ view_parse ] --START--
INFO: [ template_filter ] --START--
INFO: Run Behavior\ContentReplaceBehavior [ RunTime:0.000803s ]
INFO: [ template_filter ] --END-- [ RunTime:0.001212s ]
INFO: Run Behavior\ParseTemplateBehavior [ RunTime:0.086078s ]
INFO: [ view_parse ] --END-- [ RunTime:0.086318s ]
INFO: [ view_filter ] --START--
INFO: Run Behavior\WriteHtmlCacheBehavior [ RunTime:0.003892s ]
INFO: [ view_filter ] --END-- [ RunTime:0.004055s ]
INFO: [ app_end ] --START--
INFO: Run Behavior\ShowPageTraceBehavior [ RunTime:0.005607s ]
INFO: [ app_end ] --END-- [ RunTime:0.005880s ]

[ 2016-08-26T20:29:08+08:00 ] ::1 /index.php/home/index/images/gl.png
INFO: [ app_init ] --START--
INFO: Run Behavior\BuildLiteBehavior [ RunTime:0.000061s ]
INFO: [ app_init ] --END-- [ RunTime:0.003269s ]

[ 2016-08-26T20:29:08+08:00 ] ::1 /index.php/home/index/images/logo.png
INFO: [ app_init ] --START--
INFO: Run Behavior\BuildLiteBehavior [ RunTime:0.000060s ]
INFO: [ app_init ] --END-- [ RunTime:0.003503s ]

[ 2016-08-26T20:29:08+08:00 ] ::1 /index.php/home/index/images/gw.png
INFO: [ app_init ] --START--
INFO: Run Behavior\BuildLiteBehavior [ RunTime:0.000063s ]
INFO: [ app_init ] --END-- [ RunTime:0.003569s ]

[ 2016-08-26T20:29:09+08:00 ] ::1 /index.php/home/index/images/jy.png
INFO: [ app_init ] --START--
INFO: Run Behavior\BuildLiteBehavior [ RunTime:0.000085s ]
INFO: [ app_init ] --END-- [ RunTime:0.009458s ]

[ 2016-08-26T20:29:09+08:00 ] ::1 /index.php/home/index/images/wytw.png
INFO: [ app_init ] --START--
INFO: Run Behavior\BuildLiteBehavior [ RunTime:0.000063s ]
INFO: [ app_init ] --END-- [ RunTime:0.004274s ]

[ 2016-08-26T20:29:09+08:00 ] ::1 /index.php/home/index/images/xzxq.png
INFO: [ app_init ] --START--
INFO: Run Behavior\BuildLiteBehavior [ RunTime:0.000063s ]
INFO: [ app_init ] --END-- [ RunTime:0.003003s ]

[ 2016-08-26T20:29:09+08:00 ] ::1 /index.php/home/index/images/wtxz.png
INFO: [ app_init ] --START--
INFO: Run Behavior\BuildLiteBehavior [ RunTime:0.000062s ]
INFO: [ app_init ] --END-- [ RunTime:0.079470s ]

[ 2016-08-26T20:29:09+08:00 ] ::1 /index.php/home/index/images/fbfy.png
INFO: [ app_init ] --START--
INFO: Run Behavior\BuildLiteBehavior [ RunTime:0.000065s ]
INFO: [ app_init ] --END-- [ RunTime:0.003220s ]

[ 2016-08-26T20:29:09+08:00 ] ::1 /index.php/home/index/images/zcjd.png
INFO: [ app_init ] --START--
INFO: Run Behavior\BuildLiteBehavior [ RunTime:0.000061s ]
INFO: [ app_init ] --END-- [ RunTime:0.003290s ]

[ 2016-08-26T20:29:09+08:00 ] ::1 /index.php/home/index/images/gfwx.png
INFO: [ app_init ] --START--
INFO: Run Behavior\BuildLiteBehavior [ RunTime:0.000059s ]
INFO: [ app_init ] --END-- [ RunTime:0.002920s ]

[ 2016-08-26T20:29:09+08:00 ] ::1 /index.php/home/index/images/yhfy.png
INFO: [ app_init ] --START--
INFO: Run Behavior\BuildLiteBehavior [ RunTime:0.000058s ]
INFO: [ app_init ] --END-- [ RunTime:0.003063s ]

[ 2016-08-26T20:29:09+08:00 ] ::1 /index.php/home/index/images/rdzx.png
INFO: [ app_init ] --START--
INFO: Run Behavior\BuildLiteBehavior [ RunTime:0.000061s ]
INFO: [ app_init ] --END-- [ RunTime:0.003452s ]

[ 2016-08-26T20:29:09+08:00 ] ::1 /index.php/home/index/images/qyfw.png
INFO: [ app_init ] --START--
INFO: Run Behavior\BuildLiteBehavior [ RunTime:0.000066s ]
INFO: [ app_init ] --END-- [ RunTime:0.004736s ]

[ 2016-08-26T20:29:09+08:00 ] ::1 /index.php/home/index/images/dtzf.png
INFO: [ app_init ] --START--
INFO: Run Behavior\BuildLiteBehavior [ RunTime:0.000062s ]
INFO: [ app_init ] --END-- [ RunTime:0.028095s ]

[ 2016-08-26T20:29:09+08:00 ] ::1 /index.php/home/index/images/ggw.png
INFO: [ app_init ] --START--
INFO: Run Behavior\BuildLiteBehavior [ RunTime:0.000065s ]
INFO: [ app_init ] --END-- [ RunTime:0.003368s ]

[ 2016-08-26T20:29:09+08:00 ] ::1 /index.php/home/index/images/xzzc.png
INFO: [ app_init ] --START--
INFO: Run Behavior\BuildLiteBehavior [ RunTime:0.000060s ]
INFO: [ app_init ] --END-- [ RunTime:0.003012s ]

[ 2016-08-26T20:29:09+08:00 ] ::1 /index.php/home/index/images/lp1.png
INFO: [ app_init ] --START--
INFO: Run Behavior\BuildLiteBehavior [ RunTime:0.000065s ]
INFO: [ app_init ] --END-- [ RunTime:0.003851s ]

[ 2016-08-26T20:29:09+08:00 ] ::1 /index.php/home/index/images/lp4.png
INFO: [ app_init ] --START--
INFO: Run Behavior\BuildLiteBehavior [ RunTime:0.000058s ]
INFO: [ app_init ] --END-- [ RunTime:0.004384s ]

[ 2016-08-26T20:29:09+08:00 ] ::1 /index.php/home/index/images/lp2.png
INFO: [ app_init ] --START--
INFO: Run Behavior\BuildLiteBehavior [ RunTime:0.000058s ]
INFO: [ app_init ] --END-- [ RunTime:0.011178s ]

[ 2016-08-26T20:29:09+08:00 ] ::1 /index.php/home/index/images/lp3.png
INFO: [ app_init ] --START--
INFO: Run Behavior\BuildLiteBehavior [ RunTime:0.000058s ]
INFO: [ app_init ] --END-- [ RunTime:0.002806s ]

[ 2016-08-26T20:29:09+08:00 ] ::1 /index.php/home/index/images/ewm.jpg
INFO: [ app_init ] --START--
INFO: Run Behavior\BuildLiteBehavior [ RunTime:0.000068s ]
INFO: [ app_init ] --END-- [ RunTime:0.003026s ]

[ 2016-08-26T20:29:09+08:00 ] ::1 /index.php/home/index/images/ggw2.png
INFO: [ app_init ] --START--
INFO: Run Behavior\BuildLiteBehavior [ RunTime:0.000069s ]
INFO: [ app_init ] --END-- [ RunTime:0.018498s ]

[ 2016-08-26T20:29:10+08:00 ] ::1 /index.php/home/index/images/banner.jpg
INFO: [ app_init ] --START--
INFO: Run Behavior\BuildLiteBehavior [ RunTime:0.000062s ]
INFO: [ app_init ] --END-- [ RunTime:0.003930s ]

[ 2016-08-26T20:30:03+08:00 ] ::1 /index.php/home/index/
INFO: [ app_init ] --START--
INFO: Run Behavior\BuildLiteBehavior [ RunTime:0.000041s ]
INFO: [ app_init ] --END-- [ RunTime:0.002365s ]
INFO: [ app_begin ] --START--
INFO: Run Behavior\ReadHtmlCacheBehavior [ RunTime:0.003266s ]
INFO: [ app_begin ] --END-- [ RunTime:0.003470s ]
NOTIC: [2048] Declaration of Home\Controller\IndexController::show() should be compatible with Think\Controller::show($content, $charset = '', $contentType = '', $prefix = '') D:\install\Apache\htdocs\Application\Home\Controller\IndexController.class.php 第 176 行.
INFO: [ view_parse ] --START--
INFO: [ template_filter ] --START--
INFO: Run Behavior\ContentReplaceBehavior [ RunTime:0.000387s ]
INFO: [ template_filter ] --END-- [ RunTime:0.000550s ]
INFO: Run Behavior\ParseTemplateBehavior [ RunTime:0.082187s ]
INFO: [ view_parse ] --END-- [ RunTime:0.082976s ]
INFO: [ view_filter ] --START--
INFO: Run Behavior\WriteHtmlCacheBehavior [ RunTime:0.003715s ]
INFO: [ view_filter ] --END-- [ RunTime:0.004380s ]
INFO: [ app_end ] --START--
INFO: Run Behavior\ShowPageTraceBehavior [ RunTime:0.006949s ]
INFO: [ app_end ] --END-- [ RunTime:0.008885s ]

[ 2016-08-26T20:30:03+08:00 ] ::1 /index.php/home/index/images/gl.png
INFO: [ app_init ] --START--
INFO: Run Behavior\BuildLiteBehavior [ RunTime:0.000063s ]
INFO: [ app_init ] --END-- [ RunTime:0.003413s ]

[ 2016-08-26T20:30:04+08:00 ] ::1 /index.php/home/index/images/logo.png
INFO: [ app_init ] --START--
INFO: Run Behavior\BuildLiteBehavior [ RunTime:0.000065s ]
INFO: [ app_init ] --END-- [ RunTime:0.003153s ]

[ 2016-08-26T20:30:04+08:00 ] ::1 /index.php/home/index/images/wtxz.png
INFO: [ app_init ] --START--
INFO: Run Behavior\BuildLiteBehavior [ RunTime:0.000060s ]
INFO: [ app_init ] --END-- [ RunTime:0.002985s ]

[ 2016-08-26T20:30:04+08:00 ] ::1 /index.php/home/index/images/gw.png
INFO: [ app_init ] --START--
INFO: Run Behavior\BuildLiteBehavior [ RunTime:0.000067s ]
INFO: [ app_init ] --END-- [ RunTime:0.019169s ]

[ 2016-08-26T20:30:04+08:00 ] ::1 /index.php/home/index/images/jy.png
INFO: [ app_init ] --START--
INFO: Run Behavior\BuildLiteBehavior [ RunTime:0.000058s ]
INFO: [ app_init ] --END-- [ RunTime:0.003369s ]

[ 2016-08-26T20:30:04+08:00 ] ::1 /index.php/home/index/images/xzxq.png
INFO: [ app_init ] --START--
INFO: Run Behavior\BuildLiteBehavior [ RunTime:0.000056s ]
INFO: [ app_init ] --END-- [ RunTime:0.002944s ]

[ 2016-08-26T20:30:04+08:00 ] ::1 /index.php/home/index/images/dtzf.png
INFO: [ app_init ] --START--
INFO: Run Behavior\BuildLiteBehavior [ RunTime:0.000063s ]
INFO: [ app_init ] --END-- [ RunTime:0.002944s ]

[ 2016-08-26T20:30:04+08:00 ] ::1 /index.php/home/index/images/wytw.png
INFO: [ app_init ] --START--
INFO: Run Behavior\BuildLiteBehavior [ RunTime:0.000060s ]
INFO: [ app_init ] --END-- [ RunTime:0.002929s ]

[ 2016-08-26T20:30:04+08:00 ] ::1 /index.php/home/index/images/yhfy.png
INFO: [ app_init ] --START--
INFO: Run Behavior\BuildLiteBehavior [ RunTime:0.000072s ]
INFO: [ app_init ] --END-- [ RunTime:0.011245s ]

[ 2016-08-26T20:30:04+08:00 ] ::1 /index.php/home/index/images/zcjd.png
INFO: [ app_init ] --START--
INFO: Run Behavior\BuildLiteBehavior [ RunTime:0.000065s ]
INFO: [ app_init ] --END-- [ RunTime:0.003478s ]

[ 2016-08-26T20:30:04+08:00 ] ::1 /index.php/home/index/images/qyfw.png
INFO: [ app_init ] --START--
INFO: Run Behavior\BuildLiteBehavior [ RunTime:0.000067s ]
INFO: [ app_init ] --END-- [ RunTime:0.003196s ]

[ 2016-08-26T20:30:04+08:00 ] ::1 /index.php/home/index/images/gfwx.png
INFO: [ app_init ] --START--
INFO: Run Behavior\BuildLiteBehavior [ RunTime:0.000062s ]
INFO: [ app_init ] --END-- [ RunTime:0.003348s ]

[ 2016-08-26T20:30:04+08:00 ] ::1 /index.php/home/index/images/fbfy.png
INFO: [ app_init ] --START--
INFO: Run Behavior\BuildLiteBehavior [ RunTime:0.000056s ]
INFO: [ app_init ] --END-- [ RunTime:0.025083s ]

[ 2016-08-26T20:30:04+08:00 ] ::1 /index.php/home/index/images/xzzc.png
INFO: [ app_init ] --START--
INFO: Run Behavior\BuildLiteBehavior [ RunTime:0.000058s ]
INFO: [ app_init ] --END-- [ RunTime:0.003780s ]

[ 2016-08-26T20:30:04+08:00 ] ::1 /index.php/home/index/images/rdzx.png
INFO: [ app_init ] --START--
INFO: Run Behavior\BuildLiteBehavior [ RunTime:0.000062s ]
INFO: [ app_init ] --END-- [ RunTime:0.002928s ]

[ 2016-08-26T20:30:04+08:00 ] ::1 /index.php/home/index/images/lp2.png
INFO: [ app_init ] --START--
INFO: Run Behavior\BuildLiteBehavior [ RunTime:0.000066s ]
INFO: [ app_init ] --END-- [ RunTime:0.022610s ]

[ 2016-08-26T20:30:04+08:00 ] ::1 /index.php/home/index/images/ggw.png
INFO: [ app_init ] --START--
INFO: Run Behavior\BuildLiteBehavior [ RunTime:0.000068s ]
INFO: [ app_init ] --END-- [ RunTime:0.002945s ]

[ 2016-08-26T20:30:04+08:00 ] ::1 /index.php/home/index/images/lp3.png
INFO: [ app_init ] --START--
INFO: Run Behavior\BuildLiteBehavior [ RunTime:0.000061s ]
INFO: [ app_init ] --END-- [ RunTime:0.003499s ]

[ 2016-08-26T20:30:04+08:00 ] ::1 /index.php/home/index/images/lp1.png
INFO: [ app_init ] --START--
INFO: Run Behavior\BuildLiteBehavior [ RunTime:0.000066s ]
INFO: [ app_init ] --END-- [ RunTime:0.004837s ]

[ 2016-08-26T20:30:04+08:00 ] ::1 /index.php/home/index/images/lp4.png
INFO: [ app_init ] --START--
INFO: Run Behavior\BuildLiteBehavior [ RunTime:0.000068s ]
INFO: [ app_init ] --END-- [ RunTime:0.012621s ]

[ 2016-08-26T20:30:04+08:00 ] ::1 /index.php/home/index/images/ggw2.png
INFO: [ app_init ] --START--
INFO: Run Behavior\BuildLiteBehavior [ RunTime:0.000106s ]
INFO: [ app_init ] --END-- [ RunTime:0.003019s ]

[ 2016-08-26T20:30:05+08:00 ] ::1 /index.php/home/index/images/ewm.jpg
INFO: [ app_init ] --START--
INFO: Run Behavior\BuildLiteBehavior [ RunTime:0.000040s ]
INFO: [ app_init ] --END-- [ RunTime:0.002076s ]

[ 2016-08-26T20:30:05+08:00 ] ::1 /index.php/home/index/images/banner.jpg
INFO: [ app_init ] --START--
INFO: Run Behavior\BuildLiteBehavior [ RunTime:0.000058s ]
INFO: [ app_init ] --END-- [ RunTime:0.002184s ]

[ 2016-08-26T20:30:22+08:00 ] ::1 /index.php/home/index/
INFO: [ app_init ] --START--
INFO: Run Behavior\BuildLiteBehavior [ RunTime:0.000040s ]
INFO: [ app_init ] --END-- [ RunTime:0.002261s ]
INFO: [ app_begin ] --START--
INFO: Run Behavior\ReadHtmlCacheBehavior [ RunTime:0.002327s ]
INFO: [ app_begin ] --END-- [ RunTime:0.002475s ]
NOTIC: [2048] Declaration of Home\Controller\IndexController::show() should be compatible with Think\Controller::show($content, $charset = '', $contentType = '', $prefix = '') D:\install\Apache\htdocs\Application\Home\Controller\IndexController.class.php 第 176 行.
INFO: [ view_parse ] --START--
INFO: [ template_filter ] --START--
INFO: Run Behavior\ContentReplaceBehavior [ RunTime:0.000377s ]
INFO: [ template_filter ] --END-- [ RunTime:0.000536s ]
INFO: Run Behavior\ParseTemplateBehavior [ RunTime:0.059578s ]
INFO: [ view_parse ] --END-- [ RunTime:0.059750s ]
INFO: [ view_filter ] --START--
INFO: Run Behavior\WriteHtmlCacheBehavior [ RunTime:0.002906s ]
INFO: [ view_filter ] --END-- [ RunTime:0.003066s ]
INFO: [ app_end ] --START--
INFO: Run Behavior\ShowPageTraceBehavior [ RunTime:0.004766s ]
INFO: [ app_end ] --END-- [ RunTime:0.005316s ]

[ 2016-08-26T20:30:23+08:00 ] ::1 /index.php/home/index/images/logo.png
INFO: [ app_init ] --START--
INFO: Run Behavior\BuildLiteBehavior [ RunTime:0.000060s ]
INFO: [ app_init ] --END-- [ RunTime:0.003178s ]

[ 2016-08-26T20:30:23+08:00 ] ::1 /index.php/home/index/images/gl.png
INFO: [ app_init ] --START--
INFO: Run Behavior\BuildLiteBehavior [ RunTime:0.000063s ]
INFO: [ app_init ] --END-- [ RunTime:0.003038s ]

[ 2016-08-26T20:30:23+08:00 ] ::1 /index.php/home/index/images/fbfy.png
INFO: [ app_init ] --START--
INFO: Run Behavior\BuildLiteBehavior [ RunTime:0.000064s ]
INFO: [ app_init ] --END-- [ RunTime:0.004678s ]

[ 2016-08-26T20:30:23+08:00 ] ::1 /index.php/home/index/images/wtxz.png
INFO: [ app_init ] --START--
INFO: Run Behavior\BuildLiteBehavior [ RunTime:0.000062s ]
INFO: [ app_init ] --END-- [ RunTime:0.003078s ]

[ 2016-08-26T20:30:23+08:00 ] ::1 /index.php/home/index/images/gw.png
INFO: [ app_init ] --START--
INFO: Run Behavior\BuildLiteBehavior [ RunTime:0.000056s ]
INFO: [ app_init ] --END-- [ RunTime:0.003082s ]

[ 2016-08-26T20:30:23+08:00 ] ::1 /index.php/home/index/images/jy.png
INFO: [ app_init ] --START--
INFO: Run Behavior\BuildLiteBehavior [ RunTime:0.000057s ]
INFO: [ app_init ] --END-- [ RunTime:0.003301s ]

[ 2016-08-26T20:30:23+08:00 ] ::1 /index.php/home/index/images/xzxq.png
INFO: [ app_init ] --START--
INFO: Run Behavior\BuildLiteBehavior [ RunTime:0.000058s ]
INFO: [ app_init ] --END-- [ RunTime:0.003233s ]

[ 2016-08-26T20:30:23+08:00 ] ::1 /index.php/home/index/images/wytw.png
INFO: [ app_init ] --START--
INFO: Run Behavior\BuildLiteBehavior [ RunTime:0.000065s ]
INFO: [ app_init ] --END-- [ RunTime:0.005083s ]

[ 2016-08-26T20:30:23+08:00 ] ::1 /index.php/home/index/images/dtzf.png
INFO: [ app_init ] --START--
INFO: Run Behavior\BuildLiteBehavior [ RunTime:0.000068s ]
INFO: [ app_init ] --END-- [ RunTime:0.004006s ]

[ 2016-08-26T20:30:23+08:00 ] ::1 /index.php/home/index/images/gfwx.png
INFO: [ app_init ] --START--
INFO: Run Behavior\BuildLiteBehavior [ RunTime:0.000165s ]
INFO: [ app_init ] --END-- [ RunTime:0.004544s ]

[ 2016-08-26T20:30:23+08:00 ] ::1 /index.php/home/index/images/zcjd.png
INFO: [ app_init ] --START--
INFO: Run Behavior\BuildLiteBehavior [ RunTime:0.000057s ]
INFO: [ app_init ] --END-- [ RunTime:0.018065s ]

[ 2016-08-26T20:30:23+08:00 ] ::1 /index.php/home/index/images/qyfw.png
INFO: [ app_init ] --START--
INFO: Run Behavior\BuildLiteBehavior [ RunTime:0.000058s ]
INFO: [ app_init ] --END-- [ RunTime:0.029132s ]

[ 2016-08-26T20:30:23+08:00 ] ::1 /index.php/home/index/images/xzzc.png
INFO: [ app_init ] --START--
INFO: Run Behavior\BuildLiteBehavior [ RunTime:0.000059s ]
INFO: [ app_init ] --END-- [ RunTime:0.004036s ]

[ 2016-08-26T20:30:23+08:00 ] ::1 /index.php/home/index/images/yhfy.png
INFO: [ app_init ] --START--
INFO: Run Behavior\BuildLiteBehavior [ RunTime:0.000064s ]
INFO: [ app_init ] --END-- [ RunTime:0.003219s ]

[ 2016-08-26T20:30:23+08:00 ] ::1 /index.php/home/index/images/rdzx.png
INFO: [ app_init ] --START--
INFO: Run Behavior\BuildLiteBehavior [ RunTime:0.000056s ]
INFO: [ app_init ] --END-- [ RunTime:0.006254s ]

[ 2016-08-26T20:30:23+08:00 ] ::1 /index.php/home/index/images/ggw.png
INFO: [ app_init ] --START--
INFO: Run Behavior\BuildLiteBehavior [ RunTime:0.000058s ]
INFO: [ app_init ] --END-- [ RunTime:0.003384s ]

[ 2016-08-26T20:30:24+08:00 ] ::1 /index.php/home/index/images/lp1.png
INFO: [ app_init ] --START--
INFO: Run Behavior\BuildLiteBehavior [ RunTime:0.000060s ]
INFO: [ app_init ] --END-- [ RunTime:0.003816s ]

[ 2016-08-26T20:30:24+08:00 ] ::1 /index.php/home/index/images/lp2.png
INFO: [ app_init ] --START--
INFO: Run Behavior\BuildLiteBehavior [ RunTime:0.000065s ]
INFO: [ app_init ] --END-- [ RunTime:0.005214s ]

[ 2016-08-26T20:30:24+08:00 ] ::1 /index.php/home/index/images/ewm.jpg
INFO: [ app_init ] --START--
INFO: Run Behavior\BuildLiteBehavior [ RunTime:0.000059s ]
INFO: [ app_init ] --END-- [ RunTime:0.003045s ]

[ 2016-08-26T20:30:24+08:00 ] ::1 /index.php/home/index/images/lp3.png
INFO: [ app_init ] --START--
INFO: Run Behavior\BuildLiteBehavior [ RunTime:0.000059s ]
INFO: [ app_init ] --END-- [ RunTime:0.004435s ]

[ 2016-08-26T20:30:24+08:00 ] ::1 /index.php/home/index/images/lp4.png
INFO: [ app_init ] --START--
INFO: Run Behavior\BuildLiteBehavior [ RunTime:0.000063s ]
INFO: [ app_init ] --END-- [ RunTime:0.003119s ]


[ 2016-08-26T20:30:25+08:00 ] ::1 /index.php/home/index/images/banner.jpg
INFO: [ app_init ] --START--
INFO: Run Behavior\BuildLiteBehavior [ RunTime:0.000073s ]
INFO: [ app_init ] --END-- [ RunTime:0.004166s ]

[ 2016-08-26T20:31:04+08:00 ] ::1 /index.php/home/index/
INFO: [ app_init ] --START--
INFO: Run Behavior\BuildLiteBehavior [ RunTime:0.000058s ]
INFO: [ app_init ] --END-- [ RunTime:0.002449s ]
INFO: [ app_begin ] --START--
INFO: Run Behavior\ReadHtmlCacheBehavior [ RunTime:0.007765s ]
INFO: [ app_begin ] --END-- [ RunTime:0.008043s ]
NOTIC: [2048] Declaration of Home\Controller\IndexController::show() should be compatible with Think\Controller::show($content, $charset = '', $contentType = '', $prefix = '') D:\install\Apache\htdocs\Application\Home\Controller\IndexController.class.php 第 176 行.
INFO: [ view_parse ] --START--
INFO: [ template_filter ] --START--
INFO: Run Behavior\ContentReplaceBehavior [ RunTime:0.000656s ]
INFO: [ template_filter ] --END-- [ RunTime:0.000895s ]
INFO: Run Behavior\ParseTemplateBehavior [ RunTime:0.089076s ]
INFO: [ view_parse ] --END-- [ RunTime:0.089323s ]
INFO: [ view_filter ] --START--
INFO: Run Behavior\WriteHtmlCacheBehavior [ RunTime:0.003702s ]
INFO: [ view_filter ] --END-- [ RunTime:0.003916s ]
INFO: [ app_end ] --START--
INFO: Run Behavior\ShowPageTraceBehavior [ RunTime:0.005964s ]
INFO: [ app_end ] --END-- [ RunTime:0.006242s ]

[ 2016-08-26T20:31:10+08:00 ] ::1 /index.php/home/
INFO: [ app_init ] --START--
INFO: Run Behavior\BuildLiteBehavior [ RunTime:0.000038s ]
INFO: [ app_init ] --END-- [ RunTime:0.002317s ]
INFO: [ app_begin ] --START--
INFO: Run Behavior\ReadHtmlCacheBehavior [ RunTime:0.003519s ]
INFO: [ app_begin ] --END-- [ RunTime:0.003675s ]
NOTIC: [2048] Declaration of Home\Controller\IndexController::show() should be compatible with Think\Controller::show($content, $charset = '', $contentType = '', $prefix = '') D:\install\Apache\htdocs\Application\Home\Controller\IndexController.class.php 第 176 行.
INFO: [ view_parse ] --START--
INFO: [ template_filter ] --START--
INFO: Run Behavior\ContentReplaceBehavior [ RunTime:0.000486s ]
INFO: [ template_filter ] --END-- [ RunTime:0.000641s ]
INFO: Run Behavior\ParseTemplateBehavior [ RunTime:0.068196s ]
INFO: [ view_parse ] --END-- [ RunTime:0.068417s ]
INFO: [ view_filter ] --START--
INFO: Run Behavior\WriteHtmlCacheBehavior [ RunTime:0.003129s ]
INFO: [ view_filter ] --END-- [ RunTime:0.003276s ]
INFO: [ app_end ] --START--
INFO: Run Behavior\ShowPageTraceBehavior [ RunTime:0.005689s ]
INFO: [ app_end ] --END-- [ RunTime:0.005947s ]

[ 2016-08-26T20:49:37+08:00 ] ::1 /index.php/home/
INFO: [ app_init ] --START--
INFO: Run Behavior\BuildLiteBehavior [ RunTime:0.000063s ]
INFO: [ app_init ] --END-- [ RunTime:0.003213s ]
INFO: [ app_begin ] --START--
INFO: Run Behavior\ReadHtmlCacheBehavior [ RunTime:0.004168s ]
INFO: [ app_begin ] --END-- [ RunTime:0.004386s ]
NOTIC: [2048] Declaration of Home\Controller\IndexController::show() should be compatible with Think\Controller::show($content, $charset = '', $contentType = '', $prefix = '') D:\install\Apache\htdocs\Application\Home\Controller\IndexController.class.php 第 181 行.

[ 2016-08-26T20:50:34+08:00 ] ::1 /index.php/home/
INFO: [ app_init ] --START--
INFO: Run Behavior\BuildLiteBehavior [ RunTime:0.000040s ]
INFO: [ app_init ] --END-- [ RunTime:0.002999s ]
INFO: [ app_begin ] --START--
INFO: Run Behavior\ReadHtmlCacheBehavior [ RunTime:0.002529s ]
INFO: [ app_begin ] --END-- [ RunTime:0.002802s ]
NOTIC: [2048] Declaration of Home\Controller\IndexController::show() should be compatible with Think\Controller::show($content, $charset = '', $contentType = '', $prefix = '') D:\install\Apache\htdocs\Application\Home\Controller\IndexController.class.php 第 185 行.

[ 2016-08-26T20:50:37+08:00 ] ::1 /index.php/home/
INFO: [ app_init ] --START--
INFO: Run Behavior\BuildLiteBehavior [ RunTime:0.000038s ]
INFO: [ app_init ] --END-- [ RunTime:0.002150s ]
INFO: [ app_begin ] --START--
INFO: Run Behavior\ReadHtmlCacheBehavior [ RunTime:0.002290s ]
INFO: [ app_begin ] --END-- [ RunTime:0.002433s ]
NOTIC: [2048] Declaration of Home\Controller\IndexController::show() should be compatible with Think\Controller::show($content, $charset = '', $contentType = '', $prefix = '') D:\install\Apache\htdocs\Application\Home\Controller\IndexController.class.php 第 185 行.

[ 2016-08-26T20:56:03+08:00 ] ::1 /index.php/home/
INFO: [ app_init ] --START--
INFO: Run Behavior\BuildLiteBehavior [ RunTime:0.000038s ]
INFO: [ app_init ] --END-- [ RunTime:0.002407s ]
INFO: [ app_begin ] --START--
INFO: Run Behavior\ReadHtmlCacheBehavior [ RunTime:0.003664s ]
INFO: [ app_begin ] --END-- [ RunTime:0.003891s ]
NOTIC: [2048] Declaration of Home\Controller\IndexController::show() should be compatible with Think\Controller::show($content, $charset = '', $contentType = '', $prefix = '') D:\install\Apache\htdocs\Application\Home\Controller\IndexController.class.php 第 185 行.

