[ 2016-08-28T07:15:59+08:00 ] ::1 /index.php/home/gonglue/strategydetails/id/2
INFO: [ app_init ] --START--
INFO: Run Behavior\BuildLiteBehavior [ RunTime:0.000038s ]
INFO: [ app_init ] --END-- [ RunTime:0.001701s ]
INFO: [ app_begin ] --START--
INFO: Run Behavior\ReadHtmlCacheBehavior [ RunTime:0.003783s ]
INFO: [ app_begin ] --END-- [ RunTime:0.004029s ]
SQL: SHOW COLUMNS FROM `gonglueinfo` [ RunTime:0.0512s ]
SQL: SELECT * FROM `gonglueinfo` WHERE `id` = 2 LIMIT 1   [ RunTime:0.0012s ]
SQL: SELECT `gongluetypeid` FROM `gonglueinfo` WHERE ( id=2 )  [ RunTime:0.0008s ]
SQL: SHOW COLUMNS FROM `gongluetype` [ RunTime:0.0270s ]
SQL: SELECT `parentid` FROM `gongluetype` WHERE ( id=21 )  [ RunTime:0.0006s ]
SQL: SHOW COLUMNS FROM `gonglue` [ RunTime:0.0293s ]
SQL: SELECT `id` FROM `gonglue` WHERE ( id=2 )  [ RunTime:0.0006s ]
SQL: SELECT * FROM `gonglue` WHERE `id` = 2 LIMIT 1   [ RunTime:0.0007s ]
INFO: [ view_parse ] --START--
INFO: [ template_filter ] --START--
INFO: Run Behavior\ContentReplaceBehavior [ RunTime:0.000440s ]
INFO: [ template_filter ] --END-- [ RunTime:0.000692s ]
INFO: Run Behavior\ParseTemplateBehavior [ RunTime:0.038865s ]
INFO: [ view_parse ] --END-- [ RunTime:0.039121s ]
INFO: [ view_filter ] --START--
INFO: Run Behavior\WriteHtmlCacheBehavior [ RunTime:0.003652s ]
INFO: [ view_filter ] --END-- [ RunTime:0.003839s ]
INFO: [ app_end ] --START--
INFO: Run Behavior\ShowPageTraceBehavior [ RunTime:0.002582s ]
INFO: [ app_end ] --END-- [ RunTime:0.002740s ]

[ 2016-08-28T08:16:45+08:00 ] ::1 /index.php/home
INFO: [ app_init ] --START--
INFO: Run Behavior\BuildLiteBehavior [ RunTime:0.000039s ]
INFO: [ app_init ] --END-- [ RunTime:0.002786s ]
INFO: [ app_begin ] --START--
INFO: Run Behavior\ReadHtmlCacheBehavior [ RunTime:0.003441s ]
INFO: [ app_begin ] --END-- [ RunTime:0.003645s ]
NOTIC: [2048] Declaration of Home\Controller\IndexController::show() should be compatible with Think\Controller::show($content, $charset = '', $contentType = '', $prefix = '') D:\install\Apache\htdocs\Application\Home\Controller\IndexController.class.php 第 181 行.
INFO: [ view_parse ] --START--
INFO: [ template_filter ] --START--
INFO: Run Behavior\ContentReplaceBehavior [ RunTime:0.000617s ]
INFO: [ template_filter ] --END-- [ RunTime:0.000872s ]
INFO: Run Behavior\ParseTemplateBehavior [ RunTime:0.108433s ]
INFO: [ view_parse ] --END-- [ RunTime:0.108620s ]
INFO: [ view_filter ] --START--
INFO: Run Behavior\WriteHtmlCacheBehavior [ RunTime:0.002382s ]
INFO: [ view_filter ] --END-- [ RunTime:0.002514s ]
INFO: [ app_end ] --START--
INFO: Run Behavior\ShowPageTraceBehavior [ RunTime:0.005510s ]
INFO: [ app_end ] --END-- [ RunTime:0.005766s ]

[ 2016-08-28T08:22:46+08:00 ] ::1 /index.php/home/gonglue/strategylist
INFO: [ app_init ] --START--
INFO: Run Behavior\BuildLiteBehavior [ RunTime:0.000082s ]
INFO: [ app_init ] --END-- [ RunTime:0.003896s ]
INFO: [ app_begin ] --START--
INFO: Run Behavior\ReadHtmlCacheBehavior [ RunTime:0.003963s ]
INFO: [ app_begin ] --END-- [ RunTime:0.004123s ]
SQL: SHOW COLUMNS FROM `gonglueinfo` [ RunTime:0.0374s ]
SQL: SELECT * FROM `gonglueinfo`  [ RunTime:0.0010s ]
SQL: SHOW COLUMNS FROM `gongluetype` [ RunTime:0.0281s ]
SQL: SELECT * FROM `gongluetype` WHERE ( parentid=1 )  [ RunTime:0.0007s ]
SQL: SELECT * FROM `gongluetype` WHERE ( parentid=2 )  [ RunTime:0.0006s ]
INFO: [ view_parse ] --START--
INFO: [ template_filter ] --START--
INFO: Run Behavior\ContentReplaceBehavior [ RunTime:0.000224s ]
INFO: [ template_filter ] --END-- [ RunTime:0.000360s ]
INFO: Run Behavior\ParseTemplateBehavior [ RunTime:0.039665s ]
INFO: [ view_parse ] --END-- [ RunTime:0.039837s ]
INFO: [ view_filter ] --START--
INFO: Run Behavior\WriteHtmlCacheBehavior [ RunTime:0.002704s ]
INFO: [ view_filter ] --END-- [ RunTime:0.002821s ]
INFO: [ app_end ] --START--
INFO: Run Behavior\ShowPageTraceBehavior [ RunTime:0.003297s ]
INFO: [ app_end ] --END-- [ RunTime:0.003471s ]

[ 2016-08-28T08:57:21+08:00 ] ::1 /index.php/home/gonglue/strategydetails/id/2
INFO: [ app_init ] --START--
INFO: Run Behavior\BuildLiteBehavior [ RunTime:0.000056s ]
INFO: [ app_init ] --END-- [ RunTime:0.003033s ]
INFO: [ app_begin ] --START--
INFO: Run Behavior\ReadHtmlCacheBehavior [ RunTime:0.003074s ]
INFO: [ app_begin ] --END-- [ RunTime:0.003273s ]
SQL: SHOW COLUMNS FROM `gonglueinfo` [ RunTime:0.0285s ]
SQL: SELECT * FROM `gonglueinfo` WHERE `id` = 2 LIMIT 1   [ RunTime:0.0009s ]
SQL: SELECT `gongluetypeid` FROM `gonglueinfo` WHERE ( id=2 )  [ RunTime:0.0006s ]
SQL: SHOW COLUMNS FROM `gongluetype` [ RunTime:0.0229s ]
SQL: SELECT `parentid` FROM `gongluetype` WHERE ( id=21 )  [ RunTime:0.0006s ]
SQL: SHOW COLUMNS FROM `gonglue` [ RunTime:0.0236s ]
SQL: SELECT `id` FROM `gonglue` WHERE ( id=2 )  [ RunTime:0.0007s ]
SQL: SELECT * FROM `gonglue` WHERE `id` = 2 LIMIT 1   [ RunTime:0.0006s ]
INFO: [ view_parse ] --START--
INFO: [ template_filter ] --START--
INFO: Run Behavior\ContentReplaceBehavior [ RunTime:0.000211s ]
INFO: [ template_filter ] --END-- [ RunTime:0.000348s ]
INFO: Run Behavior\ParseTemplateBehavior [ RunTime:0.035499s ]
INFO: [ view_parse ] --END-- [ RunTime:0.035704s ]
INFO: [ view_filter ] --START--
INFO: Run Behavior\WriteHtmlCacheBehavior [ RunTime:0.003822s ]
INFO: [ view_filter ] --END-- [ RunTime:0.004018s ]
INFO: [ app_end ] --START--
INFO: Run Behavior\ShowPageTraceBehavior [ RunTime:0.005099s ]
INFO: [ app_end ] --END-- [ RunTime:0.005350s ]

[ 2016-08-28T18:33:49+08:00 ] ::1 /index.php/home/gonglue/strategydetails/id/2
INFO: [ app_init ] --START--
INFO: Run Behavior\BuildLiteBehavior [ RunTime:0.000058s ]
INFO: [ app_init ] --END-- [ RunTime:0.003087s ]
INFO: [ app_begin ] --START--
INFO: Run Behavior\ReadHtmlCacheBehavior [ RunTime:0.002401s ]
INFO: [ app_begin ] --END-- [ RunTime:0.002655s ]
SQL: SHOW COLUMNS FROM `gonglueinfo` [ RunTime:0.0404s ]
SQL: SELECT * FROM `gonglueinfo` WHERE `id` = 2 LIMIT 1   [ RunTime:0.0013s ]
SQL: SELECT `gongluetypeid` FROM `gonglueinfo` WHERE `id` = 2 AND ( id=2 )  [ RunTime:0.0008s ]
SQL: SHOW COLUMNS FROM `gongluetype` [ RunTime:0.0379s ]
SQL: SELECT `parentid` FROM `gongluetype` WHERE ( id=21 )  [ RunTime:0.0008s ]
SQL: SHOW COLUMNS FROM `gonglue` [ RunTime:0.0414s ]
SQL: SELECT `id` FROM `gonglue` WHERE ( id=2 )  [ RunTime:0.0007s ]
SQL: SELECT * FROM `gonglue` WHERE `id` = 2 LIMIT 1   [ RunTime:0.0014s ]
INFO: [ view_parse ] --START--
INFO: [ template_filter ] --START--
INFO: Run Behavior\ContentReplaceBehavior [ RunTime:0.000211s ]
INFO: [ template_filter ] --END-- [ RunTime:0.000354s ]
NOTIC: [8] Undefined index: userid D:\install\Apache\htdocs\Application\Runtime\Cache\Home\ea5590d8188f4a487ab86fb10addda82.php 第 41 行.
INFO: Run Behavior\ParseTemplateBehavior [ RunTime:0.061419s ]
INFO: [ view_parse ] --END-- [ RunTime:0.061599s ]
INFO: [ view_filter ] --START--
INFO: Run Behavior\WriteHtmlCacheBehavior [ RunTime:0.002076s ]
INFO: [ view_filter ] --END-- [ RunTime:0.002199s ]
INFO: [ app_end ] --START--
INFO: Run Behavior\ShowPageTraceBehavior [ RunTime:0.002730s ]
INFO: [ app_end ] --END-- [ RunTime:0.002871s ]

[ 2016-08-28T18:55:38+08:00 ] ::1 /index.php/home/gonglue/strategydetails/id/2
INFO: [ app_init ] --START--
INFO: Run Behavior\BuildLiteBehavior [ RunTime:0.000049s ]
INFO: [ app_init ] --END-- [ RunTime:0.004221s ]
INFO: [ app_begin ] --START--
INFO: Run Behavior\ReadHtmlCacheBehavior [ RunTime:0.003627s ]
INFO: [ app_begin ] --END-- [ RunTime:0.003820s ]
SQL: SHOW COLUMNS FROM `gonglueinfo` [ RunTime:0.0422s ]
SQL: SELECT * FROM `gonglueinfo` WHERE `id` = 2 LIMIT 1   [ RunTime:0.0010s ]
SQL: SELECT `gongluetypeid` FROM `gonglueinfo` WHERE `id` = 2 AND ( id=2 )  [ RunTime:0.0008s ]
SQL: SHOW COLUMNS FROM `gongluetype` [ RunTime:0.0347s ]
SQL: SELECT `parentid` FROM `gongluetype` WHERE ( id=21 )  [ RunTime:0.0008s ]
SQL: SHOW COLUMNS FROM `gonglue` [ RunTime:0.0330s ]
SQL: SELECT `id` FROM `gonglue` WHERE ( id=2 )  [ RunTime:0.0009s ]
SQL: SELECT * FROM `gonglue` WHERE `id` = 2 LIMIT 1   [ RunTime:0.0011s ]
INFO: [ view_parse ] --START--
INFO: [ template_filter ] --START--
INFO: Run Behavior\ContentReplaceBehavior [ RunTime:0.000366s ]
INFO: [ template_filter ] --END-- [ RunTime:0.000597s ]
NOTIC: [8] Undefined index: userid D:\install\Apache\htdocs\Application\Runtime\Cache\Home\ea5590d8188f4a487ab86fb10addda82.php 第 41 行.
INFO: Run Behavior\ParseTemplateBehavior [ RunTime:0.096435s ]
INFO: [ view_parse ] --END-- [ RunTime:0.096689s ]
INFO: [ view_filter ] --START--
INFO: Run Behavior\WriteHtmlCacheBehavior [ RunTime:0.003619s ]
INFO: [ view_filter ] --END-- [ RunTime:0.003837s ]
INFO: [ app_end ] --START--
INFO: Run Behavior\ShowPageTraceBehavior [ RunTime:0.004644s ]
INFO: [ app_end ] --END-- [ RunTime:0.004896s ]

[ 2016-08-28T18:56:05+08:00 ] ::1 /index.php/home/gonglue/strategylists
INFO: [ app_init ] --START--
INFO: Run Behavior\BuildLiteBehavior [ RunTime:0.000043s ]
INFO: [ app_init ] --END-- [ RunTime:0.003527s ]
INFO: [ app_begin ] --START--
INFO: Run Behavior\ReadHtmlCacheBehavior [ RunTime:0.004438s ]
INFO: [ app_begin ] --END-- [ RunTime:0.004676s ]
ERR: 非法操作:strategylists

[ 2016-08-28T18:56:10+08:00 ] ::1 /index.php/home/gonglue/strategylist
INFO: [ app_init ] --START--
INFO: Run Behavior\BuildLiteBehavior [ RunTime:0.000058s ]
INFO: [ app_init ] --END-- [ RunTime:0.002976s ]
INFO: [ app_begin ] --START--
INFO: Run Behavior\ReadHtmlCacheBehavior [ RunTime:0.002423s ]
INFO: [ app_begin ] --END-- [ RunTime:0.002576s ]
INFO: [ view_parse ] --START--
INFO: [ template_filter ] --START--
INFO: Run Behavior\ContentReplaceBehavior [ RunTime:0.000189s ]
INFO: [ template_filter ] --END-- [ RunTime:0.000335s ]
NOTIC: [8] Undefined variable: gongluetype1 D:\install\Apache\htdocs\Application\Runtime\Cache\Home\5af1ca2483f56b76246fbb2989f62356.php 第 41 行.
NOTIC: [8] Undefined variable: gongluetype2 D:\install\Apache\htdocs\Application\Runtime\Cache\Home\5af1ca2483f56b76246fbb2989f62356.php 第 49 行.
NOTIC: [8] Undefined variable: infodetail D:\install\Apache\htdocs\Application\Runtime\Cache\Home\5af1ca2483f56b76246fbb2989f62356.php 第 66 行.
INFO: Run Behavior\ParseTemplateBehavior [ RunTime:0.079401s ]
INFO: [ view_parse ] --END-- [ RunTime:0.079706s ]
INFO: [ view_filter ] --START--
INFO: Run Behavior\WriteHtmlCacheBehavior [ RunTime:0.002749s ]
INFO: [ view_filter ] --END-- [ RunTime:0.002885s ]
INFO: [ app_end ] --START--
INFO: Run Behavior\ShowPageTraceBehavior [ RunTime:0.004473s ]
INFO: [ app_end ] --END-- [ RunTime:0.004870s ]

[ 2016-08-28T18:57:07+08:00 ] ::1 /index.php/home/gonglue/strategylists
INFO: [ app_init ] --START--
INFO: Run Behavior\BuildLiteBehavior [ RunTime:0.000042s ]
INFO: [ app_init ] --END-- [ RunTime:0.002422s ]
INFO: [ app_begin ] --START--
INFO: Run Behavior\ReadHtmlCacheBehavior [ RunTime:0.002423s ]
INFO: [ app_begin ] --END-- [ RunTime:0.002573s ]
ERR: 非法操作:strategylists

[ 2016-08-28T18:57:21+08:00 ] ::1 /index.php/home/gonglue/strategylists
INFO: [ app_init ] --START--
INFO: Run Behavior\BuildLiteBehavior [ RunTime:0.000040s ]
INFO: [ app_init ] --END-- [ RunTime:0.002695s ]
INFO: [ app_begin ] --START--
INFO: Run Behavior\ReadHtmlCacheBehavior [ RunTime:0.002881s ]
INFO: [ app_begin ] --END-- [ RunTime:0.003055s ]
ERR: 非法操作:strategylists

[ 2016-08-28T18:57:28+08:00 ] ::1 /index.php/home/gonglue/strategylist
INFO: [ app_init ] --START--
INFO: Run Behavior\BuildLiteBehavior [ RunTime:0.000042s ]
INFO: [ app_init ] --END-- [ RunTime:0.003923s ]
INFO: [ app_begin ] --START--
INFO: Run Behavior\ReadHtmlCacheBehavior [ RunTime:0.004096s ]
INFO: [ app_begin ] --END-- [ RunTime:0.004336s ]
INFO: [ view_parse ] --START--
INFO: [ template_filter ] --START--
INFO: Run Behavior\ContentReplaceBehavior [ RunTime:0.000185s ]
INFO: [ template_filter ] --END-- [ RunTime:0.000323s ]
NOTIC: [8] Undefined variable: gongluetype1 D:\install\Apache\htdocs\Application\Runtime\Cache\Home\5af1ca2483f56b76246fbb2989f62356.php 第 41 行.
NOTIC: [8] Undefined variable: gongluetype2 D:\install\Apache\htdocs\Application\Runtime\Cache\Home\5af1ca2483f56b76246fbb2989f62356.php 第 49 行.
NOTIC: [8] Undefined variable: infodetail D:\install\Apache\htdocs\Application\Runtime\Cache\Home\5af1ca2483f56b76246fbb2989f62356.php 第 66 行.
INFO: Run Behavior\ParseTemplateBehavior [ RunTime:0.043648s ]
INFO: [ view_parse ] --END-- [ RunTime:0.043916s ]
INFO: [ view_filter ] --START--
INFO: Run Behavior\WriteHtmlCacheBehavior [ RunTime:0.005796s ]
INFO: [ view_filter ] --END-- [ RunTime:0.005988s ]
INFO: [ app_end ] --START--
INFO: Run Behavior\ShowPageTraceBehavior [ RunTime:0.005080s ]
INFO: [ app_end ] --END-- [ RunTime:0.005272s ]

[ 2016-08-28T19:33:18+08:00 ] ::1 /index.php/home/gonglue/strategylist
INFO: [ app_init ] --START--
INFO: Run Behavior\BuildLiteBehavior [ RunTime:0.000039s ]
INFO: [ app_init ] --END-- [ RunTime:0.002214s ]
INFO: [ app_begin ] --START--
INFO: Run Behavior\ReadHtmlCacheBehavior [ RunTime:0.002797s ]
INFO: [ app_begin ] --END-- [ RunTime:0.002982s ]
INFO: [ view_parse ] --START--
INFO: [ template_filter ] --START--
INFO: Run Behavior\ContentReplaceBehavior [ RunTime:0.000325s ]
INFO: [ template_filter ] --END-- [ RunTime:0.000575s ]
NOTIC: [8] Undefined variable: gongluetype1 D:\install\Apache\htdocs\Application\Runtime\Cache\Home\5af1ca2483f56b76246fbb2989f62356.php 第 41 行.
NOTIC: [8] Undefined variable: gongluetype2 D:\install\Apache\htdocs\Application\Runtime\Cache\Home\5af1ca2483f56b76246fbb2989f62356.php 第 49 行.
NOTIC: [8] Undefined variable: infodetail D:\install\Apache\htdocs\Application\Runtime\Cache\Home\5af1ca2483f56b76246fbb2989f62356.php 第 66 行.
INFO: Run Behavior\ParseTemplateBehavior [ RunTime:0.157933s ]
INFO: [ view_parse ] --END-- [ RunTime:0.158134s ]
INFO: [ view_filter ] --START--
INFO: Run Behavior\WriteHtmlCacheBehavior [ RunTime:0.012380s ]
INFO: [ view_filter ] --END-- [ RunTime:0.012651s ]
INFO: [ app_end ] --START--
INFO: Run Behavior\ShowPageTraceBehavior [ RunTime:0.008331s ]
INFO: [ app_end ] --END-- [ RunTime:0.008572s ]

[ 2016-08-28T21:11:44+08:00 ] ::1 /index.php/home
INFO: [ app_init ] --START--
INFO: Run Behavior\BuildLiteBehavior [ RunTime:0.000046s ]
INFO: [ app_init ] --END-- [ RunTime:0.002901s ]
INFO: [ app_begin ] --START--
INFO: Run Behavior\ReadHtmlCacheBehavior [ RunTime:0.004188s ]
INFO: [ app_begin ] --END-- [ RunTime:0.004605s ]
NOTIC: [2048] Declaration of Home\Controller\IndexController::show() should be compatible with Think\Controller::show($content, $charset = '', $contentType = '', $prefix = '') D:\install\Apache\htdocs\Application\Home\Controller\IndexController.class.php 第 181 行.
INFO: [ view_parse ] --START--
INFO: [ template_filter ] --START--
INFO: Run Behavior\ContentReplaceBehavior [ RunTime:0.001151s ]
INFO: [ template_filter ] --END-- [ RunTime:0.001726s ]
INFO: Run Behavior\ParseTemplateBehavior [ RunTime:0.076964s ]
INFO: [ view_parse ] --END-- [ RunTime:0.077191s ]
INFO: [ view_filter ] --START--
INFO: Run Behavior\WriteHtmlCacheBehavior [ RunTime:0.003652s ]
INFO: [ view_filter ] --END-- [ RunTime:0.003872s ]
INFO: [ app_end ] --START--
INFO: Run Behavior\ShowPageTraceBehavior [ RunTime:0.008790s ]
INFO: [ app_end ] --END-- [ RunTime:0.009354s ]

[ 2016-08-28T21:44:27+08:00 ] ::1 /index.php/home/gonglue/strategylist
INFO: [ app_init ] --START--
INFO: Run Behavior\BuildLiteBehavior [ RunTime:0.000040s ]
INFO: [ app_init ] --END-- [ RunTime:0.003234s ]
INFO: [ app_begin ] --START--
INFO: Run Behavior\ReadHtmlCacheBehavior [ RunTime:0.003373s ]
INFO: [ app_begin ] --END-- [ RunTime:0.003558s ]
INFO: [ view_parse ] --START--
INFO: [ template_filter ] --START--
INFO: Run Behavior\ContentReplaceBehavior [ RunTime:0.000209s ]
INFO: [ template_filter ] --END-- [ RunTime:0.000385s ]
NOTIC: [8] Undefined variable: gongluetype1 D:\install\Apache\htdocs\Application\Runtime\Cache\Home\5af1ca2483f56b76246fbb2989f62356.php 第 41 行.
NOTIC: [8] Undefined variable: gongluetype2 D:\install\Apache\htdocs\Application\Runtime\Cache\Home\5af1ca2483f56b76246fbb2989f62356.php 第 49 行.
NOTIC: [8] Undefined variable: infodetail D:\install\Apache\htdocs\Application\Runtime\Cache\Home\5af1ca2483f56b76246fbb2989f62356.php 第 66 行.
INFO: Run Behavior\ParseTemplateBehavior [ RunTime:0.044991s ]
INFO: [ view_parse ] --END-- [ RunTime:0.045195s ]
INFO: [ view_filter ] --START--
INFO: Run Behavior\WriteHtmlCacheBehavior [ RunTime:0.002530s ]
INFO: [ view_filter ] --END-- [ RunTime:0.002672s ]
INFO: [ app_end ] --START--
INFO: Run Behavior\ShowPageTraceBehavior [ RunTime:0.003996s ]
INFO: [ app_end ] --END-- [ RunTime:0.004165s ]

[ 2016-08-28T21:52:53+08:00 ] ::1 /index.php/home/gonglue/strategylist
INFO: [ app_init ] --START--
INFO: Run Behavior\BuildLiteBehavior [ RunTime:0.000041s ]
INFO: [ app_init ] --END-- [ RunTime:0.002685s ]
INFO: [ app_begin ] --START--
INFO: Run Behavior\ReadHtmlCacheBehavior [ RunTime:0.005940s ]
INFO: [ app_begin ] --END-- [ RunTime:0.007254s ]
INFO: [ view_parse ] --START--
INFO: [ template_filter ] --START--
INFO: Run Behavior\ContentReplaceBehavior [ RunTime:0.000203s ]
INFO: [ template_filter ] --END-- [ RunTime:0.000362s ]
NOTIC: [8] Undefined variable: gongluetype1 D:\install\Apache\htdocs\Application\Runtime\Cache\Home\5af1ca2483f56b76246fbb2989f62356.php 第 41 行.
NOTIC: [8] Undefined variable: gongluetype2 D:\install\Apache\htdocs\Application\Runtime\Cache\Home\5af1ca2483f56b76246fbb2989f62356.php 第 49 行.
NOTIC: [8] Undefined variable: infodetail D:\install\Apache\htdocs\Application\Runtime\Cache\Home\5af1ca2483f56b76246fbb2989f62356.php 第 66 行.
INFO: Run Behavior\ParseTemplateBehavior [ RunTime:0.136454s ]
INFO: [ view_parse ] --END-- [ RunTime:0.136639s ]
INFO: [ view_filter ] --START--
INFO: Run Behavior\WriteHtmlCacheBehavior [ RunTime:0.003687s ]
INFO: [ view_filter ] --END-- [ RunTime:0.003894s ]
INFO: [ app_end ] --START--
INFO: Run Behavior\ShowPageTraceBehavior [ RunTime:0.005781s ]
INFO: [ app_end ] --END-- [ RunTime:0.006008s ]

[ 2016-08-28T21:53:59+08:00 ] ::1 /index.php/home/gonglue/strategylist
INFO: [ app_init ] --START--
INFO: Run Behavior\BuildLiteBehavior [ RunTime:0.000053s ]
INFO: [ app_init ] --END-- [ RunTime:0.003488s ]
INFO: [ app_begin ] --START--
INFO: Run Behavior\ReadHtmlCacheBehavior [ RunTime:0.004046s ]
INFO: [ app_begin ] --END-- [ RunTime:0.004231s ]
INFO: [ view_parse ] --START--
INFO: [ template_filter ] --START--
INFO: Run Behavior\ContentReplaceBehavior [ RunTime:0.000255s ]
INFO: [ template_filter ] --END-- [ RunTime:0.000416s ]
NOTIC: [8] Undefined variable: gongluetype1 D:\install\Apache\htdocs\Application\Runtime\Cache\Home\5af1ca2483f56b76246fbb2989f62356.php 第 41 行.
NOTIC: [8] Undefined variable: gongluetype2 D:\install\Apache\htdocs\Application\Runtime\Cache\Home\5af1ca2483f56b76246fbb2989f62356.php 第 49 行.
NOTIC: [8] Undefined variable: infodetail D:\install\Apache\htdocs\Application\Runtime\Cache\Home\5af1ca2483f56b76246fbb2989f62356.php 第 66 行.
INFO: Run Behavior\ParseTemplateBehavior [ RunTime:0.053167s ]
INFO: [ view_parse ] --END-- [ RunTime:0.053693s ]
INFO: [ view_filter ] --START--
INFO: Run Behavior\WriteHtmlCacheBehavior [ RunTime:0.004286s ]
INFO: [ view_filter ] --END-- [ RunTime:0.004488s ]
INFO: [ app_end ] --START--
INFO: Run Behavior\ShowPageTraceBehavior [ RunTime:0.005594s ]
INFO: [ app_end ] --END-- [ RunTime:0.006379s ]

[ 2016-08-28T21:55:56+08:00 ] ::1 /index.php/home/gonglue/siteselection
INFO: [ app_init ] --START--
INFO: Run Behavior\BuildLiteBehavior [ RunTime:0.000054s ]
INFO: [ app_init ] --END-- [ RunTime:0.002289s ]
INFO: [ app_begin ] --START--
INFO: Run Behavior\ReadHtmlCacheBehavior [ RunTime:0.004239s ]
INFO: [ app_begin ] --END-- [ RunTime:0.004442s ]
NOTIC: [8] Undefined index: id D:\install\Apache\htdocs\Application\Home\Controller\GonglueController.class.php 第 6 行.
SQL: SHOW COLUMNS FROM `gonglueinfo` [ RunTime:0.0405s ]
SQL: SELECT * FROM `gonglueinfo` WHERE ( gongluetypeid=18 )  [ RunTime:0.0012s ]
SQL: SHOW COLUMNS FROM `gongluetype` [ RunTime:0.0356s ]
SQL: SELECT * FROM `gongluetype` WHERE ( parentid=1 )  [ RunTime:0.0010s ]
SQL: SELECT * FROM `gongluetype` WHERE ( parentid=2 )  [ RunTime:0.0009s ]
INFO: [ view_parse ] --START--
INFO: [ template_filter ] --START--
INFO: Run Behavior\ContentReplaceBehavior [ RunTime:0.000226s ]
INFO: [ template_filter ] --END-- [ RunTime:0.000382s ]
NOTIC: [8] Undefined index: browsetimes D:\install\Apache\htdocs\Application\Runtime\Cache\Home\bcb881937af66c64028d61fef215b102.php 第 78 行.
INFO: Run Behavior\ParseTemplateBehavior [ RunTime:0.092430s ]
INFO: [ view_parse ] --END-- [ RunTime:0.092636s ]
INFO: [ view_filter ] --START--
INFO: Run Behavior\WriteHtmlCacheBehavior [ RunTime:0.002612s ]
INFO: [ view_filter ] --END-- [ RunTime:0.002800s ]
INFO: [ app_end ] --START--
INFO: Run Behavior\ShowPageTraceBehavior [ RunTime:0.003366s ]
INFO: [ app_end ] --END-- [ RunTime:0.003595s ]

[ 2016-08-28T21:56:00+08:00 ] ::1 /index.php/Home/Gonglue/siteselection/id/17
INFO: [ app_init ] --START--
INFO: Run Behavior\BuildLiteBehavior [ RunTime:0.000044s ]
INFO: [ app_init ] --END-- [ RunTime:0.002566s ]
INFO: [ app_begin ] --START--
INFO: Run Behavior\ReadHtmlCacheBehavior [ RunTime:0.003219s ]
INFO: [ app_begin ] --END-- [ RunTime:0.003405s ]
SQL: SHOW COLUMNS FROM `gonglueinfo` [ RunTime:0.0339s ]
SQL: SELECT * FROM `gonglueinfo` WHERE ( gongluetypeid=17 )  [ RunTime:0.0009s ]
SQL: SHOW COLUMNS FROM `gongluetype` [ RunTime:0.0302s ]
SQL: SELECT * FROM `gongluetype` WHERE ( parentid=1 )  [ RunTime:0.0008s ]
SQL: SELECT * FROM `gongluetype` WHERE ( parentid=2 )  [ RunTime:0.0007s ]
INFO: [ view_parse ] --START--
INFO: [ template_filter ] --START--
INFO: Run Behavior\ContentReplaceBehavior [ RunTime:0.000346s ]
INFO: [ template_filter ] --END-- [ RunTime:0.000580s ]
INFO: Run Behavior\ParseTemplateBehavior [ RunTime:0.044543s ]
INFO: [ view_parse ] --END-- [ RunTime:0.044727s ]
INFO: [ view_filter ] --START--
INFO: Run Behavior\WriteHtmlCacheBehavior [ RunTime:0.003217s ]
INFO: [ view_filter ] --END-- [ RunTime:0.003361s ]
INFO: [ app_end ] --START--
INFO: Run Behavior\ShowPageTraceBehavior [ RunTime:0.006038s ]
INFO: [ app_end ] --END-- [ RunTime:0.006230s ]

[ 2016-08-28T21:56:06+08:00 ] ::1 /index.php/Home/Gonglue/siteselection/id/21
INFO: [ app_init ] --START--
INFO: Run Behavior\BuildLiteBehavior [ RunTime:0.000038s ]
INFO: [ app_init ] --END-- [ RunTime:0.002163s ]
INFO: [ app_begin ] --START--
INFO: Run Behavior\ReadHtmlCacheBehavior [ RunTime:0.005869s ]
INFO: [ app_begin ] --END-- [ RunTime:0.006051s ]
SQL: SHOW COLUMNS FROM `gonglueinfo` [ RunTime:0.0409s ]
SQL: SELECT * FROM `gonglueinfo` WHERE ( gongluetypeid=21 )  [ RunTime:0.0010s ]
SQL: SHOW COLUMNS FROM `gongluetype` [ RunTime:0.0351s ]
SQL: SELECT * FROM `gongluetype` WHERE ( parentid=1 )  [ RunTime:0.0008s ]
SQL: SELECT * FROM `gongluetype` WHERE ( parentid=2 )  [ RunTime:0.0008s ]
INFO: [ view_parse ] --START--
INFO: [ template_filter ] --START--
INFO: Run Behavior\ContentReplaceBehavior [ RunTime:0.000218s ]
INFO: [ template_filter ] --END-- [ RunTime:0.000371s ]
NOTIC: [8] Undefined index: browsetimes D:\install\Apache\htdocs\Application\Runtime\Cache\Home\bcb881937af66c64028d61fef215b102.php 第 78 行.
NOTIC: [8] Undefined index: browsetimes D:\install\Apache\htdocs\Application\Runtime\Cache\Home\bcb881937af66c64028d61fef215b102.php 第 78 行.
INFO: Run Behavior\ParseTemplateBehavior [ RunTime:0.054698s ]
INFO: [ view_parse ] --END-- [ RunTime:0.054920s ]
INFO: [ view_filter ] --START--
INFO: Run Behavior\WriteHtmlCacheBehavior [ RunTime:0.004882s ]
INFO: [ view_filter ] --END-- [ RunTime:0.005055s ]
INFO: [ app_end ] --START--
INFO: Run Behavior\ShowPageTraceBehavior [ RunTime:0.005590s ]
INFO: [ app_end ] --END-- [ RunTime:0.005807s ]

[ 2016-08-28T21:56:37+08:00 ] ::1 /index.php/Home/Gonglue/siteselection/id/21
INFO: [ app_init ] --START--
INFO: Run Behavior\BuildLiteBehavior [ RunTime:0.000042s ]
INFO: [ app_init ] --END-- [ RunTime:0.002134s ]
INFO: [ app_begin ] --START--
INFO: Run Behavior\ReadHtmlCacheBehavior [ RunTime:0.003571s ]
INFO: [ app_begin ] --END-- [ RunTime:0.003776s ]
SQL: SHOW COLUMNS FROM `gonglueinfo` [ RunTime:0.0422s ]
SQL: SELECT * FROM `gonglueinfo` WHERE ( gongluetypeid=21 )  [ RunTime:0.0010s ]
SQL: SHOW COLUMNS FROM `gongluetype` [ RunTime:0.0379s ]
SQL: SELECT * FROM `gongluetype` WHERE ( parentid=1 )  [ RunTime:0.0021s ]
SQL: SELECT * FROM `gongluetype` WHERE ( parentid=2 )  [ RunTime:0.0015s ]
INFO: [ view_parse ] --START--
INFO: [ template_filter ] --START--
INFO: Run Behavior\ContentReplaceBehavior [ RunTime:0.000223s ]
INFO: [ template_filter ] --END-- [ RunTime:0.000365s ]
INFO: Run Behavior\ParseTemplateBehavior [ RunTime:0.047668s ]
INFO: [ view_parse ] --END-- [ RunTime:0.048081s ]
INFO: [ view_filter ] --START--
INFO: Run Behavior\WriteHtmlCacheBehavior [ RunTime:0.004280s ]
INFO: [ view_filter ] --END-- [ RunTime:0.004491s ]
INFO: [ app_end ] --START--
INFO: Run Behavior\ShowPageTraceBehavior [ RunTime:0.005825s ]
INFO: [ app_end ] --END-- [ RunTime:0.006060s ]

[ 2016-08-28T21:56:44+08:00 ] ::1 /index.php/Home/Gonglue/strategydetails/id/2
INFO: [ app_init ] --START--
INFO: Run Behavior\BuildLiteBehavior [ RunTime:0.000062s ]
INFO: [ app_init ] --END-- [ RunTime:0.003634s ]
INFO: [ app_begin ] --START--
INFO: Run Behavior\ReadHtmlCacheBehavior [ RunTime:0.003870s ]
INFO: [ app_begin ] --END-- [ RunTime:0.004048s ]
SQL: SHOW COLUMNS FROM `gonglueinfo` [ RunTime:0.0425s ]
SQL: SELECT * FROM `gonglueinfo` WHERE `id` = 2 LIMIT 1   [ RunTime:0.0009s ]
SQL: UPDATE `gonglueinfo` SET `browsetimes`=browsetimes+1 WHERE `id` = 2 [ RunTime:0.0372s ]
SQL: SELECT `gongluetypeid` FROM `gonglueinfo` WHERE ( id=2 )  [ RunTime:0.0008s ]
SQL: SHOW COLUMNS FROM `gongluetype` [ RunTime:0.0371s ]
SQL: SELECT `parentid` FROM `gongluetype` WHERE ( id=21 )  [ RunTime:0.0010s ]
SQL: SHOW COLUMNS FROM `gonglue` [ RunTime:0.0346s ]
SQL: SELECT `id` FROM `gonglue` WHERE ( id=2 )  [ RunTime:0.0007s ]
SQL: SELECT * FROM `gonglue` WHERE `id` = 2 LIMIT 1   [ RunTime:0.0007s ]
INFO: [ view_parse ] --START--
INFO: [ template_filter ] --START--
INFO: Run Behavior\ContentReplaceBehavior [ RunTime:0.000268s ]
INFO: [ template_filter ] --END-- [ RunTime:0.000483s ]
NOTIC: [8] Undefined index: userid D:\install\Apache\htdocs\Application\Runtime\Cache\Home\ea5590d8188f4a487ab86fb10addda82.php 第 41 行.
INFO: Run Behavior\ParseTemplateBehavior [ RunTime:0.077942s ]
INFO: [ view_parse ] --END-- [ RunTime:0.078165s ]
INFO: [ view_filter ] --START--
INFO: Run Behavior\WriteHtmlCacheBehavior [ RunTime:0.004513s ]
INFO: [ view_filter ] --END-- [ RunTime:0.004721s ]
INFO: [ app_end ] --START--
INFO: Run Behavior\ShowPageTraceBehavior [ RunTime:0.005745s ]
INFO: [ app_end ] --END-- [ RunTime:0.005943s ]

[ 2016-08-28T21:56:48+08:00 ] ::1 /index.php/Home/Gonglue/siteselection/id/21
INFO: [ app_init ] --START--
INFO: Run Behavior\BuildLiteBehavior [ RunTime:0.000072s ]
INFO: [ app_init ] --END-- [ RunTime:0.002851s ]
INFO: [ app_begin ] --START--
INFO: Run Behavior\ReadHtmlCacheBehavior [ RunTime:0.003661s ]
INFO: [ app_begin ] --END-- [ RunTime:0.003838s ]
SQL: SHOW COLUMNS FROM `gonglueinfo` [ RunTime:0.0435s ]
SQL: SELECT * FROM `gonglueinfo` WHERE ( gongluetypeid=21 )  [ RunTime:0.0010s ]
SQL: SHOW COLUMNS FROM `gongluetype` [ RunTime:0.0337s ]
SQL: SELECT * FROM `gongluetype` WHERE ( parentid=1 )  [ RunTime:0.0008s ]
SQL: SELECT * FROM `gongluetype` WHERE ( parentid=2 )  [ RunTime:0.0007s ]
INFO: [ view_parse ] --START--
INFO: [ template_filter ] --START--
INFO: Run Behavior\ContentReplaceBehavior [ RunTime:0.000501s ]
INFO: [ template_filter ] --END-- [ RunTime:0.000724s ]
INFO: Run Behavior\ParseTemplateBehavior [ RunTime:0.057277s ]
INFO: [ view_parse ] --END-- [ RunTime:0.057512s ]
INFO: [ view_filter ] --START--
INFO: Run Behavior\WriteHtmlCacheBehavior [ RunTime:0.002552s ]
INFO: [ view_filter ] --END-- [ RunTime:0.002713s ]
INFO: [ app_end ] --START--
INFO: Run Behavior\ShowPageTraceBehavior [ RunTime:0.004662s ]
INFO: [ app_end ] --END-- [ RunTime:0.004910s ]

[ 2016-08-28T21:59:15+08:00 ] ::1 /index.php/Home/Gonglue/siteselection/id/21
INFO: [ app_init ] --START--
INFO: Run Behavior\BuildLiteBehavior [ RunTime:0.000041s ]
INFO: [ app_init ] --END-- [ RunTime:0.003318s ]
INFO: [ app_begin ] --START--
INFO: Run Behavior\ReadHtmlCacheBehavior [ RunTime:0.004079s ]
INFO: [ app_begin ] --END-- [ RunTime:0.004274s ]
SQL: SHOW COLUMNS FROM `gonglueinfo` [ RunTime:0.0408s ]
SQL: SELECT * FROM `gonglueinfo` WHERE ( gongluetypeid=21 )  [ RunTime:0.0012s ]
SQL: SHOW COLUMNS FROM `gongluetype` [ RunTime:0.0353s ]
SQL: SELECT * FROM `gongluetype` WHERE ( parentid=1 )  [ RunTime:0.0008s ]
SQL: SELECT * FROM `gongluetype` WHERE ( parentid=2 )  [ RunTime:0.0019s ]
INFO: [ view_parse ] --START--
INFO: [ template_filter ] --START--
INFO: Run Behavior\ContentReplaceBehavior [ RunTime:0.000220s ]
INFO: [ template_filter ] --END-- [ RunTime:0.000365s ]
INFO: Run Behavior\ParseTemplateBehavior [ RunTime:0.050925s ]
INFO: [ view_parse ] --END-- [ RunTime:0.051192s ]
INFO: [ view_filter ] --START--
INFO: Run Behavior\WriteHtmlCacheBehavior [ RunTime:0.003418s ]
INFO: [ view_filter ] --END-- [ RunTime:0.003621s ]
INFO: [ app_end ] --START--
INFO: Run Behavior\ShowPageTraceBehavior [ RunTime:0.005057s ]
INFO: [ app_end ] --END-- [ RunTime:0.005314s ]

[ 2016-08-28T21:59:17+08:00 ] ::1 /index.php/Home/Gonglue/strategydetails/id/2
INFO: [ app_init ] --START--
INFO: Run Behavior\BuildLiteBehavior [ RunTime:0.000071s ]
INFO: [ app_init ] --END-- [ RunTime:0.007589s ]
INFO: [ app_begin ] --START--
INFO: Run Behavior\ReadHtmlCacheBehavior [ RunTime:0.007420s ]
INFO: [ app_begin ] --END-- [ RunTime:0.007689s ]
SQL: SHOW COLUMNS FROM `gonglueinfo` [ RunTime:0.0679s ]
SQL: SELECT * FROM `gonglueinfo` WHERE `id` = 2 LIMIT 1   [ RunTime:0.0012s ]
SQL: UPDATE `gonglueinfo` SET `browsetimes`=browsetimes+1 WHERE `id` = 2 [ RunTime:0.0008s ]
SQL: SELECT `gongluetypeid` FROM `gonglueinfo` WHERE ( id=2 )  [ RunTime:0.0008s ]
SQL: SHOW COLUMNS FROM `gongluetype` [ RunTime:0.0450s ]
SQL: SELECT `parentid` FROM `gongluetype` WHERE ( id=21 )  [ RunTime:0.0008s ]
SQL: SHOW COLUMNS FROM `gonglue` [ RunTime:0.0446s ]
SQL: SELECT `id` FROM `gonglue` WHERE ( id=2 )  [ RunTime:0.0011s ]
SQL: SELECT * FROM `gonglue` WHERE `id` = 2 LIMIT 1   [ RunTime:0.0008s ]
INFO: [ view_parse ] --START--
INFO: [ template_filter ] --START--
INFO: Run Behavior\ContentReplaceBehavior [ RunTime:0.000332s ]
INFO: [ template_filter ] --END-- [ RunTime:0.000573s ]
NOTIC: [8] Undefined index: userid D:\install\Apache\htdocs\Application\Runtime\Cache\Home\ea5590d8188f4a487ab86fb10addda82.php 第 41 行.
INFO: Run Behavior\ParseTemplateBehavior [ RunTime:0.060562s ]
INFO: [ view_parse ] --END-- [ RunTime:0.060787s ]
INFO: [ view_filter ] --START--
INFO: Run Behavior\WriteHtmlCacheBehavior [ RunTime:0.004394s ]
INFO: [ view_filter ] --END-- [ RunTime:0.004617s ]
INFO: [ app_end ] --START--
INFO: Run Behavior\ShowPageTraceBehavior [ RunTime:0.012405s ]
INFO: [ app_end ] --END-- [ RunTime:0.012872s ]

[ 2016-08-28T21:59:21+08:00 ] ::1 /index.php/Home/Gonglue/siteselection/id/21
INFO: [ app_init ] --START--
INFO: Run Behavior\BuildLiteBehavior [ RunTime:0.000047s ]
INFO: [ app_init ] --END-- [ RunTime:0.002512s ]
INFO: [ app_begin ] --START--
INFO: Run Behavior\ReadHtmlCacheBehavior [ RunTime:0.003127s ]
INFO: [ app_begin ] --END-- [ RunTime:0.003437s ]
SQL: SHOW COLUMNS FROM `gonglueinfo` [ RunTime:0.0378s ]
SQL: SELECT * FROM `gonglueinfo` WHERE ( gongluetypeid=21 )  [ RunTime:0.0010s ]
SQL: SHOW COLUMNS FROM `gongluetype` [ RunTime:0.0317s ]
SQL: SELECT * FROM `gongluetype` WHERE ( parentid=1 )  [ RunTime:0.0007s ]
SQL: SELECT * FROM `gongluetype` WHERE ( parentid=2 )  [ RunTime:0.0006s ]
INFO: [ view_parse ] --START--
INFO: [ template_filter ] --START--
INFO: Run Behavior\ContentReplaceBehavior [ RunTime:0.000207s ]
INFO: [ template_filter ] --END-- [ RunTime:0.000343s ]
INFO: Run Behavior\ParseTemplateBehavior [ RunTime:0.074058s ]
INFO: [ view_parse ] --END-- [ RunTime:0.074303s ]
INFO: [ view_filter ] --START--
INFO: Run Behavior\WriteHtmlCacheBehavior [ RunTime:0.002691s ]
INFO: [ view_filter ] --END-- [ RunTime:0.002992s ]
INFO: [ app_end ] --START--
INFO: Run Behavior\ShowPageTraceBehavior [ RunTime:0.003289s ]
INFO: [ app_end ] --END-- [ RunTime:0.003490s ]

[ 2016-08-28T22:01:45+08:00 ] ::1 /index.php/Home/Gonglue/strategydetails/id/2
INFO: [ app_init ] --START--
INFO: Run Behavior\BuildLiteBehavior [ RunTime:0.000039s ]
INFO: [ app_init ] --END-- [ RunTime:0.002596s ]
INFO: [ app_begin ] --START--
INFO: Run Behavior\ReadHtmlCacheBehavior [ RunTime:0.003837s ]
INFO: [ app_begin ] --END-- [ RunTime:0.004069s ]
SQL: SHOW COLUMNS FROM `gonglueinfo` [ RunTime:0.0386s ]
SQL: SELECT * FROM `gonglueinfo` WHERE `id` = 2 LIMIT 1   [ RunTime:0.0009s ]
SQL: UPDATE `gonglueinfo` SET `browsetimes`=browsetimes+1 WHERE `id` = 2 [ RunTime:0.0007s ]
SQL: SELECT `gongluetypeid` FROM `gonglueinfo` WHERE ( id=2 )  [ RunTime:0.0007s ]
SQL: SHOW COLUMNS FROM `gongluetype` [ RunTime:0.0346s ]
SQL: SELECT `parentid` FROM `gongluetype` WHERE ( id=21 )  [ RunTime:0.0007s ]
SQL: SHOW COLUMNS FROM `gonglue` [ RunTime:0.0333s ]
SQL: SELECT `id` FROM `gonglue` WHERE ( id=2 )  [ RunTime:0.0007s ]
SQL: SELECT * FROM `gonglue` WHERE `id` = 2 LIMIT 1   [ RunTime:0.0006s ]
INFO: [ view_parse ] --START--
INFO: [ template_filter ] --START--
INFO: Run Behavior\ContentReplaceBehavior [ RunTime:0.000272s ]
INFO: [ template_filter ] --END-- [ RunTime:0.000465s ]
NOTIC: [8] Undefined index: userid D:\install\Apache\htdocs\Application\Runtime\Cache\Home\ea5590d8188f4a487ab86fb10addda82.php 第 41 行.
INFO: Run Behavior\ParseTemplateBehavior [ RunTime:0.040118s ]
INFO: [ view_parse ] --END-- [ RunTime:0.040274s ]
INFO: [ view_filter ] --START--
INFO: Run Behavior\WriteHtmlCacheBehavior [ RunTime:0.002729s ]
INFO: [ view_filter ] --END-- [ RunTime:0.002905s ]
INFO: [ app_end ] --START--
INFO: Run Behavior\ShowPageTraceBehavior [ RunTime:0.004587s ]
INFO: [ app_end ] --END-- [ RunTime:0.004849s ]

[ 2016-08-28T22:01:49+08:00 ] ::1 /index.php/Home/Gonglue/siteselection/id/21
INFO: [ app_init ] --START--
INFO: Run Behavior\BuildLiteBehavior [ RunTime:0.000039s ]
INFO: [ app_init ] --END-- [ RunTime:0.002598s ]
INFO: [ app_begin ] --START--
INFO: Run Behavior\ReadHtmlCacheBehavior [ RunTime:0.004434s ]
INFO: [ app_begin ] --END-- [ RunTime:0.004628s ]
SQL: SHOW COLUMNS FROM `gonglueinfo` [ RunTime:0.0347s ]
SQL: SELECT * FROM `gonglueinfo` WHERE ( gongluetypeid=21 )  [ RunTime:0.0009s ]
SQL: SHOW COLUMNS FROM `gongluetype` [ RunTime:0.0291s ]
SQL: SELECT * FROM `gongluetype` WHERE ( parentid=1 )  [ RunTime:0.0007s ]
SQL: SELECT * FROM `gongluetype` WHERE ( parentid=2 )  [ RunTime:0.0007s ]
INFO: [ view_parse ] --START--
INFO: [ template_filter ] --START--
INFO: Run Behavior\ContentReplaceBehavior [ RunTime:0.000214s ]
INFO: [ template_filter ] --END-- [ RunTime:0.000356s ]
INFO: Run Behavior\ParseTemplateBehavior [ RunTime:0.074770s ]
INFO: [ view_parse ] --END-- [ RunTime:0.075014s ]
INFO: [ view_filter ] --START--
INFO: Run Behavior\WriteHtmlCacheBehavior [ RunTime:0.004627s ]
INFO: [ view_filter ] --END-- [ RunTime:0.004842s ]
INFO: [ app_end ] --START--
INFO: Run Behavior\ShowPageTraceBehavior [ RunTime:0.005513s ]
INFO: [ app_end ] --END-- [ RunTime:0.005786s ]

[ 2016-08-28T22:01:55+08:00 ] ::1 /index.php/Home/Gonglue/siteselection
INFO: [ app_init ] --START--
INFO: Run Behavior\BuildLiteBehavior [ RunTime:0.000038s ]
INFO: [ app_init ] --END-- [ RunTime:0.002712s ]
INFO: [ app_begin ] --START--
INFO: Run Behavior\ReadHtmlCacheBehavior [ RunTime:0.005171s ]
INFO: [ app_begin ] --END-- [ RunTime:0.005449s ]
NOTIC: [8] Undefined index: id D:\install\Apache\htdocs\Application\Home\Controller\GonglueController.class.php 第 6 行.
SQL: SHOW COLUMNS FROM `gonglueinfo` [ RunTime:0.0360s ]
SQL: SELECT * FROM `gonglueinfo` WHERE ( gongluetypeid=18 )  [ RunTime:0.0009s ]
SQL: SHOW COLUMNS FROM `gongluetype` [ RunTime:0.0289s ]
SQL: SELECT * FROM `gongluetype` WHERE ( parentid=1 )  [ RunTime:0.0009s ]
SQL: SELECT * FROM `gongluetype` WHERE ( parentid=2 )  [ RunTime:0.0008s ]
INFO: [ view_parse ] --START--
INFO: [ template_filter ] --START--
INFO: Run Behavior\ContentReplaceBehavior [ RunTime:0.000227s ]
INFO: [ template_filter ] --END-- [ RunTime:0.000366s ]
INFO: Run Behavior\ParseTemplateBehavior [ RunTime:0.041431s ]
INFO: [ view_parse ] --END-- [ RunTime:0.041642s ]
INFO: [ view_filter ] --START--
INFO: Run Behavior\WriteHtmlCacheBehavior [ RunTime:0.002594s ]
INFO: [ view_filter ] --END-- [ RunTime:0.002719s ]
INFO: [ app_end ] --START--
INFO: Run Behavior\ShowPageTraceBehavior [ RunTime:0.003443s ]
INFO: [ app_end ] --END-- [ RunTime:0.003584s ]

[ 2016-08-28T22:05:25+08:00 ] ::1 /index.php/Home/Gonglue/siteselection
INFO: [ app_init ] --START--
INFO: Run Behavior\BuildLiteBehavior [ RunTime:0.000070s ]
INFO: [ app_init ] --END-- [ RunTime:0.004736s ]
INFO: [ app_begin ] --START--
INFO: Run Behavior\ReadHtmlCacheBehavior [ RunTime:0.004508s ]
INFO: [ app_begin ] --END-- [ RunTime:0.004704s ]
NOTIC: [8] Undefined index: id D:\install\Apache\htdocs\Application\Home\Controller\GonglueController.class.php 第 6 行.
SQL: SHOW COLUMNS FROM `gonglueinfo` [ RunTime:0.0400s ]
SQL: SELECT * FROM `gonglueinfo` WHERE ( gongluetypeid=18 )  [ RunTime:0.0009s ]
SQL: SHOW COLUMNS FROM `gongluetype` [ RunTime:0.0397s ]
SQL: SELECT * FROM `gongluetype` WHERE ( parentid=1 )  [ RunTime:0.0009s ]
SQL: SELECT * FROM `gongluetype` WHERE ( parentid=2 )  [ RunTime:0.0007s ]
INFO: [ view_parse ] --START--
INFO: [ template_filter ] --START--
INFO: Run Behavior\ContentReplaceBehavior [ RunTime:0.000483s ]
INFO: [ template_filter ] --END-- [ RunTime:0.000881s ]
INFO: Run Behavior\ParseTemplateBehavior [ RunTime:0.058220s ]
INFO: [ view_parse ] --END-- [ RunTime:0.058512s ]
INFO: [ view_filter ] --START--
INFO: Run Behavior\WriteHtmlCacheBehavior [ RunTime:0.006539s ]
INFO: [ view_filter ] --END-- [ RunTime:0.006850s ]
INFO: [ app_end ] --START--
INFO: Run Behavior\ShowPageTraceBehavior [ RunTime:0.011313s ]
INFO: [ app_end ] --END-- [ RunTime:0.011709s ]

[ 2016-08-28T22:05:29+08:00 ] ::1 /index.php/Home/Gonglue/strategydetails/id/5
INFO: [ app_init ] --START--
INFO: Run Behavior\BuildLiteBehavior [ RunTime:0.000042s ]
INFO: [ app_init ] --END-- [ RunTime:0.002512s ]
INFO: [ app_begin ] --START--
INFO: Run Behavior\ReadHtmlCacheBehavior [ RunTime:0.003378s ]
INFO: [ app_begin ] --END-- [ RunTime:0.003551s ]
SQL: SHOW COLUMNS FROM `gonglueinfo` [ RunTime:0.0354s ]
SQL: SELECT * FROM `gonglueinfo` WHERE `id` = 5 LIMIT 1   [ RunTime:0.0009s ]
SQL: UPDATE `gonglueinfo` SET `browsetimes`=browsetimes+1 WHERE `id` = 5 [ RunTime:0.0528s ]
SQL: SELECT `gongluetypeid` FROM `gonglueinfo` WHERE ( id=5 )  [ RunTime:0.0007s ]
SQL: SHOW COLUMNS FROM `gongluetype` [ RunTime:0.0282s ]
SQL: SELECT `parentid` FROM `gongluetype` WHERE ( id=18 )  [ RunTime:0.0007s ]
SQL: SHOW COLUMNS FROM `gonglue` [ RunTime:0.0282s ]
SQL: SELECT `id` FROM `gonglue` WHERE ( id=1 )  [ RunTime:0.0008s ]
SQL: SELECT * FROM `gonglue` WHERE `id` = 1 LIMIT 1   [ RunTime:0.0006s ]
INFO: [ view_parse ] --START--
INFO: [ template_filter ] --START--
INFO: Run Behavior\ContentReplaceBehavior [ RunTime:0.000214s ]
INFO: [ template_filter ] --END-- [ RunTime:0.000399s ]
NOTIC: [8] Undefined index: userid D:\install\Apache\htdocs\Application\Runtime\Cache\Home\ea5590d8188f4a487ab86fb10addda82.php 第 41 行.
INFO: Run Behavior\ParseTemplateBehavior [ RunTime:0.037953s ]
INFO: [ view_parse ] --END-- [ RunTime:0.038099s ]
INFO: [ view_filter ] --START--
INFO: Run Behavior\WriteHtmlCacheBehavior [ RunTime:0.002537s ]
INFO: [ view_filter ] --END-- [ RunTime:0.002655s ]
INFO: [ app_end ] --START--
INFO: Run Behavior\ShowPageTraceBehavior [ RunTime:0.006361s ]
INFO: [ app_end ] --END-- [ RunTime:0.006593s ]

[ 2016-08-28T22:05:33+08:00 ] ::1 /index.php/Home/Gonglue/siteselection
INFO: [ app_init ] --START--
INFO: Run Behavior\BuildLiteBehavior [ RunTime:0.000040s ]
INFO: [ app_init ] --END-- [ RunTime:0.003308s ]
INFO: [ app_begin ] --START--
INFO: Run Behavior\ReadHtmlCacheBehavior [ RunTime:0.003007s ]
INFO: [ app_begin ] --END-- [ RunTime:0.003168s ]
NOTIC: [8] Undefined index: id D:\install\Apache\htdocs\Application\Home\Controller\GonglueController.class.php 第 6 行.
SQL: SHOW COLUMNS FROM `gonglueinfo` [ RunTime:0.0348s ]
SQL: SELECT * FROM `gonglueinfo` WHERE ( gongluetypeid=18 )  [ RunTime:0.0011s ]
SQL: SHOW COLUMNS FROM `gongluetype` [ RunTime:0.0278s ]
SQL: SELECT * FROM `gongluetype` WHERE ( parentid=1 )  [ RunTime:0.0007s ]
SQL: SELECT * FROM `gongluetype` WHERE ( parentid=2 )  [ RunTime:0.0007s ]
INFO: [ view_parse ] --START--
INFO: [ template_filter ] --START--
INFO: Run Behavior\ContentReplaceBehavior [ RunTime:0.000213s ]
INFO: [ template_filter ] --END-- [ RunTime:0.000356s ]
INFO: Run Behavior\ParseTemplateBehavior [ RunTime:0.038468s ]
INFO: [ view_parse ] --END-- [ RunTime:0.038667s ]
INFO: [ view_filter ] --START--
INFO: Run Behavior\WriteHtmlCacheBehavior [ RunTime:0.001938s ]
INFO: [ view_filter ] --END-- [ RunTime:0.002066s ]
INFO: [ app_end ] --START--
INFO: Run Behavior\ShowPageTraceBehavior [ RunTime:0.002669s ]
INFO: [ app_end ] --END-- [ RunTime:0.002802s ]

