[ 2016-08-15T12:53:10+08:00 ] ::1 /
INFO: [ app_init ] --START--
INFO: Run Behavior\BuildLiteBehavior [ RunTime:0.000016s ]
INFO: [ app_init ] --END-- [ RunTime:0.000426s ]
INFO: [ app_begin ] --START--
INFO: Run Behavior\ReadHtmlCacheBehavior [ RunTime:0.000610s ]
INFO: [ app_begin ] --END-- [ RunTime:0.000661s ]
SQL: SHOW COLUMNS FROM `associated_label2` [ RunTime:0.0096s ]
SQL: SELECT * FROM `associated_label2` ORDER BY first_label  [ RunTime:0.0003s ]
ERR: 1146:Table 'item.type' doesn't exist
 [ SQL语句 ] : SHOW COLUMNS FROM `type`
ERR: 1146:Table 'item.type' doesn't exist
 [ SQL语句 ] : SHOW COLUMNS FROM `type`

[ 2016-08-15T12:53:48+08:00 ] ::1 /
INFO: [ app_init ] --START--
INFO: Run Behavior\BuildLiteBehavior [ RunTime:0.000011s ]
INFO: [ app_init ] --END-- [ RunTime:0.000319s ]
INFO: [ app_begin ] --START--
INFO: Run Behavior\ReadHtmlCacheBehavior [ RunTime:0.000378s ]
INFO: [ app_begin ] --END-- [ RunTime:0.000416s ]
SQL: SHOW COLUMNS FROM `associated_label2` [ RunTime:0.0081s ]
SQL: SELECT * FROM `associated_label2` ORDER BY first_label  [ RunTime:0.0003s ]
ERR: 1146:Table 'item.type' doesn't exist
 [ SQL语句 ] : SHOW COLUMNS FROM `type`
ERR: 1146:Table 'item.type' doesn't exist
 [ SQL语句 ] : SHOW COLUMNS FROM `type`

