[ 2016-12-19T14:22:28+08:00 ] ::1 /PHP_-/market/index.php/home/index/index
INFO: [ app_init ] --START--
INFO: Run Behavior\BuildLiteBehavior [ RunTime:0.000014s ]
INFO: [ app_init ] --END-- [ RunTime:0.000552s ]
INFO: [ app_begin ] --START--
INFO: Run Behavior\ReadHtmlCacheBehavior [ RunTime:0.000527s ]
INFO: [ app_begin ] --END-- [ RunTime:0.000580s ]
SQL: SHOW COLUMNS FROM `market_cat` [ RunTime:0.0256s ]
SQL: SELECT * FROM `market_cat`  [ RunTime:0.0002s ]
SQL: SHOW COLUMNS FROM `market_active` [ RunTime:0.0024s ]
SQL: SELECT * FROM `market_active` ORDER BY time desc LIMIT 2   [ RunTime:0.0002s ]
SQL: SELECT market_goods.name AS `name`,market_users.nickname AS `nickname`,market_goods.price AS `price`,market_goods.photo AS `photo` FROM `market_cat` INNER JOIN market_category on market_cat.id = market_category.cat_id INNER JOIN market_goods on market_category.id = market_goods.category_id INNER JOIN market_users on market_users.id = market_goods.seller_id  WHERE ( market_cat.id=1 ) ORDER BY time desc LIMIT 2   [ RunTime:0.0002s ]
SQL: SELECT market_goods.name AS `name`,market_users.nickname AS `nickname`,market_goods.price AS `price`,market_goods.photo AS `photo` FROM `market_cat` INNER JOIN market_category on market_cat.id = market_category.cat_id INNER JOIN market_goods on market_category.id = market_goods.category_id INNER JOIN market_users on market_users.id = market_goods.seller_id  WHERE ( market_cat.id=2 ) ORDER BY time desc LIMIT 2   [ RunTime:0.0002s ]
SQL: SELECT market_goods.name AS `name`,market_users.nickname AS `nickname`,market_goods.price AS `price`,market_goods.photo AS `photo` FROM `market_cat` INNER JOIN market_category on market_cat.id = market_category.cat_id INNER JOIN market_goods on market_category.id = market_goods.category_id INNER JOIN market_users on market_users.id = market_goods.seller_id  WHERE ( market_cat.id=4 ) ORDER BY time desc LIMIT 2   [ RunTime:0.0003s ]
SQL: SELECT market_goods.name AS `name`,market_users.nickname AS `nickname`,market_goods.price AS `price`,market_goods.photo AS `photo` FROM `market_cat` INNER JOIN market_category on market_cat.id = market_category.cat_id INNER JOIN market_goods on market_category.id = market_goods.category_id INNER JOIN market_users on market_users.id = market_goods.seller_id  WHERE ( market_cat.id=5 ) ORDER BY time desc LIMIT 2   [ RunTime:0.0002s ]
SQL: SELECT market_goods.name AS `name`,market_users.nickname AS `nickname`,market_goods.price AS `price`,market_goods.photo AS `photo` FROM `market_cat` INNER JOIN market_category on market_cat.id = market_category.cat_id INNER JOIN market_goods on market_category.id = market_goods.category_id INNER JOIN market_users on market_users.id = market_goods.seller_id  WHERE ( market_cat.id=6 ) ORDER BY time desc LIMIT 2   [ RunTime:0.0002s ]
SQL: SELECT market_goods.name AS `name`,market_users.nickname AS `nickname`,market_goods.price AS `price`,market_goods.photo AS `photo` FROM `market_cat` INNER JOIN market_category on market_cat.id = market_category.cat_id INNER JOIN market_goods on market_category.id = market_goods.category_id INNER JOIN market_users on market_users.id = market_goods.seller_id  WHERE ( market_cat.id=7 ) ORDER BY time desc LIMIT 2   [ RunTime:0.0002s ]
INFO: [ view_parse ] --START--
INFO: [ template_filter ] --START--
INFO: Run Behavior\ContentReplaceBehavior [ RunTime:0.000161s ]
INFO: [ template_filter ] --END-- [ RunTime:0.000206s ]
INFO: Run Behavior\ParseTemplateBehavior [ RunTime:0.016322s ]
INFO: [ view_parse ] --END-- [ RunTime:0.016371s ]
INFO: [ view_filter ] --START--
INFO: Run Behavior\WriteHtmlCacheBehavior [ RunTime:0.000239s ]
INFO: [ view_filter ] --END-- [ RunTime:0.000264s ]
INFO: [ app_end ] --START--
INFO: Run Behavior\ShowPageTraceBehavior [ RunTime:0.000480s ]
INFO: [ app_end ] --END-- [ RunTime:0.000516s ]

[ 2016-12-19T14:22:36+08:00 ] ::1 /PHP_-/market/index.php/Home/Goodslist/goodslist?id=8
INFO: [ app_init ] --START--
INFO: Run Behavior\BuildLiteBehavior [ RunTime:0.000009s ]
INFO: [ app_init ] --END-- [ RunTime:0.000251s ]
INFO: [ app_begin ] --START--
INFO: Run Behavior\ReadHtmlCacheBehavior [ RunTime:0.000691s ]
INFO: [ app_begin ] --END-- [ RunTime:0.000779s ]
SQL: SHOW COLUMNS FROM `market_goods` [ RunTime:0.0091s ]
SQL: SELECT market_goods.name AS `name`,market_goods.degree AS `degree`,market_goods.description AS `description`,market_goods.price AS `price`,market_users.nickname AS `nickname`,market_users.college AS `college`,market_goods.photo AS `photo`,market_users.head AS `head`,market_goods.id AS `id` FROM `market_goods` INNER JOIN market_category on market_goods.category_id = market_category.id INNER JOIN market_cat on market_category.cat_id = market_cat.id INNER JOIN market_users on market_goods.seller_id=market_users.id  WHERE ( market_cat.id=8 )  [ RunTime:0.0018s ]
INFO: [ view_parse ] --START--
INFO: [ template_filter ] --START--
INFO: Run Behavior\ContentReplaceBehavior [ RunTime:0.000243s ]
INFO: [ template_filter ] --END-- [ RunTime:0.000369s ]
INFO: Run Behavior\ParseTemplateBehavior [ RunTime:0.037471s ]
INFO: [ view_parse ] --END-- [ RunTime:0.037659s ]
INFO: [ view_filter ] --START--
INFO: Run Behavior\WriteHtmlCacheBehavior [ RunTime:0.000812s ]
INFO: [ view_filter ] --END-- [ RunTime:0.000963s ]
INFO: [ app_end ] --START--
INFO: Run Behavior\ShowPageTraceBehavior [ RunTime:0.001344s ]
INFO: [ app_end ] --END-- [ RunTime:0.001448s ]

[ 2016-12-19T14:22:37+08:00 ] ::1 /PHP_-/market/index.php/Home/Goodslist/goodslist?id=8
INFO: [ app_init ] --START--
INFO: Run Behavior\BuildLiteBehavior [ RunTime:0.000023s ]
INFO: [ app_init ] --END-- [ RunTime:0.000609s ]
INFO: [ app_begin ] --START--
INFO: Run Behavior\ReadHtmlCacheBehavior [ RunTime:0.000733s ]
INFO: [ app_begin ] --END-- [ RunTime:0.000807s ]
SQL: SHOW COLUMNS FROM `market_goods` [ RunTime:0.0105s ]
SQL: SELECT market_goods.name AS `name`,market_goods.degree AS `degree`,market_goods.description AS `description`,market_goods.price AS `price`,market_users.nickname AS `nickname`,market_users.college AS `college`,market_goods.photo AS `photo`,market_users.head AS `head`,market_goods.id AS `id` FROM `market_goods` INNER JOIN market_category on market_goods.category_id = market_category.id INNER JOIN market_cat on market_category.cat_id = market_cat.id INNER JOIN market_users on market_goods.seller_id=market_users.id  WHERE ( market_cat.id=8 )  [ RunTime:0.0013s ]
INFO: [ view_parse ] --START--
INFO: [ template_filter ] --START--
INFO: Run Behavior\ContentReplaceBehavior [ RunTime:0.000140s ]
INFO: [ template_filter ] --END-- [ RunTime:0.000220s ]
INFO: Run Behavior\ParseTemplateBehavior [ RunTime:0.019195s ]
INFO: [ view_parse ] --END-- [ RunTime:0.019301s ]
INFO: [ view_filter ] --START--
INFO: Run Behavior\WriteHtmlCacheBehavior [ RunTime:0.000543s ]
INFO: [ view_filter ] --END-- [ RunTime:0.000597s ]
INFO: [ app_end ] --START--
INFO: Run Behavior\ShowPageTraceBehavior [ RunTime:0.000804s ]
INFO: [ app_end ] --END-- [ RunTime:0.000867s ]

[ 2016-12-19T14:22:42+08:00 ] ::1 /PHP_-/market/index.php/Home/Goodslist/goodslist?id=10
INFO: [ app_init ] --START--
INFO: Run Behavior\BuildLiteBehavior [ RunTime:0.000011s ]
INFO: [ app_init ] --END-- [ RunTime:0.000307s ]
INFO: [ app_begin ] --START--
INFO: Run Behavior\ReadHtmlCacheBehavior [ RunTime:0.000387s ]
INFO: [ app_begin ] --END-- [ RunTime:0.000434s ]
SQL: SHOW COLUMNS FROM `market_goods` [ RunTime:0.0153s ]
SQL: SELECT market_goods.name AS `name`,market_goods.degree AS `degree`,market_goods.description AS `description`,market_goods.price AS `price`,market_users.nickname AS `nickname`,market_users.college AS `college`,market_goods.photo AS `photo`,market_users.head AS `head`,market_goods.id AS `id` FROM `market_goods` INNER JOIN market_category on market_goods.category_id = market_category.id INNER JOIN market_cat on market_category.cat_id = market_cat.id INNER JOIN market_users on market_goods.seller_id=market_users.id  WHERE ( market_cat.id=10 )  [ RunTime:0.0016s ]
INFO: [ view_parse ] --START--
INFO: [ template_filter ] --START--
INFO: Run Behavior\ContentReplaceBehavior [ RunTime:0.000242s ]
INFO: [ template_filter ] --END-- [ RunTime:0.000372s ]
INFO: Run Behavior\ParseTemplateBehavior [ RunTime:0.022316s ]
INFO: [ view_parse ] --END-- [ RunTime:0.022415s ]
INFO: [ view_filter ] --START--
INFO: Run Behavior\WriteHtmlCacheBehavior [ RunTime:0.000388s ]
INFO: [ view_filter ] --END-- [ RunTime:0.000431s ]
INFO: [ app_end ] --START--
INFO: Run Behavior\ShowPageTraceBehavior [ RunTime:0.000855s ]
INFO: [ app_end ] --END-- [ RunTime:0.000927s ]

[ 2016-12-19T14:22:46+08:00 ] ::1 /PHP_-/market/index.php/Home/Goodslist/goodslist?id=12
INFO: [ app_init ] --START--
INFO: Run Behavior\BuildLiteBehavior [ RunTime:0.000009s ]
INFO: [ app_init ] --END-- [ RunTime:0.000313s ]
INFO: [ app_begin ] --START--
INFO: Run Behavior\ReadHtmlCacheBehavior [ RunTime:0.000413s ]
INFO: [ app_begin ] --END-- [ RunTime:0.000452s ]
SQL: SHOW COLUMNS FROM `market_goods` [ RunTime:0.0091s ]
SQL: SELECT market_goods.name AS `name`,market_goods.degree AS `degree`,market_goods.description AS `description`,market_goods.price AS `price`,market_users.nickname AS `nickname`,market_users.college AS `college`,market_goods.photo AS `photo`,market_users.head AS `head`,market_goods.id AS `id` FROM `market_goods` INNER JOIN market_category on market_goods.category_id = market_category.id INNER JOIN market_cat on market_category.cat_id = market_cat.id INNER JOIN market_users on market_goods.seller_id=market_users.id  WHERE ( market_cat.id=12 )  [ RunTime:0.0017s ]
INFO: [ view_parse ] --START--
INFO: [ template_filter ] --START--
INFO: Run Behavior\ContentReplaceBehavior [ RunTime:0.000122s ]
INFO: [ template_filter ] --END-- [ RunTime:0.000197s ]
INFO: Run Behavior\ParseTemplateBehavior [ RunTime:0.015454s ]
INFO: [ view_parse ] --END-- [ RunTime:0.015637s ]
INFO: [ view_filter ] --START--
INFO: Run Behavior\WriteHtmlCacheBehavior [ RunTime:0.000425s ]
INFO: [ view_filter ] --END-- [ RunTime:0.000471s ]
INFO: [ app_end ] --START--
INFO: Run Behavior\ShowPageTraceBehavior [ RunTime:0.000673s ]
INFO: [ app_end ] --END-- [ RunTime:0.000723s ]

[ 2016-12-19T14:28:21+08:00 ] ::1 /PHP_-/market/index.php/Home/Goodslist/goodslist?id=8
INFO: [ app_init ] --START--
INFO: Run Behavior\BuildLiteBehavior [ RunTime:0.000011s ]
INFO: [ app_init ] --END-- [ RunTime:0.000334s ]
INFO: [ app_begin ] --START--
INFO: Run Behavior\ReadHtmlCacheBehavior [ RunTime:0.000381s ]
INFO: [ app_begin ] --END-- [ RunTime:0.000420s ]
SQL: SHOW COLUMNS FROM `market_goods` [ RunTime:0.0141s ]
SQL: SELECT market_goods.name AS `name`,market_goods.degree AS `degree`,market_goods.description AS `description`,market_goods.price AS `price`,market_users.nickname AS `nickname`,market_users.college AS `college`,market_goods.photo AS `photo`,market_users.head AS `head`,market_goods.id AS `id` FROM `market_goods` INNER JOIN market_category on market_goods.category_id = market_category.id INNER JOIN market_cat on market_category.cat_id = market_cat.id INNER JOIN market_users on market_goods.seller_id=market_users.id  WHERE ( market_cat.id=8 )  [ RunTime:0.0015s ]
INFO: [ view_parse ] --START--
INFO: [ template_filter ] --START--
INFO: Run Behavior\ContentReplaceBehavior [ RunTime:0.000162s ]
INFO: [ template_filter ] --END-- [ RunTime:0.000249s ]
INFO: Run Behavior\ParseTemplateBehavior [ RunTime:0.038188s ]
INFO: [ view_parse ] --END-- [ RunTime:0.038320s ]
INFO: [ view_filter ] --START--
INFO: Run Behavior\WriteHtmlCacheBehavior [ RunTime:0.000498s ]
INFO: [ view_filter ] --END-- [ RunTime:0.000553s ]
INFO: [ app_end ] --START--
INFO: Run Behavior\ShowPageTraceBehavior [ RunTime:0.000900s ]
INFO: [ app_end ] --END-- [ RunTime:0.000979s ]

[ 2016-12-19T14:28:25+08:00 ] ::1 /PHP_-/market/index.php/Home/Goodslist/goodslist?id=8
INFO: [ app_init ] --START--
INFO: Run Behavior\BuildLiteBehavior [ RunTime:0.000011s ]
INFO: [ app_init ] --END-- [ RunTime:0.000300s ]
INFO: [ app_begin ] --START--
INFO: Run Behavior\ReadHtmlCacheBehavior [ RunTime:0.000334s ]
INFO: [ app_begin ] --END-- [ RunTime:0.000373s ]
SQL: SHOW COLUMNS FROM `market_goods` [ RunTime:0.0116s ]
SQL: SELECT market_goods.name AS `name`,market_goods.degree AS `degree`,market_goods.description AS `description`,market_goods.price AS `price`,market_users.nickname AS `nickname`,market_users.college AS `college`,market_goods.photo AS `photo`,market_users.head AS `head`,market_goods.id AS `id` FROM `market_goods` INNER JOIN market_category on market_goods.category_id = market_category.id INNER JOIN market_cat on market_category.cat_id = market_cat.id INNER JOIN market_users on market_goods.seller_id=market_users.id  WHERE ( market_cat.id=8 )  [ RunTime:0.0013s ]
INFO: [ view_parse ] --START--
INFO: [ template_filter ] --START--
INFO: Run Behavior\ContentReplaceBehavior [ RunTime:0.000119s ]
INFO: [ template_filter ] --END-- [ RunTime:0.000186s ]
INFO: Run Behavior\ParseTemplateBehavior [ RunTime:0.018067s ]
INFO: [ view_parse ] --END-- [ RunTime:0.018194s ]
INFO: [ view_filter ] --START--
INFO: Run Behavior\WriteHtmlCacheBehavior [ RunTime:0.000496s ]
INFO: [ view_filter ] --END-- [ RunTime:0.000547s ]
INFO: [ app_end ] --START--
INFO: Run Behavior\ShowPageTraceBehavior [ RunTime:0.001146s ]
INFO: [ app_end ] --END-- [ RunTime:0.001236s ]

[ 2016-12-19T14:41:54+08:00 ] ::1 /PHP_-/market/index.php/Home/GoodDetail/index?id=1
INFO: [ app_init ] --START--
INFO: Run Behavior\BuildLiteBehavior [ RunTime:0.000017s ]
INFO: [ app_init ] --END-- [ RunTime:0.000673s ]
INFO: [ app_begin ] --START--
INFO: Run Behavior\ReadHtmlCacheBehavior [ RunTime:0.000423s ]
INFO: [ app_begin ] --END-- [ RunTime:0.000467s ]
SQL: SHOW COLUMNS FROM `market_goods` [ RunTime:0.0127s ]
SQL: SELECT * FROM `market_goods` WHERE ( id=1 ) LIMIT 1   [ RunTime:0.0026s ]
NOTIC: [2] Illegal string offset '' D:\WWW\PHP_-\market\Application\Home\Controller\GoodDetailController.class.php 第 26 行.
SQL: SHOW COLUMNS FROM `market_users` [ RunTime:0.0104s ]
SQL: SELECT * FROM `market_users` WHERE ( id=6 ) LIMIT 1   [ RunTime:0.0011s ]
NOTIC: [8] Undefined offset: 1 D:\WWW\PHP_-\market\Application\Home\Controller\GoodDetailController.class.php 第 29 行.
SQL: SHOW COLUMNS FROM `market_message` [ RunTime:0.0754s ]
SQL: SELECT market_message.time AS `time`,market_users.nickname AS `nickname`,market_users.head AS `head`,market_message.content AS `content`,market_goods.id AS `goods_id`,market_message.fromuser_id AS `fromuser_id`,market_message.touser_id AS `touser_id`,market_users.college AS `college` FROM `market_message` INNER JOIN market_goods on market_message.goods_id = market_goods.id INNER JOIN market_users on market_message.fromuser_id = market_users.id  WHERE ( goods_id = 1 )  [ RunTime:0.0006s ]
INFO: [ view_parse ] --START--
INFO: [ template_filter ] --START--
INFO: Run Behavior\ContentReplaceBehavior [ RunTime:0.000169s ]
INFO: [ template_filter ] --END-- [ RunTime:0.000224s ]
NOTIC: [8] Undefined variable: mesg D:\WWW\PHP_-\market\Application\Runtime\Cache\Home\b436abebd95f7e2c1ea493246fe96162.php 第 220 行.
INFO: Run Behavior\ParseTemplateBehavior [ RunTime:0.062763s ]
INFO: [ view_parse ] --END-- [ RunTime:0.062904s ]
INFO: [ view_filter ] --START--
INFO: Run Behavior\WriteHtmlCacheBehavior [ RunTime:0.001380s ]
INFO: [ view_filter ] --END-- [ RunTime:0.001535s ]
INFO: [ app_end ] --START--
INFO: Run Behavior\ShowPageTraceBehavior [ RunTime:0.002031s ]
INFO: [ app_end ] --END-- [ RunTime:0.002197s ]

[ 2016-12-19T14:41:54+08:00 ] ::1 /PHP_-/market/index.php/Home/GoodDetail/lib/weui.min.css
INFO: [ app_init ] --START--
INFO: Run Behavior\BuildLiteBehavior [ RunTime:0.000016s ]
INFO: [ app_init ] --END-- [ RunTime:0.000463s ]
INFO: [ app_begin ] --START--
INFO: Run Behavior\ReadHtmlCacheBehavior [ RunTime:0.000490s ]
INFO: [ app_begin ] --END-- [ RunTime:0.000548s ]
ERR: 非法操作:lib

[ 2016-12-19T14:41:55+08:00 ] ::1 /PHP_-/market/index.php/Home/GoodDetail/css/jquery-weui.min.css
INFO: [ app_init ] --START--
INFO: Run Behavior\BuildLiteBehavior [ RunTime:0.000046s ]
INFO: [ app_init ] --END-- [ RunTime:0.001339s ]
INFO: [ app_begin ] --START--
INFO: Run Behavior\ReadHtmlCacheBehavior [ RunTime:0.001301s ]
INFO: [ app_begin ] --END-- [ RunTime:0.001458s ]
ERR: 非法操作:css

[ 2016-12-19T14:56:17+08:00 ] ::1 /PHP_-/market/index.php/home/index/index
INFO: [ app_init ] --START--
INFO: Run Behavior\BuildLiteBehavior [ RunTime:0.000010s ]
INFO: [ app_init ] --END-- [ RunTime:0.000363s ]
INFO: [ app_begin ] --START--
INFO: Run Behavior\ReadHtmlCacheBehavior [ RunTime:0.000410s ]
INFO: [ app_begin ] --END-- [ RunTime:0.000452s ]
SQL: SHOW COLUMNS FROM `market_cat` [ RunTime:0.0033s ]
SQL: SELECT * FROM `market_cat`  [ RunTime:0.0004s ]
SQL: SHOW COLUMNS FROM `market_active` [ RunTime:0.0079s ]
SQL: SELECT * FROM `market_active` ORDER BY time desc LIMIT 2   [ RunTime:0.0003s ]
SQL: SELECT market_goods.name AS `name`,market_users.nickname AS `nickname`,market_goods.price AS `price`,market_goods.photo AS `photo` FROM `market_cat` INNER JOIN market_category on market_cat.id = market_category.cat_id INNER JOIN market_goods on market_category.id = market_goods.category_id INNER JOIN market_users on market_users.id = market_goods.seller_id  WHERE ( market_cat.id=1 ) ORDER BY time desc LIMIT 2   [ RunTime:0.0006s ]
SQL: SELECT market_goods.name AS `name`,market_users.nickname AS `nickname`,market_goods.price AS `price`,market_goods.photo AS `photo` FROM `market_cat` INNER JOIN market_category on market_cat.id = market_category.cat_id INNER JOIN market_goods on market_category.id = market_goods.category_id INNER JOIN market_users on market_users.id = market_goods.seller_id  WHERE ( market_cat.id=2 ) ORDER BY time desc LIMIT 2   [ RunTime:0.0002s ]
SQL: SELECT market_goods.name AS `name`,market_users.nickname AS `nickname`,market_goods.price AS `price`,market_goods.photo AS `photo` FROM `market_cat` INNER JOIN market_category on market_cat.id = market_category.cat_id INNER JOIN market_goods on market_category.id = market_goods.category_id INNER JOIN market_users on market_users.id = market_goods.seller_id  WHERE ( market_cat.id=4 ) ORDER BY time desc LIMIT 2   [ RunTime:0.0002s ]
SQL: SELECT market_goods.name AS `name`,market_users.nickname AS `nickname`,market_goods.price AS `price`,market_goods.photo AS `photo` FROM `market_cat` INNER JOIN market_category on market_cat.id = market_category.cat_id INNER JOIN market_goods on market_category.id = market_goods.category_id INNER JOIN market_users on market_users.id = market_goods.seller_id  WHERE ( market_cat.id=5 ) ORDER BY time desc LIMIT 2   [ RunTime:0.0002s ]
SQL: SELECT market_goods.name AS `name`,market_users.nickname AS `nickname`,market_goods.price AS `price`,market_goods.photo AS `photo` FROM `market_cat` INNER JOIN market_category on market_cat.id = market_category.cat_id INNER JOIN market_goods on market_category.id = market_goods.category_id INNER JOIN market_users on market_users.id = market_goods.seller_id  WHERE ( market_cat.id=6 ) ORDER BY time desc LIMIT 2   [ RunTime:0.0002s ]
SQL: SELECT market_goods.name AS `name`,market_users.nickname AS `nickname`,market_goods.price AS `price`,market_goods.photo AS `photo` FROM `market_cat` INNER JOIN market_category on market_cat.id = market_category.cat_id INNER JOIN market_goods on market_category.id = market_goods.category_id INNER JOIN market_users on market_users.id = market_goods.seller_id  WHERE ( market_cat.id=7 ) ORDER BY time desc LIMIT 2   [ RunTime:0.0002s ]
INFO: [ view_parse ] --START--
INFO: [ template_filter ] --START--
INFO: Run Behavior\ContentReplaceBehavior [ RunTime:0.000188s ]
INFO: [ template_filter ] --END-- [ RunTime:0.000249s ]
INFO: Run Behavior\ParseTemplateBehavior [ RunTime:0.061181s ]
INFO: [ view_parse ] --END-- [ RunTime:0.061230s ]
INFO: [ view_filter ] --START--
INFO: Run Behavior\WriteHtmlCacheBehavior [ RunTime:0.000213s ]
INFO: [ view_filter ] --END-- [ RunTime:0.000236s ]
INFO: [ app_end ] --START--
INFO: Run Behavior\ShowPageTraceBehavior [ RunTime:0.000512s ]
INFO: [ app_end ] --END-- [ RunTime:0.000553s ]

[ 2016-12-19T14:56:23+08:00 ] ::1 /PHP_-/market/index.php/Home/Goodslist/goodslist?id=8
INFO: [ app_init ] --START--
INFO: Run Behavior\BuildLiteBehavior [ RunTime:0.000012s ]
INFO: [ app_init ] --END-- [ RunTime:0.000321s ]
INFO: [ app_begin ] --START--
INFO: Run Behavior\ReadHtmlCacheBehavior [ RunTime:0.000412s ]
INFO: [ app_begin ] --END-- [ RunTime:0.000459s ]
SQL: SHOW COLUMNS FROM `market_goods` [ RunTime:0.0040s ]
SQL: SELECT market_goods.name AS `name`,market_goods.degree AS `degree`,market_goods.description AS `description`,market_goods.price AS `price`,market_users.nickname AS `nickname`,market_users.college AS `college`,market_goods.photo AS `photo`,market_users.head AS `head`,market_goods.id AS `id` FROM `market_goods` INNER JOIN market_category on market_goods.category_id = market_category.id INNER JOIN market_cat on market_category.cat_id = market_cat.id INNER JOIN market_users on market_goods.seller_id=market_users.id  WHERE ( market_cat.id=8 )  [ RunTime:0.0004s ]
INFO: [ view_parse ] --START--
INFO: [ template_filter ] --START--
INFO: Run Behavior\ContentReplaceBehavior [ RunTime:0.000066s ]
INFO: [ template_filter ] --END-- [ RunTime:0.000103s ]
INFO: Run Behavior\ParseTemplateBehavior [ RunTime:0.049984s ]
INFO: [ view_parse ] --END-- [ RunTime:0.050026s ]
INFO: [ view_filter ] --START--
INFO: Run Behavior\WriteHtmlCacheBehavior [ RunTime:0.000280s ]
INFO: [ view_filter ] --END-- [ RunTime:0.000307s ]
INFO: [ app_end ] --START--
INFO: Run Behavior\ShowPageTraceBehavior [ RunTime:0.000514s ]
INFO: [ app_end ] --END-- [ RunTime:0.000557s ]

[ 2016-12-19T14:56:25+08:00 ] ::1 /PHP_-/market/index.php/Home/GoodDetail/index?id=1
INFO: [ app_init ] --START--
INFO: Run Behavior\BuildLiteBehavior [ RunTime:0.000011s ]
INFO: [ app_init ] --END-- [ RunTime:0.000332s ]
INFO: [ app_begin ] --START--
INFO: Run Behavior\ReadHtmlCacheBehavior [ RunTime:0.000378s ]
INFO: [ app_begin ] --END-- [ RunTime:0.000421s ]
SQL: SHOW COLUMNS FROM `market_goods` [ RunTime:0.0036s ]
SQL: SELECT * FROM `market_goods` WHERE ( id=1 ) LIMIT 1   [ RunTime:0.0003s ]
NOTIC: [2] Illegal string offset '' D:\WWW\PHP_-\market\Application\Home\Controller\GoodDetailController.class.php 第 26 行.
SQL: SHOW COLUMNS FROM `market_users` [ RunTime:0.0041s ]
SQL: SELECT * FROM `market_users` WHERE ( id=6 ) LIMIT 1   [ RunTime:0.0002s ]
NOTIC: [8] Undefined offset: 1 D:\WWW\PHP_-\market\Application\Home\Controller\GoodDetailController.class.php 第 29 行.
SQL: SHOW COLUMNS FROM `market_message` [ RunTime:0.0024s ]
SQL: SELECT market_message.time AS `time`,market_users.nickname AS `nickname`,market_users.head AS `head`,market_message.content AS `content`,market_goods.id AS `goods_id`,market_message.fromuser_id AS `fromuser_id`,market_message.touser_id AS `touser_id`,market_users.college AS `college` FROM `market_message` INNER JOIN market_goods on market_message.goods_id = market_goods.id INNER JOIN market_users on market_message.fromuser_id = market_users.id  WHERE ( goods_id = 1 )  [ RunTime:0.0003s ]
INFO: [ view_parse ] --START--
INFO: [ template_filter ] --START--
INFO: Run Behavior\ContentReplaceBehavior [ RunTime:0.000107s ]
INFO: [ template_filter ] --END-- [ RunTime:0.000146s ]
NOTIC: [8] Undefined variable: mesg D:\WWW\PHP_-\market\Application\Runtime\Cache\Home\b436abebd95f7e2c1ea493246fe96162.php 第 220 行.
INFO: Run Behavior\ParseTemplateBehavior [ RunTime:0.028686s ]
INFO: [ view_parse ] --END-- [ RunTime:0.028729s ]
INFO: [ view_filter ] --START--
INFO: Run Behavior\WriteHtmlCacheBehavior [ RunTime:0.013532s ]
INFO: [ view_filter ] --END-- [ RunTime:0.013583s ]
INFO: [ app_end ] --START--
INFO: Run Behavior\ShowPageTraceBehavior [ RunTime:0.000706s ]
INFO: [ app_end ] --END-- [ RunTime:0.000757s ]

[ 2016-12-19T14:56:25+08:00 ] ::1 /PHP_-/market/index.php/Home/GoodDetail/lib/weui.min.css
INFO: [ app_init ] --START--
INFO: Run Behavior\BuildLiteBehavior [ RunTime:0.000015s ]
INFO: [ app_init ] --END-- [ RunTime:0.000375s ]
INFO: [ app_begin ] --START--
INFO: Run Behavior\ReadHtmlCacheBehavior [ RunTime:0.000621s ]
INFO: [ app_begin ] --END-- [ RunTime:0.000687s ]
ERR: 非法操作:lib

[ 2016-12-19T14:56:26+08:00 ] ::1 /PHP_-/market/index.php/Home/GoodDetail/css/jquery-weui.min.css
INFO: [ app_init ] --START--
INFO: Run Behavior\BuildLiteBehavior [ RunTime:0.000010s ]
INFO: [ app_init ] --END-- [ RunTime:0.000262s ]
INFO: [ app_begin ] --START--
INFO: Run Behavior\ReadHtmlCacheBehavior [ RunTime:0.000286s ]
INFO: [ app_begin ] --END-- [ RunTime:0.000318s ]
ERR: 非法操作:css

[ 2016-12-19T14:56:37+08:00 ] ::1 /PHP_-/market/index.php/Home/Goodslist/goodslist?id=11
INFO: [ app_init ] --START--
INFO: Run Behavior\BuildLiteBehavior [ RunTime:0.000013s ]
INFO: [ app_init ] --END-- [ RunTime:0.000332s ]
INFO: [ app_begin ] --START--
INFO: Run Behavior\ReadHtmlCacheBehavior [ RunTime:0.000422s ]
INFO: [ app_begin ] --END-- [ RunTime:0.000467s ]
SQL: SHOW COLUMNS FROM `market_goods` [ RunTime:0.0094s ]
SQL: SELECT market_goods.name AS `name`,market_goods.degree AS `degree`,market_goods.description AS `description`,market_goods.price AS `price`,market_users.nickname AS `nickname`,market_users.college AS `college`,market_goods.photo AS `photo`,market_users.head AS `head`,market_goods.id AS `id` FROM `market_goods` INNER JOIN market_category on market_goods.category_id = market_category.id INNER JOIN market_cat on market_category.cat_id = market_cat.id INNER JOIN market_users on market_goods.seller_id=market_users.id  WHERE ( market_cat.id=11 )  [ RunTime:0.0004s ]
INFO: [ view_parse ] --START--
INFO: [ template_filter ] --START--
INFO: Run Behavior\ContentReplaceBehavior [ RunTime:0.000076s ]
INFO: [ template_filter ] --END-- [ RunTime:0.000131s ]
INFO: Run Behavior\ParseTemplateBehavior [ RunTime:0.134891s ]
INFO: [ view_parse ] --END-- [ RunTime:0.134948s ]
INFO: [ view_filter ] --START--
INFO: Run Behavior\WriteHtmlCacheBehavior [ RunTime:0.000413s ]
INFO: [ view_filter ] --END-- [ RunTime:0.000453s ]
INFO: [ app_end ] --START--
INFO: Run Behavior\ShowPageTraceBehavior [ RunTime:0.000769s ]
INFO: [ app_end ] --END-- [ RunTime:0.000842s ]

[ 2016-12-19T14:56:42+08:00 ] ::1 /PHP_-/market/index.php/Home/GoodDetail/index?id=6
INFO: [ app_init ] --START--
INFO: Run Behavior\BuildLiteBehavior [ RunTime:0.000009s ]
INFO: [ app_init ] --END-- [ RunTime:0.000236s ]
INFO: [ app_begin ] --START--
INFO: Run Behavior\ReadHtmlCacheBehavior [ RunTime:0.000292s ]
INFO: [ app_begin ] --END-- [ RunTime:0.000325s ]
SQL: SHOW COLUMNS FROM `market_goods` [ RunTime:0.0042s ]
SQL: SELECT * FROM `market_goods` WHERE ( id=6 ) LIMIT 1   [ RunTime:0.0003s ]
NOTIC: [2] Illegal string offset '' D:\WWW\PHP_-\market\Application\Home\Controller\GoodDetailController.class.php 第 26 行.
SQL: SHOW COLUMNS FROM `market_users` [ RunTime:0.0023s ]
SQL: SELECT * FROM `market_users` WHERE ( id=7 ) LIMIT 1   [ RunTime:0.0002s ]
SQL: SHOW COLUMNS FROM `market_message` [ RunTime:0.0028s ]
SQL: SELECT market_message.time AS `time`,market_users.nickname AS `nickname`,market_users.head AS `head`,market_message.content AS `content`,market_goods.id AS `goods_id`,market_message.fromuser_id AS `fromuser_id`,market_message.touser_id AS `touser_id`,market_users.college AS `college` FROM `market_message` INNER JOIN market_goods on market_message.goods_id = market_goods.id INNER JOIN market_users on market_message.fromuser_id = market_users.id  WHERE ( goods_id = 6 )  [ RunTime:0.0004s ]
INFO: [ view_parse ] --START--
INFO: [ template_filter ] --START--
INFO: Run Behavior\ContentReplaceBehavior [ RunTime:0.000105s ]
INFO: [ template_filter ] --END-- [ RunTime:0.000144s ]
INFO: Run Behavior\ParseTemplateBehavior [ RunTime:0.031002s ]
INFO: [ view_parse ] --END-- [ RunTime:0.031046s ]
INFO: [ view_filter ] --START--
INFO: Run Behavior\WriteHtmlCacheBehavior [ RunTime:0.013133s ]
INFO: [ view_filter ] --END-- [ RunTime:0.013179s ]
INFO: [ app_end ] --START--
INFO: Run Behavior\ShowPageTraceBehavior [ RunTime:0.000715s ]
INFO: [ app_end ] --END-- [ RunTime:0.000766s ]

[ 2016-12-19T14:56:42+08:00 ] ::1 /PHP_-/market/index.php/Home/GoodDetail/lib/weui.min.css
INFO: [ app_init ] --START--
INFO: Run Behavior\BuildLiteBehavior [ RunTime:0.000013s ]
INFO: [ app_init ] --END-- [ RunTime:0.000371s ]
INFO: [ app_begin ] --START--
INFO: Run Behavior\ReadHtmlCacheBehavior [ RunTime:0.000508s ]
INFO: [ app_begin ] --END-- [ RunTime:0.000569s ]
ERR: 非法操作:lib

[ 2016-12-19T14:56:43+08:00 ] ::1 /PHP_-/market/index.php/Home/GoodDetail/css/jquery-weui.min.css
INFO: [ app_init ] --START--
INFO: Run Behavior\BuildLiteBehavior [ RunTime:0.000011s ]
INFO: [ app_init ] --END-- [ RunTime:0.000282s ]
INFO: [ app_begin ] --START--
INFO: Run Behavior\ReadHtmlCacheBehavior [ RunTime:0.000293s ]
INFO: [ app_begin ] --END-- [ RunTime:0.000326s ]
ERR: 非法操作:css

[ 2016-12-19T15:06:18+08:00 ] ::1 /PHP_-/market/index.php/Home/GoodDetail/addMessage.html
INFO: [ app_init ] --START--
INFO: Run Behavior\BuildLiteBehavior [ RunTime:0.000013s ]
INFO: [ app_init ] --END-- [ RunTime:0.000327s ]
INFO: [ app_begin ] --START--
INFO: Run Behavior\ReadHtmlCacheBehavior [ RunTime:0.000543s ]
INFO: [ app_begin ] --END-- [ RunTime:0.000597s ]
SQL: SHOW COLUMNS FROM `market_message` [ RunTime:0.0045s ]
ERR: 1452:Cannot add or update a child row: a foreign key constraint fails (`market`.`market_message`, CONSTRAINT `message_ibfk_2` FOREIGN KEY (`fromuser_id`) REFERENCES `market_users` (`id`) ON DELETE CASCADE ON UPDATE CASCADE)
 [ SQL语句 ] : INSERT INTO `market_message` (`content`,`time`,`goods_id`,`fromuser_id`,`touser_id`,`belong_id`) VALUES ('467567','2016-12-19 03:06:17','6','1','1','1')
ERR: 1452:Cannot add or update a child row: a foreign key constraint fails (`market`.`market_message`, CONSTRAINT `message_ibfk_2` FOREIGN KEY (`fromuser_id`) REFERENCES `market_users` (`id`) ON DELETE CASCADE ON UPDATE CASCADE)
 [ SQL语句 ] : INSERT INTO `market_message` (`content`,`time`,`goods_id`,`fromuser_id`,`touser_id`,`belong_id`) VALUES ('467567','2016-12-19 03:06:17','6','1','1','1')

[ 2016-12-19T15:06:24+08:00 ] ::1 /PHP_-/market/index.php/Home/GoodDetail/lib/weui.min.css
INFO: [ app_init ] --START--
INFO: Run Behavior\BuildLiteBehavior [ RunTime:0.000020s ]
INFO: [ app_init ] --END-- [ RunTime:0.000542s ]
INFO: [ app_begin ] --START--
INFO: Run Behavior\ReadHtmlCacheBehavior [ RunTime:0.000676s ]
INFO: [ app_begin ] --END-- [ RunTime:0.000751s ]
ERR: 非法操作:lib

[ 2016-12-19T15:06:25+08:00 ] ::1 /PHP_-/market/index.php/Home/GoodDetail/css/jquery-weui.min.css
INFO: [ app_init ] --START--
INFO: Run Behavior\BuildLiteBehavior [ RunTime:0.000018s ]
INFO: [ app_init ] --END-- [ RunTime:0.000492s ]
INFO: [ app_begin ] --START--
INFO: Run Behavior\ReadHtmlCacheBehavior [ RunTime:0.000660s ]
INFO: [ app_begin ] --END-- [ RunTime:0.000738s ]
ERR: 非法操作:css

[ 2016-12-19T15:06:48+08:00 ] ::1 /PHP_-/market/index.php/Home/Goodslist/goodslist?id=8
INFO: [ app_init ] --START--
INFO: Run Behavior\BuildLiteBehavior [ RunTime:0.000015s ]
INFO: [ app_init ] --END-- [ RunTime:0.000699s ]
INFO: [ app_begin ] --START--
INFO: Run Behavior\ReadHtmlCacheBehavior [ RunTime:0.000506s ]
INFO: [ app_begin ] --END-- [ RunTime:0.000555s ]
SQL: SHOW COLUMNS FROM `market_goods` [ RunTime:0.0039s ]
SQL: SELECT market_goods.name AS `name`,market_goods.degree AS `degree`,market_goods.description AS `description`,market_goods.price AS `price`,market_users.nickname AS `nickname`,market_users.college AS `college`,market_goods.photo AS `photo`,market_users.head AS `head`,market_goods.id AS `id` FROM `market_goods` INNER JOIN market_category on market_goods.category_id = market_category.id INNER JOIN market_cat on market_category.cat_id = market_cat.id INNER JOIN market_users on market_goods.seller_id=market_users.id  WHERE ( market_cat.id=8 )  [ RunTime:0.0004s ]
INFO: [ view_parse ] --START--
INFO: [ template_filter ] --START--
INFO: Run Behavior\ContentReplaceBehavior [ RunTime:0.000073s ]
INFO: [ template_filter ] --END-- [ RunTime:0.000118s ]
INFO: Run Behavior\ParseTemplateBehavior [ RunTime:0.064899s ]
INFO: [ view_parse ] --END-- [ RunTime:0.064958s ]
INFO: [ view_filter ] --START--
INFO: Run Behavior\WriteHtmlCacheBehavior [ RunTime:0.000415s ]
INFO: [ view_filter ] --END-- [ RunTime:0.000449s ]
INFO: [ app_end ] --START--
INFO: Run Behavior\ShowPageTraceBehavior [ RunTime:0.000665s ]
INFO: [ app_end ] --END-- [ RunTime:0.000710s ]

[ 2016-12-19T15:11:43+08:00 ] ::1 /PHP_-/market/index.php/Home/Goodslist/goodslist?id=8
INFO: [ app_init ] --START--
INFO: Run Behavior\BuildLiteBehavior [ RunTime:0.000012s ]
INFO: [ app_init ] --END-- [ RunTime:0.000415s ]
INFO: [ app_begin ] --START--
INFO: Run Behavior\ReadHtmlCacheBehavior [ RunTime:0.000383s ]
INFO: [ app_begin ] --END-- [ RunTime:0.000425s ]
SQL: SHOW COLUMNS FROM `market_goods` [ RunTime:0.0033s ]
SQL: SELECT market_goods.name AS `name`,market_goods.degree AS `degree`,market_goods.description AS `description`,market_goods.price AS `price`,market_users.nickname AS `nickname`,market_users.college AS `college`,market_goods.photo AS `photo`,market_users.head AS `head`,market_goods.id AS `id` FROM `market_goods` INNER JOIN market_category on market_goods.category_id = market_category.id INNER JOIN market_cat on market_category.cat_id = market_cat.id INNER JOIN market_users on market_goods.seller_id=market_users.id  WHERE ( market_cat.id=8 )  [ RunTime:0.0005s ]
INFO: [ view_parse ] --START--
INFO: [ template_filter ] --START--
INFO: Run Behavior\ContentReplaceBehavior [ RunTime:0.000079s ]
INFO: [ template_filter ] --END-- [ RunTime:0.000121s ]
INFO: Run Behavior\ParseTemplateBehavior [ RunTime:0.044282s ]
INFO: [ view_parse ] --END-- [ RunTime:0.044326s ]
INFO: [ view_filter ] --START--
INFO: Run Behavior\WriteHtmlCacheBehavior [ RunTime:0.000216s ]
INFO: [ view_filter ] --END-- [ RunTime:0.000240s ]
INFO: [ app_end ] --START--
INFO: Run Behavior\ShowPageTraceBehavior [ RunTime:0.000445s ]
INFO: [ app_end ] --END-- [ RunTime:0.000476s ]

[ 2016-12-19T15:24:34+08:00 ] ::1 /PHP_-/market/index.php/Home/Goodslist/goodslist?id=8
INFO: [ app_init ] --START--
INFO: Run Behavior\BuildLiteBehavior [ RunTime:0.000015s ]
INFO: [ app_init ] --END-- [ RunTime:0.000455s ]
INFO: [ app_begin ] --START--
INFO: Run Behavior\ReadHtmlCacheBehavior [ RunTime:0.000480s ]
INFO: [ app_begin ] --END-- [ RunTime:0.000521s ]
SQL: SHOW COLUMNS FROM `market_goods` [ RunTime:0.0039s ]
SQL: SELECT market_goods.name AS `name`,market_goods.degree AS `degree`,market_goods.description AS `description`,market_goods.price AS `price`,market_users.nickname AS `nickname`,market_users.college AS `college`,market_goods.photo AS `photo`,market_users.head AS `head`,market_goods.id AS `id` FROM `market_goods` INNER JOIN market_category on market_goods.category_id = market_category.id INNER JOIN market_cat on market_category.cat_id = market_cat.id INNER JOIN market_users on market_goods.seller_id=market_users.id  WHERE ( market_cat.id=8 )  [ RunTime:0.0006s ]
INFO: [ view_parse ] --START--
INFO: [ template_filter ] --START--
INFO: Run Behavior\ContentReplaceBehavior [ RunTime:0.000116s ]
INFO: [ template_filter ] --END-- [ RunTime:0.000185s ]
INFO: Run Behavior\ParseTemplateBehavior [ RunTime:0.017188s ]
INFO: [ view_parse ] --END-- [ RunTime:0.017262s ]
INFO: [ view_filter ] --START--
INFO: Run Behavior\WriteHtmlCacheBehavior [ RunTime:0.000348s ]
INFO: [ view_filter ] --END-- [ RunTime:0.000382s ]
INFO: [ app_end ] --START--
INFO: Run Behavior\ShowPageTraceBehavior [ RunTime:0.001200s ]
INFO: [ app_end ] --END-- [ RunTime:0.001252s ]

[ 2016-12-19T15:27:52+08:00 ] ::1 /PHP_-/market/index.php/home/index/index
INFO: [ app_init ] --START--
INFO: Run Behavior\BuildLiteBehavior [ RunTime:0.000014s ]
INFO: [ app_init ] --END-- [ RunTime:0.000555s ]
INFO: [ app_begin ] --START--
INFO: Run Behavior\ReadHtmlCacheBehavior [ RunTime:0.000431s ]
INFO: [ app_begin ] --END-- [ RunTime:0.000474s ]
SQL: SHOW COLUMNS FROM `market_cat` [ RunTime:0.0032s ]
SQL: SELECT * FROM `market_cat`  [ RunTime:0.0003s ]
SQL: SHOW COLUMNS FROM `market_active` [ RunTime:0.0347s ]
SQL: SELECT * FROM `market_active` ORDER BY time desc LIMIT 2   [ RunTime:0.0003s ]
SQL: SELECT market_goods.name AS `name`,market_users.nickname AS `nickname`,market_goods.price AS `price`,market_goods.photo AS `photo` FROM `market_cat` INNER JOIN market_category on market_cat.id = market_category.cat_id INNER JOIN market_goods on market_category.id = market_goods.category_id INNER JOIN market_users on market_users.id = market_goods.seller_id  WHERE ( market_cat.id=8 ) ORDER BY time desc LIMIT 2   [ RunTime:0.0005s ]
SQL: SELECT market_goods.name AS `name`,market_users.nickname AS `nickname`,market_goods.price AS `price`,market_goods.photo AS `photo` FROM `market_cat` INNER JOIN market_category on market_cat.id = market_category.cat_id INNER JOIN market_goods on market_category.id = market_goods.category_id INNER JOIN market_users on market_users.id = market_goods.seller_id  WHERE ( market_cat.id=10 ) ORDER BY time desc LIMIT 2   [ RunTime:0.0004s ]
SQL: SELECT market_goods.name AS `name`,market_users.nickname AS `nickname`,market_goods.price AS `price`,market_goods.photo AS `photo` FROM `market_cat` INNER JOIN market_category on market_cat.id = market_category.cat_id INNER JOIN market_goods on market_category.id = market_goods.category_id INNER JOIN market_users on market_users.id = market_goods.seller_id  WHERE ( market_cat.id=11 ) ORDER BY time desc LIMIT 2   [ RunTime:0.0005s ]
SQL: SELECT market_goods.name AS `name`,market_users.nickname AS `nickname`,market_goods.price AS `price`,market_goods.photo AS `photo` FROM `market_cat` INNER JOIN market_category on market_cat.id = market_category.cat_id INNER JOIN market_goods on market_category.id = market_goods.category_id INNER JOIN market_users on market_users.id = market_goods.seller_id  WHERE ( market_cat.id=12 ) ORDER BY time desc LIMIT 2   [ RunTime:0.0004s ]
SQL: SELECT market_goods.name AS `name`,market_users.nickname AS `nickname`,market_goods.price AS `price`,market_goods.photo AS `photo` FROM `market_cat` INNER JOIN market_category on market_cat.id = market_category.cat_id INNER JOIN market_goods on market_category.id = market_goods.category_id INNER JOIN market_users on market_users.id = market_goods.seller_id  WHERE ( market_cat.id=13 ) ORDER BY time desc LIMIT 2   [ RunTime:0.0003s ]
SQL: SELECT market_goods.name AS `name`,market_users.nickname AS `nickname`,market_goods.price AS `price`,market_goods.photo AS `photo` FROM `market_cat` INNER JOIN market_category on market_cat.id = market_category.cat_id INNER JOIN market_goods on market_category.id = market_goods.category_id INNER JOIN market_users on market_users.id = market_goods.seller_id  WHERE ( market_cat.id=14 ) ORDER BY time desc LIMIT 2   [ RunTime:0.0003s ]
INFO: [ view_parse ] --START--
INFO: [ template_filter ] --START--
INFO: Run Behavior\ContentReplaceBehavior [ RunTime:0.000156s ]
INFO: [ template_filter ] --END-- [ RunTime:0.000196s ]
NOTIC: [8] Undefined index: id D:\WWW\PHP_-\market\Application\Runtime\Cache\Home\2a94b8bda04ff446dcedd42276fc99ee.php 第 119 行.
NOTIC: [8] Undefined index: id D:\WWW\PHP_-\market\Application\Runtime\Cache\Home\2a94b8bda04ff446dcedd42276fc99ee.php 第 119 行.
NOTIC: [8] Undefined index: id D:\WWW\PHP_-\market\Application\Runtime\Cache\Home\2a94b8bda04ff446dcedd42276fc99ee.php 第 126 行.
NOTIC: [8] Undefined index: id D:\WWW\PHP_-\market\Application\Runtime\Cache\Home\2a94b8bda04ff446dcedd42276fc99ee.php 第 126 行.
NOTIC: [8] Undefined index: id D:\WWW\PHP_-\market\Application\Runtime\Cache\Home\2a94b8bda04ff446dcedd42276fc99ee.php 第 153 行.
NOTIC: [8] Undefined index: id D:\WWW\PHP_-\market\Application\Runtime\Cache\Home\2a94b8bda04ff446dcedd42276fc99ee.php 第 153 行.
NOTIC: [8] Undefined index: id D:\WWW\PHP_-\market\Application\Runtime\Cache\Home\2a94b8bda04ff446dcedd42276fc99ee.php 第 160 行.
NOTIC: [8] Undefined index: id D:\WWW\PHP_-\market\Application\Runtime\Cache\Home\2a94b8bda04ff446dcedd42276fc99ee.php 第 160 行.
NOTIC: [8] Undefined index: id D:\WWW\PHP_-\market\Application\Runtime\Cache\Home\2a94b8bda04ff446dcedd42276fc99ee.php 第 187 行.
NOTIC: [8] Undefined index: id D:\WWW\PHP_-\market\Application\Runtime\Cache\Home\2a94b8bda04ff446dcedd42276fc99ee.php 第 187 行.
NOTIC: [8] Undefined index: id D:\WWW\PHP_-\market\Application\Runtime\Cache\Home\2a94b8bda04ff446dcedd42276fc99ee.php 第 194 行.
NOTIC: [8] Undefined index: id D:\WWW\PHP_-\market\Application\Runtime\Cache\Home\2a94b8bda04ff446dcedd42276fc99ee.php 第 194 行.
NOTIC: [8] Undefined index: id D:\WWW\PHP_-\market\Application\Runtime\Cache\Home\2a94b8bda04ff446dcedd42276fc99ee.php 第 221 行.
NOTIC: [8] Undefined index: id D:\WWW\PHP_-\market\Application\Runtime\Cache\Home\2a94b8bda04ff446dcedd42276fc99ee.php 第 221 行.
NOTIC: [8] Undefined index: id D:\WWW\PHP_-\market\Application\Runtime\Cache\Home\2a94b8bda04ff446dcedd42276fc99ee.php 第 228 行.
NOTIC: [8] Undefined index: id D:\WWW\PHP_-\market\Application\Runtime\Cache\Home\2a94b8bda04ff446dcedd42276fc99ee.php 第 228 行.
NOTIC: [8] Undefined index: id D:\WWW\PHP_-\market\Application\Runtime\Cache\Home\2a94b8bda04ff446dcedd42276fc99ee.php 第 255 行.
NOTIC: [8] Undefined index: id D:\WWW\PHP_-\market\Application\Runtime\Cache\Home\2a94b8bda04ff446dcedd42276fc99ee.php 第 255 行.
NOTIC: [8] Undefined index: id D:\WWW\PHP_-\market\Application\Runtime\Cache\Home\2a94b8bda04ff446dcedd42276fc99ee.php 第 262 行.
NOTIC: [8] Undefined index: id D:\WWW\PHP_-\market\Application\Runtime\Cache\Home\2a94b8bda04ff446dcedd42276fc99ee.php 第 262 行.
NOTIC: [8] Undefined index: id D:\WWW\PHP_-\market\Application\Runtime\Cache\Home\2a94b8bda04ff446dcedd42276fc99ee.php 第 289 行.
NOTIC: [8] Undefined index: id D:\WWW\PHP_-\market\Application\Runtime\Cache\Home\2a94b8bda04ff446dcedd42276fc99ee.php 第 289 行.
NOTIC: [8] Undefined index: id D:\WWW\PHP_-\market\Application\Runtime\Cache\Home\2a94b8bda04ff446dcedd42276fc99ee.php 第 296 行.
NOTIC: [8] Undefined index: id D:\WWW\PHP_-\market\Application\Runtime\Cache\Home\2a94b8bda04ff446dcedd42276fc99ee.php 第 296 行.
INFO: Run Behavior\ParseTemplateBehavior [ RunTime:0.024273s ]
INFO: [ view_parse ] --END-- [ RunTime:0.024334s ]
INFO: [ view_filter ] --START--
INFO: Run Behavior\WriteHtmlCacheBehavior [ RunTime:0.000331s ]
INFO: [ view_filter ] --END-- [ RunTime:0.000360s ]
INFO: [ app_end ] --START--
INFO: Run Behavior\ShowPageTraceBehavior [ RunTime:0.000920s ]
INFO: [ app_end ] --END-- [ RunTime:0.000976s ]

[ 2016-12-19T15:28:46+08:00 ] ::1 /PHP_-/market/index.php/Home/Goodslist/goodslist?id=
INFO: [ app_init ] --START--
INFO: Run Behavior\BuildLiteBehavior [ RunTime:0.000009s ]
INFO: [ app_init ] --END-- [ RunTime:0.000279s ]
INFO: [ app_begin ] --START--
INFO: Run Behavior\ReadHtmlCacheBehavior [ RunTime:0.000394s ]
INFO: [ app_begin ] --END-- [ RunTime:0.000429s ]
SQL: SHOW COLUMNS FROM `market_goods` [ RunTime:0.0034s ]
ERR: 1064:You have an error in your SQL syntax; check the manual that corresponds to your MySQL server version for the right syntax to use near ')' at line 1
 [ SQL语句 ] : SELECT market_goods.name AS `name`,market_goods.degree AS `degree`,market_goods.description AS `description`,market_goods.price AS `price`,market_users.nickname AS `nickname`,market_users.college AS `college`,market_goods.photo AS `photo`,market_users.head AS `head`,market_goods.id AS `id` FROM `market_goods` INNER JOIN market_category on market_goods.category_id = market_category.id INNER JOIN market_cat on market_category.cat_id = market_cat.id INNER JOIN market_users on market_goods.seller_id=market_users.id  WHERE ( market_cat.id= ) 
ERR: 1064:You have an error in your SQL syntax; check the manual that corresponds to your MySQL server version for the right syntax to use near ')' at line 1
 [ SQL语句 ] : SELECT market_goods.name AS `name`,market_goods.degree AS `degree`,market_goods.description AS `description`,market_goods.price AS `price`,market_users.nickname AS `nickname`,market_users.college AS `college`,market_goods.photo AS `photo`,market_users.head AS `head`,market_goods.id AS `id` FROM `market_goods` INNER JOIN market_category on market_goods.category_id = market_category.id INNER JOIN market_cat on market_category.cat_id = market_cat.id INNER JOIN market_users on market_goods.seller_id=market_users.id  WHERE ( market_cat.id= ) 

[ 2016-12-19T15:28:51+08:00 ] ::1 /PHP_-/market/index.php/Home/Goodslist/goodslist?id=
INFO: [ app_init ] --START--
INFO: Run Behavior\BuildLiteBehavior [ RunTime:0.000028s ]
INFO: [ app_init ] --END-- [ RunTime:0.000791s ]
INFO: [ app_begin ] --START--
INFO: Run Behavior\ReadHtmlCacheBehavior [ RunTime:0.000767s ]
INFO: [ app_begin ] --END-- [ RunTime:0.000845s ]
SQL: SHOW COLUMNS FROM `market_goods` [ RunTime:0.0040s ]
ERR: 1064:You have an error in your SQL syntax; check the manual that corresponds to your MySQL server version for the right syntax to use near ')' at line 1
 [ SQL语句 ] : SELECT market_goods.name AS `name`,market_goods.degree AS `degree`,market_goods.description AS `description`,market_goods.price AS `price`,market_users.nickname AS `nickname`,market_users.college AS `college`,market_goods.photo AS `photo`,market_users.head AS `head`,market_goods.id AS `id` FROM `market_goods` INNER JOIN market_category on market_goods.category_id = market_category.id INNER JOIN market_cat on market_category.cat_id = market_cat.id INNER JOIN market_users on market_goods.seller_id=market_users.id  WHERE ( market_cat.id= ) 
ERR: 1064:You have an error in your SQL syntax; check the manual that corresponds to your MySQL server version for the right syntax to use near ')' at line 1
 [ SQL语句 ] : SELECT market_goods.name AS `name`,market_goods.degree AS `degree`,market_goods.description AS `description`,market_goods.price AS `price`,market_users.nickname AS `nickname`,market_users.college AS `college`,market_goods.photo AS `photo`,market_users.head AS `head`,market_goods.id AS `id` FROM `market_goods` INNER JOIN market_category on market_goods.category_id = market_category.id INNER JOIN market_cat on market_category.cat_id = market_cat.id INNER JOIN market_users on market_goods.seller_id=market_users.id  WHERE ( market_cat.id= ) 

[ 2016-12-19T15:53:02+08:00 ] ::1 /PHP_-/market/index.php/home/index/index
INFO: [ app_init ] --START--
INFO: Run Behavior\BuildLiteBehavior [ RunTime:0.000010s ]
INFO: [ app_init ] --END-- [ RunTime:0.000296s ]
INFO: [ app_begin ] --START--
INFO: Run Behavior\ReadHtmlCacheBehavior [ RunTime:0.000423s ]
INFO: [ app_begin ] --END-- [ RunTime:0.000468s ]
SQL: SHOW COLUMNS FROM `market_cat` [ RunTime:0.0036s ]
SQL: SELECT * FROM `market_cat`  [ RunTime:0.0003s ]
SQL: SHOW COLUMNS FROM `market_active` [ RunTime:0.0031s ]
SQL: SELECT * FROM `market_active` ORDER BY time desc LIMIT 2   [ RunTime:0.0010s ]
SQL: SELECT market_goods.name AS `name`,market_users.nickname AS `nickname`,market_goods.price AS `price`,market_goods.photo AS `photo` FROM `market_cat` INNER JOIN market_category on market_cat.id = market_category.cat_id INNER JOIN market_goods on market_category.id = market_goods.category_id INNER JOIN market_users on market_users.id = market_goods.seller_id  WHERE ( market_cat.id=8 ) ORDER BY time desc LIMIT 2   [ RunTime:0.0011s ]
SQL: SELECT market_goods.name AS `name`,market_users.nickname AS `nickname`,market_goods.price AS `price`,market_goods.photo AS `photo` FROM `market_cat` INNER JOIN market_category on market_cat.id = market_category.cat_id INNER JOIN market_goods on market_category.id = market_goods.category_id INNER JOIN market_users on market_users.id = market_goods.seller_id  WHERE ( market_cat.id=10 ) ORDER BY time desc LIMIT 2   [ RunTime:0.0007s ]
SQL: SELECT market_goods.name AS `name`,market_users.nickname AS `nickname`,market_goods.price AS `price`,market_goods.photo AS `photo` FROM `market_cat` INNER JOIN market_category on market_cat.id = market_category.cat_id INNER JOIN market_goods on market_category.id = market_goods.category_id INNER JOIN market_users on market_users.id = market_goods.seller_id  WHERE ( market_cat.id=11 ) ORDER BY time desc LIMIT 2   [ RunTime:0.0006s ]
SQL: SELECT market_goods.name AS `name`,market_users.nickname AS `nickname`,market_goods.price AS `price`,market_goods.photo AS `photo` FROM `market_cat` INNER JOIN market_category on market_cat.id = market_category.cat_id INNER JOIN market_goods on market_category.id = market_goods.category_id INNER JOIN market_users on market_users.id = market_goods.seller_id  WHERE ( market_cat.id=12 ) ORDER BY time desc LIMIT 2   [ RunTime:0.0006s ]
SQL: SELECT market_goods.name AS `name`,market_users.nickname AS `nickname`,market_goods.price AS `price`,market_goods.photo AS `photo` FROM `market_cat` INNER JOIN market_category on market_cat.id = market_category.cat_id INNER JOIN market_goods on market_category.id = market_goods.category_id INNER JOIN market_users on market_users.id = market_goods.seller_id  WHERE ( market_cat.id=13 ) ORDER BY time desc LIMIT 2   [ RunTime:0.0004s ]
SQL: SELECT market_goods.name AS `name`,market_users.nickname AS `nickname`,market_goods.price AS `price`,market_goods.photo AS `photo` FROM `market_cat` INNER JOIN market_category on market_cat.id = market_category.cat_id INNER JOIN market_goods on market_category.id = market_goods.category_id INNER JOIN market_users on market_users.id = market_goods.seller_id  WHERE ( market_cat.id=14 ) ORDER BY time desc LIMIT 2   [ RunTime:0.0003s ]
INFO: [ view_parse ] --START--
INFO: [ template_filter ] --START--
INFO: Run Behavior\ContentReplaceBehavior [ RunTime:0.000172s ]
INFO: [ template_filter ] --END-- [ RunTime:0.000212s ]
NOTIC: [8] Undefined index: id D:\WWW\PHP_-\market\Application\Runtime\Cache\Home\2a94b8bda04ff446dcedd42276fc99ee.php 第 119 行.
NOTIC: [8] Undefined index: id D:\WWW\PHP_-\market\Application\Runtime\Cache\Home\2a94b8bda04ff446dcedd42276fc99ee.php 第 119 行.
NOTIC: [8] Undefined index: id D:\WWW\PHP_-\market\Application\Runtime\Cache\Home\2a94b8bda04ff446dcedd42276fc99ee.php 第 126 行.
NOTIC: [8] Undefined index: id D:\WWW\PHP_-\market\Application\Runtime\Cache\Home\2a94b8bda04ff446dcedd42276fc99ee.php 第 126 行.
NOTIC: [8] Undefined index: id D:\WWW\PHP_-\market\Application\Runtime\Cache\Home\2a94b8bda04ff446dcedd42276fc99ee.php 第 153 行.
NOTIC: [8] Undefined index: id D:\WWW\PHP_-\market\Application\Runtime\Cache\Home\2a94b8bda04ff446dcedd42276fc99ee.php 第 153 行.
NOTIC: [8] Undefined index: id D:\WWW\PHP_-\market\Application\Runtime\Cache\Home\2a94b8bda04ff446dcedd42276fc99ee.php 第 160 行.
NOTIC: [8] Undefined index: id D:\WWW\PHP_-\market\Application\Runtime\Cache\Home\2a94b8bda04ff446dcedd42276fc99ee.php 第 160 行.
NOTIC: [8] Undefined index: id D:\WWW\PHP_-\market\Application\Runtime\Cache\Home\2a94b8bda04ff446dcedd42276fc99ee.php 第 187 行.
NOTIC: [8] Undefined index: id D:\WWW\PHP_-\market\Application\Runtime\Cache\Home\2a94b8bda04ff446dcedd42276fc99ee.php 第 187 行.
NOTIC: [8] Undefined index: id D:\WWW\PHP_-\market\Application\Runtime\Cache\Home\2a94b8bda04ff446dcedd42276fc99ee.php 第 194 行.
NOTIC: [8] Undefined index: id D:\WWW\PHP_-\market\Application\Runtime\Cache\Home\2a94b8bda04ff446dcedd42276fc99ee.php 第 194 行.
NOTIC: [8] Undefined index: id D:\WWW\PHP_-\market\Application\Runtime\Cache\Home\2a94b8bda04ff446dcedd42276fc99ee.php 第 221 行.
NOTIC: [8] Undefined index: id D:\WWW\PHP_-\market\Application\Runtime\Cache\Home\2a94b8bda04ff446dcedd42276fc99ee.php 第 221 行.
NOTIC: [8] Undefined index: id D:\WWW\PHP_-\market\Application\Runtime\Cache\Home\2a94b8bda04ff446dcedd42276fc99ee.php 第 228 行.
NOTIC: [8] Undefined index: id D:\WWW\PHP_-\market\Application\Runtime\Cache\Home\2a94b8bda04ff446dcedd42276fc99ee.php 第 228 行.
NOTIC: [8] Undefined index: id D:\WWW\PHP_-\market\Application\Runtime\Cache\Home\2a94b8bda04ff446dcedd42276fc99ee.php 第 255 行.
NOTIC: [8] Undefined index: id D:\WWW\PHP_-\market\Application\Runtime\Cache\Home\2a94b8bda04ff446dcedd42276fc99ee.php 第 255 行.
NOTIC: [8] Undefined index: id D:\WWW\PHP_-\market\Application\Runtime\Cache\Home\2a94b8bda04ff446dcedd42276fc99ee.php 第 262 行.
NOTIC: [8] Undefined index: id D:\WWW\PHP_-\market\Application\Runtime\Cache\Home\2a94b8bda04ff446dcedd42276fc99ee.php 第 262 行.
NOTIC: [8] Undefined index: id D:\WWW\PHP_-\market\Application\Runtime\Cache\Home\2a94b8bda04ff446dcedd42276fc99ee.php 第 289 行.
NOTIC: [8] Undefined index: id D:\WWW\PHP_-\market\Application\Runtime\Cache\Home\2a94b8bda04ff446dcedd42276fc99ee.php 第 289 行.
NOTIC: [8] Undefined index: id D:\WWW\PHP_-\market\Application\Runtime\Cache\Home\2a94b8bda04ff446dcedd42276fc99ee.php 第 296 行.
NOTIC: [8] Undefined index: id D:\WWW\PHP_-\market\Application\Runtime\Cache\Home\2a94b8bda04ff446dcedd42276fc99ee.php 第 296 行.
INFO: Run Behavior\ParseTemplateBehavior [ RunTime:0.039561s ]
INFO: [ view_parse ] --END-- [ RunTime:0.039609s ]
INFO: [ view_filter ] --START--
INFO: Run Behavior\WriteHtmlCacheBehavior [ RunTime:0.000255s ]
INFO: [ view_filter ] --END-- [ RunTime:0.000280s ]
INFO: [ app_end ] --START--
INFO: Run Behavior\ShowPageTraceBehavior [ RunTime:0.000497s ]
INFO: [ app_end ] --END-- [ RunTime:0.000549s ]

