[ 2016-12-21T08:04:15+08:00 ] ::1 /php_-/market/index.php/home/index/index
INFO: [ app_init ] --START--
INFO: Run Behavior\BuildLiteBehavior [ RunTime:0.000019s ]
INFO: [ app_init ] --END-- [ RunTime:0.047210s ]
INFO: [ app_begin ] --START--
INFO: Run Behavior\ReadHtmlCacheBehavior [ RunTime:0.008738s ]
INFO: [ app_begin ] --END-- [ RunTime:0.008808s ]
SQL: SHOW COLUMNS FROM `market_cat` [ RunTime:0.0675s ]
SQL: SELECT * FROM `market_cat`  [ RunTime:0.0009s ]
SQL: SHOW COLUMNS FROM `market_active` [ RunTime:0.0373s ]
SQL: SELECT * FROM `market_active` ORDER BY time desc LIMIT 2   [ RunTime:0.0006s ]
SQL: SELECT market_goods.id AS `id`,market_goods.name AS `name`,market_users.nickname AS `nickname`,market_goods.price AS `price`,market_goods.photo AS `photo` FROM `market_cat` INNER JOIN market_category on market_cat.id = market_category.cat_id INNER JOIN market_goods on market_category.id = market_goods.category_id INNER JOIN market_users on market_users.id = market_goods.seller_id  WHERE ( market_cat.id=8 ) ORDER BY time desc LIMIT 4   [ RunTime:0.1008s ]
SQL: SELECT market_goods.id AS `id`,market_goods.name AS `name`,market_users.nickname AS `nickname`,market_goods.price AS `price`,market_goods.photo AS `photo` FROM `market_cat` INNER JOIN market_category on market_cat.id = market_category.cat_id INNER JOIN market_goods on market_category.id = market_goods.category_id INNER JOIN market_users on market_users.id = market_goods.seller_id  WHERE ( market_cat.id=10 ) ORDER BY time desc LIMIT 4   [ RunTime:0.0009s ]
SQL: SELECT market_goods.id AS `id`,market_goods.name AS `name`,market_users.nickname AS `nickname`,market_goods.price AS `price`,market_goods.photo AS `photo` FROM `market_cat` INNER JOIN market_category on market_cat.id = market_category.cat_id INNER JOIN market_goods on market_category.id = market_goods.category_id INNER JOIN market_users on market_users.id = market_goods.seller_id  WHERE ( market_cat.id=11 ) ORDER BY time desc LIMIT 4   [ RunTime:0.0006s ]
SQL: SELECT market_goods.id AS `id`,market_goods.name AS `name`,market_users.nickname AS `nickname`,market_goods.price AS `price`,market_goods.photo AS `photo` FROM `market_cat` INNER JOIN market_category on market_cat.id = market_category.cat_id INNER JOIN market_goods on market_category.id = market_goods.category_id INNER JOIN market_users on market_users.id = market_goods.seller_id  WHERE ( market_cat.id=12 ) ORDER BY time desc LIMIT 4   [ RunTime:0.0005s ]
SQL: SELECT market_goods.id AS `id`,market_goods.name AS `name`,market_users.nickname AS `nickname`,market_goods.price AS `price`,market_goods.photo AS `photo` FROM `market_cat` INNER JOIN market_category on market_cat.id = market_category.cat_id INNER JOIN market_goods on market_category.id = market_goods.category_id INNER JOIN market_users on market_users.id = market_goods.seller_id  WHERE ( market_cat.id=13 ) ORDER BY time desc LIMIT 4   [ RunTime:0.0004s ]
SQL: SELECT market_goods.id AS `id`,market_goods.name AS `name`,market_users.nickname AS `nickname`,market_goods.price AS `price`,market_goods.photo AS `photo` FROM `market_cat` INNER JOIN market_category on market_cat.id = market_category.cat_id INNER JOIN market_goods on market_category.id = market_goods.category_id INNER JOIN market_users on market_users.id = market_goods.seller_id  WHERE ( market_cat.id=14 ) ORDER BY time desc LIMIT 4   [ RunTime:0.0004s ]
INFO: [ view_parse ] --START--
INFO: [ template_filter ] --START--
INFO: Run Behavior\ContentReplaceBehavior [ RunTime:0.018237s ]
INFO: [ template_filter ] --END-- [ RunTime:0.018359s ]
INFO: Run Behavior\ParseTemplateBehavior [ RunTime:0.095776s ]
INFO: [ view_parse ] --END-- [ RunTime:0.095847s ]
INFO: [ view_filter ] --START--
INFO: Run Behavior\WriteHtmlCacheBehavior [ RunTime:0.028841s ]
INFO: [ view_filter ] --END-- [ RunTime:0.028911s ]
INFO: [ app_end ] --START--
INFO: Run Behavior\ShowPageTraceBehavior [ RunTime:0.010990s ]
INFO: [ app_end ] --END-- [ RunTime:0.011053s ]

[ 2016-12-21T08:06:06+08:00 ] ::1 /php_-/market/index.php/home/index/index
INFO: [ app_init ] --START--
INFO: Run Behavior\BuildLiteBehavior [ RunTime:0.000017s ]
INFO: [ app_init ] --END-- [ RunTime:0.000519s ]
INFO: [ app_begin ] --START--
INFO: Run Behavior\ReadHtmlCacheBehavior [ RunTime:0.000747s ]
INFO: [ app_begin ] --END-- [ RunTime:0.000795s ]
SQL: SHOW COLUMNS FROM `market_cat` [ RunTime:0.0105s ]
SQL: SELECT * FROM `market_cat`  [ RunTime:0.0009s ]
SQL: SHOW COLUMNS FROM `market_active` [ RunTime:0.0055s ]
SQL: SELECT * FROM `market_active` ORDER BY time desc LIMIT 2   [ RunTime:0.0005s ]
SQL: SELECT market_goods.id AS `id`,market_goods.name AS `name`,market_users.nickname AS `nickname`,market_goods.price AS `price`,market_goods.photo AS `photo` FROM `market_cat` INNER JOIN market_category on market_cat.id = market_category.cat_id INNER JOIN market_goods on market_category.id = market_goods.category_id INNER JOIN market_users on market_users.id = market_goods.seller_id  WHERE ( market_cat.id=8 ) ORDER BY time desc LIMIT 4   [ RunTime:0.0005s ]
SQL: SELECT market_goods.id AS `id`,market_goods.name AS `name`,market_users.nickname AS `nickname`,market_goods.price AS `price`,market_goods.photo AS `photo` FROM `market_cat` INNER JOIN market_category on market_cat.id = market_category.cat_id INNER JOIN market_goods on market_category.id = market_goods.category_id INNER JOIN market_users on market_users.id = market_goods.seller_id  WHERE ( market_cat.id=10 ) ORDER BY time desc LIMIT 4   [ RunTime:0.0004s ]
SQL: SELECT market_goods.id AS `id`,market_goods.name AS `name`,market_users.nickname AS `nickname`,market_goods.price AS `price`,market_goods.photo AS `photo` FROM `market_cat` INNER JOIN market_category on market_cat.id = market_category.cat_id INNER JOIN market_goods on market_category.id = market_goods.category_id INNER JOIN market_users on market_users.id = market_goods.seller_id  WHERE ( market_cat.id=11 ) ORDER BY time desc LIMIT 4   [ RunTime:0.0005s ]
SQL: SELECT market_goods.id AS `id`,market_goods.name AS `name`,market_users.nickname AS `nickname`,market_goods.price AS `price`,market_goods.photo AS `photo` FROM `market_cat` INNER JOIN market_category on market_cat.id = market_category.cat_id INNER JOIN market_goods on market_category.id = market_goods.category_id INNER JOIN market_users on market_users.id = market_goods.seller_id  WHERE ( market_cat.id=12 ) ORDER BY time desc LIMIT 4   [ RunTime:0.0005s ]
SQL: SELECT market_goods.id AS `id`,market_goods.name AS `name`,market_users.nickname AS `nickname`,market_goods.price AS `price`,market_goods.photo AS `photo` FROM `market_cat` INNER JOIN market_category on market_cat.id = market_category.cat_id INNER JOIN market_goods on market_category.id = market_goods.category_id INNER JOIN market_users on market_users.id = market_goods.seller_id  WHERE ( market_cat.id=13 ) ORDER BY time desc LIMIT 4   [ RunTime:0.0004s ]
SQL: SELECT market_goods.id AS `id`,market_goods.name AS `name`,market_users.nickname AS `nickname`,market_goods.price AS `price`,market_goods.photo AS `photo` FROM `market_cat` INNER JOIN market_category on market_cat.id = market_category.cat_id INNER JOIN market_goods on market_category.id = market_goods.category_id INNER JOIN market_users on market_users.id = market_goods.seller_id  WHERE ( market_cat.id=14 ) ORDER BY time desc LIMIT 4   [ RunTime:0.0005s ]
INFO: [ view_parse ] --START--
INFO: [ template_filter ] --START--
INFO: Run Behavior\ContentReplaceBehavior [ RunTime:0.000228s ]
INFO: [ template_filter ] --END-- [ RunTime:0.000288s ]
INFO: Run Behavior\ParseTemplateBehavior [ RunTime:0.025326s ]
INFO: [ view_parse ] --END-- [ RunTime:0.025382s ]
INFO: [ view_filter ] --START--
INFO: Run Behavior\WriteHtmlCacheBehavior [ RunTime:0.000330s ]
INFO: [ view_filter ] --END-- [ RunTime:0.000361s ]
INFO: [ app_end ] --START--
INFO: Run Behavior\ShowPageTraceBehavior [ RunTime:0.000848s ]
INFO: [ app_end ] --END-- [ RunTime:0.000915s ]

[ 2016-12-21T08:07:38+08:00 ] ::1 /php_-/market/index.php/home/index/index
INFO: [ app_init ] --START--
INFO: Run Behavior\BuildLiteBehavior [ RunTime:0.000013s ]
INFO: [ app_init ] --END-- [ RunTime:0.000380s ]
INFO: [ app_begin ] --START--
INFO: Run Behavior\ReadHtmlCacheBehavior [ RunTime:0.000623s ]
INFO: [ app_begin ] --END-- [ RunTime:0.000671s ]
NOTIC: [8] Use of undefined constant BELONGS_TO - assumed 'BELONGS_TO' E:\phpStudy\WWW\PHP_-\market\ThinkPHP\Common\functions.php 第 588 行.
SQL: SHOW COLUMNS FROM `market_cat` [ RunTime:0.0045s ]
SQL: SELECT * FROM `market_cat`  [ RunTime:0.0007s ]
SQL: SHOW COLUMNS FROM `market_goods` [ RunTime:0.0037s ]
ERR: 1054:Unknown column 'cat_id' in 'where clause'
 [ SQL语句 ] : SELECT * FROM `market_goods` WHERE ( 1=1 AND cat_id='1' ) 
ERR: 1054:Unknown column 'cat_id' in 'where clause'
 [ SQL语句 ] : SELECT * FROM `market_goods` WHERE ( 1=1 AND cat_id='1' ) 

[ 2016-12-21T08:12:41+08:00 ] ::1 /php_-/market/index.php/home/index/index
INFO: [ app_init ] --START--
INFO: Run Behavior\BuildLiteBehavior [ RunTime:0.000016s ]
INFO: [ app_init ] --END-- [ RunTime:0.000416s ]
INFO: [ app_begin ] --START--
INFO: Run Behavior\ReadHtmlCacheBehavior [ RunTime:0.000681s ]
INFO: [ app_begin ] --END-- [ RunTime:0.000733s ]
SQL: SHOW COLUMNS FROM `market_cat` [ RunTime:0.0077s ]
SQL: SELECT * FROM `market_cat`  [ RunTime:0.0009s ]
SQL: SHOW COLUMNS FROM `market_goods` [ RunTime:0.0078s ]
ERR: 1054:Unknown column 'cat_id' in 'where clause'
 [ SQL语句 ] : SELECT * FROM `market_goods` WHERE ( 1=1 AND cat_id='1' ) 
ERR: 1054:Unknown column 'cat_id' in 'where clause'
 [ SQL语句 ] : SELECT * FROM `market_goods` WHERE ( 1=1 AND cat_id='1' ) 

[ 2016-12-21T08:13:15+08:00 ] ::1 /php_-/market/index.php/home/index/index
INFO: [ app_init ] --START--
INFO: Run Behavior\BuildLiteBehavior [ RunTime:0.000013s ]
INFO: [ app_init ] --END-- [ RunTime:0.000353s ]
INFO: [ app_begin ] --START--
INFO: Run Behavior\ReadHtmlCacheBehavior [ RunTime:0.000646s ]
INFO: [ app_begin ] --END-- [ RunTime:0.000708s ]
NOTIC: [8] Use of undefined constant BELONGS_TO - assumed 'BELONGS_TO' E:\phpStudy\WWW\PHP_-\market\ThinkPHP\Common\functions.php 第 588 行.
SQL: SHOW COLUMNS FROM `market_cat` [ RunTime:0.0053s ]
SQL: SELECT * FROM `market_cat`  [ RunTime:0.0007s ]
SQL: SHOW COLUMNS FROM `market_goods` [ RunTime:0.0048s ]
NOTIC: [8] Undefined variable: relationData E:\phpStudy\WWW\PHP_-\market\ThinkPHP\Library\Think\Model\RelationModel.class.php 第 227 行.
NOTIC: [8] Undefined variable: relationData E:\phpStudy\WWW\PHP_-\market\ThinkPHP\Library\Think\Model\RelationModel.class.php 第 227 行.
NOTIC: [8] Undefined variable: relationData E:\phpStudy\WWW\PHP_-\market\ThinkPHP\Library\Think\Model\RelationModel.class.php 第 227 行.
NOTIC: [8] Undefined variable: relationData E:\phpStudy\WWW\PHP_-\market\ThinkPHP\Library\Think\Model\RelationModel.class.php 第 227 行.
NOTIC: [8] Undefined variable: relationData E:\phpStudy\WWW\PHP_-\market\ThinkPHP\Library\Think\Model\RelationModel.class.php 第 227 行.
NOTIC: [8] Undefined variable: relationData E:\phpStudy\WWW\PHP_-\market\ThinkPHP\Library\Think\Model\RelationModel.class.php 第 227 行.

[ 2016-12-21T08:14:20+08:00 ] ::1 /php_-/market/index.php/home/index/index
INFO: [ app_init ] --START--
INFO: Run Behavior\BuildLiteBehavior [ RunTime:0.000012s ]
INFO: [ app_init ] --END-- [ RunTime:0.000341s ]
INFO: [ app_begin ] --START--
INFO: Run Behavior\ReadHtmlCacheBehavior [ RunTime:0.000604s ]
INFO: [ app_begin ] --END-- [ RunTime:0.000642s ]
NOTIC: [8] Use of undefined constant BELONGS_TO - assumed 'BELONGS_TO' E:\phpStudy\WWW\PHP_-\market\ThinkPHP\Common\functions.php 第 588 行.
SQL: SHOW COLUMNS FROM `market_cat` [ RunTime:0.0066s ]
SQL: SELECT * FROM `market_cat`  [ RunTime:0.0005s ]
SQL: SHOW COLUMNS FROM `market_category` [ RunTime:0.0064s ]
NOTIC: [8] Undefined variable: relationData E:\phpStudy\WWW\PHP_-\market\ThinkPHP\Library\Think\Model\RelationModel.class.php 第 227 行.
NOTIC: [8] Undefined variable: relationData E:\phpStudy\WWW\PHP_-\market\ThinkPHP\Library\Think\Model\RelationModel.class.php 第 227 行.
NOTIC: [8] Undefined variable: relationData E:\phpStudy\WWW\PHP_-\market\ThinkPHP\Library\Think\Model\RelationModel.class.php 第 227 行.
NOTIC: [8] Undefined variable: relationData E:\phpStudy\WWW\PHP_-\market\ThinkPHP\Library\Think\Model\RelationModel.class.php 第 227 行.
NOTIC: [8] Undefined variable: relationData E:\phpStudy\WWW\PHP_-\market\ThinkPHP\Library\Think\Model\RelationModel.class.php 第 227 行.
NOTIC: [8] Undefined variable: relationData E:\phpStudy\WWW\PHP_-\market\ThinkPHP\Library\Think\Model\RelationModel.class.php 第 227 行.

[ 2016-12-21T08:15:29+08:00 ] ::1 /php_-/market/index.php/home/index/index
INFO: [ app_init ] --START--
INFO: Run Behavior\BuildLiteBehavior [ RunTime:0.000019s ]
INFO: [ app_init ] --END-- [ RunTime:0.000535s ]
INFO: [ app_begin ] --START--
INFO: Run Behavior\ReadHtmlCacheBehavior [ RunTime:0.000908s ]
INFO: [ app_begin ] --END-- [ RunTime:0.000970s ]
SQL: SHOW COLUMNS FROM `market_cat` [ RunTime:0.0106s ]
ERR: Think\Model:relation方法不存在！

[ 2016-12-21T08:16:14+08:00 ] ::1 /php_-/market/index.php/home/index/index
INFO: [ app_init ] --START--
INFO: Run Behavior\BuildLiteBehavior [ RunTime:0.000013s ]
INFO: [ app_init ] --END-- [ RunTime:0.000394s ]
INFO: [ app_begin ] --START--
INFO: Run Behavior\ReadHtmlCacheBehavior [ RunTime:0.000716s ]
INFO: [ app_begin ] --END-- [ RunTime:0.000756s ]
ERR: 1146:Table 'market.market_catgory' doesn't exist
 [ SQL语句 ] : SHOW COLUMNS FROM `market_catgory`
ERR: 1146:Table 'market.market_catgory' doesn't exist
 [ SQL语句 ] : SHOW COLUMNS FROM `market_catgory`

[ 2016-12-21T08:16:30+08:00 ] ::1 /php_-/market/index.php/home/index/index
INFO: [ app_init ] --START--
INFO: Run Behavior\BuildLiteBehavior [ RunTime:0.000012s ]
INFO: [ app_init ] --END-- [ RunTime:0.000387s ]
INFO: [ app_begin ] --START--
INFO: Run Behavior\ReadHtmlCacheBehavior [ RunTime:0.000586s ]
INFO: [ app_begin ] --END-- [ RunTime:0.000646s ]
SQL: SHOW COLUMNS FROM `market_category` [ RunTime:0.0043s ]
ERR: Think\Model:relation方法不存在！

[ 2016-12-21T08:17:13+08:00 ] ::1 /php_-/market/index.php/home/index/index
INFO: [ app_init ] --START--
INFO: Run Behavior\BuildLiteBehavior [ RunTime:0.000013s ]
INFO: [ app_init ] --END-- [ RunTime:0.000383s ]
INFO: [ app_begin ] --START--
INFO: Run Behavior\ReadHtmlCacheBehavior [ RunTime:0.000615s ]
INFO: [ app_begin ] --END-- [ RunTime:0.000658s ]
SQL: SHOW COLUMNS FROM `market_category` [ RunTime:0.0111s ]
ERR: Think\Model:relation方法不存在！

[ 2016-12-21T08:19:25+08:00 ] ::1 /php_-/market/index.php/home/index/index
INFO: [ app_init ] --START--
INFO: Run Behavior\BuildLiteBehavior [ RunTime:0.000059s ]
INFO: [ app_init ] --END-- [ RunTime:0.000422s ]
INFO: [ app_begin ] --START--
INFO: Run Behavior\ReadHtmlCacheBehavior [ RunTime:0.000642s ]
INFO: [ app_begin ] --END-- [ RunTime:0.000677s ]
NOTIC: [8] Use of undefined constant BELONGS_TO - assumed 'BELONGS_TO' E:\phpStudy\WWW\PHP_-\market\ThinkPHP\Common\functions.php 第 588 行.
SQL: SHOW COLUMNS FROM `market_category` [ RunTime:0.0061s ]
SQL: SELECT * FROM `market_category`  [ RunTime:0.0007s ]
SQL: SHOW COLUMNS FROM `market_cat` [ RunTime:0.0054s ]
NOTIC: [8] Undefined variable: relationData E:\phpStudy\WWW\PHP_-\market\ThinkPHP\Library\Think\Model\RelationModel.class.php 第 227 行.
NOTIC: [8] Undefined variable: relationData E:\phpStudy\WWW\PHP_-\market\ThinkPHP\Library\Think\Model\RelationModel.class.php 第 227 行.
NOTIC: [8] Undefined variable: relationData E:\phpStudy\WWW\PHP_-\market\ThinkPHP\Library\Think\Model\RelationModel.class.php 第 227 行.
NOTIC: [8] Undefined variable: relationData E:\phpStudy\WWW\PHP_-\market\ThinkPHP\Library\Think\Model\RelationModel.class.php 第 227 行.
NOTIC: [8] Undefined variable: relationData E:\phpStudy\WWW\PHP_-\market\ThinkPHP\Library\Think\Model\RelationModel.class.php 第 227 行.
NOTIC: [8] Undefined variable: relationData E:\phpStudy\WWW\PHP_-\market\ThinkPHP\Library\Think\Model\RelationModel.class.php 第 227 行.
NOTIC: [8] Undefined variable: relationData E:\phpStudy\WWW\PHP_-\market\ThinkPHP\Library\Think\Model\RelationModel.class.php 第 227 行.

[ 2016-12-21T08:19:58+08:00 ] ::1 /php_-/market/index.php/home/index/index
INFO: [ app_init ] --START--
INFO: Run Behavior\BuildLiteBehavior [ RunTime:0.000012s ]
INFO: [ app_init ] --END-- [ RunTime:0.000312s ]
INFO: [ app_begin ] --START--
INFO: Run Behavior\ReadHtmlCacheBehavior [ RunTime:0.000443s ]
INFO: [ app_begin ] --END-- [ RunTime:0.000479s ]
SQL: SHOW COLUMNS FROM `market_category` [ RunTime:0.0060s ]
SQL: SELECT * FROM `market_category`  [ RunTime:0.0007s ]
SQL: SHOW COLUMNS FROM `market_cat` [ RunTime:0.0060s ]
SQL: SELECT * FROM `market_cat` WHERE ( 1=1 AND id='1' ) LIMIT 1   [ RunTime:0.0008s ]
SQL: SELECT * FROM `market_cat` WHERE ( 1=1 AND id='2' ) LIMIT 1   [ RunTime:0.0006s ]
SQL: SELECT * FROM `market_cat` WHERE ( 1=1 AND id='1' ) LIMIT 1   [ RunTime:0.0005s ]
SQL: SELECT * FROM `market_cat` WHERE ( 1=1 AND id='1' ) LIMIT 1   [ RunTime:0.0005s ]
SQL: SELECT * FROM `market_cat` WHERE ( 1=1 AND id='1' ) LIMIT 1   [ RunTime:0.0005s ]
SQL: SELECT * FROM `market_cat` WHERE ( 1=1 AND id='2' ) LIMIT 1   [ RunTime:0.0005s ]
SQL: SELECT * FROM `market_cat` WHERE ( 1=1 AND id='2' ) LIMIT 1   [ RunTime:0.0005s ]

[ 2016-12-21T08:27:44+08:00 ] ::1 /php_-/market/index.php/home/index/index
INFO: [ app_init ] --START--
INFO: Run Behavior\BuildLiteBehavior [ RunTime:0.000013s ]
INFO: [ app_init ] --END-- [ RunTime:0.000398s ]
INFO: [ app_begin ] --START--
INFO: Run Behavior\ReadHtmlCacheBehavior [ RunTime:0.000658s ]
INFO: [ app_begin ] --END-- [ RunTime:0.000744s ]
SQL: SHOW COLUMNS FROM `market_goods` [ RunTime:0.0121s ]
SQL: SELECT * FROM `market_goods`  [ RunTime:0.0012s ]
SQL: SHOW COLUMNS FROM `market_users` [ RunTime:0.0121s ]
SQL: SELECT * FROM `market_users` WHERE ( 1=1 AND id='1' ) LIMIT 1   [ RunTime:0.0012s ]

[ 2016-12-21T08:28:44+08:00 ] ::1 /php_-/market/index.php/home/index/index
INFO: [ app_init ] --START--
INFO: Run Behavior\BuildLiteBehavior [ RunTime:0.000014s ]
INFO: [ app_init ] --END-- [ RunTime:0.000337s ]
INFO: [ app_begin ] --START--
INFO: Run Behavior\ReadHtmlCacheBehavior [ RunTime:0.000469s ]
INFO: [ app_begin ] --END-- [ RunTime:0.000508s ]
SQL: SHOW COLUMNS FROM `market_goods` [ RunTime:0.0118s ]
SQL: SELECT * FROM `market_goods`  [ RunTime:0.0008s ]
SQL: SHOW COLUMNS FROM `market_users` [ RunTime:0.0106s ]
SQL: SELECT * FROM `market_users` WHERE ( 1=1 AND id='1' ) LIMIT 1   [ RunTime:0.0009s ]

[ 2016-12-21T08:28:49+08:00 ] ::1 /php_-/market/index.php/home/index/index
INFO: [ app_init ] --START--
INFO: Run Behavior\BuildLiteBehavior [ RunTime:0.000027s ]
INFO: [ app_init ] --END-- [ RunTime:0.000488s ]
INFO: [ app_begin ] --START--
INFO: Run Behavior\ReadHtmlCacheBehavior [ RunTime:0.000684s ]
INFO: [ app_begin ] --END-- [ RunTime:0.000754s ]
SQL: SHOW COLUMNS FROM `market_goods` [ RunTime:0.0046s ]
SQL: SELECT * FROM `market_goods`  [ RunTime:0.0004s ]
SQL: SHOW COLUMNS FROM `market_users` [ RunTime:0.0049s ]
SQL: SELECT * FROM `market_users` WHERE ( 1=1 AND id='1' ) LIMIT 1   [ RunTime:0.0011s ]

[ 2016-12-21T08:28:55+08:00 ] ::1 /php_-/market/index.php
INFO: [ app_init ] --START--
INFO: Run Behavior\BuildLiteBehavior [ RunTime:0.000024s ]
INFO: [ app_init ] --END-- [ RunTime:0.000726s ]
INFO: [ app_begin ] --START--
INFO: Run Behavior\ReadHtmlCacheBehavior [ RunTime:0.001238s ]
INFO: [ app_begin ] --END-- [ RunTime:0.001326s ]
SQL: SHOW COLUMNS FROM `market_goods` [ RunTime:0.0113s ]
SQL: SELECT * FROM `market_goods`  [ RunTime:0.0011s ]
SQL: SHOW COLUMNS FROM `market_users` [ RunTime:0.0113s ]
SQL: SELECT * FROM `market_users` WHERE ( 1=1 AND id='1' ) LIMIT 1   [ RunTime:0.0012s ]

[ 2016-12-21T08:29:04+08:00 ] ::1 /php_-/market/index.php/home/index/index
INFO: [ app_init ] --START--
INFO: Run Behavior\BuildLiteBehavior [ RunTime:0.000020s ]
INFO: [ app_init ] --END-- [ RunTime:0.000503s ]
INFO: [ app_begin ] --START--
INFO: Run Behavior\ReadHtmlCacheBehavior [ RunTime:0.000711s ]
INFO: [ app_begin ] --END-- [ RunTime:0.000771s ]
SQL: SHOW COLUMNS FROM `market_goods` [ RunTime:0.0105s ]
SQL: SELECT * FROM `market_goods`  [ RunTime:0.0013s ]
SQL: SHOW COLUMNS FROM `market_users` [ RunTime:0.0108s ]
SQL: SELECT * FROM `market_users` WHERE ( 1=1 AND id='1' ) LIMIT 1   [ RunTime:0.0018s ]

[ 2016-12-21T08:29:19+08:00 ] ::1 /php_-/market/index.php/home/index/index
INFO: [ app_init ] --START--
INFO: Run Behavior\BuildLiteBehavior [ RunTime:0.000016s ]
INFO: [ app_init ] --END-- [ RunTime:0.000402s ]
INFO: [ app_begin ] --START--
INFO: Run Behavior\ReadHtmlCacheBehavior [ RunTime:0.000572s ]
INFO: [ app_begin ] --END-- [ RunTime:0.000619s ]

[ 2016-12-21T08:29:23+08:00 ] ::1 /php_-/market/index.php/home/index/index
INFO: [ app_init ] --START--
INFO: Run Behavior\BuildLiteBehavior [ RunTime:0.000018s ]
INFO: [ app_init ] --END-- [ RunTime:0.000491s ]
INFO: [ app_begin ] --START--
INFO: Run Behavior\ReadHtmlCacheBehavior [ RunTime:0.000700s ]
INFO: [ app_begin ] --END-- [ RunTime:0.000760s ]
SQL: SHOW COLUMNS FROM `market_goods` [ RunTime:0.0049s ]
SQL: SELECT * FROM `market_goods`  [ RunTime:0.0005s ]
SQL: SHOW COLUMNS FROM `market_users` [ RunTime:0.0051s ]
NOTIC: [8] Undefined index: users_id E:\phpStudy\WWW\PHP_-\market\ThinkPHP\Library\Think\Model\RelationModel.class.php 第 161 行.
SQL: SELECT * FROM `market_users` WHERE ( 1=1 AND id='' ) LIMIT 1   [ RunTime:0.0006s ]

[ 2016-12-21T08:29:32+08:00 ] ::1 /php_-/market/index.php/home/index/index
INFO: [ app_init ] --START--
INFO: Run Behavior\BuildLiteBehavior [ RunTime:0.000019s ]
INFO: [ app_init ] --END-- [ RunTime:0.000492s ]
INFO: [ app_begin ] --START--
INFO: Run Behavior\ReadHtmlCacheBehavior [ RunTime:0.000698s ]
INFO: [ app_begin ] --END-- [ RunTime:0.000758s ]
SQL: SHOW COLUMNS FROM `market_goods` [ RunTime:0.0112s ]
SQL: SELECT * FROM `market_goods`  [ RunTime:0.0009s ]
SQL: SHOW COLUMNS FROM `market_users` [ RunTime:0.0115s ]
SQL: SELECT * FROM `market_users` WHERE ( 1=1 AND id='1' ) LIMIT 1   [ RunTime:0.0011s ]

[ 2016-12-21T08:29:42+08:00 ] ::1 /php_-/market/index.php/home/index/index
INFO: [ app_init ] --START--
INFO: Run Behavior\BuildLiteBehavior [ RunTime:0.000013s ]
INFO: [ app_init ] --END-- [ RunTime:0.000299s ]
INFO: [ app_begin ] --START--
INFO: Run Behavior\ReadHtmlCacheBehavior [ RunTime:0.000418s ]
INFO: [ app_begin ] --END-- [ RunTime:0.000455s ]
SQL: SHOW COLUMNS FROM `market_goods` [ RunTime:0.0048s ]
SQL: SELECT * FROM `market_goods`  [ RunTime:0.0004s ]
SQL: SHOW COLUMNS FROM `market_users` [ RunTime:0.0044s ]
SQL: SELECT * FROM `market_users` WHERE ( 1=1 AND id='1' ) LIMIT 1   [ RunTime:0.0005s ]

[ 2016-12-21T08:30:02+08:00 ] ::1 /php_-/market/index.php/home/index/index
INFO: [ app_init ] --START--
INFO: Run Behavior\BuildLiteBehavior [ RunTime:0.000015s ]
INFO: [ app_init ] --END-- [ RunTime:0.000570s ]
INFO: [ app_begin ] --START--
INFO: Run Behavior\ReadHtmlCacheBehavior [ RunTime:0.000706s ]
INFO: [ app_begin ] --END-- [ RunTime:0.000762s ]
SQL: SHOW COLUMNS FROM `market_goods` [ RunTime:0.0105s ]
SQL: SELECT * FROM `market_goods`  [ RunTime:0.0007s ]
SQL: SHOW COLUMNS FROM `market_users` [ RunTime:0.0061s ]
SQL: SELECT * FROM `market_users` WHERE ( 1=1 AND id='1' ) LIMIT 1   [ RunTime:0.0006s ]

[ 2016-12-21T08:30:59+08:00 ] ::1 /php_-/market/index.php/home/index/index
INFO: [ app_init ] --START--
INFO: Run Behavior\BuildLiteBehavior [ RunTime:0.000015s ]
INFO: [ app_init ] --END-- [ RunTime:0.000420s ]
INFO: [ app_begin ] --START--
INFO: Run Behavior\ReadHtmlCacheBehavior [ RunTime:0.000696s ]
INFO: [ app_begin ] --END-- [ RunTime:0.000756s ]
SQL: SHOW COLUMNS FROM `market_goods` [ RunTime:0.0064s ]
SQL: SELECT * FROM `market_goods`  [ RunTime:0.0005s ]
SQL: SHOW COLUMNS FROM `market_users` [ RunTime:0.0070s ]
SQL: SELECT * FROM `market_users` WHERE ( 1=1 AND id='1' ) LIMIT 1   [ RunTime:0.0004s ]

[ 2016-12-21T08:31:04+08:00 ] ::1 /php_-/market/index.php/home/index/index
INFO: [ app_init ] --START--
INFO: Run Behavior\BuildLiteBehavior [ RunTime:0.000018s ]
INFO: [ app_init ] --END-- [ RunTime:0.000487s ]
INFO: [ app_begin ] --START--
INFO: Run Behavior\ReadHtmlCacheBehavior [ RunTime:0.000700s ]
INFO: [ app_begin ] --END-- [ RunTime:0.000760s ]
SQL: SHOW COLUMNS FROM `market_cat` [ RunTime:0.0043s ]
SQL: SELECT * FROM `market_cat`  [ RunTime:0.0006s ]
SQL: SHOW COLUMNS FROM `market_active` [ RunTime:0.0041s ]
SQL: SELECT * FROM `market_active` ORDER BY time desc LIMIT 2   [ RunTime:0.0007s ]
SQL: SHOW COLUMNS FROM `market_goods` [ RunTime:0.0041s ]
SQL: SELECT * FROM `market_goods` ORDER BY time desc LIMIT 4   [ RunTime:0.0006s ]
SQL: SELECT market_goods.id AS `id`,market_goods.name AS `name`,market_users.nickname AS `nickname`,market_goods.price AS `price`,market_goods.photo AS `photo` FROM `market_cat` INNER JOIN market_category on market_cat.id = market_category.cat_id INNER JOIN market_goods on market_category.id = market_goods.category_id INNER JOIN market_users on market_users.id = market_goods.seller_id  WHERE ( market_cat.id=10 ) ORDER BY time desc LIMIT 4   [ RunTime:0.0005s ]
SQL: SELECT market_goods.id AS `id`,market_goods.name AS `name`,market_users.nickname AS `nickname`,market_goods.price AS `price`,market_goods.photo AS `photo` FROM `market_cat` INNER JOIN market_category on market_cat.id = market_category.cat_id INNER JOIN market_goods on market_category.id = market_goods.category_id INNER JOIN market_users on market_users.id = market_goods.seller_id  WHERE ( market_cat.id=11 ) ORDER BY time desc LIMIT 4   [ RunTime:0.0004s ]
SQL: SELECT market_goods.id AS `id`,market_goods.name AS `name`,market_users.nickname AS `nickname`,market_goods.price AS `price`,market_goods.photo AS `photo` FROM `market_cat` INNER JOIN market_category on market_cat.id = market_category.cat_id INNER JOIN market_goods on market_category.id = market_goods.category_id INNER JOIN market_users on market_users.id = market_goods.seller_id  WHERE ( market_cat.id=12 ) ORDER BY time desc LIMIT 4   [ RunTime:0.0003s ]
SQL: SELECT market_goods.id AS `id`,market_goods.name AS `name`,market_users.nickname AS `nickname`,market_goods.price AS `price`,market_goods.photo AS `photo` FROM `market_cat` INNER JOIN market_category on market_cat.id = market_category.cat_id INNER JOIN market_goods on market_category.id = market_goods.category_id INNER JOIN market_users on market_users.id = market_goods.seller_id  WHERE ( market_cat.id=13 ) ORDER BY time desc LIMIT 4   [ RunTime:0.0003s ]
SQL: SELECT market_goods.id AS `id`,market_goods.name AS `name`,market_users.nickname AS `nickname`,market_goods.price AS `price`,market_goods.photo AS `photo` FROM `market_cat` INNER JOIN market_category on market_cat.id = market_category.cat_id INNER JOIN market_goods on market_category.id = market_goods.category_id INNER JOIN market_users on market_users.id = market_goods.seller_id  WHERE ( market_cat.id=14 ) ORDER BY time desc LIMIT 4   [ RunTime:0.0003s ]
INFO: [ view_parse ] --START--
INFO: [ template_filter ] --START--
INFO: Run Behavior\ContentReplaceBehavior [ RunTime:0.000158s ]
INFO: [ template_filter ] --END-- [ RunTime:0.000198s ]
INFO: Run Behavior\ParseTemplateBehavior [ RunTime:0.017723s ]
INFO: [ view_parse ] --END-- [ RunTime:0.017768s ]
INFO: [ view_filter ] --START--
INFO: Run Behavior\WriteHtmlCacheBehavior [ RunTime:0.000435s ]
INFO: [ view_filter ] --END-- [ RunTime:0.000466s ]
INFO: [ app_end ] --START--
INFO: Run Behavior\ShowPageTraceBehavior [ RunTime:0.000915s ]
INFO: [ app_end ] --END-- [ RunTime:0.000967s ]

[ 2016-12-21T08:32:04+08:00 ] ::1 /php_-/market/index.php/home/index/index
INFO: [ app_init ] --START--
INFO: Run Behavior\BuildLiteBehavior [ RunTime:0.000012s ]
INFO: [ app_init ] --END-- [ RunTime:0.000356s ]
INFO: [ app_begin ] --START--
INFO: Run Behavior\ReadHtmlCacheBehavior [ RunTime:0.000650s ]
INFO: [ app_begin ] --END-- [ RunTime:0.000691s ]
SQL: SHOW COLUMNS FROM `market_cat` [ RunTime:0.0069s ]
SQL: SELECT * FROM `market_cat`  [ RunTime:0.0010s ]
SQL: SHOW COLUMNS FROM `market_active` [ RunTime:0.0066s ]
SQL: SELECT * FROM `market_active` ORDER BY time desc LIMIT 2   [ RunTime:0.0010s ]
SQL: SELECT market_goods.id AS `id`,market_goods.name AS `name`,market_users.nickname AS `nickname`,market_goods.price AS `price`,market_goods.photo AS `photo` FROM `market_cat` INNER JOIN market_category on market_cat.id = market_category.cat_id INNER JOIN market_goods on market_category.id = market_goods.category_id INNER JOIN market_users on market_users.id = market_goods.seller_id  WHERE ( market_cat.id=8 ) ORDER BY time desc LIMIT 4   [ RunTime:0.0008s ]
SQL: SELECT market_goods.id AS `id`,market_goods.name AS `name`,market_users.nickname AS `nickname`,market_goods.price AS `price`,market_goods.photo AS `photo` FROM `market_cat` INNER JOIN market_category on market_cat.id = market_category.cat_id INNER JOIN market_goods on market_category.id = market_goods.category_id INNER JOIN market_users on market_users.id = market_goods.seller_id  WHERE ( market_cat.id=10 ) ORDER BY time desc LIMIT 4   [ RunTime:0.0008s ]
SQL: SELECT market_goods.id AS `id`,market_goods.name AS `name`,market_users.nickname AS `nickname`,market_goods.price AS `price`,market_goods.photo AS `photo` FROM `market_cat` INNER JOIN market_category on market_cat.id = market_category.cat_id INNER JOIN market_goods on market_category.id = market_goods.category_id INNER JOIN market_users on market_users.id = market_goods.seller_id  WHERE ( market_cat.id=11 ) ORDER BY time desc LIMIT 4   [ RunTime:0.0009s ]
SQL: SELECT market_goods.id AS `id`,market_goods.name AS `name`,market_users.nickname AS `nickname`,market_goods.price AS `price`,market_goods.photo AS `photo` FROM `market_cat` INNER JOIN market_category on market_cat.id = market_category.cat_id INNER JOIN market_goods on market_category.id = market_goods.category_id INNER JOIN market_users on market_users.id = market_goods.seller_id  WHERE ( market_cat.id=12 ) ORDER BY time desc LIMIT 4   [ RunTime:0.0008s ]
SQL: SELECT market_goods.id AS `id`,market_goods.name AS `name`,market_users.nickname AS `nickname`,market_goods.price AS `price`,market_goods.photo AS `photo` FROM `market_cat` INNER JOIN market_category on market_cat.id = market_category.cat_id INNER JOIN market_goods on market_category.id = market_goods.category_id INNER JOIN market_users on market_users.id = market_goods.seller_id  WHERE ( market_cat.id=13 ) ORDER BY time desc LIMIT 4   [ RunTime:0.0008s ]
SQL: SELECT market_goods.id AS `id`,market_goods.name AS `name`,market_users.nickname AS `nickname`,market_goods.price AS `price`,market_goods.photo AS `photo` FROM `market_cat` INNER JOIN market_category on market_cat.id = market_category.cat_id INNER JOIN market_goods on market_category.id = market_goods.category_id INNER JOIN market_users on market_users.id = market_goods.seller_id  WHERE ( market_cat.id=14 ) ORDER BY time desc LIMIT 4   [ RunTime:0.0008s ]
INFO: [ view_parse ] --START--
INFO: [ template_filter ] --START--
INFO: Run Behavior\ContentReplaceBehavior [ RunTime:0.000164s ]
INFO: [ template_filter ] --END-- [ RunTime:0.000210s ]
INFO: Run Behavior\ParseTemplateBehavior [ RunTime:0.018276s ]
INFO: [ view_parse ] --END-- [ RunTime:0.018329s ]
INFO: [ view_filter ] --START--
INFO: Run Behavior\WriteHtmlCacheBehavior [ RunTime:0.000494s ]
INFO: [ view_filter ] --END-- [ RunTime:0.000528s ]
INFO: [ app_end ] --START--
INFO: Run Behavior\ShowPageTraceBehavior [ RunTime:0.000696s ]
INFO: [ app_end ] --END-- [ RunTime:0.000733s ]

[ 2016-12-21T08:38:48+08:00 ] ::1 /php_-/market/index.php/home/index/index
INFO: [ app_init ] --START--
INFO: Run Behavior\BuildLiteBehavior [ RunTime:0.000014s ]
INFO: [ app_init ] --END-- [ RunTime:0.000414s ]
INFO: [ app_begin ] --START--
INFO: Run Behavior\ReadHtmlCacheBehavior [ RunTime:0.000664s ]
INFO: [ app_begin ] --END-- [ RunTime:0.000704s ]
SQL: SHOW COLUMNS FROM `market_cat` [ RunTime:0.0052s ]
SQL: SELECT * FROM `market_cat`  [ RunTime:0.0006s ]
SQL: SHOW COLUMNS FROM `market_active` [ RunTime:0.0057s ]
SQL: SELECT * FROM `market_active` ORDER BY time desc LIMIT 2   [ RunTime:0.0006s ]
SQL: SELECT market_goods.id AS `id`,market_goods.name AS `name`,market_users.nickname AS `nickname`,market_goods.price AS `price`,market_goods.photo AS `photo` FROM `market_cat` INNER JOIN market_category on market_cat.id = market_category.cat_id INNER JOIN market_goods on market_category.id = market_goods.category_id INNER JOIN market_users on market_users.id = market_goods.seller_id  WHERE ( market_cat.id=8 ) ORDER BY time desc LIMIT 4   [ RunTime:0.0010s ]
SQL: SELECT market_goods.id AS `id`,market_goods.name AS `name`,market_users.nickname AS `nickname`,market_goods.price AS `price`,market_goods.photo AS `photo` FROM `market_cat` INNER JOIN market_category on market_cat.id = market_category.cat_id INNER JOIN market_goods on market_category.id = market_goods.category_id INNER JOIN market_users on market_users.id = market_goods.seller_id  WHERE ( market_cat.id=10 ) ORDER BY time desc LIMIT 4   [ RunTime:0.0005s ]
SQL: SELECT market_goods.id AS `id`,market_goods.name AS `name`,market_users.nickname AS `nickname`,market_goods.price AS `price`,market_goods.photo AS `photo` FROM `market_cat` INNER JOIN market_category on market_cat.id = market_category.cat_id INNER JOIN market_goods on market_category.id = market_goods.category_id INNER JOIN market_users on market_users.id = market_goods.seller_id  WHERE ( market_cat.id=11 ) ORDER BY time desc LIMIT 4   [ RunTime:0.0006s ]
SQL: SELECT market_goods.id AS `id`,market_goods.name AS `name`,market_users.nickname AS `nickname`,market_goods.price AS `price`,market_goods.photo AS `photo` FROM `market_cat` INNER JOIN market_category on market_cat.id = market_category.cat_id INNER JOIN market_goods on market_category.id = market_goods.category_id INNER JOIN market_users on market_users.id = market_goods.seller_id  WHERE ( market_cat.id=12 ) ORDER BY time desc LIMIT 4   [ RunTime:0.0006s ]
SQL: SELECT market_goods.id AS `id`,market_goods.name AS `name`,market_users.nickname AS `nickname`,market_goods.price AS `price`,market_goods.photo AS `photo` FROM `market_cat` INNER JOIN market_category on market_cat.id = market_category.cat_id INNER JOIN market_goods on market_category.id = market_goods.category_id INNER JOIN market_users on market_users.id = market_goods.seller_id  WHERE ( market_cat.id=13 ) ORDER BY time desc LIMIT 4   [ RunTime:0.0005s ]
SQL: SELECT market_goods.id AS `id`,market_goods.name AS `name`,market_users.nickname AS `nickname`,market_goods.price AS `price`,market_goods.photo AS `photo` FROM `market_cat` INNER JOIN market_category on market_cat.id = market_category.cat_id INNER JOIN market_goods on market_category.id = market_goods.category_id INNER JOIN market_users on market_users.id = market_goods.seller_id  WHERE ( market_cat.id=14 ) ORDER BY time desc LIMIT 4   [ RunTime:0.0005s ]
INFO: [ view_parse ] --START--
INFO: [ template_filter ] --START--
INFO: Run Behavior\ContentReplaceBehavior [ RunTime:0.000157s ]
INFO: [ template_filter ] --END-- [ RunTime:0.000197s ]
INFO: Run Behavior\ParseTemplateBehavior [ RunTime:0.021314s ]
INFO: [ view_parse ] --END-- [ RunTime:0.021366s ]
INFO: [ view_filter ] --START--
INFO: Run Behavior\WriteHtmlCacheBehavior [ RunTime:0.000481s ]
INFO: [ view_filter ] --END-- [ RunTime:0.000511s ]
INFO: [ app_end ] --START--
INFO: Run Behavior\ShowPageTraceBehavior [ RunTime:0.000818s ]
INFO: [ app_end ] --END-- [ RunTime:0.000899s ]

[ 2016-12-21T08:39:45+08:00 ] ::1 /php_-/market/index.php/home/index/index
INFO: [ app_init ] --START--
INFO: Run Behavior\BuildLiteBehavior [ RunTime:0.000022s ]
INFO: [ app_init ] --END-- [ RunTime:0.000586s ]
INFO: [ app_begin ] --START--
INFO: Run Behavior\ReadHtmlCacheBehavior [ RunTime:0.000843s ]
INFO: [ app_begin ] --END-- [ RunTime:0.000915s ]
SQL: SHOW COLUMNS FROM `market_cat` [ RunTime:0.0075s ]
SQL: SELECT * FROM `market_cat`  [ RunTime:0.0008s ]
SQL: SHOW COLUMNS FROM `market_active` [ RunTime:0.0063s ]
SQL: SELECT * FROM `market_active` ORDER BY time desc LIMIT 2   [ RunTime:0.0008s ]
SQL: SELECT market_goods.id AS `id`,market_goods.name AS `name`,market_users.nickname AS `nickname`,market_goods.price AS `price`,market_goods.photo AS `photo` FROM `market_cat` INNER JOIN market_category on market_cat.id = market_category.cat_id INNER JOIN market_goods on market_category.id = market_goods.category_id INNER JOIN market_users on market_users.id = market_goods.seller_id  WHERE ( market_cat.id=8 ) ORDER BY time desc LIMIT 4   [ RunTime:0.0008s ]

[ 2016-12-21T08:40:52+08:00 ] ::1 /php_-/market/index.php/home/index/index
INFO: [ app_init ] --START--
INFO: Run Behavior\BuildLiteBehavior [ RunTime:0.000018s ]
INFO: [ app_init ] --END-- [ RunTime:0.000515s ]
INFO: [ app_begin ] --START--
INFO: Run Behavior\ReadHtmlCacheBehavior [ RunTime:0.000823s ]
INFO: [ app_begin ] --END-- [ RunTime:0.000881s ]
SQL: SHOW COLUMNS FROM `market_cat` [ RunTime:0.0068s ]
SQL: SELECT * FROM `market_cat`  [ RunTime:0.0007s ]
SQL: SHOW COLUMNS FROM `market_active` [ RunTime:0.0067s ]
SQL: SELECT * FROM `market_active` ORDER BY time desc LIMIT 2   [ RunTime:0.0007s ]
SQL: SELECT * FROM `market_cat` INNER JOIN market_category on market_cat.id = market_category.cat_id INNER JOIN market_goods on market_category.id = market_goods.category_id INNER JOIN market_users on market_users.id = market_goods.seller_id  WHERE ( market_cat.id=8 ) ORDER BY time desc LIMIT 4   [ RunTime:0.0008s ]

[ 2016-12-21T08:42:53+08:00 ] ::1 /php_-/market/index.php/home/index/index
INFO: [ app_init ] --START--
INFO: Run Behavior\BuildLiteBehavior [ RunTime:0.000012s ]
INFO: [ app_init ] --END-- [ RunTime:0.000352s ]
INFO: [ app_begin ] --START--
INFO: Run Behavior\ReadHtmlCacheBehavior [ RunTime:0.000622s ]
INFO: [ app_begin ] --END-- [ RunTime:0.000660s ]
SQL: SHOW COLUMNS FROM `market_cat` [ RunTime:0.0061s ]
SQL: SELECT * FROM `market_cat`  [ RunTime:0.0007s ]
SQL: SHOW COLUMNS FROM `market_active` [ RunTime:0.0061s ]
SQL: SELECT * FROM `market_active` ORDER BY time desc LIMIT 2   [ RunTime:0.0007s ]
SQL: SELECT market_goods.id AS `id`,market_goods.name AS `name`,market_users.nickname AS `nickname`,market_goods.price AS `price`,market_goods.photo AS `photo` FROM `market_cat` INNER JOIN market_category on market_cat.id = market_category.cat_id INNER JOIN market_goods on market_category.id = market_goods.category_id INNER JOIN market_users on market_users.id = market_goods.seller_id  WHERE ( market_cat.id=1 ) ORDER BY time desc LIMIT 4   [ RunTime:0.0008s ]

[ 2016-12-21T08:43:13+08:00 ] ::1 /php_-/market/index.php/home/index/index
INFO: [ app_init ] --START--
INFO: Run Behavior\BuildLiteBehavior [ RunTime:0.000024s ]
INFO: [ app_init ] --END-- [ RunTime:0.000626s ]
INFO: [ app_begin ] --START--
INFO: Run Behavior\ReadHtmlCacheBehavior [ RunTime:0.000889s ]
INFO: [ app_begin ] --END-- [ RunTime:0.000963s ]
SQL: SHOW COLUMNS FROM `market_cat` [ RunTime:0.0111s ]
SQL: SELECT * FROM `market_cat`  [ RunTime:0.0010s ]
SQL: SHOW COLUMNS FROM `market_active` [ RunTime:0.0111s ]
SQL: SELECT * FROM `market_active` ORDER BY time desc LIMIT 2   [ RunTime:0.0010s ]
SQL: SELECT market_goods.id AS `id`,market_goods.name AS `name`,market_users.nickname AS `nickname`,market_goods.price AS `price`,market_goods.photo AS `photo` FROM `market_cat` INNER JOIN market_category on market_cat.id = market_category.cat_id INNER JOIN market_goods on market_category.id = market_goods.category_id INNER JOIN market_users on market_users.id = market_goods.seller_id  WHERE ( market_cat.id=1 ) ORDER BY time desc LIMIT 4   [ RunTime:0.0010s ]
SQL: SELECT market_goods.id AS `id`,market_goods.name AS `name`,market_users.nickname AS `nickname`,market_goods.price AS `price`,market_goods.photo AS `photo` FROM `market_cat` INNER JOIN market_category on market_cat.id = market_category.cat_id INNER JOIN market_goods on market_category.id = market_goods.category_id INNER JOIN market_users on market_users.id = market_goods.seller_id  WHERE ( market_cat.id=2 ) ORDER BY time desc LIMIT 4   [ RunTime:0.0013s ]
SQL: SELECT market_goods.id AS `id`,market_goods.name AS `name`,market_users.nickname AS `nickname`,market_goods.price AS `price`,market_goods.photo AS `photo` FROM `market_cat` INNER JOIN market_category on market_cat.id = market_category.cat_id INNER JOIN market_goods on market_category.id = market_goods.category_id INNER JOIN market_users on market_users.id = market_goods.seller_id  WHERE ( market_cat.id=3 ) ORDER BY time desc LIMIT 4   [ RunTime:0.0013s ]
SQL: SELECT market_goods.id AS `id`,market_goods.name AS `name`,market_users.nickname AS `nickname`,market_goods.price AS `price`,market_goods.photo AS `photo` FROM `market_cat` INNER JOIN market_category on market_cat.id = market_category.cat_id INNER JOIN market_goods on market_category.id = market_goods.category_id INNER JOIN market_users on market_users.id = market_goods.seller_id  WHERE ( market_cat.id=4 ) ORDER BY time desc LIMIT 4   [ RunTime:0.0016s ]
SQL: SELECT market_goods.id AS `id`,market_goods.name AS `name`,market_users.nickname AS `nickname`,market_goods.price AS `price`,market_goods.photo AS `photo` FROM `market_cat` INNER JOIN market_category on market_cat.id = market_category.cat_id INNER JOIN market_goods on market_category.id = market_goods.category_id INNER JOIN market_users on market_users.id = market_goods.seller_id  WHERE ( market_cat.id=5 ) ORDER BY time desc LIMIT 4   [ RunTime:0.0011s ]
SQL: SELECT market_goods.id AS `id`,market_goods.name AS `name`,market_users.nickname AS `nickname`,market_goods.price AS `price`,market_goods.photo AS `photo` FROM `market_cat` INNER JOIN market_category on market_cat.id = market_category.cat_id INNER JOIN market_goods on market_category.id = market_goods.category_id INNER JOIN market_users on market_users.id = market_goods.seller_id  WHERE ( market_cat.id=6 ) ORDER BY time desc LIMIT 4   [ RunTime:0.0009s ]
INFO: [ view_parse ] --START--
INFO: [ template_filter ] --START--
INFO: Run Behavior\ContentReplaceBehavior [ RunTime:0.000199s ]
INFO: [ template_filter ] --END-- [ RunTime:0.000244s ]
INFO: Run Behavior\ParseTemplateBehavior [ RunTime:0.031762s ]
INFO: [ view_parse ] --END-- [ RunTime:0.031854s ]
INFO: [ view_filter ] --START--
INFO: Run Behavior\WriteHtmlCacheBehavior [ RunTime:0.000418s ]
INFO: [ view_filter ] --END-- [ RunTime:0.000449s ]
INFO: [ app_end ] --START--
INFO: Run Behavior\ShowPageTraceBehavior [ RunTime:0.000835s ]
INFO: [ app_end ] --END-- [ RunTime:0.000878s ]

[ 2016-12-21T08:43:32+08:00 ] ::1 /php_-/market/index.php/Home/Gooddetail/index?id=1
INFO: [ app_init ] --START--
INFO: Run Behavior\BuildLiteBehavior [ RunTime:0.000012s ]
INFO: [ app_init ] --END-- [ RunTime:0.000347s ]
INFO: [ app_begin ] --START--
INFO: Run Behavior\ReadHtmlCacheBehavior [ RunTime:0.000715s ]
INFO: [ app_begin ] --END-- [ RunTime:0.000788s ]
ERR: 无法加载控制器:Gooddetail

[ 2016-12-21T08:43:37+08:00 ] ::1 /php_-/market/index.php/Home/Gooddetail/index?id=1
INFO: [ app_init ] --START--
INFO: Run Behavior\BuildLiteBehavior [ RunTime:0.000011s ]
INFO: [ app_init ] --END-- [ RunTime:0.000306s ]
INFO: [ app_begin ] --START--
INFO: Run Behavior\ReadHtmlCacheBehavior [ RunTime:0.000481s ]
INFO: [ app_begin ] --END-- [ RunTime:0.000517s ]
ERR: 无法加载控制器:Gooddetail

[ 2016-12-21T09:14:08+08:00 ] ::1 /php_-/market/index.php/Home/index/index
INFO: [ app_init ] --START--
INFO: Run Behavior\BuildLiteBehavior [ RunTime:0.000013s ]
INFO: [ app_init ] --END-- [ RunTime:0.000396s ]
INFO: [ app_begin ] --START--
INFO: Run Behavior\ReadHtmlCacheBehavior [ RunTime:0.000675s ]
INFO: [ app_begin ] --END-- [ RunTime:0.000715s ]
SQL: SHOW COLUMNS FROM `market_cat` [ RunTime:0.0046s ]
SQL: SELECT * FROM `market_cat`  [ RunTime:0.0006s ]
SQL: SHOW COLUMNS FROM `market_active` [ RunTime:0.0130s ]
SQL: SELECT * FROM `market_active` ORDER BY time desc LIMIT 2   [ RunTime:0.0016s ]
SQL: SELECT market_goods.id AS `id`,market_goods.name AS `name`,market_users.nickname AS `nickname`,market_goods.price AS `price`,market_goods.photo AS `photo` FROM `market_cat` INNER JOIN market_category on market_cat.id = market_category.cat_id INNER JOIN market_goods on market_category.id = market_goods.category_id INNER JOIN market_users on market_users.id = market_goods.seller_id  WHERE ( market_cat.id=1 ) ORDER BY time desc LIMIT 4   [ RunTime:0.0023s ]
SQL: SELECT market_goods.id AS `id`,market_goods.name AS `name`,market_users.nickname AS `nickname`,market_goods.price AS `price`,market_goods.photo AS `photo` FROM `market_cat` INNER JOIN market_category on market_cat.id = market_category.cat_id INNER JOIN market_goods on market_category.id = market_goods.category_id INNER JOIN market_users on market_users.id = market_goods.seller_id  WHERE ( market_cat.id=2 ) ORDER BY time desc LIMIT 4   [ RunTime:0.0013s ]
SQL: SELECT market_goods.id AS `id`,market_goods.name AS `name`,market_users.nickname AS `nickname`,market_goods.price AS `price`,market_goods.photo AS `photo` FROM `market_cat` INNER JOIN market_category on market_cat.id = market_category.cat_id INNER JOIN market_goods on market_category.id = market_goods.category_id INNER JOIN market_users on market_users.id = market_goods.seller_id  WHERE ( market_cat.id=3 ) ORDER BY time desc LIMIT 4   [ RunTime:0.0016s ]
SQL: SELECT market_goods.id AS `id`,market_goods.name AS `name`,market_users.nickname AS `nickname`,market_goods.price AS `price`,market_goods.photo AS `photo` FROM `market_cat` INNER JOIN market_category on market_cat.id = market_category.cat_id INNER JOIN market_goods on market_category.id = market_goods.category_id INNER JOIN market_users on market_users.id = market_goods.seller_id  WHERE ( market_cat.id=4 ) ORDER BY time desc LIMIT 4   [ RunTime:0.0015s ]
SQL: SELECT market_goods.id AS `id`,market_goods.name AS `name`,market_users.nickname AS `nickname`,market_goods.price AS `price`,market_goods.photo AS `photo` FROM `market_cat` INNER JOIN market_category on market_cat.id = market_category.cat_id INNER JOIN market_goods on market_category.id = market_goods.category_id INNER JOIN market_users on market_users.id = market_goods.seller_id  WHERE ( market_cat.id=5 ) ORDER BY time desc LIMIT 4   [ RunTime:0.0013s ]
SQL: SELECT market_goods.id AS `id`,market_goods.name AS `name`,market_users.nickname AS `nickname`,market_goods.price AS `price`,market_goods.photo AS `photo` FROM `market_cat` INNER JOIN market_category on market_cat.id = market_category.cat_id INNER JOIN market_goods on market_category.id = market_goods.category_id INNER JOIN market_users on market_users.id = market_goods.seller_id  WHERE ( market_cat.id=6 ) ORDER BY time desc LIMIT 4   [ RunTime:0.0013s ]
INFO: [ view_parse ] --START--
INFO: [ template_filter ] --START--
INFO: Run Behavior\ContentReplaceBehavior [ RunTime:0.000294s ]
INFO: [ template_filter ] --END-- [ RunTime:0.000376s ]
INFO: Run Behavior\ParseTemplateBehavior [ RunTime:0.027598s ]
INFO: [ view_parse ] --END-- [ RunTime:0.027716s ]
INFO: [ view_filter ] --START--
INFO: Run Behavior\WriteHtmlCacheBehavior [ RunTime:0.000665s ]
INFO: [ view_filter ] --END-- [ RunTime:0.000715s ]
INFO: [ app_end ] --START--
INFO: Run Behavior\ShowPageTraceBehavior [ RunTime:0.001060s ]
INFO: [ app_end ] --END-- [ RunTime:0.001116s ]

[ 2016-12-21T09:14:16+08:00 ] ::1 /php_-/market/index.php/Home/Goodslist/goodslist?id=8
INFO: [ app_init ] --START--
INFO: Run Behavior\BuildLiteBehavior [ RunTime:0.000012s ]
INFO: [ app_init ] --END-- [ RunTime:0.000343s ]
INFO: [ app_begin ] --START--
INFO: Run Behavior\ReadHtmlCacheBehavior [ RunTime:0.000607s ]
INFO: [ app_begin ] --END-- [ RunTime:0.000645s ]
SQL: SHOW COLUMNS FROM `market_goods` [ RunTime:0.0099s ]
SQL: SELECT market_goods.name AS `name`,market_goods.degree AS `degree`,market_goods.description AS `description`,market_goods.price AS `price`,market_users.nickname AS `nickname`,market_users.college AS `college`,market_goods.photo AS `photo`,market_users.head AS `head`,market_goods.id AS `id` FROM `market_goods` INNER JOIN market_category on market_goods.category_id = market_category.id INNER JOIN market_cat on market_category.cat_id = market_cat.id INNER JOIN market_users on market_goods.seller_id=market_users.id  WHERE ( market_cat.id=8 )  [ RunTime:0.0008s ]
NOTIC: [8] Undefined offset: 0 E:\phpStudy\WWW\PHP_-\market\Application\Home\Controller\GoodslistController.class.php 第 52 行.
INFO: [ view_parse ] --START--
INFO: [ template_filter ] --START--
INFO: Run Behavior\ContentReplaceBehavior [ RunTime:0.000286s ]
INFO: [ template_filter ] --END-- [ RunTime:0.000426s ]
INFO: Run Behavior\ParseTemplateBehavior [ RunTime:0.021371s ]
INFO: [ view_parse ] --END-- [ RunTime:0.021521s ]
INFO: [ view_filter ] --START--
INFO: Run Behavior\WriteHtmlCacheBehavior [ RunTime:0.000819s ]
INFO: [ view_filter ] --END-- [ RunTime:0.000886s ]
INFO: [ app_end ] --START--
INFO: Run Behavior\ShowPageTraceBehavior [ RunTime:0.000961s ]
INFO: [ app_end ] --END-- [ RunTime:0.001017s ]

[ 2016-12-21T09:14:20+08:00 ] ::1 /php_-/market/index.php/Home/Gooddetail/index?id=10
INFO: [ app_init ] --START--
INFO: Run Behavior\BuildLiteBehavior [ RunTime:0.000012s ]
INFO: [ app_init ] --END-- [ RunTime:0.000357s ]
INFO: [ app_begin ] --START--
INFO: Run Behavior\ReadHtmlCacheBehavior [ RunTime:0.000443s ]
INFO: [ app_begin ] --END-- [ RunTime:0.000483s ]
SQL: SHOW COLUMNS FROM `market_goods` [ RunTime:0.0117s ]
SQL: SHOW COLUMNS FROM `market_users` [ RunTime:0.0124s ]
SQL: SHOW COLUMNS FROM `market_message` [ RunTime:0.0112s ]
SQL: SELECT * FROM `market_goods` WHERE `id` = 10 LIMIT 1   [ RunTime:0.0013s ]
SQL: SELECT * FROM `market_users` WHERE `id` = 10 LIMIT 1   [ RunTime:0.0012s ]
SQL: SELECT * FROM `market_message` WHERE `goods_id` = 10 AND `belong_id` = 0  [ RunTime:0.0011s ]
SQL: SHOW COLUMNS FROM `market_collection` [ RunTime:0.0317s ]
SQL: SELECT * FROM `market_collection` WHERE ( user_id=1 and goods_id=10 ) LIMIT 1   [ RunTime:0.0007s ]
NOTIC: [8] Undefined variable: result E:\phpStudy\WWW\PHP_-\market\Application\Home\Controller\GooddetailController.class.php 第 99 行.
SQL: UPDATE `market_goods` SET `times`=times+1 [ RunTime:0.0377s ]
INFO: [ view_parse ] --START--
INFO: [ template_filter ] --START--
INFO: Run Behavior\ContentReplaceBehavior [ RunTime:0.000124s ]
INFO: [ template_filter ] --END-- [ RunTime:0.000167s ]
NOTIC: [8] Undefined variable: goods E:\phpStudy\WWW\PHP_-\market\Application\Runtime\Cache\Home\c80efe687156ab0e9950f61f74d0313b.php 第 109 行.
NOTIC: [8] Undefined variable: mesg E:\phpStudy\WWW\PHP_-\market\Application\Runtime\Cache\Home\c80efe687156ab0e9950f61f74d0313b.php 第 229 行.
NOTIC: [8] Undefined variable: mesg E:\phpStudy\WWW\PHP_-\market\Application\Runtime\Cache\Home\c80efe687156ab0e9950f61f74d0313b.php 第 229 行.
INFO: Run Behavior\ParseTemplateBehavior [ RunTime:0.012060s ]
INFO: [ view_parse ] --END-- [ RunTime:0.012103s ]
INFO: [ view_filter ] --START--
INFO: Run Behavior\WriteHtmlCacheBehavior [ RunTime:0.000263s ]
INFO: [ view_filter ] --END-- [ RunTime:0.000293s ]
INFO: [ app_end ] --START--
INFO: Run Behavior\ShowPageTraceBehavior [ RunTime:0.000742s ]
INFO: [ app_end ] --END-- [ RunTime:0.000822s ]

[ 2016-12-21T09:14:37+08:00 ] ::1 /php_-/market/index.php/Home/Goodslist/goodslist?id=1
INFO: [ app_init ] --START--
INFO: Run Behavior\BuildLiteBehavior [ RunTime:0.000011s ]
INFO: [ app_init ] --END-- [ RunTime:0.000304s ]
INFO: [ app_begin ] --START--
INFO: Run Behavior\ReadHtmlCacheBehavior [ RunTime:0.000436s ]
INFO: [ app_begin ] --END-- [ RunTime:0.000472s ]
SQL: SHOW COLUMNS FROM `market_goods` [ RunTime:0.0130s ]
SQL: SELECT market_goods.name AS `name`,market_goods.degree AS `degree`,market_goods.description AS `description`,market_goods.price AS `price`,market_users.nickname AS `nickname`,market_users.college AS `college`,market_goods.photo AS `photo`,market_users.head AS `head`,market_goods.id AS `id` FROM `market_goods` INNER JOIN market_category on market_goods.category_id = market_category.id INNER JOIN market_cat on market_category.cat_id = market_cat.id INNER JOIN market_users on market_goods.seller_id=market_users.id  WHERE ( market_cat.id=1 )  [ RunTime:0.0010s ]
INFO: [ view_parse ] --START--
INFO: [ template_filter ] --START--
INFO: Run Behavior\ContentReplaceBehavior [ RunTime:0.000214s ]
INFO: [ template_filter ] --END-- [ RunTime:0.000335s ]
INFO: Run Behavior\ParseTemplateBehavior [ RunTime:0.022525s ]
INFO: [ view_parse ] --END-- [ RunTime:0.022691s ]
INFO: [ view_filter ] --START--
INFO: Run Behavior\WriteHtmlCacheBehavior [ RunTime:0.001127s ]
INFO: [ view_filter ] --END-- [ RunTime:0.001227s ]
INFO: [ app_end ] --START--
INFO: Run Behavior\ShowPageTraceBehavior [ RunTime:0.001987s ]
INFO: [ app_end ] --END-- [ RunTime:0.002092s ]

[ 2016-12-21T09:14:45+08:00 ] ::1 /php_-/market/index.php/Home/Gooddetail/index?id=1
INFO: [ app_init ] --START--
INFO: Run Behavior\BuildLiteBehavior [ RunTime:0.000013s ]
INFO: [ app_init ] --END-- [ RunTime:0.000407s ]
INFO: [ app_begin ] --START--
INFO: Run Behavior\ReadHtmlCacheBehavior [ RunTime:0.000767s ]
INFO: [ app_begin ] --END-- [ RunTime:0.000824s ]
SQL: SHOW COLUMNS FROM `market_goods` [ RunTime:0.0113s ]
SQL: SHOW COLUMNS FROM `market_users` [ RunTime:0.0115s ]
SQL: SHOW COLUMNS FROM `market_message` [ RunTime:0.0125s ]
SQL: SELECT * FROM `market_goods` WHERE `id` = 1 LIMIT 1   [ RunTime:0.0011s ]
SQL: SELECT * FROM `market_users` WHERE `id` = 1 LIMIT 1   [ RunTime:0.0007s ]
SQL: SELECT * FROM `market_message` WHERE `goods_id` = 1 AND `belong_id` = 0  [ RunTime:0.0007s ]
SQL: SHOW COLUMNS FROM `market_collection` [ RunTime:0.0058s ]
SQL: SELECT * FROM `market_collection` WHERE ( user_id=1 and goods_id=1 ) LIMIT 1   [ RunTime:0.0007s ]
NOTIC: [8] Undefined variable: result E:\phpStudy\WWW\PHP_-\market\Application\Home\Controller\GooddetailController.class.php 第 99 行.
SQL: UPDATE `market_goods` SET `times`=times+1 [ RunTime:0.0439s ]
INFO: [ view_parse ] --START--
INFO: [ template_filter ] --START--
INFO: Run Behavior\ContentReplaceBehavior [ RunTime:0.000191s ]
INFO: [ template_filter ] --END-- [ RunTime:0.000249s ]
NOTIC: [8] Undefined index: image E:\phpStudy\WWW\PHP_-\market\Application\Runtime\Cache\Home\c80efe687156ab0e9950f61f74d0313b.php 第 74 行.
NOTIC: [8] Undefined variable: goods E:\phpStudy\WWW\PHP_-\market\Application\Runtime\Cache\Home\c80efe687156ab0e9950f61f74d0313b.php 第 109 行.
NOTIC: [8] Undefined variable: mesg E:\phpStudy\WWW\PHP_-\market\Application\Runtime\Cache\Home\c80efe687156ab0e9950f61f74d0313b.php 第 229 行.
NOTIC: [8] Undefined variable: mesg E:\phpStudy\WWW\PHP_-\market\Application\Runtime\Cache\Home\c80efe687156ab0e9950f61f74d0313b.php 第 229 行.
INFO: Run Behavior\ParseTemplateBehavior [ RunTime:0.016230s ]
INFO: [ view_parse ] --END-- [ RunTime:0.016311s ]
INFO: [ view_filter ] --START--
INFO: Run Behavior\WriteHtmlCacheBehavior [ RunTime:0.000509s ]
INFO: [ view_filter ] --END-- [ RunTime:0.000557s ]
INFO: [ app_end ] --START--
INFO: Run Behavior\ShowPageTraceBehavior [ RunTime:0.001016s ]
INFO: [ app_end ] --END-- [ RunTime:0.001074s ]

[ 2016-12-21T09:14:51+08:00 ] ::1 /php_-/market/index.php/Home/Goodslist/goodslist?id=2
INFO: [ app_init ] --START--
INFO: Run Behavior\BuildLiteBehavior [ RunTime:0.000012s ]
INFO: [ app_init ] --END-- [ RunTime:0.000305s ]
INFO: [ app_begin ] --START--
INFO: Run Behavior\ReadHtmlCacheBehavior [ RunTime:0.000438s ]
INFO: [ app_begin ] --END-- [ RunTime:0.000475s ]
SQL: SHOW COLUMNS FROM `market_goods` [ RunTime:0.0080s ]
SQL: SELECT market_goods.name AS `name`,market_goods.degree AS `degree`,market_goods.description AS `description`,market_goods.price AS `price`,market_users.nickname AS `nickname`,market_users.college AS `college`,market_goods.photo AS `photo`,market_users.head AS `head`,market_goods.id AS `id` FROM `market_goods` INNER JOIN market_category on market_goods.category_id = market_category.id INNER JOIN market_cat on market_category.cat_id = market_cat.id INNER JOIN market_users on market_goods.seller_id=market_users.id  WHERE ( market_cat.id=2 )  [ RunTime:0.0007s ]
NOTIC: [8] Undefined offset: 0 E:\phpStudy\WWW\PHP_-\market\Application\Home\Controller\GoodslistController.class.php 第 52 行.
INFO: [ view_parse ] --START--
INFO: [ template_filter ] --START--
INFO: Run Behavior\ContentReplaceBehavior [ RunTime:0.000094s ]
INFO: [ template_filter ] --END-- [ RunTime:0.000147s ]
INFO: Run Behavior\ParseTemplateBehavior [ RunTime:0.011409s ]
INFO: [ view_parse ] --END-- [ RunTime:0.011482s ]
INFO: [ view_filter ] --START--
INFO: Run Behavior\WriteHtmlCacheBehavior [ RunTime:0.000273s ]
INFO: [ view_filter ] --END-- [ RunTime:0.000314s ]
INFO: [ app_end ] --START--
INFO: Run Behavior\ShowPageTraceBehavior [ RunTime:0.000835s ]
INFO: [ app_end ] --END-- [ RunTime:0.000876s ]

