[ 2016-12-25T17:07:37+08:00 ] ::1 /php_-/market/index.php/home/index/index
INFO: [ app_init ] --START--
INFO: Run Behavior\BuildLiteBehavior [ RunTime:0.000013s ]
INFO: [ app_init ] --END-- [ RunTime:0.000364s ]
INFO: [ app_begin ] --START--
INFO: Run Behavior\ReadHtmlCacheBehavior [ RunTime:0.000673s ]
INFO: [ app_begin ] --END-- [ RunTime:0.000712s ]
SQL: SHOW COLUMNS FROM `market_cat` [ RunTime:0.0486s ]
SQL: SELECT * FROM `market_cat`  [ RunTime:0.0009s ]
SQL: SHOW COLUMNS FROM `market_active` [ RunTime:0.0262s ]
SQL: SELECT * FROM `market_active` ORDER BY time desc LIMIT 2   [ RunTime:0.0009s ]
SQL: SHOW COLUMNS FROM `market_goods` [ RunTime:0.0111s ]
SQL: SHOW COLUMNS FROM `market_category` [ RunTime:0.0112s ]
SQL: SHOW COLUMNS FROM `market_users` [ RunTime:0.0079s ]
SQL: SELECT goods.id AS id,goods.name AS name,goods.price AS price,goods.photo AS photo,goods.seller_id AS seller_id,goods.description AS description,goods.degree AS degree,goods.time AS time,goods.times AS times,category.id AS categoryid,users.nickname AS nickname,users.phonenumber AS phonenumber,cat.id AS catid FROM market_goods goods  JOIN market_category category ON goods.category_id=category.id  JOIN market_users users ON goods.seller_id=users.id  JOIN market_cat cat ON category.cat_id=cat.id WHERE ( cat.id=1 ) ORDER BY goods.time desc LIMIT 4   [ RunTime:0.0008s ]
SQL: SELECT goods.id AS id,goods.name AS name,goods.price AS price,goods.photo AS photo,goods.seller_id AS seller_id,goods.description AS description,goods.degree AS degree,goods.time AS time,goods.times AS times,category.id AS categoryid,users.nickname AS nickname,users.phonenumber AS phonenumber,cat.id AS catid FROM market_goods goods  JOIN market_category category ON goods.category_id=category.id  JOIN market_users users ON goods.seller_id=users.id  JOIN market_cat cat ON category.cat_id=cat.id WHERE ( cat.id=2 ) ORDER BY goods.time desc LIMIT 4   [ RunTime:0.0006s ]
SQL: SELECT goods.id AS id,goods.name AS name,goods.price AS price,goods.photo AS photo,goods.seller_id AS seller_id,goods.description AS description,goods.degree AS degree,goods.time AS time,goods.times AS times,category.id AS categoryid,users.nickname AS nickname,users.phonenumber AS phonenumber,cat.id AS catid FROM market_goods goods  JOIN market_category category ON goods.category_id=category.id  JOIN market_users users ON goods.seller_id=users.id  JOIN market_cat cat ON category.cat_id=cat.id WHERE ( cat.id=3 ) ORDER BY goods.time desc LIMIT 4   [ RunTime:0.0007s ]
SQL: SELECT goods.id AS id,goods.name AS name,goods.price AS price,goods.photo AS photo,goods.seller_id AS seller_id,goods.description AS description,goods.degree AS degree,goods.time AS time,goods.times AS times,category.id AS categoryid,users.nickname AS nickname,users.phonenumber AS phonenumber,cat.id AS catid FROM market_goods goods  JOIN market_category category ON goods.category_id=category.id  JOIN market_users users ON goods.seller_id=users.id  JOIN market_cat cat ON category.cat_id=cat.id WHERE ( cat.id=4 ) ORDER BY goods.time desc LIMIT 4   [ RunTime:0.0007s ]
SQL: SELECT goods.id AS id,goods.name AS name,goods.price AS price,goods.photo AS photo,goods.seller_id AS seller_id,goods.description AS description,goods.degree AS degree,goods.time AS time,goods.times AS times,category.id AS categoryid,users.nickname AS nickname,users.phonenumber AS phonenumber,cat.id AS catid FROM market_goods goods  JOIN market_category category ON goods.category_id=category.id  JOIN market_users users ON goods.seller_id=users.id  JOIN market_cat cat ON category.cat_id=cat.id WHERE ( cat.id=5 ) ORDER BY goods.time desc LIMIT 4   [ RunTime:0.0007s ]
SQL: SELECT goods.id AS id,goods.name AS name,goods.price AS price,goods.photo AS photo,goods.seller_id AS seller_id,goods.description AS description,goods.degree AS degree,goods.time AS time,goods.times AS times,category.id AS categoryid,users.nickname AS nickname,users.phonenumber AS phonenumber,cat.id AS catid FROM market_goods goods  JOIN market_category category ON goods.category_id=category.id  JOIN market_users users ON goods.seller_id=users.id  JOIN market_cat cat ON category.cat_id=cat.id WHERE ( cat.id=6 ) ORDER BY goods.time desc LIMIT 4   [ RunTime:0.0006s ]
INFO: [ view_parse ] --START--
INFO: [ template_filter ] --START--
INFO: Run Behavior\ContentReplaceBehavior [ RunTime:0.000169s ]
INFO: [ template_filter ] --END-- [ RunTime:0.000219s ]
INFO: Run Behavior\ParseTemplateBehavior [ RunTime:0.022121s ]
INFO: [ view_parse ] --END-- [ RunTime:0.022194s ]
INFO: [ view_filter ] --START--
INFO: Run Behavior\WriteHtmlCacheBehavior [ RunTime:0.000378s ]
INFO: [ view_filter ] --END-- [ RunTime:0.000410s ]
INFO: [ app_end ] --START--
INFO: Run Behavior\ShowPageTraceBehavior [ RunTime:0.000585s ]
INFO: [ app_end ] --END-- [ RunTime:0.000625s ]

[ 2016-12-25T17:08:15+08:00 ] ::1 /php_-/market/index.php/home/index/index
INFO: [ app_init ] --START--
INFO: Run Behavior\BuildLiteBehavior [ RunTime:0.000019s ]
INFO: [ app_init ] --END-- [ RunTime:0.000568s ]
INFO: [ app_begin ] --START--
INFO: Run Behavior\ReadHtmlCacheBehavior [ RunTime:0.001068s ]
INFO: [ app_begin ] --END-- [ RunTime:0.001919s ]
SQL: SHOW COLUMNS FROM `market_cat` [ RunTime:0.0075s ]
SQL: SELECT * FROM `market_cat`  [ RunTime:0.0006s ]
SQL: SHOW COLUMNS FROM `market_active` [ RunTime:0.0082s ]
SQL: SELECT * FROM `market_active` ORDER BY time desc LIMIT 2   [ RunTime:0.0005s ]
SQL: SHOW COLUMNS FROM `market_goods` [ RunTime:0.0082s ]
SQL: SHOW COLUMNS FROM `market_category` [ RunTime:0.0072s ]
SQL: SHOW COLUMNS FROM `market_users` [ RunTime:0.0076s ]
SQL: SELECT goods.id AS id,goods.name AS name,goods.price AS price,goods.photo AS photo,goods.seller_id AS seller_id,goods.description AS description,goods.degree AS degree,goods.time AS time,goods.times AS times,category.id AS categoryid,users.nickname AS nickname,users.phonenumber AS phonenumber,cat.id AS catid FROM market_goods goods  JOIN market_category category ON goods.category_id=category.id  JOIN market_users users ON goods.seller_id=users.id  JOIN market_cat cat ON category.cat_id=cat.id WHERE ( cat.id=1 ) ORDER BY goods.time desc LIMIT 4   [ RunTime:0.0007s ]
SQL: SELECT goods.id AS id,goods.name AS name,goods.price AS price,goods.photo AS photo,goods.seller_id AS seller_id,goods.description AS description,goods.degree AS degree,goods.time AS time,goods.times AS times,category.id AS categoryid,users.nickname AS nickname,users.phonenumber AS phonenumber,cat.id AS catid FROM market_goods goods  JOIN market_category category ON goods.category_id=category.id  JOIN market_users users ON goods.seller_id=users.id  JOIN market_cat cat ON category.cat_id=cat.id WHERE ( cat.id=2 ) ORDER BY goods.time desc LIMIT 4   [ RunTime:0.0007s ]
SQL: SELECT goods.id AS id,goods.name AS name,goods.price AS price,goods.photo AS photo,goods.seller_id AS seller_id,goods.description AS description,goods.degree AS degree,goods.time AS time,goods.times AS times,category.id AS categoryid,users.nickname AS nickname,users.phonenumber AS phonenumber,cat.id AS catid FROM market_goods goods  JOIN market_category category ON goods.category_id=category.id  JOIN market_users users ON goods.seller_id=users.id  JOIN market_cat cat ON category.cat_id=cat.id WHERE ( cat.id=3 ) ORDER BY goods.time desc LIMIT 4   [ RunTime:0.0007s ]
SQL: SELECT goods.id AS id,goods.name AS name,goods.price AS price,goods.photo AS photo,goods.seller_id AS seller_id,goods.description AS description,goods.degree AS degree,goods.time AS time,goods.times AS times,category.id AS categoryid,users.nickname AS nickname,users.phonenumber AS phonenumber,cat.id AS catid FROM market_goods goods  JOIN market_category category ON goods.category_id=category.id  JOIN market_users users ON goods.seller_id=users.id  JOIN market_cat cat ON category.cat_id=cat.id WHERE ( cat.id=4 ) ORDER BY goods.time desc LIMIT 4   [ RunTime:0.0007s ]
SQL: SELECT goods.id AS id,goods.name AS name,goods.price AS price,goods.photo AS photo,goods.seller_id AS seller_id,goods.description AS description,goods.degree AS degree,goods.time AS time,goods.times AS times,category.id AS categoryid,users.nickname AS nickname,users.phonenumber AS phonenumber,cat.id AS catid FROM market_goods goods  JOIN market_category category ON goods.category_id=category.id  JOIN market_users users ON goods.seller_id=users.id  JOIN market_cat cat ON category.cat_id=cat.id WHERE ( cat.id=5 ) ORDER BY goods.time desc LIMIT 4   [ RunTime:0.0008s ]
SQL: SELECT goods.id AS id,goods.name AS name,goods.price AS price,goods.photo AS photo,goods.seller_id AS seller_id,goods.description AS description,goods.degree AS degree,goods.time AS time,goods.times AS times,category.id AS categoryid,users.nickname AS nickname,users.phonenumber AS phonenumber,cat.id AS catid FROM market_goods goods  JOIN market_category category ON goods.category_id=category.id  JOIN market_users users ON goods.seller_id=users.id  JOIN market_cat cat ON category.cat_id=cat.id WHERE ( cat.id=6 ) ORDER BY goods.time desc LIMIT 4   [ RunTime:0.0003s ]
INFO: [ view_parse ] --START--
INFO: [ template_filter ] --START--
INFO: Run Behavior\ContentReplaceBehavior [ RunTime:0.000125s ]
INFO: [ template_filter ] --END-- [ RunTime:0.000167s ]
INFO: Run Behavior\ParseTemplateBehavior [ RunTime:0.014197s ]
INFO: [ view_parse ] --END-- [ RunTime:0.014270s ]
INFO: [ view_filter ] --START--
INFO: Run Behavior\WriteHtmlCacheBehavior [ RunTime:0.000418s ]
INFO: [ view_filter ] --END-- [ RunTime:0.000450s ]
INFO: [ app_end ] --START--
INFO: Run Behavior\ShowPageTraceBehavior [ RunTime:0.000808s ]
INFO: [ app_end ] --END-- [ RunTime:0.000862s ]

[ 2016-12-25T17:08:26+08:00 ] ::1 /php_-/market/index.php/home/index/index
INFO: [ app_init ] --START--
INFO: Run Behavior\BuildLiteBehavior [ RunTime:0.000024s ]
INFO: [ app_init ] --END-- [ RunTime:0.001165s ]
INFO: [ app_begin ] --START--
INFO: Run Behavior\ReadHtmlCacheBehavior [ RunTime:0.001285s ]
INFO: [ app_begin ] --END-- [ RunTime:0.001366s ]
SQL: SHOW COLUMNS FROM `market_cat` [ RunTime:0.0038s ]
SQL: SELECT * FROM `market_cat`  [ RunTime:0.0003s ]
SQL: SHOW COLUMNS FROM `market_active` [ RunTime:0.0038s ]
SQL: SELECT * FROM `market_active` ORDER BY time desc LIMIT 2   [ RunTime:0.0003s ]
SQL: SHOW COLUMNS FROM `market_goods` [ RunTime:0.0034s ]
SQL: SHOW COLUMNS FROM `market_category` [ RunTime:0.0030s ]
SQL: SHOW COLUMNS FROM `market_users` [ RunTime:0.0032s ]
SQL: SELECT goods.id AS id,goods.name AS name,goods.price AS price,goods.photo AS photo,goods.seller_id AS seller_id,goods.description AS description,goods.degree AS degree,goods.time AS time,goods.times AS times,category.id AS categoryid,users.nickname AS nickname,users.phonenumber AS phonenumber,cat.id AS catid FROM market_goods goods  JOIN market_category category ON goods.category_id=category.id  JOIN market_users users ON goods.seller_id=users.id  JOIN market_cat cat ON category.cat_id=cat.id WHERE ( cat.id=1 ) ORDER BY goods.time desc LIMIT 4   [ RunTime:0.0004s ]
SQL: SELECT goods.id AS id,goods.name AS name,goods.price AS price,goods.photo AS photo,goods.seller_id AS seller_id,goods.description AS description,goods.degree AS degree,goods.time AS time,goods.times AS times,category.id AS categoryid,users.nickname AS nickname,users.phonenumber AS phonenumber,cat.id AS catid FROM market_goods goods  JOIN market_category category ON goods.category_id=category.id  JOIN market_users users ON goods.seller_id=users.id  JOIN market_cat cat ON category.cat_id=cat.id WHERE ( cat.id=2 ) ORDER BY goods.time desc LIMIT 4   [ RunTime:0.0004s ]
SQL: SELECT goods.id AS id,goods.name AS name,goods.price AS price,goods.photo AS photo,goods.seller_id AS seller_id,goods.description AS description,goods.degree AS degree,goods.time AS time,goods.times AS times,category.id AS categoryid,users.nickname AS nickname,users.phonenumber AS phonenumber,cat.id AS catid FROM market_goods goods  JOIN market_category category ON goods.category_id=category.id  JOIN market_users users ON goods.seller_id=users.id  JOIN market_cat cat ON category.cat_id=cat.id WHERE ( cat.id=3 ) ORDER BY goods.time desc LIMIT 4   [ RunTime:0.0004s ]
SQL: SELECT goods.id AS id,goods.name AS name,goods.price AS price,goods.photo AS photo,goods.seller_id AS seller_id,goods.description AS description,goods.degree AS degree,goods.time AS time,goods.times AS times,category.id AS categoryid,users.nickname AS nickname,users.phonenumber AS phonenumber,cat.id AS catid FROM market_goods goods  JOIN market_category category ON goods.category_id=category.id  JOIN market_users users ON goods.seller_id=users.id  JOIN market_cat cat ON category.cat_id=cat.id WHERE ( cat.id=4 ) ORDER BY goods.time desc LIMIT 4   [ RunTime:0.0004s ]
SQL: SELECT goods.id AS id,goods.name AS name,goods.price AS price,goods.photo AS photo,goods.seller_id AS seller_id,goods.description AS description,goods.degree AS degree,goods.time AS time,goods.times AS times,category.id AS categoryid,users.nickname AS nickname,users.phonenumber AS phonenumber,cat.id AS catid FROM market_goods goods  JOIN market_category category ON goods.category_id=category.id  JOIN market_users users ON goods.seller_id=users.id  JOIN market_cat cat ON category.cat_id=cat.id WHERE ( cat.id=5 ) ORDER BY goods.time desc LIMIT 4   [ RunTime:0.0004s ]
SQL: SELECT goods.id AS id,goods.name AS name,goods.price AS price,goods.photo AS photo,goods.seller_id AS seller_id,goods.description AS description,goods.degree AS degree,goods.time AS time,goods.times AS times,category.id AS categoryid,users.nickname AS nickname,users.phonenumber AS phonenumber,cat.id AS catid FROM market_goods goods  JOIN market_category category ON goods.category_id=category.id  JOIN market_users users ON goods.seller_id=users.id  JOIN market_cat cat ON category.cat_id=cat.id WHERE ( cat.id=6 ) ORDER BY goods.time desc LIMIT 4   [ RunTime:0.0004s ]
INFO: [ view_parse ] --START--
INFO: [ template_filter ] --START--
INFO: Run Behavior\ContentReplaceBehavior [ RunTime:0.000127s ]
INFO: [ template_filter ] --END-- [ RunTime:0.000166s ]
INFO: Run Behavior\ParseTemplateBehavior [ RunTime:0.013048s ]
INFO: [ view_parse ] --END-- [ RunTime:0.013098s ]
INFO: [ view_filter ] --START--
INFO: Run Behavior\WriteHtmlCacheBehavior [ RunTime:0.000378s ]
INFO: [ view_filter ] --END-- [ RunTime:0.000410s ]
INFO: [ app_end ] --START--
INFO: Run Behavior\ShowPageTraceBehavior [ RunTime:0.000579s ]
INFO: [ app_end ] --END-- [ RunTime:0.000613s ]

