[ 2016-12-15T09:26:05+08:00 ] ::1 /PHP_-/market/index.php/Home/View/personal/percenter.html
INFO: [ app_init ] --START--
INFO: Run Behavior\BuildLiteBehavior [ RunTime:0.000009s ]
INFO: [ app_init ] --END-- [ RunTime:0.000451s ]
INFO: [ app_begin ] --START--
INFO: Run Behavior\ReadHtmlCacheBehavior [ RunTime:0.000641s ]
INFO: [ app_begin ] --END-- [ RunTime:0.000690s ]
ERR: 无法加载控制器:View

[ 2016-12-15T09:26:16+08:00 ] ::1 /PHP_-/market/index.php/Home/personal/percenter.html
INFO: [ app_init ] --START--
INFO: Run Behavior\BuildLiteBehavior [ RunTime:0.000011s ]
INFO: [ app_init ] --END-- [ RunTime:0.000297s ]
INFO: [ app_begin ] --START--
INFO: Run Behavior\ReadHtmlCacheBehavior [ RunTime:0.000365s ]
INFO: [ app_begin ] --END-- [ RunTime:0.000405s ]
ERR: SQLSTATE[HY000] [1045] Access denied for user 'root'@'localhost' (using password: NO)

[ 2016-12-15T09:27:39+08:00 ] ::1 /PHP_-/market/index.php/Home/personal/percenter.html
INFO: [ app_init ] --START--
INFO: Run Behavior\BuildLiteBehavior [ RunTime:0.000015s ]
INFO: [ app_init ] --END-- [ RunTime:0.000397s ]
INFO: [ app_begin ] --START--
INFO: Run Behavior\ReadHtmlCacheBehavior [ RunTime:0.000454s ]
INFO: [ app_begin ] --END-- [ RunTime:0.000505s ]
SQL: SHOW COLUMNS FROM `market_users` [ RunTime:0.0110s ]
SQL: SELECT * FROM `market_users` WHERE ( market_users.id = 7 ) LIMIT 1   [ RunTime:0.0008s ]
INFO: [ view_parse ] --START--
INFO: [ template_filter ] --START--
INFO: Run Behavior\ContentReplaceBehavior [ RunTime:0.000081s ]
INFO: [ template_filter ] --END-- [ RunTime:0.000125s ]
NOTIC: [8] Undefined index: username D:\WWW\PHP_-\market\Application\Runtime\Cache\Home\87bedef00f257eab2220b6231fdb24b9.php 第 61 行.
NOTIC: [8] Undefined index: birth D:\WWW\PHP_-\market\Application\Runtime\Cache\Home\87bedef00f257eab2220b6231fdb24b9.php 第 88 行.
NOTIC: [8] Undefined index: rz_status D:\WWW\PHP_-\market\Application\Runtime\Cache\Home\87bedef00f257eab2220b6231fdb24b9.php 第 97 行.
NOTIC: [8] Undefined index: rz_status D:\WWW\PHP_-\market\Application\Runtime\Cache\Home\87bedef00f257eab2220b6231fdb24b9.php 第 108 行.
NOTIC: [8] Undefined index: rz_status D:\WWW\PHP_-\market\Application\Runtime\Cache\Home\87bedef00f257eab2220b6231fdb24b9.php 第 119 行.
NOTIC: [8] Undefined index: rz_status D:\WWW\PHP_-\market\Application\Runtime\Cache\Home\87bedef00f257eab2220b6231fdb24b9.php 第 130 行.
INFO: Run Behavior\ParseTemplateBehavior [ RunTime:0.030884s ]
INFO: [ view_parse ] --END-- [ RunTime:0.030954s ]
INFO: [ view_filter ] --START--
INFO: Run Behavior\WriteHtmlCacheBehavior [ RunTime:0.000392s ]
INFO: [ view_filter ] --END-- [ RunTime:0.000419s ]
INFO: [ app_end ] --START--
INFO: Run Behavior\ShowPageTraceBehavior [ RunTime:0.000633s ]
INFO: [ app_end ] --END-- [ RunTime:0.000661s ]

[ 2016-12-15T09:27:57+08:00 ] ::1 /PHP_-/market/index.php/Home/personal/name.html
INFO: [ app_init ] --START--
INFO: Run Behavior\BuildLiteBehavior [ RunTime:0.000009s ]
INFO: [ app_init ] --END-- [ RunTime:0.000224s ]
INFO: [ app_begin ] --START--
INFO: Run Behavior\ReadHtmlCacheBehavior [ RunTime:0.000295s ]
INFO: [ app_begin ] --END-- [ RunTime:0.000324s ]
ERR: 非法操作:name

[ 2016-12-15T09:28:00+08:00 ] ::1 /PHP_-/market/index.php/Home/personal/sex.html
INFO: [ app_init ] --START--
INFO: Run Behavior\BuildLiteBehavior [ RunTime:0.000012s ]
INFO: [ app_init ] --END-- [ RunTime:0.000305s ]
INFO: [ app_begin ] --START--
INFO: Run Behavior\ReadHtmlCacheBehavior [ RunTime:0.000285s ]
INFO: [ app_begin ] --END-- [ RunTime:0.000320s ]
ERR: 非法操作:sex

[ 2016-12-15T09:28:14+08:00 ] ::1 /PHP_-/market/index.php/Home/Personal/CertificateAuthority
INFO: [ app_init ] --START--
INFO: Run Behavior\BuildLiteBehavior [ RunTime:0.000009s ]
INFO: [ app_init ] --END-- [ RunTime:0.000319s ]
INFO: [ app_begin ] --START--
INFO: Run Behavior\ReadHtmlCacheBehavior [ RunTime:0.000334s ]
INFO: [ app_begin ] --END-- [ RunTime:0.000368s ]
ERR: 模板不存在:./Application/Home/View/Personal/CertificateAuthority.html

[ 2016-12-15T09:28:31+08:00 ] ::1 /PHP_-/market/index.php/Home/personal/name.html
INFO: [ app_init ] --START--
INFO: Run Behavior\BuildLiteBehavior [ RunTime:0.000008s ]
INFO: [ app_init ] --END-- [ RunTime:0.000233s ]
INFO: [ app_begin ] --START--
INFO: Run Behavior\ReadHtmlCacheBehavior [ RunTime:0.000358s ]
INFO: [ app_begin ] --END-- [ RunTime:0.000396s ]
ERR: 非法操作:name

[ 2016-12-15T09:28:34+08:00 ] ::1 /PHP_-/market/index.php/Home/personal/birth.html
INFO: [ app_init ] --START--
INFO: Run Behavior\BuildLiteBehavior [ RunTime:0.000010s ]
INFO: [ app_init ] --END-- [ RunTime:0.000267s ]
INFO: [ app_begin ] --START--
INFO: Run Behavior\ReadHtmlCacheBehavior [ RunTime:0.000432s ]
INFO: [ app_begin ] --END-- [ RunTime:0.000484s ]
ERR: 非法操作:birth

[ 2016-12-15T09:33:15+08:00 ] ::1 /PHP_-/market/index.php/Home/personal/birth.html
INFO: [ app_init ] --START--
INFO: Run Behavior\BuildLiteBehavior [ RunTime:0.000008s ]
INFO: [ app_init ] --END-- [ RunTime:0.000305s ]
INFO: [ app_begin ] --START--
INFO: Run Behavior\ReadHtmlCacheBehavior [ RunTime:0.000392s ]
INFO: [ app_begin ] --END-- [ RunTime:0.000441s ]
ERR: 非法操作:birth

[ 2016-12-15T09:33:20+08:00 ] ::1 /PHP_-/market/index.php/Home/Personal/CertificateAuthority
INFO: [ app_init ] --START--
INFO: Run Behavior\BuildLiteBehavior [ RunTime:0.000012s ]
INFO: [ app_init ] --END-- [ RunTime:0.000296s ]
INFO: [ app_begin ] --START--
INFO: Run Behavior\ReadHtmlCacheBehavior [ RunTime:0.000346s ]
INFO: [ app_begin ] --END-- [ RunTime:0.000386s ]
ERR: 模板不存在:./Application/Home/View/Personal/CertificateAuthority.html

[ 2016-12-15T09:33:36+08:00 ] ::1 /PHP_-/market/index.php/Home/personal/birth.html
INFO: [ app_init ] --START--
INFO: Run Behavior\BuildLiteBehavior [ RunTime:0.000010s ]
INFO: [ app_init ] --END-- [ RunTime:0.000271s ]
INFO: [ app_begin ] --START--
INFO: Run Behavior\ReadHtmlCacheBehavior [ RunTime:0.000339s ]
INFO: [ app_begin ] --END-- [ RunTime:0.000377s ]
ERR: 非法操作:birth

[ 2016-12-15T09:33:48+08:00 ] ::1 /PHP_-/market/index.php/Home/personal/sex.html
INFO: [ app_init ] --START--
INFO: Run Behavior\BuildLiteBehavior [ RunTime:0.000011s ]
INFO: [ app_init ] --END-- [ RunTime:0.000309s ]
INFO: [ app_begin ] --START--
INFO: Run Behavior\ReadHtmlCacheBehavior [ RunTime:0.000361s ]
INFO: [ app_begin ] --END-- [ RunTime:0.000400s ]
ERR: 非法操作:sex

[ 2016-12-15T09:38:35+08:00 ] ::1 /PHP_-/market/index.php/Home/Personal/CertificateAuthority
INFO: [ app_init ] --START--
INFO: Run Behavior\BuildLiteBehavior [ RunTime:0.000010s ]
INFO: [ app_init ] --END-- [ RunTime:0.000318s ]
INFO: [ app_begin ] --START--
INFO: Run Behavior\ReadHtmlCacheBehavior [ RunTime:0.000373s ]
INFO: [ app_begin ] --END-- [ RunTime:0.000415s ]
ERR: 模板不存在:./Application/Home/View/Personal/CertificateAuthority.html

[ 2016-12-15T09:48:36+08:00 ] ::1 /PHP_-/market/index.php/Home/personal/sex.html
INFO: [ app_init ] --START--
INFO: Run Behavior\BuildLiteBehavior [ RunTime:0.000009s ]
INFO: [ app_init ] --END-- [ RunTime:0.000327s ]
INFO: [ app_begin ] --START--
INFO: Run Behavior\ReadHtmlCacheBehavior [ RunTime:0.000384s ]
INFO: [ app_begin ] --END-- [ RunTime:0.000417s ]
ERR: 非法操作:sex

[ 2016-12-15T09:48:42+08:00 ] ::1 /PHP_-/market/index.php/Home/personal/name.html
INFO: [ app_init ] --START--
INFO: Run Behavior\BuildLiteBehavior [ RunTime:0.000011s ]
INFO: [ app_init ] --END-- [ RunTime:0.000344s ]
INFO: [ app_begin ] --START--
INFO: Run Behavior\ReadHtmlCacheBehavior [ RunTime:0.000334s ]
INFO: [ app_begin ] --END-- [ RunTime:0.000373s ]
ERR: 非法操作:name

