[ 2016-12-14T08:59:52+08:00 ] ::1 /PHP_-/market/index.php/Home/
INFO: [ app_init ] --START--
INFO: Run Behavior\BuildLiteBehavior [ RunTime:0.000031s ]
INFO: [ app_init ] --END-- [ RunTime:0.000601s ]
INFO: [ app_begin ] --START--
INFO: Run Behavior\ReadHtmlCacheBehavior [ RunTime:0.000589s ]
INFO: [ app_begin ] --END-- [ RunTime:0.000662s ]
SQL: SHOW COLUMNS FROM `market_cat` [ RunTime:0.0551s ]
SQL: SELECT * FROM `market_cat`  [ RunTime:0.0008s ]
SQL: SHOW COLUMNS FROM `market_active` [ RunTime:0.0663s ]
SQL: SELECT * FROM `market_active` ORDER BY time desc LIMIT 2   [ RunTime:0.0007s ]
SQL: SELECT market_goods.name AS `name`,market_users.nickname AS `nickname`,market_goods.price AS `price`,market_goods.photo AS `photo` FROM `market_cat` INNER JOIN market_category on market_cat.id = market_category.cat_id INNER JOIN market_goods on market_category.id = market_goods.category_id INNER JOIN market_users on market_users.id = market_goods.seller_id  WHERE ( market_cat.id=8 ) ORDER BY time desc LIMIT 4   [ RunTime:0.0005s ]
SQL: SELECT market_goods.name AS `name`,market_users.nickname AS `nickname`,market_goods.price AS `price`,market_goods.photo AS `photo` FROM `market_cat` INNER JOIN market_category on market_cat.id = market_category.cat_id INNER JOIN market_goods on market_category.id = market_goods.category_id INNER JOIN market_users on market_users.id = market_goods.seller_id  WHERE ( market_cat.id=10 ) ORDER BY time desc LIMIT 4   [ RunTime:0.0006s ]
SQL: SELECT market_goods.name AS `name`,market_users.nickname AS `nickname`,market_goods.price AS `price`,market_goods.photo AS `photo` FROM `market_cat` INNER JOIN market_category on market_cat.id = market_category.cat_id INNER JOIN market_goods on market_category.id = market_goods.category_id INNER JOIN market_users on market_users.id = market_goods.seller_id  WHERE ( market_cat.id=11 ) ORDER BY time desc LIMIT 4   [ RunTime:0.0007s ]
SQL: SELECT market_goods.name AS `name`,market_users.nickname AS `nickname`,market_goods.price AS `price`,market_goods.photo AS `photo` FROM `market_cat` INNER JOIN market_category on market_cat.id = market_category.cat_id INNER JOIN market_goods on market_category.id = market_goods.category_id INNER JOIN market_users on market_users.id = market_goods.seller_id  WHERE ( market_cat.id=12 ) ORDER BY time desc LIMIT 4   [ RunTime:0.0008s ]
SQL: SELECT market_goods.name AS `name`,market_users.nickname AS `nickname`,market_goods.price AS `price`,market_goods.photo AS `photo` FROM `market_cat` INNER JOIN market_category on market_cat.id = market_category.cat_id INNER JOIN market_goods on market_category.id = market_goods.category_id INNER JOIN market_users on market_users.id = market_goods.seller_id  WHERE ( market_cat.id=13 ) ORDER BY time desc LIMIT 4   [ RunTime:0.0008s ]
SQL: SELECT market_goods.name AS `name`,market_users.nickname AS `nickname`,market_goods.price AS `price`,market_goods.photo AS `photo` FROM `market_cat` INNER JOIN market_category on market_cat.id = market_category.cat_id INNER JOIN market_goods on market_category.id = market_goods.category_id INNER JOIN market_users on market_users.id = market_goods.seller_id  WHERE ( market_cat.id=14 ) ORDER BY time desc LIMIT 4   [ RunTime:0.0009s ]
INFO: [ view_parse ] --START--
INFO: [ template_filter ] --START--
INFO: Run Behavior\ContentReplaceBehavior [ RunTime:0.000130s ]
INFO: [ template_filter ] --END-- [ RunTime:0.000172s ]
NOTIC: [8] Undefined index: imgurl D:\WWW\PHP_-\market\Application\Runtime\Cache\Home\2a94b8bda04ff446dcedd42276fc99ee.php 第 62 行.
NOTIC: [8] Undefined index: imgurl D:\WWW\PHP_-\market\Application\Runtime\Cache\Home\2a94b8bda04ff446dcedd42276fc99ee.php 第 62 行.
NOTIC: [8] Undefined index: imgurl D:\WWW\PHP_-\market\Application\Runtime\Cache\Home\2a94b8bda04ff446dcedd42276fc99ee.php 第 62 行.
NOTIC: [8] Undefined index: imgurl D:\WWW\PHP_-\market\Application\Runtime\Cache\Home\2a94b8bda04ff446dcedd42276fc99ee.php 第 62 行.
NOTIC: [8] Undefined index: imgurl D:\WWW\PHP_-\market\Application\Runtime\Cache\Home\2a94b8bda04ff446dcedd42276fc99ee.php 第 62 行.
NOTIC: [8] Undefined index: imgurl D:\WWW\PHP_-\market\Application\Runtime\Cache\Home\2a94b8bda04ff446dcedd42276fc99ee.php 第 62 行.
INFO: Run Behavior\ParseTemplateBehavior [ RunTime:0.012920s ]
INFO: [ view_parse ] --END-- [ RunTime:0.012987s ]
INFO: [ view_filter ] --START--
INFO: Run Behavior\WriteHtmlCacheBehavior [ RunTime:0.000312s ]
INFO: [ view_filter ] --END-- [ RunTime:0.000366s ]
INFO: [ app_end ] --START--
INFO: Run Behavior\ShowPageTraceBehavior [ RunTime:0.000413s ]
INFO: [ app_end ] --END-- [ RunTime:0.000444s ]

[ 2016-12-14T09:10:57+08:00 ] ::1 /PHP_-/market/index.php/Home/
INFO: [ app_init ] --START--
INFO: Run Behavior\BuildLiteBehavior [ RunTime:0.000008s ]
INFO: [ app_init ] --END-- [ RunTime:0.000405s ]
INFO: [ app_begin ] --START--
INFO: Run Behavior\ReadHtmlCacheBehavior [ RunTime:0.000445s ]
INFO: [ app_begin ] --END-- [ RunTime:0.000477s ]
SQL: SHOW COLUMNS FROM `market_cat` [ RunTime:0.0222s ]
SQL: SELECT * FROM `market_cat`  [ RunTime:0.0006s ]
SQL: SHOW COLUMNS FROM `market_active` [ RunTime:0.0073s ]
SQL: SELECT * FROM `market_active` ORDER BY time desc LIMIT 2   [ RunTime:0.0007s ]
SQL: SELECT market_goods.name AS `name`,market_users.nickname AS `nickname`,market_goods.price AS `price`,market_goods.photo AS `photo` FROM `market_cat` INNER JOIN market_category on market_cat.id = market_category.cat_id INNER JOIN market_goods on market_category.id = market_goods.category_id INNER JOIN market_users on market_users.id = market_goods.seller_id  WHERE ( market_cat.id=8 ) ORDER BY time desc LIMIT 4   [ RunTime:0.0004s ]
SQL: SELECT market_goods.name AS `name`,market_users.nickname AS `nickname`,market_goods.price AS `price`,market_goods.photo AS `photo` FROM `market_cat` INNER JOIN market_category on market_cat.id = market_category.cat_id INNER JOIN market_goods on market_category.id = market_goods.category_id INNER JOIN market_users on market_users.id = market_goods.seller_id  WHERE ( market_cat.id=10 ) ORDER BY time desc LIMIT 4   [ RunTime:0.0004s ]
SQL: SELECT market_goods.name AS `name`,market_users.nickname AS `nickname`,market_goods.price AS `price`,market_goods.photo AS `photo` FROM `market_cat` INNER JOIN market_category on market_cat.id = market_category.cat_id INNER JOIN market_goods on market_category.id = market_goods.category_id INNER JOIN market_users on market_users.id = market_goods.seller_id  WHERE ( market_cat.id=11 ) ORDER BY time desc LIMIT 4   [ RunTime:0.0005s ]
SQL: SELECT market_goods.name AS `name`,market_users.nickname AS `nickname`,market_goods.price AS `price`,market_goods.photo AS `photo` FROM `market_cat` INNER JOIN market_category on market_cat.id = market_category.cat_id INNER JOIN market_goods on market_category.id = market_goods.category_id INNER JOIN market_users on market_users.id = market_goods.seller_id  WHERE ( market_cat.id=12 ) ORDER BY time desc LIMIT 4   [ RunTime:0.0004s ]
SQL: SELECT market_goods.name AS `name`,market_users.nickname AS `nickname`,market_goods.price AS `price`,market_goods.photo AS `photo` FROM `market_cat` INNER JOIN market_category on market_cat.id = market_category.cat_id INNER JOIN market_goods on market_category.id = market_goods.category_id INNER JOIN market_users on market_users.id = market_goods.seller_id  WHERE ( market_cat.id=13 ) ORDER BY time desc LIMIT 4   [ RunTime:0.0004s ]
SQL: SELECT market_goods.name AS `name`,market_users.nickname AS `nickname`,market_goods.price AS `price`,market_goods.photo AS `photo` FROM `market_cat` INNER JOIN market_category on market_cat.id = market_category.cat_id INNER JOIN market_goods on market_category.id = market_goods.category_id INNER JOIN market_users on market_users.id = market_goods.seller_id  WHERE ( market_cat.id=14 ) ORDER BY time desc LIMIT 4   [ RunTime:0.0005s ]
INFO: [ view_parse ] --START--
INFO: [ template_filter ] --START--
INFO: Run Behavior\ContentReplaceBehavior [ RunTime:0.000135s ]
INFO: [ template_filter ] --END-- [ RunTime:0.000169s ]
NOTIC: [8] Undefined index: imgurl D:\WWW\PHP_-\market\Application\Runtime\Cache\Home\2a94b8bda04ff446dcedd42276fc99ee.php 第 62 行.
NOTIC: [8] Undefined index: imgurl D:\WWW\PHP_-\market\Application\Runtime\Cache\Home\2a94b8bda04ff446dcedd42276fc99ee.php 第 62 行.
NOTIC: [8] Undefined index: imgurl D:\WWW\PHP_-\market\Application\Runtime\Cache\Home\2a94b8bda04ff446dcedd42276fc99ee.php 第 62 行.
NOTIC: [8] Undefined index: imgurl D:\WWW\PHP_-\market\Application\Runtime\Cache\Home\2a94b8bda04ff446dcedd42276fc99ee.php 第 62 行.
NOTIC: [8] Undefined index: imgurl D:\WWW\PHP_-\market\Application\Runtime\Cache\Home\2a94b8bda04ff446dcedd42276fc99ee.php 第 62 行.
NOTIC: [8] Undefined index: imgurl D:\WWW\PHP_-\market\Application\Runtime\Cache\Home\2a94b8bda04ff446dcedd42276fc99ee.php 第 62 行.
INFO: Run Behavior\ParseTemplateBehavior [ RunTime:0.027817s ]
INFO: [ view_parse ] --END-- [ RunTime:0.027886s ]
INFO: [ view_filter ] --START--
INFO: Run Behavior\WriteHtmlCacheBehavior [ RunTime:0.000322s ]
INFO: [ view_filter ] --END-- [ RunTime:0.000346s ]
INFO: [ app_end ] --START--
INFO: Run Behavior\ShowPageTraceBehavior [ RunTime:0.000580s ]
INFO: [ app_end ] --END-- [ RunTime:0.000610s ]

[ 2016-12-14T09:10:58+08:00 ] ::1 /PHP_-/market/index.php/Home/__MOUDULE__/Personalcenter/Personalcenter
INFO: [ app_init ] --START--
INFO: Run Behavior\BuildLiteBehavior [ RunTime:0.000009s ]
INFO: [ app_init ] --END-- [ RunTime:0.000273s ]
INFO: [ app_begin ] --START--
INFO: Run Behavior\ReadHtmlCacheBehavior [ RunTime:0.000328s ]
INFO: [ app_begin ] --END-- [ RunTime:0.000361s ]
ERR: 无法加载控制器:__MOUDULE__

[ 2016-12-14T09:11:12+08:00 ] ::1 /PHP_-/market/index.php/Home/
INFO: [ app_init ] --START--
INFO: Run Behavior\BuildLiteBehavior [ RunTime:0.000010s ]
INFO: [ app_init ] --END-- [ RunTime:0.000361s ]
INFO: [ app_begin ] --START--
INFO: Run Behavior\ReadHtmlCacheBehavior [ RunTime:0.000412s ]
INFO: [ app_begin ] --END-- [ RunTime:0.000452s ]
SQL: SHOW COLUMNS FROM `market_cat` [ RunTime:0.0079s ]
SQL: SELECT * FROM `market_cat`  [ RunTime:0.0009s ]
SQL: SHOW COLUMNS FROM `market_active` [ RunTime:0.0084s ]
SQL: SELECT * FROM `market_active` ORDER BY time desc LIMIT 2   [ RunTime:0.0010s ]
SQL: SELECT market_goods.name AS `name`,market_users.nickname AS `nickname`,market_goods.price AS `price`,market_goods.photo AS `photo` FROM `market_cat` INNER JOIN market_category on market_cat.id = market_category.cat_id INNER JOIN market_goods on market_category.id = market_goods.category_id INNER JOIN market_users on market_users.id = market_goods.seller_id  WHERE ( market_cat.id=8 ) ORDER BY time desc LIMIT 4   [ RunTime:0.0008s ]
SQL: SELECT market_goods.name AS `name`,market_users.nickname AS `nickname`,market_goods.price AS `price`,market_goods.photo AS `photo` FROM `market_cat` INNER JOIN market_category on market_cat.id = market_category.cat_id INNER JOIN market_goods on market_category.id = market_goods.category_id INNER JOIN market_users on market_users.id = market_goods.seller_id  WHERE ( market_cat.id=10 ) ORDER BY time desc LIMIT 4   [ RunTime:0.0007s ]
SQL: SELECT market_goods.name AS `name`,market_users.nickname AS `nickname`,market_goods.price AS `price`,market_goods.photo AS `photo` FROM `market_cat` INNER JOIN market_category on market_cat.id = market_category.cat_id INNER JOIN market_goods on market_category.id = market_goods.category_id INNER JOIN market_users on market_users.id = market_goods.seller_id  WHERE ( market_cat.id=11 ) ORDER BY time desc LIMIT 4   [ RunTime:0.0007s ]
SQL: SELECT market_goods.name AS `name`,market_users.nickname AS `nickname`,market_goods.price AS `price`,market_goods.photo AS `photo` FROM `market_cat` INNER JOIN market_category on market_cat.id = market_category.cat_id INNER JOIN market_goods on market_category.id = market_goods.category_id INNER JOIN market_users on market_users.id = market_goods.seller_id  WHERE ( market_cat.id=12 ) ORDER BY time desc LIMIT 4   [ RunTime:0.0007s ]
SQL: SELECT market_goods.name AS `name`,market_users.nickname AS `nickname`,market_goods.price AS `price`,market_goods.photo AS `photo` FROM `market_cat` INNER JOIN market_category on market_cat.id = market_category.cat_id INNER JOIN market_goods on market_category.id = market_goods.category_id INNER JOIN market_users on market_users.id = market_goods.seller_id  WHERE ( market_cat.id=13 ) ORDER BY time desc LIMIT 4   [ RunTime:0.0007s ]
SQL: SELECT market_goods.name AS `name`,market_users.nickname AS `nickname`,market_goods.price AS `price`,market_goods.photo AS `photo` FROM `market_cat` INNER JOIN market_category on market_cat.id = market_category.cat_id INNER JOIN market_goods on market_category.id = market_goods.category_id INNER JOIN market_users on market_users.id = market_goods.seller_id  WHERE ( market_cat.id=14 ) ORDER BY time desc LIMIT 4   [ RunTime:0.0007s ]
INFO: [ view_parse ] --START--
INFO: [ template_filter ] --START--
INFO: Run Behavior\ContentReplaceBehavior [ RunTime:0.000242s ]
INFO: [ template_filter ] --END-- [ RunTime:0.000311s ]
NOTIC: [8] Undefined index: imgurl D:\WWW\PHP_-\market\Application\Runtime\Cache\Home\2a94b8bda04ff446dcedd42276fc99ee.php 第 62 行.
NOTIC: [8] Undefined index: imgurl D:\WWW\PHP_-\market\Application\Runtime\Cache\Home\2a94b8bda04ff446dcedd42276fc99ee.php 第 62 行.
NOTIC: [8] Undefined index: imgurl D:\WWW\PHP_-\market\Application\Runtime\Cache\Home\2a94b8bda04ff446dcedd42276fc99ee.php 第 62 行.
NOTIC: [8] Undefined index: imgurl D:\WWW\PHP_-\market\Application\Runtime\Cache\Home\2a94b8bda04ff446dcedd42276fc99ee.php 第 62 行.
NOTIC: [8] Undefined index: imgurl D:\WWW\PHP_-\market\Application\Runtime\Cache\Home\2a94b8bda04ff446dcedd42276fc99ee.php 第 62 行.
NOTIC: [8] Undefined index: imgurl D:\WWW\PHP_-\market\Application\Runtime\Cache\Home\2a94b8bda04ff446dcedd42276fc99ee.php 第 62 行.
INFO: Run Behavior\ParseTemplateBehavior [ RunTime:0.022201s ]
INFO: [ view_parse ] --END-- [ RunTime:0.022263s ]
INFO: [ view_filter ] --START--
INFO: Run Behavior\WriteHtmlCacheBehavior [ RunTime:0.000451s ]
INFO: [ view_filter ] --END-- [ RunTime:0.000505s ]
INFO: [ app_end ] --START--
INFO: Run Behavior\ShowPageTraceBehavior [ RunTime:0.000684s ]
INFO: [ app_end ] --END-- [ RunTime:0.000759s ]

[ 2016-12-14T09:11:12+08:00 ] ::1 /PHP_-/market/index.php/Home/Personalcenter/Personalcenter
INFO: [ app_init ] --START--
INFO: Run Behavior\BuildLiteBehavior [ RunTime:0.000010s ]
INFO: [ app_init ] --END-- [ RunTime:0.000407s ]
INFO: [ app_begin ] --START--
INFO: Run Behavior\ReadHtmlCacheBehavior [ RunTime:0.000382s ]
INFO: [ app_begin ] --END-- [ RunTime:0.000433s ]
ERR: 模板不存在:./Application/Home/View/Personalcenter/Personalcenter.html

[ 2016-12-14T09:11:32+08:00 ] ::1 /PHP_-/market/index.php/Home/Personalcenter/personalcenter
INFO: [ app_init ] --START--
INFO: Run Behavior\BuildLiteBehavior [ RunTime:0.000008s ]
INFO: [ app_init ] --END-- [ RunTime:0.000342s ]
INFO: [ app_begin ] --START--
INFO: Run Behavior\ReadHtmlCacheBehavior [ RunTime:0.000464s ]
INFO: [ app_begin ] --END-- [ RunTime:0.000497s ]
ERR: 模板不存在:./Application/Home/View/Personalcenter/personalcenter.html

[ 2016-12-14T09:12:11+08:00 ] ::1 /PHP_-/market/index.php/Home/Personalcenter/personalcenter
INFO: [ app_init ] --START--
INFO: Run Behavior\BuildLiteBehavior [ RunTime:0.000009s ]
INFO: [ app_init ] --END-- [ RunTime:0.000293s ]
INFO: [ app_begin ] --START--
INFO: Run Behavior\ReadHtmlCacheBehavior [ RunTime:0.000342s ]
INFO: [ app_begin ] --END-- [ RunTime:0.000377s ]
INFO: [ view_parse ] --START--
INFO: [ template_filter ] --START--
INFO: Run Behavior\ContentReplaceBehavior [ RunTime:0.000064s ]
INFO: [ template_filter ] --END-- [ RunTime:0.000115s ]
INFO: Run Behavior\ParseTemplateBehavior [ RunTime:0.005273s ]
INFO: [ view_parse ] --END-- [ RunTime:0.005337s ]
INFO: [ view_filter ] --START--
INFO: Run Behavior\WriteHtmlCacheBehavior [ RunTime:0.000323s ]
INFO: [ view_filter ] --END-- [ RunTime:0.000353s ]
INFO: [ app_end ] --START--
INFO: Run Behavior\ShowPageTraceBehavior [ RunTime:0.000460s ]
INFO: [ app_end ] --END-- [ RunTime:0.000505s ]

[ 2016-12-14T09:12:11+08:00 ] ::1 /PHP_-/market/index.php/Home/Personalcenter/lib/weui.min.css
INFO: [ app_init ] --START--
INFO: Run Behavior\BuildLiteBehavior [ RunTime:0.000009s ]
INFO: [ app_init ] --END-- [ RunTime:0.000438s ]
INFO: [ app_begin ] --START--
INFO: Run Behavior\ReadHtmlCacheBehavior [ RunTime:0.000663s ]
INFO: [ app_begin ] --END-- [ RunTime:0.000707s ]
ERR: 非法操作:lib

[ 2016-12-14T09:12:12+08:00 ] ::1 /PHP_-/market/index.php/Home/Personalcenter/css/jquery-weui.css
INFO: [ app_init ] --START--
INFO: Run Behavior\BuildLiteBehavior [ RunTime:0.000011s ]
INFO: [ app_init ] --END-- [ RunTime:0.000365s ]
INFO: [ app_begin ] --START--
INFO: Run Behavior\ReadHtmlCacheBehavior [ RunTime:0.000399s ]
INFO: [ app_begin ] --END-- [ RunTime:0.000439s ]
ERR: 非法操作:css

[ 2016-12-14T09:12:12+08:00 ] ::1 /PHP_-/market/index.php/Home/Personalcenter/images/heart2.png
INFO: [ app_init ] --START--
INFO: Run Behavior\BuildLiteBehavior [ RunTime:0.000013s ]
INFO: [ app_init ] --END-- [ RunTime:0.000338s ]

[ 2016-12-14T09:12:12+08:00 ] ::1 /PHP_-/market/index.php/Home/Personalcenter/images/email1.png
INFO: [ app_init ] --START--
INFO: Run Behavior\BuildLiteBehavior [ RunTime:0.000012s ]
INFO: [ app_init ] --END-- [ RunTime:0.000414s ]

[ 2016-12-14T09:12:12+08:00 ] ::1 /PHP_-/market/index.php/Home/Personalcenter/lib/jquery-2.1.4.js
INFO: [ app_init ] --START--
INFO: Run Behavior\BuildLiteBehavior [ RunTime:0.000010s ]
INFO: [ app_init ] --END-- [ RunTime:0.000368s ]
INFO: [ app_begin ] --START--
INFO: Run Behavior\ReadHtmlCacheBehavior [ RunTime:0.000497s ]
INFO: [ app_begin ] --END-- [ RunTime:0.000533s ]
ERR: 非法操作:lib

[ 2016-12-14T09:12:12+08:00 ] ::1 /PHP_-/market/index.php/Home/Personalcenter/images/userq.png
INFO: [ app_init ] --START--
INFO: Run Behavior\BuildLiteBehavior [ RunTime:0.000011s ]
INFO: [ app_init ] --END-- [ RunTime:0.000498s ]

[ 2016-12-14T09:12:12+08:00 ] ::1 /PHP_-/market/index.php/Home/Personalcenter/js/swiper.js
INFO: [ app_init ] --START--
INFO: Run Behavior\BuildLiteBehavior [ RunTime:0.000011s ]
INFO: [ app_init ] --END-- [ RunTime:0.000500s ]
INFO: [ app_begin ] --START--
INFO: Run Behavior\ReadHtmlCacheBehavior [ RunTime:0.000642s ]
INFO: [ app_begin ] --END-- [ RunTime:0.000687s ]
ERR: 非法操作:js

[ 2016-12-14T09:12:12+08:00 ] ::1 /PHP_-/market/index.php/Home/Personalcenter/js/jquery-weui.min.js
INFO: [ app_init ] --START--
INFO: Run Behavior\BuildLiteBehavior [ RunTime:0.000010s ]
INFO: [ app_init ] --END-- [ RunTime:0.000438s ]
INFO: [ app_begin ] --START--
INFO: Run Behavior\ReadHtmlCacheBehavior [ RunTime:0.000800s ]
INFO: [ app_begin ] --END-- [ RunTime:0.000873s ]
ERR: 非法操作:js

[ 2016-12-14T09:12:12+08:00 ] ::1 /PHP_-/market/index.php/Home/Personalcenter/js/swiper.js
INFO: [ app_init ] --START--
INFO: Run Behavior\BuildLiteBehavior [ RunTime:0.000011s ]
INFO: [ app_init ] --END-- [ RunTime:0.000332s ]
INFO: [ app_begin ] --START--
INFO: Run Behavior\ReadHtmlCacheBehavior [ RunTime:0.000363s ]
INFO: [ app_begin ] --END-- [ RunTime:0.000396s ]
ERR: 非法操作:js

[ 2016-12-14T09:12:13+08:00 ] ::1 /PHP_-/market/index.php/Home/Personalcenter/images/goods.png
INFO: [ app_init ] --START--
INFO: Run Behavior\BuildLiteBehavior [ RunTime:0.000020s ]
INFO: [ app_init ] --END-- [ RunTime:0.000682s ]

[ 2016-12-14T09:12:14+08:00 ] ::1 /PHP_-/market/index.php/Home/Personalcenter/mycollection.html
INFO: [ app_init ] --START--
INFO: Run Behavior\BuildLiteBehavior [ RunTime:0.000009s ]
INFO: [ app_init ] --END-- [ RunTime:0.000361s ]
INFO: [ app_begin ] --START--
INFO: Run Behavior\ReadHtmlCacheBehavior [ RunTime:0.000490s ]
INFO: [ app_begin ] --END-- [ RunTime:0.000526s ]
ERR: 非法操作:mycollection

[ 2016-12-14T09:12:15+08:00 ] ::1 /PHP_-/market/index.php/Home/Personalcenter/lib/weui.min.css
INFO: [ app_init ] --START--
INFO: Run Behavior\BuildLiteBehavior [ RunTime:0.000008s ]
INFO: [ app_init ] --END-- [ RunTime:0.000287s ]
INFO: [ app_begin ] --START--
INFO: Run Behavior\ReadHtmlCacheBehavior [ RunTime:0.000343s ]
INFO: [ app_begin ] --END-- [ RunTime:0.000377s ]
ERR: 非法操作:lib

[ 2016-12-14T09:12:15+08:00 ] ::1 /PHP_-/market/index.php/Home/Personalcenter/css/jquery-weui.css
INFO: [ app_init ] --START--
INFO: Run Behavior\BuildLiteBehavior [ RunTime:0.000008s ]
INFO: [ app_init ] --END-- [ RunTime:0.000296s ]
INFO: [ app_begin ] --START--
INFO: Run Behavior\ReadHtmlCacheBehavior [ RunTime:0.000341s ]
INFO: [ app_begin ] --END-- [ RunTime:0.000374s ]
ERR: 非法操作:css

[ 2016-12-14T09:12:15+08:00 ] ::1 /PHP_-/market/index.php/Home/Personalcenter/lib/jquery-2.1.4.js
INFO: [ app_init ] --START--
INFO: Run Behavior\BuildLiteBehavior [ RunTime:0.000008s ]
INFO: [ app_init ] --END-- [ RunTime:0.000283s ]
INFO: [ app_begin ] --START--
INFO: Run Behavior\ReadHtmlCacheBehavior [ RunTime:0.000441s ]
INFO: [ app_begin ] --END-- [ RunTime:0.000483s ]
ERR: 非法操作:lib

[ 2016-12-14T09:12:15+08:00 ] ::1 /PHP_-/market/index.php/Home/Personalcenter/js/jquery-weui.min.js
INFO: [ app_init ] --START--
INFO: Run Behavior\BuildLiteBehavior [ RunTime:0.000015s ]
INFO: [ app_init ] --END-- [ RunTime:0.000505s ]
INFO: [ app_begin ] --START--
INFO: Run Behavior\ReadHtmlCacheBehavior [ RunTime:0.000449s ]
INFO: [ app_begin ] --END-- [ RunTime:0.000490s ]
ERR: 非法操作:js

[ 2016-12-14T09:12:15+08:00 ] ::1 /PHP_-/market/index.php/Home/Personalcenter/js/swiper.js
INFO: [ app_init ] --START--
INFO: Run Behavior\BuildLiteBehavior [ RunTime:0.000011s ]
INFO: [ app_init ] --END-- [ RunTime:0.000342s ]
INFO: [ app_begin ] --START--
INFO: Run Behavior\ReadHtmlCacheBehavior [ RunTime:0.000394s ]
INFO: [ app_begin ] --END-- [ RunTime:0.000436s ]
ERR: 非法操作:js

[ 2016-12-14T09:17:57+08:00 ] ::1 /PHP_-/market/index.php/Home/Personal
INFO: [ app_init ] --START--
INFO: Run Behavior\BuildLiteBehavior [ RunTime:0.000014s ]
INFO: [ app_init ] --END-- [ RunTime:0.000393s ]
INFO: [ app_begin ] --START--
INFO: Run Behavior\ReadHtmlCacheBehavior [ RunTime:0.000411s ]
INFO: [ app_begin ] --END-- [ RunTime:0.000446s ]
ERR: 非法操作:index

[ 2016-12-14T09:18:30+08:00 ] ::1 /PHP_-/market/index.php/Home/Personal/percenter
INFO: [ app_init ] --START--
INFO: Run Behavior\BuildLiteBehavior [ RunTime:0.000009s ]
INFO: [ app_init ] --END-- [ RunTime:0.000313s ]
INFO: [ app_begin ] --START--
INFO: Run Behavior\ReadHtmlCacheBehavior [ RunTime:0.000326s ]
INFO: [ app_begin ] --END-- [ RunTime:0.000357s ]
ERR: 1146:Table 'market.market_market_users' doesn't exist
 [ SQL语句 ] : SHOW COLUMNS FROM `market_market_users`
ERR: 1146:Table 'market.market_market_users' doesn't exist
 [ SQL语句 ] : SHOW COLUMNS FROM `market_market_users`

[ 2016-12-14T09:19:33+08:00 ] ::1 /PHP_-/market/index.php/Home/Personal
INFO: [ app_init ] --START--
INFO: Run Behavior\BuildLiteBehavior [ RunTime:0.000010s ]
INFO: [ app_init ] --END-- [ RunTime:0.000369s ]
INFO: [ app_begin ] --START--
INFO: Run Behavior\ReadHtmlCacheBehavior [ RunTime:0.000520s ]
INFO: [ app_begin ] --END-- [ RunTime:0.000564s ]
ERR: 非法操作:index

[ 2016-12-14T09:19:39+08:00 ] ::1 /PHP_-/market/index.php/Home/Personal
INFO: [ app_init ] --START--
INFO: Run Behavior\BuildLiteBehavior [ RunTime:0.000011s ]
INFO: [ app_init ] --END-- [ RunTime:0.000575s ]
INFO: [ app_begin ] --START--
INFO: Run Behavior\ReadHtmlCacheBehavior [ RunTime:0.000465s ]
INFO: [ app_begin ] --END-- [ RunTime:0.000500s ]
ERR: 非法操作:index

[ 2016-12-14T09:19:43+08:00 ] ::1 /PHP_-/market/index.php/Home/Personal/percenter
INFO: [ app_init ] --START--
INFO: Run Behavior\BuildLiteBehavior [ RunTime:0.000010s ]
INFO: [ app_init ] --END-- [ RunTime:0.000405s ]
INFO: [ app_begin ] --START--
INFO: Run Behavior\ReadHtmlCacheBehavior [ RunTime:0.000415s ]
INFO: [ app_begin ] --END-- [ RunTime:0.000447s ]
SQL: SHOW COLUMNS FROM `market_users` [ RunTime:0.0129s ]
SQL: SELECT * FROM `market_users` WHERE ( market_users.id = 7 ) LIMIT 1   [ RunTime:0.0009s ]
INFO: [ view_parse ] --START--
INFO: [ template_filter ] --START--
INFO: Run Behavior\ContentReplaceBehavior [ RunTime:0.000116s ]
INFO: [ template_filter ] --END-- [ RunTime:0.000178s ]
INFO: Run Behavior\ParseTemplateBehavior [ RunTime:0.026532s ]
INFO: [ view_parse ] --END-- [ RunTime:0.026624s ]
INFO: [ view_filter ] --START--
INFO: Run Behavior\WriteHtmlCacheBehavior [ RunTime:0.000493s ]
INFO: [ view_filter ] --END-- [ RunTime:0.000535s ]
INFO: [ app_end ] --START--
INFO: Run Behavior\ShowPageTraceBehavior [ RunTime:0.000737s ]
INFO: [ app_end ] --END-- [ RunTime:0.000783s ]

[ 2016-12-14T09:19:48+08:00 ] ::1 /PHP_-/market/index.php/Home/Personal/name.html
INFO: [ app_init ] --START--
INFO: Run Behavior\BuildLiteBehavior [ RunTime:0.000011s ]
INFO: [ app_init ] --END-- [ RunTime:0.000311s ]
INFO: [ app_begin ] --START--
INFO: Run Behavior\ReadHtmlCacheBehavior [ RunTime:0.000388s ]
INFO: [ app_begin ] --END-- [ RunTime:0.000431s ]
ERR: 非法操作:name

[ 2016-12-14T09:20:18+08:00 ] ::1 /PHP_-/market/index.php/Home/Personal/name.html
INFO: [ app_init ] --START--
INFO: Run Behavior\BuildLiteBehavior [ RunTime:0.000009s ]
INFO: [ app_init ] --END-- [ RunTime:0.000312s ]
INFO: [ app_begin ] --START--
INFO: Run Behavior\ReadHtmlCacheBehavior [ RunTime:0.000386s ]
INFO: [ app_begin ] --END-- [ RunTime:0.000422s ]
ERR: 非法操作:name

[ 2016-12-14T09:20:21+08:00 ] ::1 /PHP_-/market/index.php/Home/Personal/birth.html
INFO: [ app_init ] --START--
INFO: Run Behavior\BuildLiteBehavior [ RunTime:0.000011s ]
INFO: [ app_init ] --END-- [ RunTime:0.000470s ]
INFO: [ app_begin ] --START--
INFO: Run Behavior\ReadHtmlCacheBehavior [ RunTime:0.000431s ]
INFO: [ app_begin ] --END-- [ RunTime:0.000471s ]
ERR: 非法操作:birth

[ 2016-12-14T09:20:27+08:00 ] ::1 /PHP_-/market/index.php/Home/Personal/sex.html
INFO: [ app_init ] --START--
INFO: Run Behavior\BuildLiteBehavior [ RunTime:0.000010s ]
INFO: [ app_init ] --END-- [ RunTime:0.000362s ]
INFO: [ app_begin ] --START--
INFO: Run Behavior\ReadHtmlCacheBehavior [ RunTime:0.000676s ]
INFO: [ app_begin ] --END-- [ RunTime:0.000713s ]
ERR: 非法操作:sex

[ 2016-12-14T09:20:29+08:00 ] ::1 /PHP_-/market/index.php/Home/Personal
INFO: [ app_init ] --START--
INFO: Run Behavior\BuildLiteBehavior [ RunTime:0.000012s ]
INFO: [ app_init ] --END-- [ RunTime:0.000355s ]
INFO: [ app_begin ] --START--
INFO: Run Behavior\ReadHtmlCacheBehavior [ RunTime:0.000503s ]
INFO: [ app_begin ] --END-- [ RunTime:0.000555s ]
ERR: 非法操作:index

[ 2016-12-14T09:20:44+08:00 ] ::1 /PHP_-/market/index.php/Home/Personal/sex.html
INFO: [ app_init ] --START--
INFO: Run Behavior\BuildLiteBehavior [ RunTime:0.000010s ]
INFO: [ app_init ] --END-- [ RunTime:0.000314s ]
INFO: [ app_begin ] --START--
INFO: Run Behavior\ReadHtmlCacheBehavior [ RunTime:0.000433s ]
INFO: [ app_begin ] --END-- [ RunTime:0.000487s ]
ERR: 非法操作:sex

[ 2016-12-14T09:21:13+08:00 ] ::1 /PHP_-/market/index.php/Home/Personal/rzzx.html
INFO: [ app_init ] --START--
INFO: Run Behavior\BuildLiteBehavior [ RunTime:0.000011s ]
INFO: [ app_init ] --END-- [ RunTime:0.000330s ]
INFO: [ app_begin ] --START--
INFO: Run Behavior\ReadHtmlCacheBehavior [ RunTime:0.000381s ]
INFO: [ app_begin ] --END-- [ RunTime:0.000420s ]
ERR: 非法操作:rzzx

[ 2016-12-14T09:21:29+08:00 ] ::1 /PHP_-/market/index.php/Home/Personal/rzzx.html
INFO: [ app_init ] --START--
INFO: Run Behavior\BuildLiteBehavior [ RunTime:0.000010s ]
INFO: [ app_init ] --END-- [ RunTime:0.000432s ]
INFO: [ app_begin ] --START--
INFO: Run Behavior\ReadHtmlCacheBehavior [ RunTime:0.000477s ]
INFO: [ app_begin ] --END-- [ RunTime:0.000512s ]
ERR: 非法操作:rzzx

[ 2016-12-14T09:21:33+08:00 ] ::1 /PHP_-/market/index.php/Home/Personal/rzzx.html
INFO: [ app_init ] --START--
INFO: Run Behavior\BuildLiteBehavior [ RunTime:0.000010s ]
INFO: [ app_init ] --END-- [ RunTime:0.000333s ]
INFO: [ app_begin ] --START--
INFO: Run Behavior\ReadHtmlCacheBehavior [ RunTime:0.000423s ]
INFO: [ app_begin ] --END-- [ RunTime:0.000466s ]
ERR: 非法操作:rzzx

[ 2016-12-14T09:21:41+08:00 ] ::1 /PHP_-/market/index.php/Home/Personal/rzzx.html
INFO: [ app_init ] --START--
INFO: Run Behavior\BuildLiteBehavior [ RunTime:0.000025s ]
INFO: [ app_init ] --END-- [ RunTime:0.000582s ]
INFO: [ app_begin ] --START--
INFO: Run Behavior\ReadHtmlCacheBehavior [ RunTime:0.000712s ]
INFO: [ app_begin ] --END-- [ RunTime:0.000761s ]
ERR: 非法操作:rzzx

[ 2016-12-14T09:22:29+08:00 ] ::1 /PHP_-/market/index.php/Home/Personal/sex.html
INFO: [ app_init ] --START--
INFO: Run Behavior\BuildLiteBehavior [ RunTime:0.000009s ]
INFO: [ app_init ] --END-- [ RunTime:0.000324s ]
INFO: [ app_begin ] --START--
INFO: Run Behavior\ReadHtmlCacheBehavior [ RunTime:0.000773s ]
INFO: [ app_begin ] --END-- [ RunTime:0.000825s ]
ERR: 非法操作:sex

[ 2016-12-14T09:22:33+08:00 ] ::1 /PHP_-/market/index.php/Home/Personal/name.html
INFO: [ app_init ] --START--
INFO: Run Behavior\BuildLiteBehavior [ RunTime:0.000010s ]
INFO: [ app_init ] --END-- [ RunTime:0.000385s ]
INFO: [ app_begin ] --START--
INFO: Run Behavior\ReadHtmlCacheBehavior [ RunTime:0.000509s ]
INFO: [ app_begin ] --END-- [ RunTime:0.000560s ]
ERR: 非法操作:name

[ 2016-12-14T09:25:27+08:00 ] ::1 /PHP_-/market/index.php/Home/Personal/rzzx.html
INFO: [ app_init ] --START--
INFO: Run Behavior\BuildLiteBehavior [ RunTime:0.000009s ]
INFO: [ app_init ] --END-- [ RunTime:0.000391s ]
INFO: [ app_begin ] --START--
INFO: Run Behavior\ReadHtmlCacheBehavior [ RunTime:0.000649s ]
INFO: [ app_begin ] --END-- [ RunTime:0.000732s ]
ERR: 非法操作:rzzx

[ 2016-12-14T09:30:12+08:00 ] ::1 /PHP_-/market/index.php/Home/Personal/percenter
INFO: [ app_init ] --START--
INFO: Run Behavior\BuildLiteBehavior [ RunTime:0.000009s ]
INFO: [ app_init ] --END-- [ RunTime:0.000368s ]
INFO: [ app_begin ] --START--
INFO: Run Behavior\ReadHtmlCacheBehavior [ RunTime:0.000467s ]
INFO: [ app_begin ] --END-- [ RunTime:0.000503s ]
SQL: SHOW COLUMNS FROM `market_users` [ RunTime:0.0052s ]
SQL: SELECT * FROM `market_users` WHERE ( market_users.id = 7 ) LIMIT 1   [ RunTime:0.0005s ]
INFO: [ view_parse ] --START--
INFO: [ template_filter ] --START--
INFO: Run Behavior\ContentReplaceBehavior [ RunTime:0.000082s ]
INFO: [ template_filter ] --END-- [ RunTime:0.000119s ]
INFO: Run Behavior\ParseTemplateBehavior [ RunTime:0.015341s ]
INFO: [ view_parse ] --END-- [ RunTime:0.015382s ]
INFO: [ view_filter ] --START--
INFO: Run Behavior\WriteHtmlCacheBehavior [ RunTime:0.000302s ]
INFO: [ view_filter ] --END-- [ RunTime:0.000328s ]
INFO: [ app_end ] --START--
INFO: Run Behavior\ShowPageTraceBehavior [ RunTime:0.000447s ]
INFO: [ app_end ] --END-- [ RunTime:0.000476s ]

[ 2016-12-14T09:30:12+08:00 ] ::1 /PHP_-/market/index.php/Home/Personal/rzzx.html
INFO: [ app_init ] --START--
INFO: Run Behavior\BuildLiteBehavior [ RunTime:0.000027s ]
INFO: [ app_init ] --END-- [ RunTime:0.000869s ]
INFO: [ app_begin ] --START--
INFO: Run Behavior\ReadHtmlCacheBehavior [ RunTime:0.001041s ]
INFO: [ app_begin ] --END-- [ RunTime:0.001146s ]
ERR: 非法操作:rzzx

[ 2016-12-14T09:30:17+08:00 ] ::1 /PHP_-/market/index.php/Home/Personal/percenter
INFO: [ app_init ] --START--
INFO: Run Behavior\BuildLiteBehavior [ RunTime:0.000009s ]
INFO: [ app_init ] --END-- [ RunTime:0.000362s ]
INFO: [ app_begin ] --START--
INFO: Run Behavior\ReadHtmlCacheBehavior [ RunTime:0.000327s ]
INFO: [ app_begin ] --END-- [ RunTime:0.000358s ]
SQL: SHOW COLUMNS FROM `market_users` [ RunTime:0.0090s ]
SQL: SELECT * FROM `market_users` WHERE ( market_users.id = 7 ) LIMIT 1   [ RunTime:0.0011s ]
INFO: [ view_parse ] --START--
INFO: [ template_filter ] --START--
INFO: Run Behavior\ContentReplaceBehavior [ RunTime:0.000136s ]
INFO: [ template_filter ] --END-- [ RunTime:0.000204s ]
INFO: Run Behavior\ParseTemplateBehavior [ RunTime:0.010438s ]
INFO: [ view_parse ] --END-- [ RunTime:0.010546s ]
INFO: [ view_filter ] --START--
INFO: Run Behavior\WriteHtmlCacheBehavior [ RunTime:0.000487s ]
INFO: [ view_filter ] --END-- [ RunTime:0.000548s ]
INFO: [ app_end ] --START--
INFO: Run Behavior\ShowPageTraceBehavior [ RunTime:0.000737s ]
INFO: [ app_end ] --END-- [ RunTime:0.000791s ]

[ 2016-12-14T09:30:20+08:00 ] ::1 /PHP_-/market/index.php/Home/Personal/percenter
INFO: [ app_init ] --START--
INFO: Run Behavior\BuildLiteBehavior [ RunTime:0.000009s ]
INFO: [ app_init ] --END-- [ RunTime:0.000311s ]
INFO: [ app_begin ] --START--
INFO: Run Behavior\ReadHtmlCacheBehavior [ RunTime:0.000350s ]
INFO: [ app_begin ] --END-- [ RunTime:0.000385s ]
SQL: SHOW COLUMNS FROM `market_users` [ RunTime:0.0100s ]
SQL: SELECT * FROM `market_users` WHERE ( market_users.id = 7 ) LIMIT 1   [ RunTime:0.0008s ]
INFO: [ view_parse ] --START--
INFO: [ template_filter ] --START--
INFO: Run Behavior\ContentReplaceBehavior [ RunTime:0.000150s ]
INFO: [ template_filter ] --END-- [ RunTime:0.000221s ]
INFO: Run Behavior\ParseTemplateBehavior [ RunTime:0.011869s ]
INFO: [ view_parse ] --END-- [ RunTime:0.011961s ]
INFO: [ view_filter ] --START--
INFO: Run Behavior\WriteHtmlCacheBehavior [ RunTime:0.000476s ]
INFO: [ view_filter ] --END-- [ RunTime:0.000533s ]
INFO: [ app_end ] --START--
INFO: Run Behavior\ShowPageTraceBehavior [ RunTime:0.000825s ]
INFO: [ app_end ] --END-- [ RunTime:0.000888s ]

[ 2016-12-14T09:30:22+08:00 ] ::1 /PHP_-/market/index.php/Home/Personal/percenter
INFO: [ app_init ] --START--
INFO: Run Behavior\BuildLiteBehavior [ RunTime:0.000009s ]
INFO: [ app_init ] --END-- [ RunTime:0.000296s ]
INFO: [ app_begin ] --START--
INFO: Run Behavior\ReadHtmlCacheBehavior [ RunTime:0.000406s ]
INFO: [ app_begin ] --END-- [ RunTime:0.000444s ]
SQL: SHOW COLUMNS FROM `market_users` [ RunTime:0.0057s ]
SQL: SELECT * FROM `market_users` WHERE ( market_users.id = 7 ) LIMIT 1   [ RunTime:0.0005s ]
INFO: [ view_parse ] --START--
INFO: [ template_filter ] --START--
INFO: Run Behavior\ContentReplaceBehavior [ RunTime:0.000066s ]
INFO: [ template_filter ] --END-- [ RunTime:0.000097s ]
INFO: Run Behavior\ParseTemplateBehavior [ RunTime:0.005543s ]
INFO: [ view_parse ] --END-- [ RunTime:0.005584s ]
INFO: [ view_filter ] --START--
INFO: Run Behavior\WriteHtmlCacheBehavior [ RunTime:0.000218s ]
INFO: [ view_filter ] --END-- [ RunTime:0.000243s ]
INFO: [ app_end ] --START--
INFO: Run Behavior\ShowPageTraceBehavior [ RunTime:0.000429s ]
INFO: [ app_end ] --END-- [ RunTime:0.000457s ]

[ 2016-12-14T09:30:24+08:00 ] ::1 /PHP_-/market/index.php/Home/Personal/percenter
INFO: [ app_init ] --START--
INFO: Run Behavior\BuildLiteBehavior [ RunTime:0.000010s ]
INFO: [ app_init ] --END-- [ RunTime:0.000604s ]
INFO: [ app_begin ] --START--
INFO: Run Behavior\ReadHtmlCacheBehavior [ RunTime:0.000424s ]
INFO: [ app_begin ] --END-- [ RunTime:0.000461s ]
SQL: SHOW COLUMNS FROM `market_users` [ RunTime:0.0135s ]
SQL: SELECT * FROM `market_users` WHERE ( market_users.id = 7 ) LIMIT 1   [ RunTime:0.0014s ]
INFO: [ view_parse ] --START--
INFO: [ template_filter ] --START--
INFO: Run Behavior\ContentReplaceBehavior [ RunTime:0.000110s ]
INFO: [ template_filter ] --END-- [ RunTime:0.000169s ]
INFO: Run Behavior\ParseTemplateBehavior [ RunTime:0.010707s ]
INFO: [ view_parse ] --END-- [ RunTime:0.010789s ]
INFO: [ view_filter ] --START--
INFO: Run Behavior\WriteHtmlCacheBehavior [ RunTime:0.000342s ]
INFO: [ view_filter ] --END-- [ RunTime:0.000385s ]
INFO: [ app_end ] --START--
INFO: Run Behavior\ShowPageTraceBehavior [ RunTime:0.000597s ]
INFO: [ app_end ] --END-- [ RunTime:0.000644s ]

[ 2016-12-14T09:30:25+08:00 ] ::1 /PHP_-/market/index.php/Home/Personal/percenter
INFO: [ app_init ] --START--
INFO: Run Behavior\BuildLiteBehavior [ RunTime:0.000009s ]
INFO: [ app_init ] --END-- [ RunTime:0.000339s ]
INFO: [ app_begin ] --START--
INFO: Run Behavior\ReadHtmlCacheBehavior [ RunTime:0.000424s ]
INFO: [ app_begin ] --END-- [ RunTime:0.000458s ]
SQL: SHOW COLUMNS FROM `market_users` [ RunTime:0.0138s ]
SQL: SELECT * FROM `market_users` WHERE ( market_users.id = 7 ) LIMIT 1   [ RunTime:0.0021s ]
INFO: [ view_parse ] --START--
INFO: [ template_filter ] --START--
INFO: Run Behavior\ContentReplaceBehavior [ RunTime:0.000106s ]
INFO: [ template_filter ] --END-- [ RunTime:0.000155s ]
INFO: Run Behavior\ParseTemplateBehavior [ RunTime:0.028192s ]
INFO: [ view_parse ] --END-- [ RunTime:0.028266s ]
INFO: [ view_filter ] --START--
INFO: Run Behavior\WriteHtmlCacheBehavior [ RunTime:0.000390s ]
INFO: [ view_filter ] --END-- [ RunTime:0.000426s ]
INFO: [ app_end ] --START--
INFO: Run Behavior\ShowPageTraceBehavior [ RunTime:0.000647s ]
INFO: [ app_end ] --END-- [ RunTime:0.000688s ]

[ 2016-12-14T09:30:28+08:00 ] ::1 /PHP_-/market/index.php/Home/Personal/percenter
INFO: [ app_init ] --START--
INFO: Run Behavior\BuildLiteBehavior [ RunTime:0.000011s ]
INFO: [ app_init ] --END-- [ RunTime:0.000380s ]
INFO: [ app_begin ] --START--
INFO: Run Behavior\ReadHtmlCacheBehavior [ RunTime:0.000386s ]
INFO: [ app_begin ] --END-- [ RunTime:0.000447s ]
SQL: SHOW COLUMNS FROM `market_users` [ RunTime:0.0106s ]
SQL: SELECT * FROM `market_users` WHERE ( market_users.id = 7 ) LIMIT 1   [ RunTime:0.0009s ]
INFO: [ view_parse ] --START--
INFO: [ template_filter ] --START--
INFO: Run Behavior\ContentReplaceBehavior [ RunTime:0.000156s ]
INFO: [ template_filter ] --END-- [ RunTime:0.000235s ]
INFO: Run Behavior\ParseTemplateBehavior [ RunTime:0.011843s ]
INFO: [ view_parse ] --END-- [ RunTime:0.011932s ]
INFO: [ view_filter ] --START--
INFO: Run Behavior\WriteHtmlCacheBehavior [ RunTime:0.000470s ]
INFO: [ view_filter ] --END-- [ RunTime:0.000529s ]
INFO: [ app_end ] --START--
INFO: Run Behavior\ShowPageTraceBehavior [ RunTime:0.000838s ]
INFO: [ app_end ] --END-- [ RunTime:0.000902s ]

[ 2016-12-14T09:32:15+08:00 ] ::1 /PHP_-/market/index.php/Home/Personal/percenter
INFO: [ app_init ] --START--
INFO: Run Behavior\BuildLiteBehavior [ RunTime:0.000009s ]
INFO: [ app_init ] --END-- [ RunTime:0.000328s ]
INFO: [ app_begin ] --START--
INFO: Run Behavior\ReadHtmlCacheBehavior [ RunTime:0.000779s ]
INFO: [ app_begin ] --END-- [ RunTime:0.000818s ]
SQL: SHOW COLUMNS FROM `market_users` [ RunTime:0.0143s ]
SQL: SELECT * FROM `market_users` WHERE ( market_users.id = 7 ) LIMIT 1   [ RunTime:0.0016s ]
INFO: [ view_parse ] --START--
INFO: [ template_filter ] --START--
INFO: Run Behavior\ContentReplaceBehavior [ RunTime:0.000203s ]
INFO: [ template_filter ] --END-- [ RunTime:0.000299s ]
INFO: Run Behavior\ParseTemplateBehavior [ RunTime:0.016491s ]
INFO: [ view_parse ] --END-- [ RunTime:0.016610s ]
INFO: [ view_filter ] --START--
INFO: Run Behavior\WriteHtmlCacheBehavior [ RunTime:0.000408s ]
INFO: [ view_filter ] --END-- [ RunTime:0.000457s ]
INFO: [ app_end ] --START--
INFO: Run Behavior\ShowPageTraceBehavior [ RunTime:0.000523s ]
INFO: [ app_end ] --END-- [ RunTime:0.000564s ]

[ 2016-12-14T09:32:18+08:00 ] ::1 /PHP_-/market/index.php/Home/Personal/percenter
INFO: [ app_init ] --START--
INFO: Run Behavior\BuildLiteBehavior [ RunTime:0.000009s ]
INFO: [ app_init ] --END-- [ RunTime:0.000264s ]
INFO: [ app_begin ] --START--
INFO: Run Behavior\ReadHtmlCacheBehavior [ RunTime:0.000358s ]
INFO: [ app_begin ] --END-- [ RunTime:0.000406s ]
SQL: SHOW COLUMNS FROM `market_users` [ RunTime:0.0122s ]
SQL: SELECT * FROM `market_users` WHERE ( market_users.id = 7 ) LIMIT 1   [ RunTime:0.0010s ]
INFO: [ view_parse ] --START--
INFO: [ template_filter ] --START--
INFO: Run Behavior\ContentReplaceBehavior [ RunTime:0.000192s ]
INFO: [ template_filter ] --END-- [ RunTime:0.000280s ]
INFO: Run Behavior\ParseTemplateBehavior [ RunTime:0.013943s ]
INFO: [ view_parse ] --END-- [ RunTime:0.014061s ]
INFO: [ view_filter ] --START--
INFO: Run Behavior\WriteHtmlCacheBehavior [ RunTime:0.000594s ]
INFO: [ view_filter ] --END-- [ RunTime:0.000664s ]
INFO: [ app_end ] --START--
INFO: Run Behavior\ShowPageTraceBehavior [ RunTime:0.000991s ]
INFO: [ app_end ] --END-- [ RunTime:0.001079s ]

[ 2016-12-14T09:32:31+08:00 ] ::1 /PHP_-/market/index.php/Home/Personal/percenter
INFO: [ app_init ] --START--
INFO: Run Behavior\BuildLiteBehavior [ RunTime:0.000015s ]
INFO: [ app_init ] --END-- [ RunTime:0.000588s ]
INFO: [ app_begin ] --START--
INFO: Run Behavior\ReadHtmlCacheBehavior [ RunTime:0.000675s ]
INFO: [ app_begin ] --END-- [ RunTime:0.000732s ]
SQL: SHOW COLUMNS FROM `market_users` [ RunTime:0.0143s ]
SQL: SELECT * FROM `market_users` WHERE ( market_users.id = 7 ) LIMIT 1   [ RunTime:0.0012s ]
INFO: [ view_parse ] --START--
INFO: [ template_filter ] --START--
INFO: Run Behavior\ContentReplaceBehavior [ RunTime:0.000208s ]
INFO: [ template_filter ] --END-- [ RunTime:0.000303s ]
INFO: Run Behavior\ParseTemplateBehavior [ RunTime:0.017914s ]
INFO: [ view_parse ] --END-- [ RunTime:0.018033s ]
INFO: [ view_filter ] --START--
INFO: Run Behavior\WriteHtmlCacheBehavior [ RunTime:0.000876s ]
INFO: [ view_filter ] --END-- [ RunTime:0.000973s ]
INFO: [ app_end ] --START--
INFO: Run Behavior\ShowPageTraceBehavior [ RunTime:0.001471s ]
INFO: [ app_end ] --END-- [ RunTime:0.001565s ]

[ 2016-12-14T09:32:32+08:00 ] ::1 /PHP_-/market/index.php/Home/Personal/CertificateAuthority
INFO: [ app_init ] --START--
INFO: Run Behavior\BuildLiteBehavior [ RunTime:0.000009s ]
INFO: [ app_init ] --END-- [ RunTime:0.000276s ]
INFO: [ app_begin ] --START--
INFO: Run Behavior\ReadHtmlCacheBehavior [ RunTime:0.000411s ]
INFO: [ app_begin ] --END-- [ RunTime:0.000442s ]
INFO: [ view_parse ] --START--
INFO: [ template_filter ] --START--
INFO: Run Behavior\ContentReplaceBehavior [ RunTime:0.000056s ]
INFO: [ template_filter ] --END-- [ RunTime:0.000130s ]
INFO: Run Behavior\ParseTemplateBehavior [ RunTime:0.005992s ]
INFO: [ view_parse ] --END-- [ RunTime:0.006085s ]
INFO: [ view_filter ] --START--
INFO: Run Behavior\WriteHtmlCacheBehavior [ RunTime:0.000584s ]
INFO: [ view_filter ] --END-- [ RunTime:0.000670s ]
INFO: [ app_end ] --START--
INFO: Run Behavior\ShowPageTraceBehavior [ RunTime:0.000653s ]
INFO: [ app_end ] --END-- [ RunTime:0.000697s ]

[ 2016-12-14T09:32:32+08:00 ] ::1 /PHP_-/market/index.php/Home/Personal/lib/weui.min.css
INFO: [ app_init ] --START--
INFO: Run Behavior\BuildLiteBehavior [ RunTime:0.000010s ]
INFO: [ app_init ] --END-- [ RunTime:0.000373s ]
INFO: [ app_begin ] --START--
INFO: Run Behavior\ReadHtmlCacheBehavior [ RunTime:0.000468s ]
INFO: [ app_begin ] --END-- [ RunTime:0.000529s ]
ERR: 非法操作:lib

[ 2016-12-14T09:32:32+08:00 ] ::1 /PHP_-/market/index.php/Home/Personal/css/button.css
INFO: [ app_init ] --START--
INFO: Run Behavior\BuildLiteBehavior [ RunTime:0.000009s ]
INFO: [ app_init ] --END-- [ RunTime:0.000372s ]
INFO: [ app_begin ] --START--
INFO: Run Behavior\ReadHtmlCacheBehavior [ RunTime:0.000493s ]
INFO: [ app_begin ] --END-- [ RunTime:0.000543s ]
ERR: 非法操作:css

[ 2016-12-14T09:32:32+08:00 ] ::1 /PHP_-/market/index.php/Home/Personal/lib/jquery-2.1.4.js
INFO: [ app_init ] --START--
INFO: Run Behavior\BuildLiteBehavior [ RunTime:0.000011s ]
INFO: [ app_init ] --END-- [ RunTime:0.000354s ]
INFO: [ app_begin ] --START--
INFO: Run Behavior\ReadHtmlCacheBehavior [ RunTime:0.000359s ]
INFO: [ app_begin ] --END-- [ RunTime:0.000395s ]
ERR: 非法操作:lib

[ 2016-12-14T09:32:32+08:00 ] ::1 /PHP_-/market/index.php/Home/Personal/js/jquery-weui.min.js
INFO: [ app_init ] --START--
INFO: Run Behavior\BuildLiteBehavior [ RunTime:0.000009s ]
INFO: [ app_init ] --END-- [ RunTime:0.000310s ]
INFO: [ app_begin ] --START--
INFO: Run Behavior\ReadHtmlCacheBehavior [ RunTime:0.000362s ]
INFO: [ app_begin ] --END-- [ RunTime:0.000402s ]
ERR: 非法操作:js

[ 2016-12-14T09:32:33+08:00 ] ::1 /PHP_-/market/index.php/Home/Personal/css/jquery-weui.css
INFO: [ app_init ] --START--
INFO: Run Behavior\BuildLiteBehavior [ RunTime:0.000026s ]
INFO: [ app_init ] --END-- [ RunTime:0.000848s ]
INFO: [ app_begin ] --START--
INFO: Run Behavior\ReadHtmlCacheBehavior [ RunTime:0.001047s ]
INFO: [ app_begin ] --END-- [ RunTime:0.001157s ]
ERR: 非法操作:css

[ 2016-12-14T09:32:33+08:00 ] ::1 /PHP_-/market/index.php/Home/Personal/js/swiper.js
INFO: [ app_init ] --START--
INFO: Run Behavior\BuildLiteBehavior [ RunTime:0.000012s ]
INFO: [ app_init ] --END-- [ RunTime:0.000422s ]
INFO: [ app_begin ] --START--
INFO: Run Behavior\ReadHtmlCacheBehavior [ RunTime:0.000515s ]
INFO: [ app_begin ] --END-- [ RunTime:0.000564s ]
ERR: 非法操作:js

[ 2016-12-14T09:32:33+08:00 ] ::1 /PHP_-/market/index.php/Home/Personal/js/jquery-weui.min.js
INFO: [ app_init ] --START--
INFO: Run Behavior\BuildLiteBehavior [ RunTime:0.000015s ]
INFO: [ app_init ] --END-- [ RunTime:0.000447s ]
INFO: [ app_begin ] --START--
INFO: Run Behavior\ReadHtmlCacheBehavior [ RunTime:0.000530s ]
INFO: [ app_begin ] --END-- [ RunTime:0.000584s ]
ERR: 非法操作:js

[ 2016-12-14T09:32:33+08:00 ] ::1 /PHP_-/market/index.php/Home/Personal/js/swiper.js
INFO: [ app_init ] --START--
INFO: Run Behavior\BuildLiteBehavior [ RunTime:0.000038s ]
INFO: [ app_init ] --END-- [ RunTime:0.000845s ]
INFO: [ app_begin ] --START--
INFO: Run Behavior\ReadHtmlCacheBehavior [ RunTime:0.000410s ]
INFO: [ app_begin ] --END-- [ RunTime:0.000452s ]
ERR: 非法操作:js

[ 2016-12-14T09:34:02+08:00 ] ::1 /PHP_-/market/index.php/Home/Personal/CertificateAuthority
INFO: [ app_init ] --START--
INFO: Run Behavior\BuildLiteBehavior [ RunTime:0.000010s ]
INFO: [ app_init ] --END-- [ RunTime:0.000314s ]
INFO: [ app_begin ] --START--
INFO: Run Behavior\ReadHtmlCacheBehavior [ RunTime:0.000424s ]
INFO: [ app_begin ] --END-- [ RunTime:0.000455s ]
INFO: [ view_parse ] --START--
INFO: [ template_filter ] --START--
INFO: Run Behavior\ContentReplaceBehavior [ RunTime:0.000049s ]
INFO: [ template_filter ] --END-- [ RunTime:0.000078s ]
INFO: Run Behavior\ParseTemplateBehavior [ RunTime:0.004643s ]
INFO: [ view_parse ] --END-- [ RunTime:0.004683s ]
INFO: [ view_filter ] --START--
INFO: Run Behavior\WriteHtmlCacheBehavior [ RunTime:0.000305s ]
INFO: [ view_filter ] --END-- [ RunTime:0.000330s ]
INFO: [ app_end ] --START--
INFO: Run Behavior\ShowPageTraceBehavior [ RunTime:0.000342s ]
INFO: [ app_end ] --END-- [ RunTime:0.000369s ]

[ 2016-12-14T09:34:02+08:00 ] ::1 /PHP_-/market/index.php/Home/Personal/lib/jquery-2.1.4.js
INFO: [ app_init ] --START--
INFO: Run Behavior\BuildLiteBehavior [ RunTime:0.000014s ]
INFO: [ app_init ] --END-- [ RunTime:0.000341s ]
INFO: [ app_begin ] --START--
INFO: Run Behavior\ReadHtmlCacheBehavior [ RunTime:0.000391s ]
INFO: [ app_begin ] --END-- [ RunTime:0.000428s ]
ERR: 非法操作:lib

[ 2016-12-14T09:34:02+08:00 ] ::1 /PHP_-/market/index.php/Home/Personal/js/jquery-weui.min.js
INFO: [ app_init ] --START--
INFO: Run Behavior\BuildLiteBehavior [ RunTime:0.000010s ]
INFO: [ app_init ] --END-- [ RunTime:0.000343s ]
INFO: [ app_begin ] --START--
INFO: Run Behavior\ReadHtmlCacheBehavior [ RunTime:0.000430s ]
INFO: [ app_begin ] --END-- [ RunTime:0.000470s ]
ERR: 非法操作:js

[ 2016-12-14T09:34:02+08:00 ] ::1 /PHP_-/market/index.php/Home/Personal/js/jquery-weui.min.js
INFO: [ app_init ] --START--
INFO: Run Behavior\BuildLiteBehavior [ RunTime:0.000009s ]
INFO: [ app_init ] --END-- [ RunTime:0.000336s ]
INFO: [ app_begin ] --START--
INFO: Run Behavior\ReadHtmlCacheBehavior [ RunTime:0.000333s ]
INFO: [ app_begin ] --END-- [ RunTime:0.000366s ]
ERR: 非法操作:js

[ 2016-12-14T09:34:03+08:00 ] ::1 /PHP_-/market/index.php/Home/Personal/js/swiper.js
INFO: [ app_init ] --START--
INFO: Run Behavior\BuildLiteBehavior [ RunTime:0.000016s ]
INFO: [ app_init ] --END-- [ RunTime:0.000549s ]
INFO: [ app_begin ] --START--
INFO: Run Behavior\ReadHtmlCacheBehavior [ RunTime:0.000645s ]
INFO: [ app_begin ] --END-- [ RunTime:0.000710s ]
ERR: 非法操作:js

[ 2016-12-14T09:34:19+08:00 ] ::1 /PHP_-/market/index.php/Home/Personal/CertificateAuthority
INFO: [ app_init ] --START--
INFO: Run Behavior\BuildLiteBehavior [ RunTime:0.000012s ]
INFO: [ app_init ] --END-- [ RunTime:0.000469s ]
INFO: [ app_begin ] --START--
INFO: Run Behavior\ReadHtmlCacheBehavior [ RunTime:0.000612s ]
INFO: [ app_begin ] --END-- [ RunTime:0.000671s ]
INFO: [ view_parse ] --START--
INFO: [ template_filter ] --START--
INFO: Run Behavior\ContentReplaceBehavior [ RunTime:0.000054s ]
INFO: [ template_filter ] --END-- [ RunTime:0.000123s ]
INFO: Run Behavior\ParseTemplateBehavior [ RunTime:0.005426s ]
INFO: [ view_parse ] --END-- [ RunTime:0.005493s ]
INFO: [ view_filter ] --START--
INFO: Run Behavior\WriteHtmlCacheBehavior [ RunTime:0.000306s ]
INFO: [ view_filter ] --END-- [ RunTime:0.000332s ]
INFO: [ app_end ] --START--
INFO: Run Behavior\ShowPageTraceBehavior [ RunTime:0.000482s ]
INFO: [ app_end ] --END-- [ RunTime:0.000510s ]

[ 2016-12-14T09:38:11+08:00 ] ::1 /PHP_-/market/index.php/Home/goodslist/goodslist
INFO: [ app_init ] --START--
INFO: Run Behavior\BuildLiteBehavior [ RunTime:0.000008s ]
INFO: [ app_init ] --END-- [ RunTime:0.000362s ]
INFO: [ app_begin ] --START--
INFO: Run Behavior\ReadHtmlCacheBehavior [ RunTime:0.000420s ]
INFO: [ app_begin ] --END-- [ RunTime:0.000453s ]
SQL: SHOW COLUMNS FROM `market_goods` [ RunTime:0.0158s ]
ERR: 1064:You have an error in your SQL syntax; check the manual that corresponds to your MySQL server version for the right syntax to use near ')' at line 1
 [ SQL语句 ] : SELECT market_goods.name AS `name`,market_goods.degree AS `degree`,market_goods.description AS `description`,market_goods.price AS `price`,market_users.nickname AS `nickname`,market_users.college AS `college`,market_goods.photo AS `photo`,market_users.head AS `head` FROM `market_goods` INNER JOIN market_category on market_goods.category_id = market_category.id INNER JOIN market_cat on market_category.cat_id = market_cat.id INNER JOIN market_users on market_goods.seller_id=market_users.id  WHERE ( market_cat.id= ) 
ERR: 1064:You have an error in your SQL syntax; check the manual that corresponds to your MySQL server version for the right syntax to use near ')' at line 1
 [ SQL语句 ] : SELECT market_goods.name AS `name`,market_goods.degree AS `degree`,market_goods.description AS `description`,market_goods.price AS `price`,market_users.nickname AS `nickname`,market_users.college AS `college`,market_goods.photo AS `photo`,market_users.head AS `head` FROM `market_goods` INNER JOIN market_category on market_goods.category_id = market_category.id INNER JOIN market_cat on market_category.cat_id = market_cat.id INNER JOIN market_users on market_goods.seller_id=market_users.id  WHERE ( market_cat.id= ) 

[ 2016-12-14T09:39:11+08:00 ] ::1 /PHP_-/market/index.php/Home/goodslist/goodslist/id/1
INFO: [ app_init ] --START--
INFO: Run Behavior\BuildLiteBehavior [ RunTime:0.000011s ]
INFO: [ app_init ] --END-- [ RunTime:0.000299s ]
INFO: [ app_begin ] --START--
INFO: Run Behavior\ReadHtmlCacheBehavior [ RunTime:0.000324s ]
INFO: [ app_begin ] --END-- [ RunTime:0.000355s ]
SQL: SHOW COLUMNS FROM `market_goods` [ RunTime:0.0076s ]
SQL: SELECT market_goods.name AS `name`,market_goods.degree AS `degree`,market_goods.description AS `description`,market_goods.price AS `price`,market_users.nickname AS `nickname`,market_users.college AS `college`,market_goods.photo AS `photo`,market_users.head AS `head` FROM `market_goods` INNER JOIN market_category on market_goods.category_id = market_category.id INNER JOIN market_cat on market_category.cat_id = market_cat.id INNER JOIN market_users on market_goods.seller_id=market_users.id  WHERE ( market_cat.id=1 )  [ RunTime:0.0010s ]
INFO: [ view_parse ] --START--
INFO: [ template_filter ] --START--
INFO: Run Behavior\ContentReplaceBehavior [ RunTime:0.000118s ]
INFO: [ template_filter ] --END-- [ RunTime:0.000180s ]
NOTIC: [8] Undefined variable: vo D:\WWW\PHP_-\market\Application\Runtime\Cache\Home\961bc35e09ef43b26948d521b77c2431.php 第 68 行.
NOTIC: [8] Undefined variable: vo D:\WWW\PHP_-\market\Application\Runtime\Cache\Home\961bc35e09ef43b26948d521b77c2431.php 第 69 行.
NOTIC: [8] Undefined variable: vo D:\WWW\PHP_-\market\Application\Runtime\Cache\Home\961bc35e09ef43b26948d521b77c2431.php 第 70 行.
NOTIC: [8] Undefined variable: vo D:\WWW\PHP_-\market\Application\Runtime\Cache\Home\961bc35e09ef43b26948d521b77c2431.php 第 71 行.
NOTIC: [8] Undefined variable: vo D:\WWW\PHP_-\market\Application\Runtime\Cache\Home\961bc35e09ef43b26948d521b77c2431.php 第 72 行.
INFO: Run Behavior\ParseTemplateBehavior [ RunTime:0.024339s ]
INFO: [ view_parse ] --END-- [ RunTime:0.024395s ]
INFO: [ view_filter ] --START--
INFO: Run Behavior\WriteHtmlCacheBehavior [ RunTime:0.000576s ]
INFO: [ view_filter ] --END-- [ RunTime:0.000628s ]
INFO: [ app_end ] --START--
INFO: Run Behavior\ShowPageTraceBehavior [ RunTime:0.000771s ]
INFO: [ app_end ] --END-- [ RunTime:0.000821s ]

[ 2016-12-14T09:41:09+08:00 ] ::1 /PHP_-/market/index.php/Home/goodslist/goodslist/id/1
INFO: [ app_init ] --START--
INFO: Run Behavior\BuildLiteBehavior [ RunTime:0.000011s ]
INFO: [ app_init ] --END-- [ RunTime:0.000426s ]
INFO: [ app_begin ] --START--
INFO: Run Behavior\ReadHtmlCacheBehavior [ RunTime:0.000464s ]
INFO: [ app_begin ] --END-- [ RunTime:0.000502s ]
SQL: SHOW COLUMNS FROM `market_goods` [ RunTime:0.0137s ]
SQL: SELECT market_goods.name AS `name`,market_goods.degree AS `degree`,market_goods.description AS `description`,market_goods.price AS `price`,market_users.nickname AS `nickname`,market_users.college AS `college`,market_goods.photo AS `photo`,market_users.head AS `head` FROM `market_goods` INNER JOIN market_category on market_goods.category_id = market_category.id INNER JOIN market_cat on market_category.cat_id = market_cat.id INNER JOIN market_users on market_goods.seller_id=market_users.id  WHERE ( market_cat.id=1 )  [ RunTime:0.0011s ]
INFO: [ view_parse ] --START--
INFO: [ template_filter ] --START--
INFO: Run Behavior\ContentReplaceBehavior [ RunTime:0.000198s ]
INFO: [ template_filter ] --END-- [ RunTime:0.000302s ]
NOTIC: [8] Undefined variable: vo D:\WWW\PHP_-\market\Application\Runtime\Cache\Home\961bc35e09ef43b26948d521b77c2431.php 第 68 行.
NOTIC: [8] Undefined variable: vo D:\WWW\PHP_-\market\Application\Runtime\Cache\Home\961bc35e09ef43b26948d521b77c2431.php 第 69 行.
NOTIC: [8] Undefined variable: vo D:\WWW\PHP_-\market\Application\Runtime\Cache\Home\961bc35e09ef43b26948d521b77c2431.php 第 70 行.
NOTIC: [8] Undefined variable: vo D:\WWW\PHP_-\market\Application\Runtime\Cache\Home\961bc35e09ef43b26948d521b77c2431.php 第 71 行.
NOTIC: [8] Undefined variable: vo D:\WWW\PHP_-\market\Application\Runtime\Cache\Home\961bc35e09ef43b26948d521b77c2431.php 第 72 行.
INFO: Run Behavior\ParseTemplateBehavior [ RunTime:0.016886s ]
INFO: [ view_parse ] --END-- [ RunTime:0.016984s ]
INFO: [ view_filter ] --START--
INFO: Run Behavior\WriteHtmlCacheBehavior [ RunTime:0.000625s ]
INFO: [ view_filter ] --END-- [ RunTime:0.000699s ]
INFO: [ app_end ] --START--
INFO: Run Behavior\ShowPageTraceBehavior [ RunTime:0.001436s ]
INFO: [ app_end ] --END-- [ RunTime:0.001533s ]

[ 2016-12-14T09:47:10+08:00 ] ::1 /PHP_-/market/index.php/Home/goodslist/goodslist/id/1
INFO: [ app_init ] --START--
INFO: Run Behavior\BuildLiteBehavior [ RunTime:0.000010s ]
INFO: [ app_init ] --END-- [ RunTime:0.000376s ]
INFO: [ app_begin ] --START--
INFO: Run Behavior\ReadHtmlCacheBehavior [ RunTime:0.000486s ]
INFO: [ app_begin ] --END-- [ RunTime:0.000522s ]
SQL: SHOW COLUMNS FROM `market_goods` [ RunTime:0.0139s ]
SQL: SELECT market_goods.name AS `name`,market_goods.degree AS `degree`,market_goods.description AS `description`,market_goods.price AS `price`,market_users.nickname AS `nickname`,market_users.college AS `college`,market_goods.photo AS `photo`,market_users.head AS `head` FROM `market_goods` INNER JOIN market_category on market_goods.category_id = market_category.id INNER JOIN market_cat on market_category.cat_id = market_cat.id INNER JOIN market_users on market_goods.seller_id=market_users.id  WHERE ( market_cat.id=1 )  [ RunTime:0.0021s ]

[ 2016-12-14T09:57:27+08:00 ] ::1 /PHP_-/market/index.php/Home/goodslist/goodslist/id/1
INFO: [ app_init ] --START--
INFO: Run Behavior\BuildLiteBehavior [ RunTime:0.000008s ]
INFO: [ app_init ] --END-- [ RunTime:0.000400s ]
INFO: [ app_begin ] --START--
INFO: Run Behavior\ReadHtmlCacheBehavior [ RunTime:0.000489s ]
INFO: [ app_begin ] --END-- [ RunTime:0.000522s ]
ERR: 无法加载控制器:Goodslist

[ 2016-12-14T09:58:40+08:00 ] ::1 /PHP_-/market/index.php/Home/Personal/percenter
INFO: [ app_init ] --START--
INFO: Run Behavior\BuildLiteBehavior [ RunTime:0.000008s ]
INFO: [ app_init ] --END-- [ RunTime:0.000293s ]
INFO: [ app_begin ] --START--
INFO: Run Behavior\ReadHtmlCacheBehavior [ RunTime:0.000336s ]
INFO: [ app_begin ] --END-- [ RunTime:0.000369s ]
SQL: SHOW COLUMNS FROM `market_users` [ RunTime:0.0097s ]
SQL: SELECT * FROM `market_users` WHERE ( market_users.id = 7 ) LIMIT 1   [ RunTime:0.0011s ]
INFO: [ view_parse ] --START--
INFO: [ template_filter ] --START--
INFO: Run Behavior\ContentReplaceBehavior [ RunTime:0.000090s ]
INFO: [ template_filter ] --END-- [ RunTime:0.000126s ]
INFO: Run Behavior\ParseTemplateBehavior [ RunTime:0.022439s ]
INFO: [ view_parse ] --END-- [ RunTime:0.022489s ]
INFO: [ view_filter ] --START--
INFO: Run Behavior\WriteHtmlCacheBehavior [ RunTime:0.000290s ]
INFO: [ view_filter ] --END-- [ RunTime:0.000314s ]
INFO: [ app_end ] --START--
INFO: Run Behavior\ShowPageTraceBehavior [ RunTime:0.000416s ]
INFO: [ app_end ] --END-- [ RunTime:0.000441s ]

[ 2016-12-14T09:58:42+08:00 ] ::1 /PHP_-/market/index.php/Home/Personal/CertificateAuthority
INFO: [ app_init ] --START--
INFO: Run Behavior\BuildLiteBehavior [ RunTime:0.000009s ]
INFO: [ app_init ] --END-- [ RunTime:0.000311s ]
INFO: [ app_begin ] --START--
INFO: Run Behavior\ReadHtmlCacheBehavior [ RunTime:0.000442s ]
INFO: [ app_begin ] --END-- [ RunTime:0.000477s ]
INFO: [ view_parse ] --START--
INFO: [ template_filter ] --START--
INFO: Run Behavior\ContentReplaceBehavior [ RunTime:0.000050s ]
INFO: [ template_filter ] --END-- [ RunTime:0.000088s ]
INFO: Run Behavior\ParseTemplateBehavior [ RunTime:0.005456s ]
INFO: [ view_parse ] --END-- [ RunTime:0.005501s ]
INFO: [ view_filter ] --START--
INFO: Run Behavior\WriteHtmlCacheBehavior [ RunTime:0.000210s ]
INFO: [ view_filter ] --END-- [ RunTime:0.000239s ]
INFO: [ app_end ] --START--
INFO: Run Behavior\ShowPageTraceBehavior [ RunTime:0.000370s ]
INFO: [ app_end ] --END-- [ RunTime:0.000399s ]

[ 2016-12-14T10:02:09+08:00 ] ::1 /PHP_-/market/index.php/Home/Personal/CertificateAuthority
INFO: [ app_init ] --START--
INFO: Run Behavior\BuildLiteBehavior [ RunTime:0.000009s ]
INFO: [ app_init ] --END-- [ RunTime:0.000416s ]
INFO: [ app_begin ] --START--
INFO: Run Behavior\ReadHtmlCacheBehavior [ RunTime:0.000382s ]
INFO: [ app_begin ] --END-- [ RunTime:0.000415s ]
INFO: [ view_parse ] --START--
INFO: [ template_filter ] --START--
INFO: Run Behavior\ContentReplaceBehavior [ RunTime:0.000066s ]
INFO: [ template_filter ] --END-- [ RunTime:0.000109s ]
INFO: Run Behavior\ParseTemplateBehavior [ RunTime:0.006115s ]
INFO: [ view_parse ] --END-- [ RunTime:0.006174s ]
INFO: [ view_filter ] --START--
INFO: Run Behavior\WriteHtmlCacheBehavior [ RunTime:0.000280s ]
INFO: [ view_filter ] --END-- [ RunTime:0.000305s ]
INFO: [ app_end ] --START--
INFO: Run Behavior\ShowPageTraceBehavior [ RunTime:0.000408s ]
INFO: [ app_end ] --END-- [ RunTime:0.000434s ]

[ 2016-12-14T10:12:45+08:00 ] ::1 /PHP_-/market/index.php/Home/Personal/CertificateAuthority
INFO: [ app_init ] --START--
INFO: Run Behavior\BuildLiteBehavior [ RunTime:0.000010s ]
INFO: [ app_init ] --END-- [ RunTime:0.000521s ]
INFO: [ app_begin ] --START--
INFO: Run Behavior\ReadHtmlCacheBehavior [ RunTime:0.000443s ]
INFO: [ app_begin ] --END-- [ RunTime:0.000477s ]
INFO: [ view_parse ] --START--
INFO: [ template_filter ] --START--
INFO: Run Behavior\ContentReplaceBehavior [ RunTime:0.000068s ]
INFO: [ template_filter ] --END-- [ RunTime:0.000105s ]
INFO: Run Behavior\ParseTemplateBehavior [ RunTime:0.014501s ]
INFO: [ view_parse ] --END-- [ RunTime:0.014550s ]
INFO: [ view_filter ] --START--
INFO: Run Behavior\WriteHtmlCacheBehavior [ RunTime:0.000277s ]
INFO: [ view_filter ] --END-- [ RunTime:0.000302s ]
INFO: [ app_end ] --START--
INFO: Run Behavior\ShowPageTraceBehavior [ RunTime:0.000426s ]
INFO: [ app_end ] --END-- [ RunTime:0.000453s ]

[ 2016-12-14T10:14:50+08:00 ] ::1 /PHP_-/market/index.php/Home/Personal/CertificateAuthorityt
INFO: [ app_init ] --START--
INFO: Run Behavior\BuildLiteBehavior [ RunTime:0.000010s ]
INFO: [ app_init ] --END-- [ RunTime:0.000354s ]
INFO: [ app_begin ] --START--
INFO: Run Behavior\ReadHtmlCacheBehavior [ RunTime:0.000402s ]
INFO: [ app_begin ] --END-- [ RunTime:0.000439s ]
ERR: 模板不存在:./Application/Home/View/Personal/CertificateAuthorityt.html

[ 2016-12-14T10:17:20+08:00 ] ::1 /PHP_-/market/index.php/Home/Personal/CertificateAuthorityt
INFO: [ app_init ] --START--
INFO: Run Behavior\BuildLiteBehavior [ RunTime:0.000011s ]
INFO: [ app_init ] --END-- [ RunTime:0.000371s ]
INFO: [ app_begin ] --START--
INFO: Run Behavior\ReadHtmlCacheBehavior [ RunTime:0.000546s ]
INFO: [ app_begin ] --END-- [ RunTime:0.000601s ]

[ 2016-12-14T10:17:44+08:00 ] ::1 /PHP_-/market/index.php/Home/Personal/CertificateAuthorityt
INFO: [ app_init ] --START--
INFO: Run Behavior\BuildLiteBehavior [ RunTime:0.000009s ]
INFO: [ app_init ] --END-- [ RunTime:0.000287s ]
INFO: [ app_begin ] --START--
INFO: Run Behavior\ReadHtmlCacheBehavior [ RunTime:0.000329s ]
INFO: [ app_begin ] --END-- [ RunTime:0.000361s ]
INFO: [ view_parse ] --START--
INFO: [ template_filter ] --START--
INFO: Run Behavior\ContentReplaceBehavior [ RunTime:0.000033s ]
INFO: [ template_filter ] --END-- [ RunTime:0.000066s ]
INFO: Run Behavior\ParseTemplateBehavior [ RunTime:0.005072s ]
INFO: [ view_parse ] --END-- [ RunTime:0.005134s ]
INFO: [ view_filter ] --START--
INFO: Run Behavior\WriteHtmlCacheBehavior [ RunTime:0.000279s ]
INFO: [ view_filter ] --END-- [ RunTime:0.000305s ]

[ 2016-12-14T10:19:40+08:00 ] ::1 /PHP_-/market/index.php/Home/Personal/CertificateAuthority
INFO: [ app_init ] --START--
INFO: Run Behavior\BuildLiteBehavior [ RunTime:0.000008s ]
INFO: [ app_init ] --END-- [ RunTime:0.000337s ]
INFO: [ app_begin ] --START--
INFO: Run Behavior\ReadHtmlCacheBehavior [ RunTime:0.000386s ]
INFO: [ app_begin ] --END-- [ RunTime:0.000420s ]
INFO: [ view_parse ] --START--
INFO: [ template_filter ] --START--
INFO: Run Behavior\ContentReplaceBehavior [ RunTime:0.000052s ]
INFO: [ template_filter ] --END-- [ RunTime:0.000086s ]
INFO: Run Behavior\ParseTemplateBehavior [ RunTime:0.004879s ]
INFO: [ view_parse ] --END-- [ RunTime:0.004921s ]
INFO: [ view_filter ] --START--
INFO: Run Behavior\WriteHtmlCacheBehavior [ RunTime:0.000200s ]
INFO: [ view_filter ] --END-- [ RunTime:0.000224s ]
INFO: [ app_end ] --START--
INFO: Run Behavior\ShowPageTraceBehavior [ RunTime:0.000484s ]
INFO: [ app_end ] --END-- [ RunTime:0.000509s ]

[ 2016-12-14T10:19:45+08:00 ] ::1 /PHP_-/market/index.php/Home/Personal/CertificateAuthorityt
INFO: [ app_init ] --START--
INFO: Run Behavior\BuildLiteBehavior [ RunTime:0.000008s ]
INFO: [ app_init ] --END-- [ RunTime:0.000293s ]
INFO: [ app_begin ] --START--
INFO: Run Behavior\ReadHtmlCacheBehavior [ RunTime:0.000344s ]
INFO: [ app_begin ] --END-- [ RunTime:0.000420s ]
NOTIC: [2] call_user_func() expects parameter 1 to be a valid callback, no array or string given D:\WWW\PHP_-\market\ThinkPHP\Library\Think\Upload.class.php 第 170 行.

[ 2016-12-14T10:19:52+08:00 ] ::1 /PHP_-/market/index.php/Home/Personal/CertificateAuthority
INFO: [ app_init ] --START--
INFO: Run Behavior\BuildLiteBehavior [ RunTime:0.000014s ]
INFO: [ app_init ] --END-- [ RunTime:0.000375s ]
INFO: [ app_begin ] --START--
INFO: Run Behavior\ReadHtmlCacheBehavior [ RunTime:0.000556s ]
INFO: [ app_begin ] --END-- [ RunTime:0.000591s ]
INFO: [ view_parse ] --START--
INFO: [ template_filter ] --START--
INFO: Run Behavior\ContentReplaceBehavior [ RunTime:0.000068s ]
INFO: [ template_filter ] --END-- [ RunTime:0.000113s ]
INFO: Run Behavior\ParseTemplateBehavior [ RunTime:0.014794s ]
INFO: [ view_parse ] --END-- [ RunTime:0.014901s ]
INFO: [ view_filter ] --START--
INFO: Run Behavior\WriteHtmlCacheBehavior [ RunTime:0.000325s ]
INFO: [ view_filter ] --END-- [ RunTime:0.000351s ]
INFO: [ app_end ] --START--
INFO: Run Behavior\ShowPageTraceBehavior [ RunTime:0.000573s ]
INFO: [ app_end ] --END-- [ RunTime:0.000604s ]

[ 2016-12-14T10:19:57+08:00 ] ::1 /PHP_-/market/index.php/Home/Personal/CertificateAuthorityt
INFO: [ app_init ] --START--
INFO: Run Behavior\BuildLiteBehavior [ RunTime:0.000015s ]
INFO: [ app_init ] --END-- [ RunTime:0.000339s ]
INFO: [ app_begin ] --START--
INFO: Run Behavior\ReadHtmlCacheBehavior [ RunTime:0.000377s ]
INFO: [ app_begin ] --END-- [ RunTime:0.000411s ]
NOTIC: [2] call_user_func() expects parameter 1 to be a valid callback, no array or string given D:\WWW\PHP_-\market\ThinkPHP\Library\Think\Upload.class.php 第 170 行.

[ 2016-12-14T10:20:01+08:00 ] ::1 /PHP_-/market/index.php/Home/Personal/CertificateAuthority
INFO: [ app_init ] --START--
INFO: Run Behavior\BuildLiteBehavior [ RunTime:0.000010s ]
INFO: [ app_init ] --END-- [ RunTime:0.000431s ]
INFO: [ app_begin ] --START--
INFO: Run Behavior\ReadHtmlCacheBehavior [ RunTime:0.000557s ]
INFO: [ app_begin ] --END-- [ RunTime:0.000599s ]
INFO: [ view_parse ] --START--
INFO: [ template_filter ] --START--
INFO: Run Behavior\ContentReplaceBehavior [ RunTime:0.000054s ]
INFO: [ template_filter ] --END-- [ RunTime:0.000088s ]
INFO: Run Behavior\ParseTemplateBehavior [ RunTime:0.006389s ]
INFO: [ view_parse ] --END-- [ RunTime:0.006445s ]
INFO: [ view_filter ] --START--
INFO: Run Behavior\WriteHtmlCacheBehavior [ RunTime:0.000386s ]
INFO: [ view_filter ] --END-- [ RunTime:0.000417s ]
INFO: [ app_end ] --START--
INFO: Run Behavior\ShowPageTraceBehavior [ RunTime:0.000662s ]
INFO: [ app_end ] --END-- [ RunTime:0.000694s ]

[ 2016-12-14T10:20:02+08:00 ] ::1 /PHP_-/market/index.php/Home/Personal/CertificateAuthority
INFO: [ app_init ] --START--
INFO: Run Behavior\BuildLiteBehavior [ RunTime:0.000009s ]
INFO: [ app_init ] --END-- [ RunTime:0.000336s ]
INFO: [ app_begin ] --START--
INFO: Run Behavior\ReadHtmlCacheBehavior [ RunTime:0.000439s ]
INFO: [ app_begin ] --END-- [ RunTime:0.000473s ]
INFO: [ view_parse ] --START--
INFO: [ template_filter ] --START--
INFO: Run Behavior\ContentReplaceBehavior [ RunTime:0.000049s ]
INFO: [ template_filter ] --END-- [ RunTime:0.000081s ]
INFO: Run Behavior\ParseTemplateBehavior [ RunTime:0.005915s ]
INFO: [ view_parse ] --END-- [ RunTime:0.005957s ]
INFO: [ view_filter ] --START--
INFO: Run Behavior\WriteHtmlCacheBehavior [ RunTime:0.000318s ]
INFO: [ view_filter ] --END-- [ RunTime:0.000344s ]
INFO: [ app_end ] --START--
INFO: Run Behavior\ShowPageTraceBehavior [ RunTime:0.000464s ]
INFO: [ app_end ] --END-- [ RunTime:0.000490s ]

[ 2016-12-14T10:20:09+08:00 ] ::1 /PHP_-/market/index.php/Home/Personal/CertificateAuthorityt
INFO: [ app_init ] --START--
INFO: Run Behavior\BuildLiteBehavior [ RunTime:0.000008s ]
INFO: [ app_init ] --END-- [ RunTime:0.000539s ]
INFO: [ app_begin ] --START--
INFO: Run Behavior\ReadHtmlCacheBehavior [ RunTime:0.000479s ]
INFO: [ app_begin ] --END-- [ RunTime:0.000514s ]
NOTIC: [2] call_user_func() expects parameter 1 to be a valid callback, no array or string given D:\WWW\PHP_-\market\ThinkPHP\Library\Think\Upload.class.php 第 170 行.

[ 2016-12-14T10:21:52+08:00 ] ::1 /PHP_-/market/index.php/Home/Personal/CertificateAuthorityt
INFO: [ app_init ] --START--
INFO: Run Behavior\BuildLiteBehavior [ RunTime:0.000009s ]
INFO: [ app_init ] --END-- [ RunTime:0.000347s ]
INFO: [ app_begin ] --START--
INFO: Run Behavior\ReadHtmlCacheBehavior [ RunTime:0.000439s ]
INFO: [ app_begin ] --END-- [ RunTime:0.000472s ]
NOTIC: [2] call_user_func() expects parameter 1 to be a valid callback, no array or string given D:\WWW\PHP_-\market\ThinkPHP\Library\Think\Upload.class.php 第 170 行.
NOTIC: [8] Undefined index: photo D:\WWW\PHP_-\market\Application\Home\Controller\PersonalController.class.php 第 190 行.

[ 2016-12-14T10:22:21+08:00 ] ::1 /PHP_-/market/index.php/Home/Personal/CertificateAuthorityt
INFO: [ app_init ] --START--
INFO: Run Behavior\BuildLiteBehavior [ RunTime:0.000009s ]
INFO: [ app_init ] --END-- [ RunTime:0.000363s ]
INFO: [ app_begin ] --START--
INFO: Run Behavior\ReadHtmlCacheBehavior [ RunTime:0.000441s ]
INFO: [ app_begin ] --END-- [ RunTime:0.000475s ]
NOTIC: [2] call_user_func() expects parameter 1 to be a valid callback, no array or string given D:\WWW\PHP_-\market\ThinkPHP\Library\Think\Upload.class.php 第 170 行.

[ 2016-12-14T10:23:02+08:00 ] ::1 /PHP_-/market/index.php/Home/Personal/CertificateAuthorityt
INFO: [ app_init ] --START--
INFO: Run Behavior\BuildLiteBehavior [ RunTime:0.000008s ]
INFO: [ app_init ] --END-- [ RunTime:0.000333s ]
INFO: [ app_begin ] --START--
INFO: Run Behavior\ReadHtmlCacheBehavior [ RunTime:0.000427s ]
INFO: [ app_begin ] --END-- [ RunTime:0.000460s ]
NOTIC: [2] call_user_func() expects parameter 1 to be a valid callback, no array or string given D:\WWW\PHP_-\market\ThinkPHP\Library\Think\Upload.class.php 第 170 行.

[ 2016-12-14T10:24:30+08:00 ] ::1 /PHP_-/market/index.php/Home/Personal/CertificateAuthorityt
INFO: [ app_init ] --START--
INFO: Run Behavior\BuildLiteBehavior [ RunTime:0.000010s ]
INFO: [ app_init ] --END-- [ RunTime:0.000409s ]
INFO: [ app_begin ] --START--
INFO: Run Behavior\ReadHtmlCacheBehavior [ RunTime:0.000574s ]
INFO: [ app_begin ] --END-- [ RunTime:0.000610s ]
NOTIC: [2] call_user_func() expects parameter 1 to be a valid callback, no array or string given D:\WWW\PHP_-\market\ThinkPHP\Library\Think\Upload.class.php 第 170 行.
ERR: 1146:Table 'market.market_market_users' doesn't exist
 [ SQL语句 ] : SHOW COLUMNS FROM `market_market_users`
ERR: 1146:Table 'market.market_market_users' doesn't exist
 [ SQL语句 ] : SHOW COLUMNS FROM `market_market_users`

[ 2016-12-14T10:28:26+08:00 ] ::1 /PHP_-/market/index.php/Home/Personal/CertificateAuthority
INFO: [ app_init ] --START--
INFO: Run Behavior\BuildLiteBehavior [ RunTime:0.000009s ]
INFO: [ app_init ] --END-- [ RunTime:0.000433s ]
INFO: [ app_begin ] --START--
INFO: Run Behavior\ReadHtmlCacheBehavior [ RunTime:0.000499s ]
INFO: [ app_begin ] --END-- [ RunTime:0.000533s ]
INFO: [ view_parse ] --START--
INFO: [ template_filter ] --START--
INFO: Run Behavior\ContentReplaceBehavior [ RunTime:0.000067s ]
INFO: [ template_filter ] --END-- [ RunTime:0.000107s ]
INFO: Run Behavior\ParseTemplateBehavior [ RunTime:0.016095s ]
INFO: [ view_parse ] --END-- [ RunTime:0.016150s ]
INFO: [ view_filter ] --START--
INFO: Run Behavior\WriteHtmlCacheBehavior [ RunTime:0.000310s ]
INFO: [ view_filter ] --END-- [ RunTime:0.000335s ]
INFO: [ app_end ] --START--
INFO: Run Behavior\ShowPageTraceBehavior [ RunTime:0.000749s ]
INFO: [ app_end ] --END-- [ RunTime:0.000783s ]

[ 2016-12-14T10:28:34+08:00 ] ::1 /PHP_-/market/index.php/Home/Personal/CertificateAuthority
INFO: [ app_init ] --START--
INFO: Run Behavior\BuildLiteBehavior [ RunTime:0.000019s ]
INFO: [ app_init ] --END-- [ RunTime:0.000435s ]
INFO: [ app_begin ] --START--
INFO: Run Behavior\ReadHtmlCacheBehavior [ RunTime:0.000420s ]
INFO: [ app_begin ] --END-- [ RunTime:0.000478s ]
NOTIC: [2] call_user_func() expects parameter 1 to be a valid callback, no array or string given D:\WWW\PHP_-\market\ThinkPHP\Library\Think\Upload.class.php 第 170 行.
SQL: SHOW COLUMNS FROM `market_users` [ RunTime:0.0072s ]
NOTIC: [8] Undefined variable: id D:\WWW\PHP_-\market\Application\Home\Controller\PersonalController.class.php 第 195 行.
SQL: INSERT INTO `market_users` (`num`,`name`,`college`,`grade`,`card`) VALUES ('1','1','软件学院','2013','/uploads/goodsphoto/5850ae50ebbe8.png') [ RunTime:0.0413s ]
INFO: [ view_parse ] --START--
INFO: [ template_filter ] --START--
INFO: Run Behavior\ContentReplaceBehavior [ RunTime:0.000037s ]
INFO: [ template_filter ] --END-- [ RunTime:0.000087s ]
INFO: Run Behavior\ParseTemplateBehavior [ RunTime:0.007157s ]
INFO: [ view_parse ] --END-- [ RunTime:0.007215s ]
INFO: [ view_filter ] --START--
INFO: Run Behavior\WriteHtmlCacheBehavior [ RunTime:0.000527s ]
INFO: [ view_filter ] --END-- [ RunTime:0.000567s ]
INFO: [ app_end ] --START--
INFO: Run Behavior\ShowPageTraceBehavior [ RunTime:0.000665s ]
INFO: [ app_end ] --END-- [ RunTime:0.000709s ]

[ 2016-12-14T10:28:35+08:00 ] ::1 /PHP_-/market/index.php/Home/Personal/CertificateAuthority
INFO: [ app_init ] --START--
INFO: Run Behavior\BuildLiteBehavior [ RunTime:0.000022s ]
INFO: [ app_init ] --END-- [ RunTime:0.000597s ]
INFO: [ app_begin ] --START--
INFO: Run Behavior\ReadHtmlCacheBehavior [ RunTime:0.000812s ]
INFO: [ app_begin ] --END-- [ RunTime:0.000874s ]
INFO: [ view_parse ] --START--
INFO: [ template_filter ] --START--
INFO: Run Behavior\ContentReplaceBehavior [ RunTime:0.000066s ]
INFO: [ template_filter ] --END-- [ RunTime:0.000113s ]
INFO: Run Behavior\ParseTemplateBehavior [ RunTime:0.008010s ]
INFO: [ view_parse ] --END-- [ RunTime:0.008090s ]
INFO: [ view_filter ] --START--
INFO: Run Behavior\WriteHtmlCacheBehavior [ RunTime:0.000250s ]
INFO: [ view_filter ] --END-- [ RunTime:0.000280s ]
INFO: [ app_end ] --START--
INFO: Run Behavior\ShowPageTraceBehavior [ RunTime:0.000412s ]
INFO: [ app_end ] --END-- [ RunTime:0.000440s ]

[ 2016-12-14T10:28:45+08:00 ] ::1 /PHP_-/market/index.php/Home/Personal/CertificateAuthority
INFO: [ app_init ] --START--
INFO: Run Behavior\BuildLiteBehavior [ RunTime:0.000011s ]
INFO: [ app_init ] --END-- [ RunTime:0.000743s ]
INFO: [ app_begin ] --START--
INFO: Run Behavior\ReadHtmlCacheBehavior [ RunTime:0.000819s ]
INFO: [ app_begin ] --END-- [ RunTime:0.000872s ]
NOTIC: [2] call_user_func() expects parameter 1 to be a valid callback, no array or string given D:\WWW\PHP_-\market\ThinkPHP\Library\Think\Upload.class.php 第 170 行.
SQL: SHOW COLUMNS FROM `market_users` [ RunTime:0.0064s ]
NOTIC: [8] Undefined variable: id D:\WWW\PHP_-\market\Application\Home\Controller\PersonalController.class.php 第 195 行.
SQL: INSERT INTO `market_users` (`num`,`name`,`college`,`grade`,`card`) VALUES ('','','0','0','/uploads/goodsphoto/5850ae5c09a32.png') [ RunTime:0.0575s ]
INFO: [ view_parse ] --START--
INFO: [ template_filter ] --START--
INFO: Run Behavior\ContentReplaceBehavior [ RunTime:0.000034s ]
INFO: [ template_filter ] --END-- [ RunTime:0.000077s ]
INFO: Run Behavior\ParseTemplateBehavior [ RunTime:0.005533s ]
INFO: [ view_parse ] --END-- [ RunTime:0.005581s ]
INFO: [ view_filter ] --START--
INFO: Run Behavior\WriteHtmlCacheBehavior [ RunTime:0.000274s ]
INFO: [ view_filter ] --END-- [ RunTime:0.000309s ]
INFO: [ app_end ] --START--
INFO: Run Behavior\ShowPageTraceBehavior [ RunTime:0.000530s ]
INFO: [ app_end ] --END-- [ RunTime:0.000578s ]

[ 2016-12-14T10:28:46+08:00 ] ::1 /PHP_-/market/index.php/Home/Personal/CertificateAuthority
INFO: [ app_init ] --START--
INFO: Run Behavior\BuildLiteBehavior [ RunTime:0.000010s ]
INFO: [ app_init ] --END-- [ RunTime:0.000386s ]
INFO: [ app_begin ] --START--
INFO: Run Behavior\ReadHtmlCacheBehavior [ RunTime:0.000464s ]
INFO: [ app_begin ] --END-- [ RunTime:0.000500s ]
INFO: [ view_parse ] --START--
INFO: [ template_filter ] --START--
INFO: Run Behavior\ContentReplaceBehavior [ RunTime:0.000058s ]
INFO: [ template_filter ] --END-- [ RunTime:0.000107s ]
INFO: Run Behavior\ParseTemplateBehavior [ RunTime:0.005796s ]
INFO: [ view_parse ] --END-- [ RunTime:0.005854s ]
INFO: [ view_filter ] --START--
INFO: Run Behavior\WriteHtmlCacheBehavior [ RunTime:0.000242s ]
INFO: [ view_filter ] --END-- [ RunTime:0.000268s ]
INFO: [ app_end ] --START--
INFO: Run Behavior\ShowPageTraceBehavior [ RunTime:0.000486s ]
INFO: [ app_end ] --END-- [ RunTime:0.000518s ]

[ 2016-12-14T10:28:55+08:00 ] ::1 /PHP_-/market/index.php/Home/Personal/CertificateAuthority
INFO: [ app_init ] --START--
INFO: Run Behavior\BuildLiteBehavior [ RunTime:0.000020s ]
INFO: [ app_init ] --END-- [ RunTime:0.000485s ]
INFO: [ app_begin ] --START--
INFO: Run Behavior\ReadHtmlCacheBehavior [ RunTime:0.001001s ]
INFO: [ app_begin ] --END-- [ RunTime:0.001080s ]
INFO: [ view_parse ] --START--
INFO: [ template_filter ] --START--
INFO: Run Behavior\ContentReplaceBehavior [ RunTime:0.000027s ]
INFO: [ template_filter ] --END-- [ RunTime:0.000069s ]
INFO: Run Behavior\ParseTemplateBehavior [ RunTime:0.004892s ]
INFO: [ view_parse ] --END-- [ RunTime:0.004931s ]
INFO: [ view_filter ] --START--
INFO: Run Behavior\WriteHtmlCacheBehavior [ RunTime:0.000194s ]
INFO: [ view_filter ] --END-- [ RunTime:0.000217s ]

[ 2016-12-14T10:28:58+08:00 ] ::1 /PHP_-/market/index.php/Home/Personal/CertificateAuthority
INFO: [ app_init ] --START--
INFO: Run Behavior\BuildLiteBehavior [ RunTime:0.000012s ]
INFO: [ app_init ] --END-- [ RunTime:0.000474s ]
INFO: [ app_begin ] --START--
INFO: Run Behavior\ReadHtmlCacheBehavior [ RunTime:0.000621s ]
INFO: [ app_begin ] --END-- [ RunTime:0.000666s ]
INFO: [ view_parse ] --START--
INFO: [ template_filter ] --START--
INFO: Run Behavior\ContentReplaceBehavior [ RunTime:0.000147s ]
INFO: [ template_filter ] --END-- [ RunTime:0.000301s ]
INFO: Run Behavior\ParseTemplateBehavior [ RunTime:0.008644s ]
INFO: [ view_parse ] --END-- [ RunTime:0.008730s ]
INFO: [ view_filter ] --START--
INFO: Run Behavior\WriteHtmlCacheBehavior [ RunTime:0.000350s ]
INFO: [ view_filter ] --END-- [ RunTime:0.000405s ]
INFO: [ app_end ] --START--
INFO: Run Behavior\ShowPageTraceBehavior [ RunTime:0.000629s ]
INFO: [ app_end ] --END-- [ RunTime:0.000671s ]

[ 2016-12-14T10:32:12+08:00 ] ::1 /PHP_-/market/index.php/Home/Personal/CertificateAuthority
INFO: [ app_init ] --START--
INFO: Run Behavior\BuildLiteBehavior [ RunTime:0.000009s ]
INFO: [ app_init ] --END-- [ RunTime:0.000403s ]
INFO: [ app_begin ] --START--
INFO: Run Behavior\ReadHtmlCacheBehavior [ RunTime:0.000453s ]
INFO: [ app_begin ] --END-- [ RunTime:0.000487s ]
INFO: [ view_parse ] --START--
INFO: [ template_filter ] --START--
INFO: Run Behavior\ContentReplaceBehavior [ RunTime:0.000056s ]
INFO: [ template_filter ] --END-- [ RunTime:0.000092s ]
INFO: Run Behavior\ParseTemplateBehavior [ RunTime:0.007138s ]
INFO: [ view_parse ] --END-- [ RunTime:0.007204s ]
INFO: [ view_filter ] --START--
INFO: Run Behavior\WriteHtmlCacheBehavior [ RunTime:0.000426s ]
INFO: [ view_filter ] --END-- [ RunTime:0.000455s ]
INFO: [ app_end ] --START--
INFO: Run Behavior\ShowPageTraceBehavior [ RunTime:0.000816s ]
INFO: [ app_end ] --END-- [ RunTime:0.000856s ]

[ 2016-12-14T10:32:24+08:00 ] ::1 /PHP_-/market/index.php/Home/Personal/CertificateAuthority
INFO: [ app_init ] --START--
INFO: Run Behavior\BuildLiteBehavior [ RunTime:0.000012s ]
INFO: [ app_init ] --END-- [ RunTime:0.000470s ]
INFO: [ app_begin ] --START--
INFO: Run Behavior\ReadHtmlCacheBehavior [ RunTime:0.000568s ]
INFO: [ app_begin ] --END-- [ RunTime:0.000612s ]
NOTIC: [2] call_user_func() expects parameter 1 to be a valid callback, no array or string given D:\WWW\PHP_-\market\ThinkPHP\Library\Think\Upload.class.php 第 170 行.
SQL: SHOW COLUMNS FROM `market_users` [ RunTime:0.0080s ]
SQL: UPDATE `market_users` SET `num`='1',`name`='1',`college`='软件学院',`grade`='2013',`card`='/uploads/goodsphoto/5850af3773a70.png' WHERE ( id=1 ) [ RunTime:0.0439s ]
INFO: [ view_parse ] --START--
INFO: [ template_filter ] --START--
INFO: Run Behavior\ContentReplaceBehavior [ RunTime:0.000031s ]
INFO: [ template_filter ] --END-- [ RunTime:0.000071s ]
INFO: Run Behavior\ParseTemplateBehavior [ RunTime:0.005534s ]
INFO: [ view_parse ] --END-- [ RunTime:0.005584s ]
INFO: [ view_filter ] --START--
INFO: Run Behavior\WriteHtmlCacheBehavior [ RunTime:0.000294s ]
INFO: [ view_filter ] --END-- [ RunTime:0.000319s ]
INFO: [ app_end ] --START--
INFO: Run Behavior\ShowPageTraceBehavior [ RunTime:0.000360s ]
INFO: [ app_end ] --END-- [ RunTime:0.000387s ]

[ 2016-12-14T10:32:25+08:00 ] ::1 /PHP_-/market/index.php/Home/Personal/CertificateAuthority
INFO: [ app_init ] --START--
INFO: Run Behavior\BuildLiteBehavior [ RunTime:0.000009s ]
INFO: [ app_init ] --END-- [ RunTime:0.000343s ]
INFO: [ app_begin ] --START--
INFO: Run Behavior\ReadHtmlCacheBehavior [ RunTime:0.000480s ]
INFO: [ app_begin ] --END-- [ RunTime:0.000514s ]
INFO: [ view_parse ] --START--
INFO: [ template_filter ] --START--
INFO: Run Behavior\ContentReplaceBehavior [ RunTime:0.000050s ]
INFO: [ template_filter ] --END-- [ RunTime:0.000087s ]
INFO: Run Behavior\ParseTemplateBehavior [ RunTime:0.004977s ]
INFO: [ view_parse ] --END-- [ RunTime:0.005080s ]
INFO: [ view_filter ] --START--
INFO: Run Behavior\WriteHtmlCacheBehavior [ RunTime:0.000215s ]
INFO: [ view_filter ] --END-- [ RunTime:0.000240s ]
INFO: [ app_end ] --START--
INFO: Run Behavior\ShowPageTraceBehavior [ RunTime:0.000370s ]
INFO: [ app_end ] --END-- [ RunTime:0.000397s ]

[ 2016-12-14T10:33:03+08:00 ] ::1 /PHP_-/market/index.php/Home/Personal/CertificateAuthority
INFO: [ app_init ] --START--
INFO: Run Behavior\BuildLiteBehavior [ RunTime:0.000009s ]
INFO: [ app_init ] --END-- [ RunTime:0.000402s ]
INFO: [ app_begin ] --START--
INFO: Run Behavior\ReadHtmlCacheBehavior [ RunTime:0.000791s ]
INFO: [ app_begin ] --END-- [ RunTime:0.000883s ]
NOTIC: [2] call_user_func() expects parameter 1 to be a valid callback, no array or string given D:\WWW\PHP_-\market\ThinkPHP\Library\Think\Upload.class.php 第 170 行.
SQL: SHOW COLUMNS FROM `market_users` [ RunTime:0.0194s ]
SQL: INSERT INTO `market_users` (`num`,`name`,`college`,`grade`,`card`) VALUES ('1','1','法政学院','2014','/uploads/goodsphoto/5850af5ec0a26.png') [ RunTime:0.0532s ]
INFO: [ view_parse ] --START--
INFO: [ template_filter ] --START--
INFO: Run Behavior\ContentReplaceBehavior [ RunTime:0.000039s ]
INFO: [ template_filter ] --END-- [ RunTime:0.000089s ]
INFO: Run Behavior\ParseTemplateBehavior [ RunTime:0.006069s ]
INFO: [ view_parse ] --END-- [ RunTime:0.006127s ]
INFO: [ view_filter ] --START--
INFO: Run Behavior\WriteHtmlCacheBehavior [ RunTime:0.000317s ]
INFO: [ view_filter ] --END-- [ RunTime:0.000358s ]
INFO: [ app_end ] --START--
INFO: Run Behavior\ShowPageTraceBehavior [ RunTime:0.000577s ]
INFO: [ app_end ] --END-- [ RunTime:0.000622s ]

[ 2016-12-14T10:33:04+08:00 ] ::1 /PHP_-/market/index.php/Home/Personal/CertificateAuthority
INFO: [ app_init ] --START--
INFO: Run Behavior\BuildLiteBehavior [ RunTime:0.000013s ]
INFO: [ app_init ] --END-- [ RunTime:0.000549s ]
INFO: [ app_begin ] --START--
INFO: Run Behavior\ReadHtmlCacheBehavior [ RunTime:0.000838s ]
INFO: [ app_begin ] --END-- [ RunTime:0.000915s ]
INFO: [ view_parse ] --START--
INFO: [ template_filter ] --START--
INFO: Run Behavior\ContentReplaceBehavior [ RunTime:0.000071s ]
INFO: [ template_filter ] --END-- [ RunTime:0.000117s ]
INFO: Run Behavior\ParseTemplateBehavior [ RunTime:0.006130s ]
INFO: [ view_parse ] --END-- [ RunTime:0.006198s ]
INFO: [ view_filter ] --START--
INFO: Run Behavior\WriteHtmlCacheBehavior [ RunTime:0.000261s ]
INFO: [ view_filter ] --END-- [ RunTime:0.000296s ]
INFO: [ app_end ] --START--
INFO: Run Behavior\ShowPageTraceBehavior [ RunTime:0.000486s ]
INFO: [ app_end ] --END-- [ RunTime:0.000524s ]

[ 2016-12-14T11:12:12+08:00 ] ::1 /PHP_-/market/
INFO: [ app_init ] --START--
INFO: Run Behavior\BuildLiteBehavior [ RunTime:0.000011s ]
INFO: [ app_init ] --END-- [ RunTime:0.000467s ]
INFO: [ app_begin ] --START--
INFO: Run Behavior\ReadHtmlCacheBehavior [ RunTime:0.000527s ]
INFO: [ app_begin ] --END-- [ RunTime:0.000569s ]
SQL: SHOW COLUMNS FROM `market_cat` [ RunTime:0.0066s ]
SQL: SELECT * FROM `market_cat`  [ RunTime:0.0007s ]
SQL: SHOW COLUMNS FROM `market_active` [ RunTime:0.0056s ]
SQL: SELECT * FROM `market_active` ORDER BY time desc LIMIT 2   [ RunTime:0.0008s ]
SQL: SELECT market_goods.name AS `name`,market_users.nickname AS `nickname`,market_goods.price AS `price`,market_goods.photo AS `photo` FROM `market_cat` INNER JOIN market_category on market_cat.id = market_category.cat_id INNER JOIN market_goods on market_category.id = market_goods.category_id INNER JOIN market_users on market_users.id = market_goods.seller_id  WHERE ( market_cat.id=8 ) ORDER BY time desc LIMIT 4   [ RunTime:0.0013s ]
SQL: SELECT market_goods.name AS `name`,market_users.nickname AS `nickname`,market_goods.price AS `price`,market_goods.photo AS `photo` FROM `market_cat` INNER JOIN market_category on market_cat.id = market_category.cat_id INNER JOIN market_goods on market_category.id = market_goods.category_id INNER JOIN market_users on market_users.id = market_goods.seller_id  WHERE ( market_cat.id=10 ) ORDER BY time desc LIMIT 4   [ RunTime:0.0004s ]
SQL: SELECT market_goods.name AS `name`,market_users.nickname AS `nickname`,market_goods.price AS `price`,market_goods.photo AS `photo` FROM `market_cat` INNER JOIN market_category on market_cat.id = market_category.cat_id INNER JOIN market_goods on market_category.id = market_goods.category_id INNER JOIN market_users on market_users.id = market_goods.seller_id  WHERE ( market_cat.id=11 ) ORDER BY time desc LIMIT 4   [ RunTime:0.0004s ]
SQL: SELECT market_goods.name AS `name`,market_users.nickname AS `nickname`,market_goods.price AS `price`,market_goods.photo AS `photo` FROM `market_cat` INNER JOIN market_category on market_cat.id = market_category.cat_id INNER JOIN market_goods on market_category.id = market_goods.category_id INNER JOIN market_users on market_users.id = market_goods.seller_id  WHERE ( market_cat.id=12 ) ORDER BY time desc LIMIT 4   [ RunTime:0.0003s ]
SQL: SELECT market_goods.name AS `name`,market_users.nickname AS `nickname`,market_goods.price AS `price`,market_goods.photo AS `photo` FROM `market_cat` INNER JOIN market_category on market_cat.id = market_category.cat_id INNER JOIN market_goods on market_category.id = market_goods.category_id INNER JOIN market_users on market_users.id = market_goods.seller_id  WHERE ( market_cat.id=13 ) ORDER BY time desc LIMIT 4   [ RunTime:0.0003s ]
SQL: SELECT market_goods.name AS `name`,market_users.nickname AS `nickname`,market_goods.price AS `price`,market_goods.photo AS `photo` FROM `market_cat` INNER JOIN market_category on market_cat.id = market_category.cat_id INNER JOIN market_goods on market_category.id = market_goods.category_id INNER JOIN market_users on market_users.id = market_goods.seller_id  WHERE ( market_cat.id=14 ) ORDER BY time desc LIMIT 4   [ RunTime:0.0003s ]
INFO: [ view_parse ] --START--
INFO: [ template_filter ] --START--
INFO: Run Behavior\ContentReplaceBehavior [ RunTime:0.000131s ]
INFO: [ template_filter ] --END-- [ RunTime:0.000167s ]
NOTIC: [8] Undefined index: imgurl D:\WWW\PHP_-\market\Application\Runtime\Cache\Home\2a94b8bda04ff446dcedd42276fc99ee.php 第 62 行.
NOTIC: [8] Undefined index: imgurl D:\WWW\PHP_-\market\Application\Runtime\Cache\Home\2a94b8bda04ff446dcedd42276fc99ee.php 第 62 行.
NOTIC: [8] Undefined index: imgurl D:\WWW\PHP_-\market\Application\Runtime\Cache\Home\2a94b8bda04ff446dcedd42276fc99ee.php 第 62 行.
NOTIC: [8] Undefined index: imgurl D:\WWW\PHP_-\market\Application\Runtime\Cache\Home\2a94b8bda04ff446dcedd42276fc99ee.php 第 62 行.
NOTIC: [8] Undefined index: imgurl D:\WWW\PHP_-\market\Application\Runtime\Cache\Home\2a94b8bda04ff446dcedd42276fc99ee.php 第 62 行.
NOTIC: [8] Undefined index: imgurl D:\WWW\PHP_-\market\Application\Runtime\Cache\Home\2a94b8bda04ff446dcedd42276fc99ee.php 第 62 行.
INFO: Run Behavior\ParseTemplateBehavior [ RunTime:0.020637s ]
INFO: [ view_parse ] --END-- [ RunTime:0.020667s ]
INFO: [ view_filter ] --START--
INFO: Run Behavior\WriteHtmlCacheBehavior [ RunTime:0.000328s ]
INFO: [ view_filter ] --END-- [ RunTime:0.000352s ]
INFO: [ app_end ] --START--
INFO: Run Behavior\ShowPageTraceBehavior [ RunTime:0.000717s ]
INFO: [ app_end ] --END-- [ RunTime:0.000780s ]

