[ 2016-10-14T09:22:30+08:00 ] ::1 /code/
INFO: [ app_init ] --START--
INFO: Run Behavior\BuildLiteBehavior [ RunTime:0.000015s ]
INFO: [ app_init ] --END-- [ RunTime:0.000824s ]
INFO: [ app_begin ] --START--
INFO: Run Behavior\ReadHtmlCacheBehavior [ RunTime:0.000554s ]
INFO: [ app_begin ] --END-- [ RunTime:0.000612s ]
SQL: SHOW COLUMNS FROM `associated_label2` [ RunTime:0.0733s ]
SQL: SELECT * FROM `associated_label2` ORDER BY first_label  [ RunTime:0.0007s ]
SQL: SHOW COLUMNS FROM `type` [ RunTime:0.0303s ]
SQL: SELECT * FROM `type`  [ RunTime:0.0002s ]
SQL: SHOW COLUMNS FROM `fenlei` [ RunTime:0.0235s ]
SQL: SELECT * FROM `fenlei` WHERE ( idt=1 )  [ RunTime:0.0004s ]
SQL: SELECT * FROM `fenlei` WHERE ( idt=2 )  [ RunTime:0.0003s ]
SQL: SHOW COLUMNS FROM `question` [ RunTime:0.0048s ]
ERR: 1054:Unknown column 'idf' in 'where clause'
 [ SQL语句 ] : SELECT * FROM `question` WHERE ( idf=1 ) 
ERR: 1054:Unknown column 'idf' in 'where clause'
 [ SQL语句 ] : SELECT * FROM `question` WHERE ( idf=1 ) 

[ 2016-10-14T09:24:10+08:00 ] ::1 /code/
INFO: [ app_init ] --START--
INFO: Run Behavior\BuildLiteBehavior [ RunTime:0.000014s ]
INFO: [ app_init ] --END-- [ RunTime:0.000348s ]
INFO: [ app_begin ] --START--
INFO: Run Behavior\ReadHtmlCacheBehavior [ RunTime:0.000515s ]
INFO: [ app_begin ] --END-- [ RunTime:0.000568s ]
SQL: SHOW COLUMNS FROM `associated_label2` [ RunTime:0.0032s ]
SQL: SELECT * FROM `associated_label2` ORDER BY first_label  [ RunTime:0.0004s ]
SQL: SHOW COLUMNS FROM `type` [ RunTime:0.0038s ]
SQL: SELECT * FROM `type`  [ RunTime:0.0002s ]
SQL: SHOW COLUMNS FROM `fenlei` [ RunTime:0.0032s ]
SQL: SELECT * FROM `fenlei` WHERE ( idt=1 )  [ RunTime:0.0003s ]
SQL: SELECT * FROM `fenlei` WHERE ( idt=2 )  [ RunTime:0.0002s ]
SQL: SHOW COLUMNS FROM `question` [ RunTime:0.0035s ]
ERR: 1054:Unknown column 'idf' in 'where clause'
 [ SQL语句 ] : SELECT * FROM `question` WHERE ( idf=1 ) 
ERR: 1054:Unknown column 'idf' in 'where clause'
 [ SQL语句 ] : SELECT * FROM `question` WHERE ( idf=1 ) 

[ 2016-10-14T09:24:28+08:00 ] ::1 /code/
INFO: [ app_init ] --START--
INFO: Run Behavior\BuildLiteBehavior [ RunTime:0.000014s ]
INFO: [ app_init ] --END-- [ RunTime:0.000388s ]
INFO: [ app_begin ] --START--
INFO: Run Behavior\ReadHtmlCacheBehavior [ RunTime:0.000784s ]
INFO: [ app_begin ] --END-- [ RunTime:0.000906s ]
SQL: SHOW COLUMNS FROM `associated_label2` [ RunTime:0.0034s ]
SQL: SELECT * FROM `associated_label2` ORDER BY first_label  [ RunTime:0.0005s ]
SQL: SHOW COLUMNS FROM `type` [ RunTime:0.0054s ]
SQL: SELECT * FROM `type`  [ RunTime:0.0001s ]
SQL: SHOW COLUMNS FROM `fenlei` [ RunTime:0.0030s ]
SQL: SELECT * FROM `fenlei` WHERE ( idt=1 )  [ RunTime:0.0002s ]
SQL: SELECT * FROM `fenlei` WHERE ( idt=2 )  [ RunTime:0.0002s ]
SQL: SHOW COLUMNS FROM `question` [ RunTime:0.0030s ]
ERR: 1054:Unknown column 'idf' in 'where clause'
 [ SQL语句 ] : SELECT * FROM `question` WHERE ( idf=1 ) 
ERR: 1054:Unknown column 'idf' in 'where clause'
 [ SQL语句 ] : SELECT * FROM `question` WHERE ( idf=1 ) 

